

================================================================
== Vitis HLS Report for 'equalizer_Pipeline_VITIS_LOOP_57_1'
================================================================
* Date:           Fri Apr 26 03:19:43 2024

* Version:        2022.1 (Build 3526262 on Mon Apr 18 15:48:16 MDT 2022)
* Project:        equalizer
* Solution:       solution21 (Vivado IP Flow Target)
* Product family: zynq
* Target device:  xc7z020-clg400-1


================================================================
== Performance Estimates
================================================================
+ Timing: 
    * Summary: 
    +--------+---------+----------+------------+
    |  Clock |  Target | Estimated| Uncertainty|
    +--------+---------+----------+------------+
    |ap_clk  |  6.20 ns|  4.526 ns|     1.67 ns|
    +--------+---------+----------+------------+

+ Latency: 
    * Summary: 
    +---------+---------+----------+----------+-----+-----+---------+
    |  Latency (cycles) |  Latency (absolute) |  Interval | Pipeline|
    |   min   |   max   |    min   |    max   | min | max |   Type  |
    +---------+---------+----------+----------+-----+-----+---------+
    |      115|      115|  0.713 us|  0.713 us|  115|  115|       no|
    +---------+---------+----------+----------+-----+-----+---------+

    + Detail: 
        * Instance: 
        N/A

        * Loop: 
        +-------------------+---------+---------+----------+-----------+-----------+------+----------+
        |                   |  Latency (cycles) | Iteration|  Initiation Interval  | Trip |          |
        |     Loop Name     |   min   |   max   |  Latency |  achieved |   target  | Count| Pipelined|
        +-------------------+---------+---------+----------+-----------+-----------+------+----------+
        |- VITIS_LOOP_57_1  |      113|      113|        16|          1|          1|    99|       yes|
        +-------------------+---------+---------+----------+-----------+-----------+------+----------+

============================================================
+ Verbose Summary: Synthesis Manager
============================================================
InlineROM: 1
ExposeGlobal: 0
============================================================
+ Verbose Summary: CDFG Model
============================================================
IsTopModel: 0
ResetActiveHigh: 1
IsCombinational: 0
IsDatapathOnly: 0
HasWiredReturn: 1
HasMFsm: 2
HasVarLatency: 1
IsPipeline: 0
IsRtlPipelined: 0
IsInstanceOverlapped: 0
IsDontTouch: 0
HasImplIP: 0
IsGatedGlobalClock: 0

+ Individual pipeline summary: 
  * Pipeline-0: initiation interval (II) = 1, depth = 16


============================================================
+ Verbose Summary: Schedule
============================================================
* Number of FSM states : 16
* Pipeline : 1
  Pipeline-0 : II = 1, D = 16, States = { 1 2 3 4 5 6 7 8 9 10 11 12 13 14 15 16 }
* Dataflow Pipeline: 0

* FSM state transitions: 
1 --> 2 
2 --> 3 
3 --> 4 
4 --> 5 
5 --> 6 
6 --> 7 
7 --> 8 
8 --> 9 
9 --> 10 
10 --> 11 
11 --> 12 
12 --> 13 
13 --> 14 
14 --> 15 
15 --> 16 
16 --> 

* FSM state operations: 

State 1 <SV = 0> <Delay = 3.52>
ST_1 : Operation 19 [1/1] (0.00ns)   --->   "%i = alloca i32 1"   --->   Operation 19 'alloca' 'i' <Predicate = true> <Delay = 0.00>
ST_1 : Operation 20 [1/1] (0.00ns)   --->   "%specinterface_ln0 = specinterface void @_ssdm_op_SpecInterface, i1 %input_r_V_dest_V, i1 %input_r_V_id_V, i1 %input_r_V_last_V, i1 %input_r_V_user_V, i4 %input_r_V_strb_V, i4 %input_r_V_keep_V, i32 %input_r_V_data_V, void @empty_3, i32 0, i32 0, void @empty_4, i32 0, i32 0, void @empty_0, void @empty_0, void @empty_0, i32 0, i32 0, i32 0, i32 0, void @empty_0, void @empty_0, i32 4294967295, i32 0"   --->   Operation 20 'specinterface' 'specinterface_ln0' <Predicate = true> <Delay = 0.00>
ST_1 : Operation 21 [1/1] (0.00ns)   --->   "%specinterface_ln0 = specinterface void @_ssdm_op_SpecInterface, i32 %gmem, void @empty, i32 0, i32 0, void @empty_0, i32 0, i32 99, void @empty_1, void @empty_2, void @empty_0, i32 16, i32 16, i32 16, i32 16, void @empty_0, void @empty_0, i32 4294967295, i32 0"   --->   Operation 21 'specinterface' 'specinterface_ln0' <Predicate = true> <Delay = 0.00>
ST_1 : Operation 22 [1/1] (0.00ns)   --->   "%coefs_read = read i64 @_ssdm_op_Read.ap_auto.i64, i64 %coefs"   --->   Operation 22 'read' 'coefs_read' <Predicate = true> <Delay = 0.00>
ST_1 : Operation 23 [1/1] (0.00ns)   --->   "%coef_scale_read = read i32 @_ssdm_op_Read.ap_auto.i32, i32 %coef_scale"   --->   Operation 23 'read' 'coef_scale_read' <Predicate = true> <Delay = 0.00>
ST_1 : Operation 24 [1/1] (1.58ns)   --->   "%store_ln0 = store i7 0, i7 %i"   --->   Operation 24 'store' 'store_ln0' <Predicate = true> <Delay = 1.58>
ST_1 : Operation 25 [1/1] (0.00ns)   --->   "%br_ln0 = br void %for.inc19"   --->   Operation 25 'br' 'br_ln0' <Predicate = true> <Delay = 0.00>
ST_1 : Operation 26 [1/1] (0.00ns)   --->   "%i_1 = load i7 %i" [equalizer.cpp:57]   --->   Operation 26 'load' 'i_1' <Predicate = true> <Delay = 0.00>
ST_1 : Operation 27 [1/1] (0.00ns)   --->   "%specbitsmap_ln0 = specbitsmap void @_ssdm_op_SpecBitsMap, i32 %gmem"   --->   Operation 27 'specbitsmap' 'specbitsmap_ln0' <Predicate = true> <Delay = 0.00>
ST_1 : Operation 28 [1/1] (1.48ns)   --->   "%icmp_ln57 = icmp_eq  i7 %i_1, i7 99" [equalizer.cpp:57]   --->   Operation 28 'icmp' 'icmp_ln57' <Predicate = true> <Delay = 1.48> <CoreInst = "Cmp">   --->   Core 9 'Cmp' <Latency = 0> <II = 1> <Delay = 1.48> <FuncUnit> <Opcode : 'icmp'> <InPorts = 2> <OutPorts = 1>
ST_1 : Operation 29 [1/1] (0.00ns)   --->   "%empty = speclooptripcount i32 @_ssdm_op_SpecLoopTripCount, i64 99, i64 99, i64 99"   --->   Operation 29 'speclooptripcount' 'empty' <Predicate = true> <Delay = 0.00>
ST_1 : Operation 30 [1/1] (1.87ns)   --->   "%add_ln57 = add i7 %i_1, i7 1" [equalizer.cpp:57]   --->   Operation 30 'add' 'add_ln57' <Predicate = true> <Delay = 1.87> <CoreInst = "Adder">   --->   Core 1 'Adder' <Latency = 0> <II = 1> <Delay = 1.87> <FuncUnit> <Opcode : 'add' 'sub'> <InPorts = 2> <OutPorts = 1>
ST_1 : Operation 31 [1/1] (0.00ns)   --->   "%br_ln57 = br i1 %icmp_ln57, void %for.inc19.split, void %for.inc21.exitStub" [equalizer.cpp:57]   --->   Operation 31 'br' 'br_ln57' <Predicate = true> <Delay = 0.00>
ST_1 : Operation 32 [1/1] (0.00ns)   --->   "%empty_22 = read i44 @_ssdm_op_Read.axis.volatile.i32P0A.i4P0A.i4P0A.i1P0A.i1P0A.i1P0A.i1P0A, i32 %input_r_V_data_V, i4 %input_r_V_keep_V, i4 %input_r_V_strb_V, i1 %input_r_V_user_V, i1 %input_r_V_last_V, i1 %input_r_V_id_V, i1 %input_r_V_dest_V"   --->   Operation 32 'read' 'empty_22' <Predicate = (!icmp_ln57)> <Delay = 0.00> <CoreInst = "axis">   --->   Core 115 'axis' <Latency = 0> <II = 1> <Delay = 1.00> <Adapter> <Opcode : >
ST_1 : Operation 33 [1/1] (0.00ns)   --->   "%tmp_data_V = extractvalue i44 %empty_22"   --->   Operation 33 'extractvalue' 'tmp_data_V' <Predicate = (!icmp_ln57)> <Delay = 0.00>
ST_1 : Operation 34 [1/1] (0.00ns)   --->   "%shl_ln2 = bitconcatenate i9 @_ssdm_op_BitConcatenate.i9.i7.i2, i7 %i_1, i2 0" [equalizer.cpp:61]   --->   Operation 34 'bitconcatenate' 'shl_ln2' <Predicate = (!icmp_ln57)> <Delay = 0.00>
ST_1 : Operation 35 [1/1] (0.00ns)   --->   "%zext_ln61 = zext i9 %shl_ln2" [equalizer.cpp:61]   --->   Operation 35 'zext' 'zext_ln61' <Predicate = (!icmp_ln57)> <Delay = 0.00>
ST_1 : Operation 36 [1/1] (3.52ns)   --->   "%add_ln61 = add i64 %zext_ln61, i64 %coefs_read" [equalizer.cpp:61]   --->   Operation 36 'add' 'add_ln61' <Predicate = (!icmp_ln57)> <Delay = 3.52> <CoreInst = "Adder">   --->   Core 1 'Adder' <Latency = 0> <II = 1> <Delay = 3.52> <FuncUnit> <Opcode : 'add' 'sub'> <InPorts = 2> <OutPorts = 1>
ST_1 : Operation 37 [1/1] (0.00ns)   --->   "%trunc_ln3 = partselect i62 @_ssdm_op_PartSelect.i62.i64.i32.i32, i64 %add_ln61, i32 2, i32 63" [equalizer.cpp:61]   --->   Operation 37 'partselect' 'trunc_ln3' <Predicate = (!icmp_ln57)> <Delay = 0.00>
ST_1 : Operation 38 [1/1] (0.00ns)   --->   "%sext_ln61 = sext i62 %trunc_ln3" [equalizer.cpp:61]   --->   Operation 38 'sext' 'sext_ln61' <Predicate = (!icmp_ln57)> <Delay = 0.00>
ST_1 : Operation 39 [1/1] (0.00ns)   --->   "%gmem_addr = getelementptr i32 %gmem, i64 %sext_ln61" [equalizer.cpp:61]   --->   Operation 39 'getelementptr' 'gmem_addr' <Predicate = (!icmp_ln57)> <Delay = 0.00>
ST_1 : Operation 40 [1/1] (1.58ns)   --->   "%store_ln57 = store i7 %add_ln57, i7 %i" [equalizer.cpp:57]   --->   Operation 40 'store' 'store_ln57' <Predicate = (!icmp_ln57)> <Delay = 1.58>

State 2 <SV = 1> <Delay = 4.52>
ST_2 : Operation 41 [5/5] (3.95ns)   --->   "%mul_ln61 = mul i32 %tmp_data_V, i32 %coef_scale_read" [equalizer.cpp:61]   --->   Operation 41 'mul' 'mul_ln61' <Predicate = true> <Delay = 3.95> <CoreInst = "Multiplier">   --->   Core 3 'Multiplier' <Latency = 4> <II = 1> <Delay = 3.95> <FuncUnit> <Opcode : 'mul'> <InPorts = 2> <OutPorts = 1>
ST_2 : Operation 42 [7/7] (4.52ns)   --->   "%gmem_load_2_req = readreq i1 @_ssdm_op_ReadReq.m_axi.i32P1A, i32 %gmem_addr, i32 1" [equalizer.cpp:61]   --->   Operation 42 'readreq' 'gmem_load_2_req' <Predicate = true> <Delay = 4.52> <CoreInst = "m_axi">   --->   Core 113 'm_axi' <Latency = 0> <II = 1> <Delay = 1.00> <Adapter> <Opcode : 'read' 'write' 'readreq' 'writereq' 'writeresp'>

State 3 <SV = 2> <Delay = 4.52>
ST_3 : Operation 43 [4/5] (3.95ns)   --->   "%mul_ln61 = mul i32 %tmp_data_V, i32 %coef_scale_read" [equalizer.cpp:61]   --->   Operation 43 'mul' 'mul_ln61' <Predicate = true> <Delay = 3.95> <CoreInst = "Multiplier">   --->   Core 3 'Multiplier' <Latency = 4> <II = 1> <Delay = 3.95> <FuncUnit> <Opcode : 'mul'> <InPorts = 2> <OutPorts = 1>
ST_3 : Operation 44 [6/7] (4.52ns)   --->   "%gmem_load_2_req = readreq i1 @_ssdm_op_ReadReq.m_axi.i32P1A, i32 %gmem_addr, i32 1" [equalizer.cpp:61]   --->   Operation 44 'readreq' 'gmem_load_2_req' <Predicate = true> <Delay = 4.52> <CoreInst = "m_axi">   --->   Core 113 'm_axi' <Latency = 0> <II = 1> <Delay = 1.00> <Adapter> <Opcode : 'read' 'write' 'readreq' 'writereq' 'writeresp'>

State 4 <SV = 3> <Delay = 4.52>
ST_4 : Operation 45 [3/5] (3.95ns)   --->   "%mul_ln61 = mul i32 %tmp_data_V, i32 %coef_scale_read" [equalizer.cpp:61]   --->   Operation 45 'mul' 'mul_ln61' <Predicate = true> <Delay = 3.95> <CoreInst = "Multiplier">   --->   Core 3 'Multiplier' <Latency = 4> <II = 1> <Delay = 3.95> <FuncUnit> <Opcode : 'mul'> <InPorts = 2> <OutPorts = 1>
ST_4 : Operation 46 [5/7] (4.52ns)   --->   "%gmem_load_2_req = readreq i1 @_ssdm_op_ReadReq.m_axi.i32P1A, i32 %gmem_addr, i32 1" [equalizer.cpp:61]   --->   Operation 46 'readreq' 'gmem_load_2_req' <Predicate = true> <Delay = 4.52> <CoreInst = "m_axi">   --->   Core 113 'm_axi' <Latency = 0> <II = 1> <Delay = 1.00> <Adapter> <Opcode : 'read' 'write' 'readreq' 'writereq' 'writeresp'>

State 5 <SV = 4> <Delay = 4.52>
ST_5 : Operation 47 [2/5] (3.95ns)   --->   "%mul_ln61 = mul i32 %tmp_data_V, i32 %coef_scale_read" [equalizer.cpp:61]   --->   Operation 47 'mul' 'mul_ln61' <Predicate = true> <Delay = 3.95> <CoreInst = "Multiplier">   --->   Core 3 'Multiplier' <Latency = 4> <II = 1> <Delay = 3.95> <FuncUnit> <Opcode : 'mul'> <InPorts = 2> <OutPorts = 1>
ST_5 : Operation 48 [4/7] (4.52ns)   --->   "%gmem_load_2_req = readreq i1 @_ssdm_op_ReadReq.m_axi.i32P1A, i32 %gmem_addr, i32 1" [equalizer.cpp:61]   --->   Operation 48 'readreq' 'gmem_load_2_req' <Predicate = true> <Delay = 4.52> <CoreInst = "m_axi">   --->   Core 113 'm_axi' <Latency = 0> <II = 1> <Delay = 1.00> <Adapter> <Opcode : 'read' 'write' 'readreq' 'writereq' 'writeresp'>

State 6 <SV = 5> <Delay = 4.52>
ST_6 : Operation 49 [1/5] (3.95ns)   --->   "%mul_ln61 = mul i32 %tmp_data_V, i32 %coef_scale_read" [equalizer.cpp:61]   --->   Operation 49 'mul' 'mul_ln61' <Predicate = true> <Delay = 3.95> <CoreInst = "Multiplier">   --->   Core 3 'Multiplier' <Latency = 4> <II = 1> <Delay = 3.95> <FuncUnit> <Opcode : 'mul'> <InPorts = 2> <OutPorts = 1>
ST_6 : Operation 50 [3/7] (4.52ns)   --->   "%gmem_load_2_req = readreq i1 @_ssdm_op_ReadReq.m_axi.i32P1A, i32 %gmem_addr, i32 1" [equalizer.cpp:61]   --->   Operation 50 'readreq' 'gmem_load_2_req' <Predicate = true> <Delay = 4.52> <CoreInst = "m_axi">   --->   Core 113 'm_axi' <Latency = 0> <II = 1> <Delay = 1.00> <Adapter> <Opcode : 'read' 'write' 'readreq' 'writereq' 'writeresp'>

State 7 <SV = 6> <Delay = 4.52>
ST_7 : Operation 51 [2/7] (4.52ns)   --->   "%gmem_load_2_req = readreq i1 @_ssdm_op_ReadReq.m_axi.i32P1A, i32 %gmem_addr, i32 1" [equalizer.cpp:61]   --->   Operation 51 'readreq' 'gmem_load_2_req' <Predicate = true> <Delay = 4.52> <CoreInst = "m_axi">   --->   Core 113 'm_axi' <Latency = 0> <II = 1> <Delay = 1.00> <Adapter> <Opcode : 'read' 'write' 'readreq' 'writereq' 'writeresp'>

State 8 <SV = 7> <Delay = 4.52>
ST_8 : Operation 52 [1/7] (4.52ns)   --->   "%gmem_load_2_req = readreq i1 @_ssdm_op_ReadReq.m_axi.i32P1A, i32 %gmem_addr, i32 1" [equalizer.cpp:61]   --->   Operation 52 'readreq' 'gmem_load_2_req' <Predicate = true> <Delay = 4.52> <CoreInst = "m_axi">   --->   Core 113 'm_axi' <Latency = 0> <II = 1> <Delay = 1.00> <Adapter> <Opcode : 'read' 'write' 'readreq' 'writereq' 'writeresp'>

State 9 <SV = 8> <Delay = 4.52>
ST_9 : Operation 53 [1/1] (4.52ns)   --->   "%gmem_addr_read = read i32 @_ssdm_op_Read.m_axi.i32P1A, i32 %gmem_addr" [equalizer.cpp:61]   --->   Operation 53 'read' 'gmem_addr_read' <Predicate = true> <Delay = 4.52> <CoreInst = "m_axi">   --->   Core 113 'm_axi' <Latency = 0> <II = 1> <Delay = 1.00> <Adapter> <Opcode : 'read' 'write' 'readreq' 'writereq' 'writeresp'>

State 10 <SV = 9> <Delay = 4.52>
ST_10 : Operation 54 [1/1] (2.55ns)   --->   "%add_ln61_1 = add i32 %gmem_addr_read, i32 %mul_ln61" [equalizer.cpp:61]   --->   Operation 54 'add' 'add_ln61_1' <Predicate = true> <Delay = 2.55> <CoreInst = "Adder">   --->   Core 1 'Adder' <Latency = 0> <II = 1> <Delay = 2.55> <FuncUnit> <Opcode : 'add' 'sub'> <InPorts = 2> <OutPorts = 1>
ST_10 : Operation 55 [1/1] (4.52ns)   --->   "%gmem_addr_3_req = writereq i1 @_ssdm_op_WriteReq.m_axi.i32P1A, i32 %gmem_addr, i32 1" [equalizer.cpp:61]   --->   Operation 55 'writereq' 'gmem_addr_3_req' <Predicate = true> <Delay = 4.52> <CoreInst = "m_axi">   --->   Core 113 'm_axi' <Latency = 0> <II = 1> <Delay = 1.00> <Adapter> <Opcode : 'read' 'write' 'readreq' 'writereq' 'writeresp'>

State 11 <SV = 10> <Delay = 4.52>
ST_11 : Operation 56 [1/1] (4.52ns)   --->   "%write_ln61 = write void @_ssdm_op_Write.m_axi.i32P1A, i32 %gmem_addr, i32 %add_ln61_1, i4 15" [equalizer.cpp:61]   --->   Operation 56 'write' 'write_ln61' <Predicate = true> <Delay = 4.52> <CoreInst = "m_axi">   --->   Core 113 'm_axi' <Latency = 0> <II = 1> <Delay = 1.00> <Adapter> <Opcode : 'read' 'write' 'readreq' 'writereq' 'writeresp'>

State 12 <SV = 11> <Delay = 4.52>
ST_12 : Operation 57 [5/5] (4.52ns)   --->   "%gmem_addr_3_resp = writeresp i1 @_ssdm_op_WriteResp.m_axi.i32P1A, i32 %gmem_addr" [equalizer.cpp:61]   --->   Operation 57 'writeresp' 'gmem_addr_3_resp' <Predicate = true> <Delay = 4.52> <CoreInst = "m_axi">   --->   Core 113 'm_axi' <Latency = 0> <II = 1> <Delay = 1.00> <Adapter> <Opcode : 'read' 'write' 'readreq' 'writereq' 'writeresp'>

State 13 <SV = 12> <Delay = 4.52>
ST_13 : Operation 58 [4/5] (4.52ns)   --->   "%gmem_addr_3_resp = writeresp i1 @_ssdm_op_WriteResp.m_axi.i32P1A, i32 %gmem_addr" [equalizer.cpp:61]   --->   Operation 58 'writeresp' 'gmem_addr_3_resp' <Predicate = true> <Delay = 4.52> <CoreInst = "m_axi">   --->   Core 113 'm_axi' <Latency = 0> <II = 1> <Delay = 1.00> <Adapter> <Opcode : 'read' 'write' 'readreq' 'writereq' 'writeresp'>

State 14 <SV = 13> <Delay = 4.52>
ST_14 : Operation 59 [3/5] (4.52ns)   --->   "%gmem_addr_3_resp = writeresp i1 @_ssdm_op_WriteResp.m_axi.i32P1A, i32 %gmem_addr" [equalizer.cpp:61]   --->   Operation 59 'writeresp' 'gmem_addr_3_resp' <Predicate = true> <Delay = 4.52> <CoreInst = "m_axi">   --->   Core 113 'm_axi' <Latency = 0> <II = 1> <Delay = 1.00> <Adapter> <Opcode : 'read' 'write' 'readreq' 'writereq' 'writeresp'>

State 15 <SV = 14> <Delay = 4.52>
ST_15 : Operation 60 [2/5] (4.52ns)   --->   "%gmem_addr_3_resp = writeresp i1 @_ssdm_op_WriteResp.m_axi.i32P1A, i32 %gmem_addr" [equalizer.cpp:61]   --->   Operation 60 'writeresp' 'gmem_addr_3_resp' <Predicate = true> <Delay = 4.52> <CoreInst = "m_axi">   --->   Core 113 'm_axi' <Latency = 0> <II = 1> <Delay = 1.00> <Adapter> <Opcode : 'read' 'write' 'readreq' 'writereq' 'writeresp'>
ST_15 : Operation 65 [1/1] (0.00ns)   --->   "%ret_ln0 = ret"   --->   Operation 65 'ret' 'ret_ln0' <Predicate = (icmp_ln57)> <Delay = 0.00>

State 16 <SV = 15> <Delay = 4.52>
ST_16 : Operation 61 [1/1] (0.00ns)   --->   "%specpipeline_ln58 = specpipeline void @_ssdm_op_SpecPipeline, i32 4294967295, i32 0, i32 0, i32 0, void @empty_0" [equalizer.cpp:58]   --->   Operation 61 'specpipeline' 'specpipeline_ln58' <Predicate = true> <Delay = 0.00>
ST_16 : Operation 62 [1/1] (0.00ns)   --->   "%specloopname_ln0 = specloopname void @_ssdm_op_SpecLoopName, void @empty_14"   --->   Operation 62 'specloopname' 'specloopname_ln0' <Predicate = true> <Delay = 0.00>
ST_16 : Operation 63 [1/5] (4.52ns)   --->   "%gmem_addr_3_resp = writeresp i1 @_ssdm_op_WriteResp.m_axi.i32P1A, i32 %gmem_addr" [equalizer.cpp:61]   --->   Operation 63 'writeresp' 'gmem_addr_3_resp' <Predicate = true> <Delay = 4.52> <CoreInst = "m_axi">   --->   Core 113 'm_axi' <Latency = 0> <II = 1> <Delay = 1.00> <Adapter> <Opcode : 'read' 'write' 'readreq' 'writereq' 'writeresp'>
ST_16 : Operation 64 [1/1] (0.00ns)   --->   "%br_ln57 = br void %for.inc19" [equalizer.cpp:57]   --->   Operation 64 'br' 'br_ln57' <Predicate = true> <Delay = 0.00>


============================================================
+ Verbose Summary: Timing violations
============================================================
Target clock period: 6.2ns, clock uncertainty: 1.67ns.

 <State 1>: 3.52ns
The critical path consists of the following:
	'alloca' operation ('i') [11]  (0 ns)
	'load' operation ('i', equalizer.cpp:57) on local variable 'i' [19]  (0 ns)
	'add' operation ('add_ln61', equalizer.cpp:61) [33]  (3.52 ns)

 <State 2>: 4.53ns
The critical path consists of the following:
	bus request operation ('gmem_load_2_req', equalizer.cpp:61) on port 'gmem' (equalizer.cpp:61) [37]  (4.53 ns)

 <State 3>: 4.53ns
The critical path consists of the following:
	bus request operation ('gmem_load_2_req', equalizer.cpp:61) on port 'gmem' (equalizer.cpp:61) [37]  (4.53 ns)

 <State 4>: 4.53ns
The critical path consists of the following:
	bus request operation ('gmem_load_2_req', equalizer.cpp:61) on port 'gmem' (equalizer.cpp:61) [37]  (4.53 ns)

 <State 5>: 4.53ns
The critical path consists of the following:
	bus request operation ('gmem_load_2_req', equalizer.cpp:61) on port 'gmem' (equalizer.cpp:61) [37]  (4.53 ns)

 <State 6>: 4.53ns
The critical path consists of the following:
	bus request operation ('gmem_load_2_req', equalizer.cpp:61) on port 'gmem' (equalizer.cpp:61) [37]  (4.53 ns)

 <State 7>: 4.53ns
The critical path consists of the following:
	bus request operation ('gmem_load_2_req', equalizer.cpp:61) on port 'gmem' (equalizer.cpp:61) [37]  (4.53 ns)

 <State 8>: 4.53ns
The critical path consists of the following:
	bus request operation ('gmem_load_2_req', equalizer.cpp:61) on port 'gmem' (equalizer.cpp:61) [37]  (4.53 ns)

 <State 9>: 4.53ns
The critical path consists of the following:
	bus read operation ('gmem_addr_read', equalizer.cpp:61) on port 'gmem' (equalizer.cpp:61) [38]  (4.53 ns)

 <State 10>: 4.53ns
The critical path consists of the following:
	bus request operation ('gmem_addr_3_req', equalizer.cpp:61) on port 'gmem' (equalizer.cpp:61) [40]  (4.53 ns)

 <State 11>: 4.53ns
The critical path consists of the following:
	bus write operation ('write_ln61', equalizer.cpp:61) on port 'gmem' (equalizer.cpp:61) [41]  (4.53 ns)

 <State 12>: 4.53ns
The critical path consists of the following:
	bus response operation ('gmem_addr_3_resp', equalizer.cpp:61) on port 'gmem' (equalizer.cpp:61) [42]  (4.53 ns)

 <State 13>: 4.53ns
The critical path consists of the following:
	bus response operation ('gmem_addr_3_resp', equalizer.cpp:61) on port 'gmem' (equalizer.cpp:61) [42]  (4.53 ns)

 <State 14>: 4.53ns
The critical path consists of the following:
	bus response operation ('gmem_addr_3_resp', equalizer.cpp:61) on port 'gmem' (equalizer.cpp:61) [42]  (4.53 ns)

 <State 15>: 4.53ns
The critical path consists of the following:
	bus response operation ('gmem_addr_3_resp', equalizer.cpp:61) on port 'gmem' (equalizer.cpp:61) [42]  (4.53 ns)

 <State 16>: 4.53ns
The critical path consists of the following:
	bus response operation ('gmem_addr_3_resp', equalizer.cpp:61) on port 'gmem' (equalizer.cpp:61) [42]  (4.53 ns)


============================================================
+ Verbose Summary: Binding
============================================================
N/A
* FSMD analyzer results:
  - Output states:
 - Input state : 
  - Chain level:
	State 1
	State 2
	State 3
	State 4
	State 5
	State 6
	State 7
	State 8
	State 9
	State 10
	State 11
	State 12
	State 13
	State 14
	State 15
	State 16


============================================================
+ Verbose Summary: Datapath Resource usage 
============================================================
N/A
