Copyright 1986-2022 Xilinx, Inc. All Rights Reserved.
------------------------------------------------------------------------------------
| Tool Version : Vivado v.2022.1 (win64) Build 3526262 Mon Apr 18 15:48:16 MDT 2022
| Date         : Wed Apr 24 17:04:05 2024
| Host         : WFXB07B250A366D running 64-bit major release  (build 9200)
| Command      : upgrade_ip
| Device       : xc7z020clg400-1
------------------------------------------------------------------------------------

Upgrade Log for IP 'guitar_effects_design_guitar_effects_0_33'

1. Summary
----------

SUCCESS in the upgrade of guitar_effects_design_guitar_effects_0_33 (xilinx.com:hls:guitar_effects:1.0) from (Rev. 2113528658) to (Rev. 2113528683)






Copyright 1986-2022 Xilinx, Inc. All Rights Reserved.
------------------------------------------------------------------------------------
| Tool Version : Vivado v.2022.1 (win64) Build 3526262 Mon Apr 18 15:48:16 MDT 2022
| Date         : Wed Apr 24 16:39:39 2024
| Host         : WFXB07B250A366D running 64-bit major release  (build 9200)
| Command      : upgrade_ip
| Device       : xc7z020clg400-1
------------------------------------------------------------------------------------

Upgrade Log for IP 'guitar_effects_design_guitar_effects_0_33'

1. Summary
----------

SUCCESS in the upgrade of guitar_effects_design_guitar_effects_0_33 (xilinx.com:hls:guitar_effects:1.0) from (Rev. 2113528629) to (Rev. 2113528658)






Copyright 1986-2022 Xilinx, Inc. All Rights Reserved.
------------------------------------------------------------------------------------
| Tool Version : Vivado v.2022.1 (win64) Build 3526262 Mon Apr 18 15:48:16 MDT 2022
| Date         : Wed Apr 24 16:10:52 2024
| Host         : WFXB07B250A366D running 64-bit major release  (build 9200)
| Command      : upgrade_ip
| Device       : xc7z020clg400-1
------------------------------------------------------------------------------------

Upgrade Log for IP 'guitar_effects_design_guitar_effects_0_33'

1. Summary
----------

SUCCESS in the upgrade of guitar_effects_design_guitar_effects_0_33 (xilinx.com:hls:guitar_effects:1.0) from (Rev. 2113528607) to (Rev. 2113528629)






Copyright 1986-2022 Xilinx, Inc. All Rights Reserved.
------------------------------------------------------------------------------------
| Tool Version : Vivado v.2022.1 (win64) Build 3526262 Mon Apr 18 15:48:16 MDT 2022
| Date         : Wed Apr 24 15:48:19 2024
| Host         : WFXB07B250A366D running 64-bit major release  (build 9200)
| Command      : upgrade_ip
| Device       : xc7z020clg400-1
------------------------------------------------------------------------------------

Upgrade Log for IP 'guitar_effects_design_guitar_effects_0_33'

1. Summary
----------

SUCCESS in the upgrade of guitar_effects_design_guitar_effects_0_33 (xilinx.com:hls:guitar_effects:1.0) from (Rev. 2113528587) to (Rev. 2113528607)






Copyright 1986-2022 Xilinx, Inc. All Rights Reserved.
------------------------------------------------------------------------------------
| Tool Version : Vivado v.2022.1 (win64) Build 3526262 Mon Apr 18 15:48:16 MDT 2022
| Date         : Wed Apr 24 15:28:41 2024
| Host         : WFXB07B250A366D running 64-bit major release  (build 9200)
| Command      : upgrade_ip
| Device       : xc7z020clg400-1
------------------------------------------------------------------------------------

Upgrade Log for IP 'guitar_effects_design_guitar_effects_0_33'

1. Summary
----------

SUCCESS in the upgrade of guitar_effects_design_guitar_effects_0_33 (xilinx.com:hls:guitar_effects:1.0) from (Rev. 2113528555) to (Rev. 2113528587)






Copyright 1986-2022 Xilinx, Inc. All Rights Reserved.
------------------------------------------------------------------------------------
| Tool Version : Vivado v.2022.1 (win64) Build 3526262 Mon Apr 18 15:48:16 MDT 2022
| Date         : Wed Apr 24 14:57:10 2024
| Host         : WFXB07B250A366D running 64-bit major release  (build 9200)
| Command      : upgrade_ip
| Device       : xc7z020clg400-1
------------------------------------------------------------------------------------

Upgrade Log for IP 'guitar_effects_design_guitar_effects_0_33'

1. Summary
----------

SUCCESS in the upgrade of guitar_effects_design_guitar_effects_0_33 (xilinx.com:hls:guitar_effects:1.0) from (Rev. 2113528510) to (Rev. 2113528555)






Copyright 1986-2022 Xilinx, Inc. All Rights Reserved.
------------------------------------------------------------------------------------
| Tool Version : Vivado v.2022.1 (win64) Build 3526262 Mon Apr 18 15:48:16 MDT 2022
| Date         : Wed Apr 24 14:11:30 2024
| Host         : WFXB07B250A366D running 64-bit major release  (build 9200)
| Command      : upgrade_ip
| Device       : xc7z020clg400-1
------------------------------------------------------------------------------------

Upgrade Log for IP 'guitar_effects_design_guitar_effects_0_33'

1. Summary
----------

SUCCESS in the upgrade of guitar_effects_design_guitar_effects_0_33 (xilinx.com:hls:guitar_effects:1.0) from (Rev. 2113528475) to (Rev. 2113528510)






Copyright 1986-2022 Xilinx, Inc. All Rights Reserved.
------------------------------------------------------------------------------------
| Tool Version : Vivado v.2022.1 (win64) Build 3526262 Mon Apr 18 15:48:16 MDT 2022
| Date         : Wed Apr 24 13:37:16 2024
| Host         : WFXB07B250A366D running 64-bit major release  (build 9200)
| Command      : upgrade_ip
| Device       : xc7z020clg400-1
------------------------------------------------------------------------------------

Upgrade Log for IP 'guitar_effects_design_guitar_effects_0_33'

1. Summary
----------

SUCCESS in the upgrade of guitar_effects_design_guitar_effects_0_33 (xilinx.com:hls:guitar_effects:1.0) from (Rev. 2113527060) to (Rev. 2113528475)

