#-----------------------------------------------------------
# Vivado v2022.1 (64-bit)
# SW Build 3526262 on Mon Apr 18 15:48:16 MDT 2022
# IP Build 3524634 on Mon Apr 18 20:55:01 MDT 2022
# Start of session at: Mon Apr 22 13:33:11 2024
# Process ID: 19632
# Current directory: C:/EECE4632FinalProject/Vivado_Guitar_Effects
# Command line: vivado.exe -gui_launcher_event rodinguilauncherevent1808 C:\EECE4632FinalProject\Vivado_Guitar_Effects\Vivado_Guitar_Effects.xpr
# Log file: C:/EECE4632FinalProject/Vivado_Guitar_Effects/vivado.log
# Journal file: C:/EECE4632FinalProject/Vivado_Guitar_Effects\vivado.jou
# Running On: WFXB07B250A366D, OS: Windows, CPU Frequency: 2904 MHz, CPU Physical cores: 8, Host memory: 16881 MB
#-----------------------------------------------------------
start_gui
open_project C:/EECE4632FinalProject/Vivado_Guitar_Effects/Vivado_Guitar_Effects.xpr
WARNING: [Board 49-26] cannot add Board Part xilinx.com:vpk120_es:part0:1.2 available at C:/Xilinx/Vivado/2022.1/data/xhub/boards/XilinxBoardStore/boards/Xilinx/vpk120/es/1.2/board.xml as part xcvp1202-vsva2785-2mp-e-s-es1 specified in board_part file is either invalid or not available
WARNING: [Board 49-26] cannot add Board Part xilinx.com:vpk120_es_revb:part0:1.0 available at C:/Xilinx/Vivado/2022.1/data/xhub/boards/XilinxBoardStore/boards/Xilinx/vpk120_revb/es/1.0/board.xml as part xcvp1202-vsva2785-2mp-e-s-es1 specified in board_part file is either invalid or not available
WARNING: [Board 49-26] cannot add Board Part xilinx.com:zcu208ld:part0:2.0 available at C:/Xilinx/Vivado/2022.1/data/xhub/boards/XilinxBoardStore/boards/Xilinx/zcu208ld/production/2.0/board.xml as part xczu58dr-fsvg1517-2-i specified in board_part file is either invalid or not available
WARNING: [Board 49-26] cannot add Board Part xilinx.com:zcu216ld:part0:2.0 available at C:/Xilinx/Vivado/2022.1/data/xhub/boards/XilinxBoardStore/boards/Xilinx/zcu216ld/production/2.0/board.xml as part xczu59dr-ffvf1760-2-i specified in board_part file is either invalid or not available
WARNING: [Board 49-26] cannot add Board Part xilinx.com:zcu670:part0:2.0 available at C:/Xilinx/Vivado/2022.1/data/xhub/boards/XilinxBoardStore/boards/Xilinx/zcu670/2.0/board.xml as part xczu67dr-fsve1156-2-i specified in board_part file is either invalid or not available
WARNING: [Board 49-26] cannot add Board Part xilinx.com:zcu670ld:part0:1.0 available at C:/Xilinx/Vivado/2022.1/data/xhub/boards/XilinxBoardStore/boards/Xilinx/zcu670ld/1.0/board.xml as part xczu57dr-fsve1156-2-i specified in board_part file is either invalid or not available
CRITICAL WARNING: [Project 1-19] Could not find the file 'C:/Users/du.kad/Desktop/EECE4632FinalProject/Vivado_Guitar_Effects/Vivado_Guitar_Effects.srcs/utils_1/imports/synth_1/guitar_effects_design_wrapper.dcp'.
WARNING: [Project 1-865] Could not find the file C:/Users/du.kad/Desktop/EECE4632FinalProject/Vivado_Guitar_Effects/Vivado_Guitar_Effects.srcs/utils_1/imports/synth_1/guitar_effects_design_wrapper.dcp
Scanning sources...
Finished scanning sources
WARNING: [Project 1-865] Could not find the file C:/Users/du.kad/Desktop/EECE4632FinalProject/Vivado_Guitar_Effects/Vivado_Guitar_Effects.srcs/utils_1/imports/synth_1/guitar_effects_design_wrapper.dcp
WARNING: [Project 1-865] Could not find the file C:/Users/du.kad/Desktop/EECE4632FinalProject/Vivado_Guitar_Effects/Vivado_Guitar_Effects.srcs/utils_1/imports/synth_1/guitar_effects_design_wrapper.dcp
WARNING: [Project 1-865] Could not find the file C:/Users/du.kad/Desktop/EECE4632FinalProject/Vivado_Guitar_Effects/Vivado_Guitar_Effects.srcs/utils_1/imports/synth_1/guitar_effects_design_wrapper.dcp
WARNING: [Project 1-865] Could not find the file C:/Users/du.kad/Desktop/EECE4632FinalProject/Vivado_Guitar_Effects/Vivado_Guitar_Effects.srcs/utils_1/imports/synth_1/guitar_effects_design_wrapper.dcp
WARNING: [Project 1-865] Could not find the file C:/Users/du.kad/Desktop/EECE4632FinalProject/Vivado_Guitar_Effects/Vivado_Guitar_Effects.srcs/utils_1/imports/synth_1/guitar_effects_design_wrapper.dcp
WARNING: [Project 1-865] Could not find the file C:/Users/du.kad/Desktop/EECE4632FinalProject/Vivado_Guitar_Effects/Vivado_Guitar_Effects.srcs/utils_1/imports/synth_1/guitar_effects_design_wrapper.dcp
WARNING: [Project 1-865] Could not find the file C:/Users/du.kad/Desktop/EECE4632FinalProject/Vivado_Guitar_Effects/Vivado_Guitar_Effects.srcs/utils_1/imports/synth_1/guitar_effects_design_wrapper.dcp
INFO: [IP_Flow 19-234] Refreshing IP repositories
INFO: [IP_Flow 19-1700] Loaded user IP repository 'c:/EECE4632FinalProject'.
WARNING: [IP_Flow 19-3656] If you move the project, the path for repository 'c:/EECE4632FinalProject' may become invalid. A better location for the repository would be in a path adjacent to the project. (Current project location is 'c:/EECE4632FinalProject/Vivado_Guitar_Effects'.)
INFO: [IP_Flow 19-2313] Loaded Vivado IP repository 'C:/Xilinx/Vivado/2022.1/data/ip'.
WARNING: [BD 41-1661] One or more IPs have been locked in the design 'guitar_effects_design.bd'. Please run report_ip_status for more details and recommendations on how to fix this issue.
List of locked IPs:
guitar_effects_design_guitar_effects_0_27

open_project: Time (s): cpu = 00:00:22 ; elapsed = 00:00:15 . Memory (MB): peak = 1578.418 ; gain = 2.008
update_compile_order -fileset sources_1
open_bd_design {C:/EECE4632FinalProject/Vivado_Guitar_Effects/Vivado_Guitar_Effects.srcs/sources_1/bd/guitar_effects_design/guitar_effects_design.bd}
Reading block design file <C:/EECE4632FinalProject/Vivado_Guitar_Effects/Vivado_Guitar_Effects.srcs/sources_1/bd/guitar_effects_design/guitar_effects_design.bd>...
Adding component instance block -- xilinx.com:ip:processing_system7:5.5 - processing_system7_0
Adding component instance block -- xilinx.com:ip:axi_bram_ctrl:4.1 - axi_bram_ctrl_0
Adding component instance block -- xilinx.com:ip:blk_mem_gen:8.4 - blk_mem_gen_0
Adding component instance block -- xilinx.com:ip:proc_sys_reset:5.0 - rst_ps7_0_100M
Adding component instance block -- xilinx.com:ip:axi_dma:7.1 - axi_dma_0
Adding component instance block -- xilinx.com:ip:axi_interconnect:2.1 - axi_mem_intercon
Adding component instance block -- xilinx.com:ip:axi_crossbar:2.1 - xbar
Adding component instance block -- xilinx.com:ip:axi_protocol_converter:2.1 - auto_pc
Adding component instance block -- xilinx.com:ip:axi_mmu:2.1 - s02_mmu
Adding component instance block -- xilinx.com:ip:axi_interconnect:2.1 - ps7_0_axi_periph
Adding component instance block -- xilinx.com:ip:axi_crossbar:2.1 - xbar
Adding component instance block -- xilinx.com:ip:axi_protocol_converter:2.1 - auto_pc
Adding component instance block -- xilinx.com:ip:axi_protocol_converter:2.1 - auto_pc
Adding component instance block -- xilinx.com:ip:axi_protocol_converter:2.1 - auto_pc
Adding component instance block -- xilinx.com:hls:guitar_effects:1.0 - guitar_effects_0
Excluding slave segment /processing_system7_0/S_AXI_GP0/GP0_IOP from address space /axi_dma_0/Data_MM2S.
Excluding slave segment /processing_system7_0/S_AXI_GP0/GP0_M_AXI_GP0 from address space /axi_dma_0/Data_MM2S.
Excluding slave segment /processing_system7_0/S_AXI_GP0/GP0_IOP from address space /axi_dma_0/Data_S2MM.
Excluding slave segment /processing_system7_0/S_AXI_GP0/GP0_M_AXI_GP0 from address space /axi_dma_0/Data_S2MM.
Successfully read diagram <guitar_effects_design> from block design file <C:/EECE4632FinalProject/Vivado_Guitar_Effects/Vivado_Guitar_Effects.srcs/sources_1/bd/guitar_effects_design/guitar_effects_design.bd>
open_bd_design: Time (s): cpu = 00:00:17 ; elapsed = 00:00:15 . Memory (MB): peak = 1686.020 ; gain = 52.680
delete_bd_objs [get_bd_intf_nets ps7_0_axi_periph_M02_AXI] [get_bd_intf_nets guitar_effects_0_m_axi_gmem] [get_bd_intf_nets axi_dma_0_M_AXIS_MM2S] [get_bd_intf_nets guitar_effects_0_OUTPUT_r] [get_bd_cells guitar_effects_0]
set_property  ip_repo_paths  {} [current_project]
update_ip_catalog
INFO: [IP_Flow 19-234] Refreshing IP repositories
INFO: [IP_Flow 19-1704] No user IP repositories specified
set_property  ip_repo_paths  C:/EECE4632FinalProject [current_project]
update_ip_catalog
INFO: [IP_Flow 19-234] Refreshing IP repositories
INFO: [IP_Flow 19-1700] Loaded user IP repository 'c:/EECE4632FinalProject'.
WARNING: [IP_Flow 19-3656] If you move the project, the path for repository 'c:/EECE4632FinalProject' may become invalid. A better location for the repository would be in a path adjacent to the project. (Current project location is 'c:/EECE4632FinalProject/Vivado_Guitar_Effects'.)
startgroup
create_bd_cell -type ip -vlnv xilinx.com:hls:guitar_effects:1.0 guitar_effects_0
endgroup
set_property location {2 471 -259} [get_bd_cells guitar_effects_0]
startgroup
apply_bd_automation -rule xilinx.com:bd_rule:axi4 -config { Clk_master {Auto} Clk_slave {/processing_system7_0/FCLK_CLK0 (100 MHz)} Clk_xbar {/processing_system7_0/FCLK_CLK0 (100 MHz)} Master {/guitar_effects_0/m_axi_gmem} Slave {/axi_bram_ctrl_0/S_AXI} ddr_seg {Auto} intc_ip {/ps7_0_axi_periph} master_apm {0}}  [get_bd_intf_pins guitar_effects_0/m_axi_gmem]
Slave segment '/axi_bram_ctrl_0/S_AXI/Mem0' is being assigned into address space '/guitar_effects_0/Data_m_axi_gmem' at <0x4000_0000 [ 8K ]>.
Slave segment '/axi_dma_0/S_AXI_LITE/Reg' is being assigned into address space '/guitar_effects_0/Data_m_axi_gmem' at <0x41E0_0000 [ 64K ]>.
WARNING: [BD 41-1051] Slave segment '/axi_dma_0/S_AXI_LITE/Reg' with 'register' usage does not match address space '/guitar_effects_0/Data_m_axi_gmem' with 'memory' usage so will be excluded from this address space. Please use the 'include_bd_addr_seg' command to override this precaution if required.
Excluding slave segment /axi_dma_0/S_AXI_LITE/Reg from address space /guitar_effects_0/Data_m_axi_gmem.
apply_bd_automation -rule xilinx.com:bd_rule:axi4 -config { Clk_master {/processing_system7_0/FCLK_CLK0 (100 MHz)} Clk_slave {Auto} Clk_xbar {/processing_system7_0/FCLK_CLK0 (100 MHz)} Master {/processing_system7_0/M_AXI_GP0} Slave {/guitar_effects_0/s_axi_control_r} ddr_seg {Auto} intc_ip {/ps7_0_axi_periph} master_apm {0}}  [get_bd_intf_pins guitar_effects_0/s_axi_control_r]
Slave segment '/guitar_effects_0/s_axi_control_r/Reg' is being assigned into address space '/processing_system7_0/Data' at <0x4001_0000 [ 64K ]>.
Slave segment '/guitar_effects_0/s_axi_control_r/Reg' is being assigned into address space '/guitar_effects_0/Data_m_axi_gmem' at <0x4001_0000 [ 64K ]>.
WARNING: [BD 41-1051] Slave segment '/guitar_effects_0/s_axi_control_r/Reg' with 'register' usage does not match address space '/guitar_effects_0/Data_m_axi_gmem' with 'memory' usage so will be excluded from this address space. Please use the 'include_bd_addr_seg' command to override this precaution if required.
Excluding slave segment /guitar_effects_0/s_axi_control_r/Reg from address space /guitar_effects_0/Data_m_axi_gmem.
endgroup
connect_bd_intf_net [get_bd_intf_pins guitar_effects_0/OUTPUT_r] [get_bd_intf_pins axi_dma_0/S_AXIS_S2MM]
connect_bd_intf_net [get_bd_intf_pins guitar_effects_0/INPUT_r] [get_bd_intf_pins axi_dma_0/M_AXIS_MM2S]
save_bd_design
Wrote  : <C:\EECE4632FinalProject\Vivado_Guitar_Effects\Vivado_Guitar_Effects.srcs\sources_1\bd\guitar_effects_design\guitar_effects_design.bd> 
Wrote  : <C:/EECE4632FinalProject/Vivado_Guitar_Effects/Vivado_Guitar_Effects.srcs/sources_1/bd/guitar_effects_design/ui/bd_aa970370.ui> 
reset_run synth_1
INFO: [Project 1-1161] Replacing file C:/Users/du.kad/Desktop/EECE4632FinalProject/Vivado_Guitar_Effects/Vivado_Guitar_Effects.srcs/utils_1/imports/synth_1/guitar_effects_design_wrapper.dcp with file C:/EECE4632FinalProject/Vivado_Guitar_Effects/Vivado_Guitar_Effects.runs/synth_1/guitar_effects_design_wrapper.dcp
reset_run guitar_effects_design_xbar_7_synth_1
launch_runs impl_1 -to_step write_bitstream -jobs 16
WARNING: [BD 41-1629] Slave segment </processing_system7_0/S_AXI_GP0/GP0_IOP> is excluded from all addressing paths.
WARNING: [BD 41-1629] Slave segment </processing_system7_0/S_AXI_GP0/GP0_M_AXI_GP0> is excluded from all addressing paths.
Excluding slave segment /processing_system7_0/S_AXI_GP0/GP0_IOP from address space /axi_dma_0/Data_MM2S.
Excluding slave segment /processing_system7_0/S_AXI_GP0/GP0_IOP from address space /axi_dma_0/Data_S2MM.
Excluding slave segment /processing_system7_0/S_AXI_GP0/GP0_M_AXI_GP0 from address space /axi_dma_0/Data_MM2S.
Excluding slave segment /processing_system7_0/S_AXI_GP0/GP0_M_AXI_GP0 from address space /axi_dma_0/Data_S2MM.
Excluding slave segment /axi_dma_0/S_AXI_LITE/Reg from address space /guitar_effects_0/Data_m_axi_gmem.
Excluding slave segment /axi_dma_0/S_AXI_LITE/Reg from address space /guitar_effects_0/Data_m_axi_gmem.
Excluding slave segment /guitar_effects_0/s_axi_control_r/Reg from address space /guitar_effects_0/Data_m_axi_gmem.
Excluding slave segment /processing_system7_0/S_AXI_GP0/GP0_IOP from address space /axi_dma_0/Data_MM2S.
Excluding slave segment /processing_system7_0/S_AXI_GP0/GP0_IOP from address space /axi_dma_0/Data_S2MM.
Excluding slave segment /processing_system7_0/S_AXI_GP0/GP0_M_AXI_GP0 from address space /axi_dma_0/Data_MM2S.
Excluding slave segment /processing_system7_0/S_AXI_GP0/GP0_M_AXI_GP0 from address space /axi_dma_0/Data_S2MM.
Excluding slave segment /axi_dma_0/S_AXI_LITE/Reg from address space /guitar_effects_0/Data_m_axi_gmem.
Excluding slave segment /guitar_effects_0/s_axi_control_r/Reg from address space /guitar_effects_0/Data_m_axi_gmem.
Excluding slave segment /processing_system7_0/S_AXI_GP0/GP0_IOP from address space /axi_dma_0/Data_MM2S.
Excluding slave segment /processing_system7_0/S_AXI_GP0/GP0_IOP from address space /axi_dma_0/Data_S2MM.
Excluding slave segment /processing_system7_0/S_AXI_GP0/GP0_M_AXI_GP0 from address space /axi_dma_0/Data_MM2S.
Excluding slave segment /processing_system7_0/S_AXI_GP0/GP0_M_AXI_GP0 from address space /axi_dma_0/Data_S2MM.
Excluding slave segment /axi_dma_0/S_AXI_LITE/Reg from address space /guitar_effects_0/Data_m_axi_gmem.
Excluding slave segment /guitar_effects_0/s_axi_control_r/Reg from address space /guitar_effects_0/Data_m_axi_gmem.
Excluding slave segment /processing_system7_0/S_AXI_GP0/GP0_IOP from address space /axi_dma_0/Data_MM2S.
Excluding slave segment /processing_system7_0/S_AXI_GP0/GP0_IOP from address space /axi_dma_0/Data_S2MM.
Excluding slave segment /processing_system7_0/S_AXI_GP0/GP0_M_AXI_GP0 from address space /axi_dma_0/Data_MM2S.
Excluding slave segment /processing_system7_0/S_AXI_GP0/GP0_M_AXI_GP0 from address space /axi_dma_0/Data_S2MM.
Excluding slave segment /axi_dma_0/S_AXI_LITE/Reg from address space /guitar_effects_0/Data_m_axi_gmem.
Excluding slave segment /guitar_effects_0/s_axi_control_r/Reg from address space /guitar_effects_0/Data_m_axi_gmem.
Excluding slave segment /processing_system7_0/S_AXI_GP0/GP0_IOP from address space /axi_dma_0/Data_MM2S.
Excluding slave segment /processing_system7_0/S_AXI_GP0/GP0_IOP from address space /axi_dma_0/Data_S2MM.
Excluding slave segment /processing_system7_0/S_AXI_GP0/GP0_M_AXI_GP0 from address space /axi_dma_0/Data_MM2S.
Excluding slave segment /processing_system7_0/S_AXI_GP0/GP0_M_AXI_GP0 from address space /axi_dma_0/Data_S2MM.
Excluding slave segment /axi_dma_0/S_AXI_LITE/Reg from address space /guitar_effects_0/Data_m_axi_gmem.
Excluding slave segment /processing_system7_0/S_AXI_GP0/GP0_IOP from address space /axi_dma_0/Data_MM2S.
Excluding slave segment /processing_system7_0/S_AXI_GP0/GP0_IOP from address space /axi_dma_0/Data_S2MM.
Excluding slave segment /processing_system7_0/S_AXI_GP0/GP0_M_AXI_GP0 from address space /axi_dma_0/Data_MM2S.
Excluding slave segment /processing_system7_0/S_AXI_GP0/GP0_M_AXI_GP0 from address space /axi_dma_0/Data_S2MM.
Excluding slave segment /axi_dma_0/S_AXI_LITE/Reg from address space /guitar_effects_0/Data_m_axi_gmem.
Excluding slave segment /processing_system7_0/S_AXI_GP0/GP0_IOP from address space /axi_dma_0/Data_MM2S.
Excluding slave segment /processing_system7_0/S_AXI_GP0/GP0_IOP from address space /axi_dma_0/Data_S2MM.
Excluding slave segment /processing_system7_0/S_AXI_GP0/GP0_M_AXI_GP0 from address space /axi_dma_0/Data_MM2S.
Excluding slave segment /processing_system7_0/S_AXI_GP0/GP0_M_AXI_GP0 from address space /axi_dma_0/Data_S2MM.
WARNING: [BD 5-699] No address segments matched 'get_bd_addr_segs -of_object /rst_ps7_0_100M'
WARNING: [BD 5-699] No address segments matched 'get_bd_addr_segs -of_object /rst_ps7_0_100M'
WARNING: [BD 5-699] No address segments matched 'get_bd_addr_segs -of_object /rst_ps7_0_100M'
WARNING: [BD 5-699] No address segments matched 'get_bd_addr_segs -of_object /rst_ps7_0_100M'
WARNING: [BD 5-699] No address segments matched 'get_bd_addr_segs -addressed -of_object /rst_ps7_0_100M'
WARNING: [BD 5-699] No address segments matched 'get_bd_addr_segs -addressable -of_object /rst_ps7_0_100M'
WARNING: [BD 5-699] No address segments matched 'get_bd_addr_segs -addressing -of_object /rst_ps7_0_100M'
Excluding slave segment /axi_dma_0/S_AXI_LITE/Reg from address space /guitar_effects_0/Data_m_axi_gmem.
Excluding slave segment /guitar_effects_0/s_axi_control_r/Reg from address space /guitar_effects_0/Data_m_axi_gmem.
Excluding slave segment /processing_system7_0/S_AXI_GP0/GP0_IOP from address space /axi_dma_0/Data_MM2S.
Excluding slave segment /processing_system7_0/S_AXI_GP0/GP0_IOP from address space /axi_dma_0/Data_S2MM.
Excluding slave segment /processing_system7_0/S_AXI_GP0/GP0_M_AXI_GP0 from address space /axi_dma_0/Data_MM2S.
Excluding slave segment /processing_system7_0/S_AXI_GP0/GP0_M_AXI_GP0 from address space /axi_dma_0/Data_S2MM.
Excluding slave segment /axi_dma_0/S_AXI_LITE/Reg from address space /guitar_effects_0/Data_m_axi_gmem.
Excluding slave segment /guitar_effects_0/s_axi_control_r/Reg from address space /guitar_effects_0/Data_m_axi_gmem.
Excluding slave segment /processing_system7_0/S_AXI_GP0/GP0_IOP from address space /axi_dma_0/Data_MM2S.
Excluding slave segment /processing_system7_0/S_AXI_GP0/GP0_IOP from address space /axi_dma_0/Data_S2MM.
Excluding slave segment /processing_system7_0/S_AXI_GP0/GP0_M_AXI_GP0 from address space /axi_dma_0/Data_MM2S.
Excluding slave segment /processing_system7_0/S_AXI_GP0/GP0_M_AXI_GP0 from address space /axi_dma_0/Data_S2MM.
Excluding slave segment /axi_dma_0/S_AXI_LITE/Reg from address space /guitar_effects_0/Data_m_axi_gmem.
Excluding slave segment /processing_system7_0/S_AXI_GP0/GP0_IOP from address space /axi_dma_0/Data_MM2S.
Excluding slave segment /processing_system7_0/S_AXI_GP0/GP0_IOP from address space /axi_dma_0/Data_S2MM.
Excluding slave segment /processing_system7_0/S_AXI_GP0/GP0_M_AXI_GP0 from address space /axi_dma_0/Data_MM2S.
Excluding slave segment /processing_system7_0/S_AXI_GP0/GP0_M_AXI_GP0 from address space /axi_dma_0/Data_S2MM.
Excluding slave segment /axi_dma_0/S_AXI_LITE/Reg from address space /guitar_effects_0/Data_m_axi_gmem.
Excluding slave segment /guitar_effects_0/s_axi_control_r/Reg from address space /guitar_effects_0/Data_m_axi_gmem.
Excluding slave segment /processing_system7_0/S_AXI_GP0/GP0_IOP from address space /axi_dma_0/Data_MM2S.
Excluding slave segment /processing_system7_0/S_AXI_GP0/GP0_IOP from address space /axi_dma_0/Data_S2MM.
Excluding slave segment /processing_system7_0/S_AXI_GP0/GP0_M_AXI_GP0 from address space /axi_dma_0/Data_MM2S.
Excluding slave segment /processing_system7_0/S_AXI_GP0/GP0_M_AXI_GP0 from address space /axi_dma_0/Data_S2MM.
Excluding slave segment /axi_dma_0/S_AXI_LITE/Reg from address space /guitar_effects_0/Data_m_axi_gmem.
Excluding slave segment /guitar_effects_0/s_axi_control_r/Reg from address space /guitar_effects_0/Data_m_axi_gmem.
Excluding slave segment /processing_system7_0/S_AXI_GP0/GP0_IOP from address space /axi_dma_0/Data_MM2S.
Excluding slave segment /processing_system7_0/S_AXI_GP0/GP0_IOP from address space /axi_dma_0/Data_S2MM.
Excluding slave segment /processing_system7_0/S_AXI_GP0/GP0_M_AXI_GP0 from address space /axi_dma_0/Data_MM2S.
Excluding slave segment /processing_system7_0/S_AXI_GP0/GP0_M_AXI_GP0 from address space /axi_dma_0/Data_S2MM.
Excluding slave segment /axi_dma_0/S_AXI_LITE/Reg from address space /guitar_effects_0/Data_m_axi_gmem.
Excluding slave segment /processing_system7_0/S_AXI_GP0/GP0_IOP from address space /axi_dma_0/Data_MM2S.
Excluding slave segment /processing_system7_0/S_AXI_GP0/GP0_IOP from address space /axi_dma_0/Data_S2MM.
Excluding slave segment /processing_system7_0/S_AXI_GP0/GP0_M_AXI_GP0 from address space /axi_dma_0/Data_MM2S.
Excluding slave segment /processing_system7_0/S_AXI_GP0/GP0_M_AXI_GP0 from address space /axi_dma_0/Data_S2MM.
Excluding slave segment /axi_dma_0/S_AXI_LITE/Reg from address space /guitar_effects_0/Data_m_axi_gmem.
Excluding slave segment /guitar_effects_0/s_axi_control_r/Reg from address space /guitar_effects_0/Data_m_axi_gmem.
Excluding slave segment /processing_system7_0/S_AXI_GP0/GP0_IOP from address space /axi_dma_0/Data_MM2S.
Excluding slave segment /processing_system7_0/S_AXI_GP0/GP0_IOP from address space /axi_dma_0/Data_S2MM.
Excluding slave segment /processing_system7_0/S_AXI_GP0/GP0_M_AXI_GP0 from address space /axi_dma_0/Data_MM2S.
Excluding slave segment /processing_system7_0/S_AXI_GP0/GP0_M_AXI_GP0 from address space /axi_dma_0/Data_S2MM.
Excluding slave segment /axi_dma_0/S_AXI_LITE/Reg from address space /guitar_effects_0/Data_m_axi_gmem.
Excluding slave segment /processing_system7_0/S_AXI_GP0/GP0_IOP from address space /axi_dma_0/Data_MM2S.
Excluding slave segment /processing_system7_0/S_AXI_GP0/GP0_IOP from address space /axi_dma_0/Data_S2MM.
Excluding slave segment /processing_system7_0/S_AXI_GP0/GP0_M_AXI_GP0 from address space /axi_dma_0/Data_MM2S.
Excluding slave segment /processing_system7_0/S_AXI_GP0/GP0_M_AXI_GP0 from address space /axi_dma_0/Data_S2MM.
WARNING: [BD 41-702] Propagation TCL tries to overwrite USER strength parameter PCW_M_AXI_GP0_FREQMHZ(10) on '/processing_system7_0' with propagated value(100). Command ignored
WARNING: [BD 41-702] Propagation TCL tries to overwrite USER strength parameter PCW_S_AXI_GP0_FREQMHZ(10) on '/processing_system7_0' with propagated value(100). Command ignored
Wrote  : <C:\EECE4632FinalProject\Vivado_Guitar_Effects\Vivado_Guitar_Effects.srcs\sources_1\bd\guitar_effects_design\guitar_effects_design.bd> 
Wrote  : <C:/EECE4632FinalProject/Vivado_Guitar_Effects/Vivado_Guitar_Effects.srcs/sources_1/bd/guitar_effects_design/ui/bd_aa970370.ui> 
WARNING: [BD 41-2384] Width mismatch when connecting pin: '/axi_mem_intercon/m00_couplers/auto_pc/m_axi_rid'(2) to pin: '/axi_mem_intercon/m00_couplers/M_AXI_rid'(6) - Only lower order bits will be connected.
WARNING: [BD 41-2384] Width mismatch when connecting pin: '/axi_mem_intercon/m00_couplers/auto_pc/m_axi_bid'(2) to pin: '/axi_mem_intercon/m00_couplers/M_AXI_bid'(6) - Only lower order bits will be connected.
WARNING: [BD 41-2384] Width mismatch when connecting pin: '/ps7_0_axi_periph/s00_couplers/auto_pc/m_axi_rid'(12) to pin: '/ps7_0_axi_periph/s00_couplers/M_AXI_rid'(13) - Only lower order bits will be connected.
WARNING: [BD 41-2384] Width mismatch when connecting pin: '/ps7_0_axi_periph/s00_couplers/auto_pc/m_axi_bid'(12) to pin: '/ps7_0_axi_periph/s00_couplers/M_AXI_bid'(13) - Only lower order bits will be connected.
WARNING: [BD 41-2384] Width mismatch when connecting pin: '/ps7_0_axi_periph/xbar/s_axi_awid'(13) to pin: '/ps7_0_axi_periph/s00_couplers/M_AXI_awid'(12) - Only lower order bits will be connected.
WARNING: [BD 41-2384] Width mismatch when connecting pin: '/ps7_0_axi_periph/xbar/s_axi_arid'(13) to pin: '/ps7_0_axi_periph/s00_couplers/M_AXI_arid'(12) - Only lower order bits will be connected.
WARNING: [BD 41-2384] Width mismatch when connecting pin: '/ps7_0_axi_periph/xbar/s_axi_arlock'(1) to pin: '/ps7_0_axi_periph/s01_couplers/M_AXI_arlock'(2) - Only lower order bits will be connected.
WARNING: [BD 41-2384] Width mismatch when connecting pin: '/ps7_0_axi_periph/xbar/s_axi_awlock'(1) to pin: '/ps7_0_axi_periph/s01_couplers/M_AXI_awlock'(2) - Only lower order bits will be connected.
WARNING: [BD 41-2384] Width mismatch when connecting pin: '/blk_mem_gen_0/addra'(32) to pin: '/axi_bram_ctrl_0/bram_addr_a'(13) - Only lower order bits will be connected.
WARNING: [BD 41-2384] Width mismatch when connecting pin: '/processing_system7_0/S_AXI_GP0_AWID'(6) to pin: '/axi_mem_intercon/M00_AXI_awid'(2) - Only lower order bits will be connected.
WARNING: [BD 41-2384] Width mismatch when connecting pin: '/processing_system7_0/S_AXI_GP0_ARID'(6) to pin: '/axi_mem_intercon/M00_AXI_arid'(2) - Only lower order bits will be connected.
WARNING: [BD 41-2384] Width mismatch when connecting pin: '/processing_system7_0/S_AXI_GP0_WID'(6) to pin: '/axi_mem_intercon/M00_AXI_wid'(2) - Only lower order bits will be connected.
Verilog Output written to : c:/EECE4632FinalProject/Vivado_Guitar_Effects/Vivado_Guitar_Effects.gen/sources_1/bd/guitar_effects_design/synth/guitar_effects_design.v
WARNING: [BD 41-2384] Width mismatch when connecting pin: '/axi_mem_intercon/m00_couplers/auto_pc/m_axi_rid'(2) to pin: '/axi_mem_intercon/m00_couplers/M_AXI_rid'(6) - Only lower order bits will be connected.
WARNING: [BD 41-2384] Width mismatch when connecting pin: '/axi_mem_intercon/m00_couplers/auto_pc/m_axi_bid'(2) to pin: '/axi_mem_intercon/m00_couplers/M_AXI_bid'(6) - Only lower order bits will be connected.
WARNING: [BD 41-2384] Width mismatch when connecting pin: '/ps7_0_axi_periph/s00_couplers/auto_pc/m_axi_rid'(12) to pin: '/ps7_0_axi_periph/s00_couplers/M_AXI_rid'(13) - Only lower order bits will be connected.
WARNING: [BD 41-2384] Width mismatch when connecting pin: '/ps7_0_axi_periph/s00_couplers/auto_pc/m_axi_bid'(12) to pin: '/ps7_0_axi_periph/s00_couplers/M_AXI_bid'(13) - Only lower order bits will be connected.
WARNING: [BD 41-2384] Width mismatch when connecting pin: '/ps7_0_axi_periph/xbar/s_axi_awid'(13) to pin: '/ps7_0_axi_periph/s00_couplers/M_AXI_awid'(12) - Only lower order bits will be connected.
WARNING: [BD 41-2384] Width mismatch when connecting pin: '/ps7_0_axi_periph/xbar/s_axi_arid'(13) to pin: '/ps7_0_axi_periph/s00_couplers/M_AXI_arid'(12) - Only lower order bits will be connected.
WARNING: [BD 41-2384] Width mismatch when connecting pin: '/ps7_0_axi_periph/xbar/s_axi_arlock'(1) to pin: '/ps7_0_axi_periph/s01_couplers/M_AXI_arlock'(2) - Only lower order bits will be connected.
WARNING: [BD 41-2384] Width mismatch when connecting pin: '/ps7_0_axi_periph/xbar/s_axi_awlock'(1) to pin: '/ps7_0_axi_periph/s01_couplers/M_AXI_awlock'(2) - Only lower order bits will be connected.
WARNING: [BD 41-2384] Width mismatch when connecting pin: '/blk_mem_gen_0/addra'(32) to pin: '/axi_bram_ctrl_0/bram_addr_a'(13) - Only lower order bits will be connected.
WARNING: [BD 41-2384] Width mismatch when connecting pin: '/processing_system7_0/S_AXI_GP0_AWID'(6) to pin: '/axi_mem_intercon/M00_AXI_awid'(2) - Only lower order bits will be connected.
WARNING: [BD 41-2384] Width mismatch when connecting pin: '/processing_system7_0/S_AXI_GP0_ARID'(6) to pin: '/axi_mem_intercon/M00_AXI_arid'(2) - Only lower order bits will be connected.
WARNING: [BD 41-2384] Width mismatch when connecting pin: '/processing_system7_0/S_AXI_GP0_WID'(6) to pin: '/axi_mem_intercon/M00_AXI_wid'(2) - Only lower order bits will be connected.
Verilog Output written to : c:/EECE4632FinalProject/Vivado_Guitar_Effects/Vivado_Guitar_Effects.gen/sources_1/bd/guitar_effects_design/sim/guitar_effects_design.v
Verilog Output written to : c:/EECE4632FinalProject/Vivado_Guitar_Effects/Vivado_Guitar_Effects.gen/sources_1/bd/guitar_effects_design/hdl/guitar_effects_design_wrapper.v
INFO: [IP_Flow 19-5611] Unable to find an associated reset port for the interface 'M_AXI_GP0'. A default connection has been created.
INFO: [IP_Flow 19-5611] Unable to find an associated reset port for the interface 'S_AXI_GP0'. A default connection has been created.
INFO: [BD 41-1029] Generation completed for the IP Integrator block processing_system7_0 .
INFO: [BD 41-1029] Generation completed for the IP Integrator block axi_bram_ctrl_0 .
INFO: [BD 41-1029] Generation completed for the IP Integrator block axi_mem_intercon/xbar .
INFO: [BD 41-1029] Generation completed for the IP Integrator block ps7_0_axi_periph/xbar .
INFO: [BD 41-1029] Generation completed for the IP Integrator block guitar_effects_0 .
WARNING: [IP_Flow 19-4994] Overwriting existing constraint file 'c:/EECE4632FinalProject/Vivado_Guitar_Effects/Vivado_Guitar_Effects.gen/sources_1/bd/guitar_effects_design/ip/guitar_effects_design_auto_pc_0/guitar_effects_design_auto_pc_0_ooc.xdc'
INFO: [BD 41-1029] Generation completed for the IP Integrator block axi_mem_intercon/m00_couplers/auto_pc .
WARNING: [IP_Flow 19-4994] Overwriting existing constraint file 'c:/EECE4632FinalProject/Vivado_Guitar_Effects/Vivado_Guitar_Effects.gen/sources_1/bd/guitar_effects_design/ip/guitar_effects_design_auto_pc_3/guitar_effects_design_auto_pc_3_ooc.xdc'
INFO: [BD 41-1029] Generation completed for the IP Integrator block ps7_0_axi_periph/s00_couplers/auto_pc .
WARNING: [IP_Flow 19-4994] Overwriting existing constraint file 'c:/EECE4632FinalProject/Vivado_Guitar_Effects/Vivado_Guitar_Effects.gen/sources_1/bd/guitar_effects_design/ip/guitar_effects_design_auto_pc_1/guitar_effects_design_auto_pc_1_ooc.xdc'
INFO: [BD 41-1029] Generation completed for the IP Integrator block ps7_0_axi_periph/m00_couplers/auto_pc .
WARNING: [IP_Flow 19-4994] Overwriting existing constraint file 'c:/EECE4632FinalProject/Vivado_Guitar_Effects/Vivado_Guitar_Effects.gen/sources_1/bd/guitar_effects_design/ip/guitar_effects_design_auto_pc_2/guitar_effects_design_auto_pc_2_ooc.xdc'
INFO: [BD 41-1029] Generation completed for the IP Integrator block ps7_0_axi_periph/m02_couplers/auto_pc .
Exporting to file c:/EECE4632FinalProject/Vivado_Guitar_Effects/Vivado_Guitar_Effects.gen/sources_1/bd/guitar_effects_design/hw_handoff/guitar_effects_design.hwh
Generated Hardware Definition File c:/EECE4632FinalProject/Vivado_Guitar_Effects/Vivado_Guitar_Effects.gen/sources_1/bd/guitar_effects_design/synth/guitar_effects_design.hwdef
INFO: [IP_Flow 19-4993] Using cached IP synthesis design for IP guitar_effects_design_auto_pc_0, cache-ID = f393baf57ec07074; cache size = 334.756 MB.
INFO: [IP_Flow 19-4993] Using cached IP synthesis design for IP guitar_effects_design_auto_pc_3, cache-ID = a528d82785f4b402; cache size = 334.756 MB.
[Mon Apr 22 13:38:31 2024] Launched guitar_effects_design_xbar_6_synth_1, guitar_effects_design_xbar_7_synth_1, guitar_effects_design_auto_pc_1_synth_1, guitar_effects_design_guitar_effects_0_28_synth_1, guitar_effects_design_auto_pc_2_synth_1, synth_1...
Run output will be captured here:
guitar_effects_design_xbar_6_synth_1: C:/EECE4632FinalProject/Vivado_Guitar_Effects/Vivado_Guitar_Effects.runs/guitar_effects_design_xbar_6_synth_1/runme.log
guitar_effects_design_xbar_7_synth_1: C:/EECE4632FinalProject/Vivado_Guitar_Effects/Vivado_Guitar_Effects.runs/guitar_effects_design_xbar_7_synth_1/runme.log
guitar_effects_design_auto_pc_1_synth_1: C:/EECE4632FinalProject/Vivado_Guitar_Effects/Vivado_Guitar_Effects.runs/guitar_effects_design_auto_pc_1_synth_1/runme.log
guitar_effects_design_guitar_effects_0_28_synth_1: C:/EECE4632FinalProject/Vivado_Guitar_Effects/Vivado_Guitar_Effects.runs/guitar_effects_design_guitar_effects_0_28_synth_1/runme.log
guitar_effects_design_auto_pc_2_synth_1: C:/EECE4632FinalProject/Vivado_Guitar_Effects/Vivado_Guitar_Effects.runs/guitar_effects_design_auto_pc_2_synth_1/runme.log
synth_1: C:/EECE4632FinalProject/Vivado_Guitar_Effects/Vivado_Guitar_Effects.runs/synth_1/runme.log
[Mon Apr 22 13:38:31 2024] Launched impl_1...
Run output will be captured here: C:/EECE4632FinalProject/Vivado_Guitar_Effects/Vivado_Guitar_Effects.runs/impl_1/runme.log
launch_runs: Time (s): cpu = 00:00:31 ; elapsed = 00:00:38 . Memory (MB): peak = 2139.262 ; gain = 149.672
make_wrapper -files [get_files C:/EECE4632FinalProject/Vivado_Guitar_Effects/Vivado_Guitar_Effects.srcs/sources_1/bd/guitar_effects_design/guitar_effects_design.bd] -top
make_wrapper -files [get_files C:/EECE4632FinalProject/Vivado_Guitar_Effects/Vivado_Guitar_Effects.srcs/sources_1/bd/guitar_effects_design/guitar_effects_design.bd] -top
make_wrapper -files [get_files C:/EECE4632FinalProject/Vivado_Guitar_Effects/Vivado_Guitar_Effects.srcs/sources_1/bd/guitar_effects_design/guitar_effects_design.bd] -top
c:/EECE4632FinalProject/Vivado_Guitar_Effects/Vivado_Guitar_Effects.gen/sources_1/bd/guitar_effects_design/hdl/guitar_effects_design_wrapper.v
exit
INFO: [Common 17-206] Exiting Vivado at Mon Apr 22 13:45:33 2024...
