#-----------------------------------------------------------
# Vivado v2022.1 (64-bit)
# SW Build 3526262 on Mon Apr 18 15:48:16 MDT 2022
# IP Build 3524634 on Mon Apr 18 20:55:01 MDT 2022
# Start of session at: Wed Apr 10 17:07:31 2024
# Process ID: 6232
# Current directory: C:/Users/du.kad/Desktop/EECE4632FinalProject/Vivado_Guitar_Effects
# Command line: vivado.exe -gui_launcher_event rodinguilauncherevent11912 C:\Users\du.kad\Desktop\EECE4632FinalProject\Vivado_Guitar_Effects\Vivado_Guitar_Effects.xpr
# Log file: C:/Users/du.kad/Desktop/EECE4632FinalProject/Vivado_Guitar_Effects/vivado.log
# Journal file: C:/Users/du.kad/Desktop/EECE4632FinalProject/Vivado_Guitar_Effects\vivado.jou
# Running On: WFXB07B250A366D, OS: Windows, CPU Frequency: 2904 MHz, CPU Physical cores: 8, Host memory: 16881 MB
#-----------------------------------------------------------
start_gui
open_project C:/Users/du.kad/Desktop/EECE4632FinalProject/Vivado_Guitar_Effects/Vivado_Guitar_Effects.xpr
WARNING: [Board 49-26] cannot add Board Part xilinx.com:vpk120_es:part0:1.2 available at C:/Xilinx/Vivado/2022.1/data/xhub/boards/XilinxBoardStore/boards/Xilinx/vpk120/es/1.2/board.xml as part xcvp1202-vsva2785-2mp-e-s-es1 specified in board_part file is either invalid or not available
WARNING: [Board 49-26] cannot add Board Part xilinx.com:vpk120_es_revb:part0:1.0 available at C:/Xilinx/Vivado/2022.1/data/xhub/boards/XilinxBoardStore/boards/Xilinx/vpk120_revb/es/1.0/board.xml as part xcvp1202-vsva2785-2mp-e-s-es1 specified in board_part file is either invalid or not available
WARNING: [Board 49-26] cannot add Board Part xilinx.com:zcu208ld:part0:2.0 available at C:/Xilinx/Vivado/2022.1/data/xhub/boards/XilinxBoardStore/boards/Xilinx/zcu208ld/production/2.0/board.xml as part xczu58dr-fsvg1517-2-i specified in board_part file is either invalid or not available
WARNING: [Board 49-26] cannot add Board Part xilinx.com:zcu216ld:part0:2.0 available at C:/Xilinx/Vivado/2022.1/data/xhub/boards/XilinxBoardStore/boards/Xilinx/zcu216ld/production/2.0/board.xml as part xczu59dr-ffvf1760-2-i specified in board_part file is either invalid or not available
WARNING: [Board 49-26] cannot add Board Part xilinx.com:zcu670:part0:2.0 available at C:/Xilinx/Vivado/2022.1/data/xhub/boards/XilinxBoardStore/boards/Xilinx/zcu670/2.0/board.xml as part xczu67dr-fsve1156-2-i specified in board_part file is either invalid or not available
WARNING: [Board 49-26] cannot add Board Part xilinx.com:zcu670ld:part0:1.0 available at C:/Xilinx/Vivado/2022.1/data/xhub/boards/XilinxBoardStore/boards/Xilinx/zcu670ld/1.0/board.xml as part xczu57dr-fsve1156-2-i specified in board_part file is either invalid or not available
Scanning sources...
Finished scanning sources
INFO: [IP_Flow 19-234] Refreshing IP repositories
INFO: [IP_Flow 19-1700] Loaded user IP repository 'c:/Users/du.kad/Desktop/EECE4632FinalProject/guitar_effects_cpp'.
INFO: [IP_Flow 19-2313] Loaded Vivado IP repository 'C:/Xilinx/Vivado/2022.1/data/ip'.
WARNING: [BD 41-1661] One or more IPs have been locked in the design 'guitar_effects_design.bd'. Please run report_ip_status for more details and recommendations on how to fix this issue.
List of locked IPs:
guitar_effects_design_guitar_effects_0_21

open_project: Time (s): cpu = 00:00:24 ; elapsed = 00:00:11 . Memory (MB): peak = 1557.508 ; gain = 321.375
update_compile_order -fileset sources_1
open_bd_design {C:/Users/du.kad/Desktop/EECE4632FinalProject/Vivado_Guitar_Effects/Vivado_Guitar_Effects.srcs/sources_1/bd/guitar_effects_design/guitar_effects_design.bd}
Reading block design file <C:/Users/du.kad/Desktop/EECE4632FinalProject/Vivado_Guitar_Effects/Vivado_Guitar_Effects.srcs/sources_1/bd/guitar_effects_design/guitar_effects_design.bd>...
Adding component instance block -- xilinx.com:ip:axi_dma:7.1 - axi_dma
Adding component instance block -- xilinx.com:ip:axi_interconnect:2.1 - axi_mem_intercon
Adding component instance block -- xilinx.com:ip:axi_protocol_converter:2.1 - auto_pc
Adding component instance block -- xilinx.com:ip:axi_dwidth_converter:2.1 - auto_us
Adding component instance block -- xilinx.com:ip:axi_interconnect:2.1 - axi_mem_intercon_1
Adding component instance block -- xilinx.com:ip:axi_protocol_converter:2.1 - auto_pc
Adding component instance block -- xilinx.com:ip:processing_system7:5.5 - processing_system7_0
Adding component instance block -- xilinx.com:ip:axi_interconnect:2.1 - ps7_0_axi_periph
Adding component instance block -- xilinx.com:ip:axi_crossbar:2.1 - xbar
Adding component instance block -- xilinx.com:ip:axi_protocol_converter:2.1 - auto_pc
Adding component instance block -- xilinx.com:ip:proc_sys_reset:5.0 - rst_ps7_0_100M
Adding component instance block -- xilinx.com:hls:guitar_effects:1.0 - guitar_effects_0
Successfully read diagram <guitar_effects_design> from block design file <C:/Users/du.kad/Desktop/EECE4632FinalProject/Vivado_Guitar_Effects/Vivado_Guitar_Effects.srcs/sources_1/bd/guitar_effects_design/guitar_effects_design.bd>
open_bd_design: Time (s): cpu = 00:00:14 ; elapsed = 00:00:15 . Memory (MB): peak = 1651.133 ; gain = 20.133
