#-----------------------------------------------------------
# Vivado v2022.1 (64-bit)
# SW Build 3526262 on Mon Apr 18 15:48:16 MDT 2022
# IP Build 3524634 on Mon Apr 18 20:55:01 MDT 2022
# Start of session at: Tue Apr 16 20:07:27 2024
# Process ID: 17944
# Current directory: C:/EECE4632FinalProject/Vivado_Guitar_Effects
# Command line: vivado.exe -gui_launcher_event rodinguilauncherevent18180 C:\EECE4632FinalProject\Vivado_Guitar_Effects\Vivado_Guitar_Effects.xpr
# Log file: C:/EECE4632FinalProject/Vivado_Guitar_Effects/vivado.log
# Journal file: C:/EECE4632FinalProject/Vivado_Guitar_Effects\vivado.jou
# Running On: WFXB07B250A366D, OS: Windows, CPU Frequency: 2904 MHz, CPU Physical cores: 8, Host memory: 16881 MB
#-----------------------------------------------------------
start_gui
open_project C:/EECE4632FinalProject/Vivado_Guitar_Effects/Vivado_Guitar_Effects.xpr
WARNING: [Board 49-26] cannot add Board Part xilinx.com:vpk120_es:part0:1.2 available at C:/Xilinx/Vivado/2022.1/data/xhub/boards/XilinxBoardStore/boards/Xilinx/vpk120/es/1.2/board.xml as part xcvp1202-vsva2785-2mp-e-s-es1 specified in board_part file is either invalid or not available
WARNING: [Board 49-26] cannot add Board Part xilinx.com:vpk120_es_revb:part0:1.0 available at C:/Xilinx/Vivado/2022.1/data/xhub/boards/XilinxBoardStore/boards/Xilinx/vpk120_revb/es/1.0/board.xml as part xcvp1202-vsva2785-2mp-e-s-es1 specified in board_part file is either invalid or not available
WARNING: [Board 49-26] cannot add Board Part xilinx.com:zcu208ld:part0:2.0 available at C:/Xilinx/Vivado/2022.1/data/xhub/boards/XilinxBoardStore/boards/Xilinx/zcu208ld/production/2.0/board.xml as part xczu58dr-fsvg1517-2-i specified in board_part file is either invalid or not available
WARNING: [Board 49-26] cannot add Board Part xilinx.com:zcu216ld:part0:2.0 available at C:/Xilinx/Vivado/2022.1/data/xhub/boards/XilinxBoardStore/boards/Xilinx/zcu216ld/production/2.0/board.xml as part xczu59dr-ffvf1760-2-i specified in board_part file is either invalid or not available
WARNING: [Board 49-26] cannot add Board Part xilinx.com:zcu670:part0:2.0 available at C:/Xilinx/Vivado/2022.1/data/xhub/boards/XilinxBoardStore/boards/Xilinx/zcu670/2.0/board.xml as part xczu67dr-fsve1156-2-i specified in board_part file is either invalid or not available
WARNING: [Board 49-26] cannot add Board Part xilinx.com:zcu670ld:part0:1.0 available at C:/Xilinx/Vivado/2022.1/data/xhub/boards/XilinxBoardStore/boards/Xilinx/zcu670ld/1.0/board.xml as part xczu57dr-fsve1156-2-i specified in board_part file is either invalid or not available
Scanning sources...
Finished scanning sources
INFO: [IP_Flow 19-234] Refreshing IP repositories
INFO: [IP_Flow 19-1700] Loaded user IP repository 'c:/EECE4632FinalProject'.
WARNING: [IP_Flow 19-3656] If you move the project, the path for repository 'c:/EECE4632FinalProject' may become invalid. A better location for the repository would be in a path adjacent to the project. (Current project location is 'c:/EECE4632FinalProject/Vivado_Guitar_Effects'.)
INFO: [IP_Flow 19-2313] Loaded Vivado IP repository 'C:/Xilinx/Vivado/2022.1/data/ip'.
WARNING: [IP_Flow 19-3664] IP 'guitar_effects_design_guitar_effects_0_26' generated file not found 'c:/EECE4632FinalProject/Vivado_Guitar_Effects/Vivado_Guitar_Effects.gen/sources_1/bd/guitar_effects_design/ip/guitar_effects_design_guitar_effects_0_26/hdl/verilog/guitar_effects_lpf_coefficients_ROM_AUTO_1R.dat'. Please regenerate to continue.
WARNING: [IP_Flow 19-3664] IP 'guitar_effects_design_guitar_effects_0_26' generated file not found 'c:/EECE4632FinalProject/Vivado_Guitar_Effects/Vivado_Guitar_Effects.gen/sources_1/bd/guitar_effects_design/ip/guitar_effects_design_guitar_effects_0_26/hdl/verilog/guitar_effects_sin_or_cos_double_s_fourth_order_double_sin_cos_K0_V_ROM_1P_LUTRAM_1R.dat'. Please regenerate to continue.
WARNING: [IP_Flow 19-3664] IP 'guitar_effects_design_guitar_effects_0_26' generated file not found 'c:/EECE4632FinalProject/Vivado_Guitar_Effects/Vivado_Guitar_Effects.gen/sources_1/bd/guitar_effects_design/ip/guitar_effects_design_guitar_effects_0_26/hdl/verilog/guitar_effects_sin_or_cos_double_s_fourth_order_double_sin_cos_K1_V_ROM_1P_LUTRAM_1R.dat'. Please regenerate to continue.
WARNING: [IP_Flow 19-3664] IP 'guitar_effects_design_guitar_effects_0_26' generated file not found 'c:/EECE4632FinalProject/Vivado_Guitar_Effects/Vivado_Guitar_Effects.gen/sources_1/bd/guitar_effects_design/ip/guitar_effects_design_guitar_effects_0_26/hdl/verilog/guitar_effects_sin_or_cos_double_s_fourth_order_double_sin_cos_K2_V_ROM_1P_LUTRAM_1R.dat'. Please regenerate to continue.
WARNING: [IP_Flow 19-3664] IP 'guitar_effects_design_guitar_effects_0_26' generated file not found 'c:/EECE4632FinalProject/Vivado_Guitar_Effects/Vivado_Guitar_Effects.gen/sources_1/bd/guitar_effects_design/ip/guitar_effects_design_guitar_effects_0_26/hdl/verilog/guitar_effects_sin_or_cos_double_s_fourth_order_double_sin_cos_K3_V_ROM_1P_LUTRAM_1R.dat'. Please regenerate to continue.
WARNING: [IP_Flow 19-3664] IP 'guitar_effects_design_guitar_effects_0_26' generated file not found 'c:/EECE4632FinalProject/Vivado_Guitar_Effects/Vivado_Guitar_Effects.gen/sources_1/bd/guitar_effects_design/ip/guitar_effects_design_guitar_effects_0_26/hdl/verilog/guitar_effects_sin_or_cos_double_s_fourth_order_double_sin_cos_K4_V_ROM_1P_LUTRAM_1R.dat'. Please regenerate to continue.
WARNING: [IP_Flow 19-3664] IP 'guitar_effects_design_guitar_effects_0_26' generated file not found 'c:/EECE4632FinalProject/Vivado_Guitar_Effects/Vivado_Guitar_Effects.gen/sources_1/bd/guitar_effects_design/ip/guitar_effects_design_guitar_effects_0_26/hdl/verilog/guitar_effects_sin_or_cos_double_s_ref_4oPi_table_256_V_ROM_AUTO_1R.dat'. Please regenerate to continue.
WARNING: [IP_Flow 19-3664] IP 'guitar_effects_design_guitar_effects_0_26' generated file not found 'c:/EECE4632FinalProject/Vivado_Guitar_Effects/Vivado_Guitar_Effects.gen/sources_1/bd/guitar_effects_design/ip/guitar_effects_design_guitar_effects_0_26/hdl/verilog/guitar_effects_lpf_coefficients_ROM_AUTO_1R.dat'. Please regenerate to continue.
WARNING: [IP_Flow 19-3664] IP 'guitar_effects_design_guitar_effects_0_26' generated file not found 'c:/EECE4632FinalProject/Vivado_Guitar_Effects/Vivado_Guitar_Effects.gen/sources_1/bd/guitar_effects_design/ip/guitar_effects_design_guitar_effects_0_26/hdl/verilog/guitar_effects_sin_or_cos_double_s_fourth_order_double_sin_cos_K0_V_ROM_1P_LUTRAM_1R.dat'. Please regenerate to continue.
WARNING: [IP_Flow 19-3664] IP 'guitar_effects_design_guitar_effects_0_26' generated file not found 'c:/EECE4632FinalProject/Vivado_Guitar_Effects/Vivado_Guitar_Effects.gen/sources_1/bd/guitar_effects_design/ip/guitar_effects_design_guitar_effects_0_26/hdl/verilog/guitar_effects_sin_or_cos_double_s_fourth_order_double_sin_cos_K1_V_ROM_1P_LUTRAM_1R.dat'. Please regenerate to continue.
WARNING: [IP_Flow 19-3664] IP 'guitar_effects_design_guitar_effects_0_26' generated file not found 'c:/EECE4632FinalProject/Vivado_Guitar_Effects/Vivado_Guitar_Effects.gen/sources_1/bd/guitar_effects_design/ip/guitar_effects_design_guitar_effects_0_26/hdl/verilog/guitar_effects_sin_or_cos_double_s_fourth_order_double_sin_cos_K2_V_ROM_1P_LUTRAM_1R.dat'. Please regenerate to continue.
WARNING: [IP_Flow 19-3664] IP 'guitar_effects_design_guitar_effects_0_26' generated file not found 'c:/EECE4632FinalProject/Vivado_Guitar_Effects/Vivado_Guitar_Effects.gen/sources_1/bd/guitar_effects_design/ip/guitar_effects_design_guitar_effects_0_26/hdl/verilog/guitar_effects_sin_or_cos_double_s_fourth_order_double_sin_cos_K3_V_ROM_1P_LUTRAM_1R.dat'. Please regenerate to continue.
WARNING: [IP_Flow 19-3664] IP 'guitar_effects_design_guitar_effects_0_26' generated file not found 'c:/EECE4632FinalProject/Vivado_Guitar_Effects/Vivado_Guitar_Effects.gen/sources_1/bd/guitar_effects_design/ip/guitar_effects_design_guitar_effects_0_26/hdl/verilog/guitar_effects_sin_or_cos_double_s_fourth_order_double_sin_cos_K4_V_ROM_1P_LUTRAM_1R.dat'. Please regenerate to continue.
WARNING: [IP_Flow 19-3664] IP 'guitar_effects_design_guitar_effects_0_26' generated file not found 'c:/EECE4632FinalProject/Vivado_Guitar_Effects/Vivado_Guitar_Effects.gen/sources_1/bd/guitar_effects_design/ip/guitar_effects_design_guitar_effects_0_26/hdl/verilog/guitar_effects_sin_or_cos_double_s_ref_4oPi_table_256_V_ROM_AUTO_1R.dat'. Please regenerate to continue.
open_project: Time (s): cpu = 00:00:32 ; elapsed = 00:00:24 . Memory (MB): peak = 1555.309 ; gain = 335.652
update_compile_order -fileset sources_1
open_bd_design {C:/EECE4632FinalProject/Vivado_Guitar_Effects/Vivado_Guitar_Effects.srcs/sources_1/bd/dma_axis_ip_example/dma_axis_ip_example.bd}
Reading block design file <C:/EECE4632FinalProject/Vivado_Guitar_Effects/Vivado_Guitar_Effects.srcs/sources_1/bd/dma_axis_ip_example/dma_axis_ip_example.bd>...
Successfully read diagram <dma_axis_ip_example> from block design file <C:/EECE4632FinalProject/Vivado_Guitar_Effects/Vivado_Guitar_Effects.srcs/sources_1/bd/dma_axis_ip_example/dma_axis_ip_example.bd>
INFO: [Common 17-365] Interrupt caught but 'open_bd_design' cannot be canceled. Please wait for command to finish.
open_bd_design: Time (s): cpu = 00:00:17 ; elapsed = 00:00:12 . Memory (MB): peak = 1661.125 ; gain = 80.078
INFO: [Common 17-681] Processing pending cancel.
1
open_bd_design {C:/EECE4632FinalProject/Vivado_Guitar_Effects/Vivado_Guitar_Effects.srcs/sources_1/bd/guitar_effects_design/guitar_effects_design.bd}
Reading block design file <C:/EECE4632FinalProject/Vivado_Guitar_Effects/Vivado_Guitar_Effects.srcs/sources_1/bd/guitar_effects_design/guitar_effects_design.bd>...
Adding component instance block -- xilinx.com:ip:processing_system7:5.5 - processing_system7_0
Adding component instance block -- xilinx.com:hls:guitar_effects:1.0 - guitar_effects_0
Adding component instance block -- xilinx.com:ip:axi_bram_ctrl:4.1 - axi_bram_ctrl_0
Adding component instance block -- xilinx.com:ip:blk_mem_gen:8.4 - blk_mem_gen_0
Adding component instance block -- xilinx.com:ip:proc_sys_reset:5.0 - rst_ps7_0_100M
Adding component instance block -- xilinx.com:ip:axi_dma:7.1 - axi_dma_0
Adding component instance block -- xilinx.com:ip:axi_interconnect:2.1 - axi_mem_intercon
Adding component instance block -- xilinx.com:ip:axi_crossbar:2.1 - xbar
Adding component instance block -- xilinx.com:ip:axi_protocol_converter:2.1 - auto_pc
Adding component instance block -- xilinx.com:ip:axi_interconnect:2.1 - ps7_0_axi_periph
Adding component instance block -- xilinx.com:ip:axi_crossbar:2.1 - xbar
Adding component instance block -- xilinx.com:ip:axi_protocol_converter:2.1 - auto_pc
Excluding slave segment /processing_system7_0/S_AXI_GP0/GP0_IOP from address space /axi_dma_0/Data_MM2S.
Excluding slave segment /processing_system7_0/S_AXI_GP0/GP0_M_AXI_GP0 from address space /axi_dma_0/Data_MM2S.
Excluding slave segment /processing_system7_0/S_AXI_GP0/GP0_IOP from address space /axi_dma_0/Data_S2MM.
Excluding slave segment /processing_system7_0/S_AXI_GP0/GP0_M_AXI_GP0 from address space /axi_dma_0/Data_S2MM.
Successfully read diagram <guitar_effects_design> from block design file <C:/EECE4632FinalProject/Vivado_Guitar_Effects/Vivado_Guitar_Effects.srcs/sources_1/bd/guitar_effects_design/guitar_effects_design.bd>
WARNING: [IP_Flow 19-4318] IP-XACT file does not exist: c:/EECE4632FinalProject/guitar_effects_cpp/Guitar_Effects/solution1/impl/ip/component.xml. It will be created.
update_ip_catalog -rebuild -scan_changes
INFO: [IP_Flow 19-234] Refreshing IP repositories
INFO: [IP_Flow 19-1700] Loaded user IP repository 'c:/EECE4632FinalProject'.
WARNING: [IP_Flow 19-3656] If you move the project, the path for repository 'c:/EECE4632FinalProject' may become invalid. A better location for the repository would be in a path adjacent to the project. (Current project location is 'c:/EECE4632FinalProject/Vivado_Guitar_Effects'.)
report_ip_status -name ip_status
delete_bd_objs [get_bd_intf_nets ps7_0_axi_periph_M01_AXI] [get_bd_intf_nets guitar_effects_0_m_axi_gmem] [get_bd_intf_nets axi_dma_0_M_AXIS_MM2S] [get_bd_intf_nets guitar_effects_0_OUTPUT_r] [get_bd_cells guitar_effects_0]
startgroup
create_bd_cell -type ip -vlnv xilinx.com:hls:guitar_effects:1.0 guitar_effects_0
endgroup
set_property location {1 221 -241} [get_bd_cells guitar_effects_0]
startgroup
apply_bd_automation -rule xilinx.com:bd_rule:axi4 -config { Clk_master {/processing_system7_0/FCLK_CLK0 (100 MHz)} Clk_slave {/processing_system7_0/FCLK_CLK0 (100 MHz)} Clk_xbar {/processing_system7_0/FCLK_CLK0 (100 MHz)} Master {/processing_system7_0/M_AXI_GP0} Slave {/axi_bram_ctrl_0/S_AXI} ddr_seg {Auto} intc_ip {/ps7_0_axi_periph} master_apm {0}}  [get_bd_intf_pins axi_bram_ctrl_0/S_AXI]
Slave segment '/axi_bram_ctrl_0/S_AXI/Mem0' is being assigned into address space '/processing_system7_0/Data' at <0x4000_0000 [ 8K ]>.
apply_bd_automation -rule xilinx.com:bd_rule:axi4 -config { Clk_master {Auto} Clk_slave {/processing_system7_0/FCLK_CLK0 (100 MHz)} Clk_xbar {/processing_system7_0/FCLK_CLK0 (100 MHz)} Master {/guitar_effects_0/m_axi_gmem} Slave {/processing_system7_0/S_AXI_GP0} ddr_seg {Auto} intc_ip {/axi_mem_intercon} master_apm {0}}  [get_bd_intf_pins guitar_effects_0/m_axi_gmem]
Slave segment '/processing_system7_0/S_AXI_GP0/GP0_DDR_LOWOCM' is being assigned into address space '/guitar_effects_0/Data_m_axi_gmem' at <0x0000_0000 [ 512M ]>.
Slave segment '/processing_system7_0/S_AXI_GP0/GP0_QSPI_LINEAR' is being assigned into address space '/guitar_effects_0/Data_m_axi_gmem' at <0xFC00_0000 [ 16M ]>.
Slave segment '/processing_system7_0/S_AXI_GP0/GP0_IOP' is being assigned into address space '/guitar_effects_0/Data_m_axi_gmem' at <0xE000_0000 [ 4M ]>.
WARNING: [BD 41-1051] Slave segment '/processing_system7_0/S_AXI_GP0/GP0_IOP' with 'register' usage does not match address space '/guitar_effects_0/Data_m_axi_gmem' with 'memory' usage so will be excluded from this address space. Please use the 'include_bd_addr_seg' command to override this precaution if required.
Excluding slave segment /processing_system7_0/S_AXI_GP0/GP0_IOP from address space /guitar_effects_0/Data_m_axi_gmem.
Slave segment '/processing_system7_0/S_AXI_GP0/GP0_M_AXI_GP0' is being assigned into address space '/guitar_effects_0/Data_m_axi_gmem' at <0x4000_0000 [ 1G ]>.
WARNING: [BD 41-1051] Slave segment '/processing_system7_0/S_AXI_GP0/GP0_M_AXI_GP0' with 'register' usage does not match address space '/guitar_effects_0/Data_m_axi_gmem' with 'memory' usage so will be excluded from this address space. Please use the 'include_bd_addr_seg' command to override this precaution if required.
Excluding slave segment /processing_system7_0/S_AXI_GP0/GP0_M_AXI_GP0 from address space /guitar_effects_0/Data_m_axi_gmem.
apply_bd_automation -rule xilinx.com:bd_rule:axi4 -config { Clk_master {/processing_system7_0/FCLK_CLK0 (100 MHz)} Clk_slave {Auto} Clk_xbar {/processing_system7_0/FCLK_CLK0 (100 MHz)} Master {/processing_system7_0/M_AXI_GP0} Slave {/guitar_effects_0/s_axi_control_r} ddr_seg {Auto} intc_ip {/ps7_0_axi_periph} master_apm {0}}  [get_bd_intf_pins guitar_effects_0/s_axi_control_r]
Slave segment '/guitar_effects_0/s_axi_control_r/Reg' is being assigned into address space '/processing_system7_0/Data' at <0x4001_0000 [ 64K ]>.
endgroup
connect_bd_intf_net [get_bd_intf_pins guitar_effects_0/OUTPUT_r] [get_bd_intf_pins axi_dma_0/S_AXIS_S2MM]
connect_bd_intf_net [get_bd_intf_pins guitar_effects_0/INPUT_r] [get_bd_intf_pins axi_dma_0/M_AXIS_MM2S]
save_bd_design
Wrote  : <C:\EECE4632FinalProject\Vivado_Guitar_Effects\Vivado_Guitar_Effects.srcs\sources_1\bd\guitar_effects_design\guitar_effects_design.bd> 
Wrote  : <C:/EECE4632FinalProject/Vivado_Guitar_Effects/Vivado_Guitar_Effects.srcs/sources_1/bd/guitar_effects_design/ui/bd_aa970370.ui> 
reset_run synth_1
INFO: [Project 1-1161] Replacing file C:/Users/du.kad/Desktop/EECE4632FinalProject/Vivado_Guitar_Effects/Vivado_Guitar_Effects.srcs/utils_1/imports/synth_1/guitar_effects_design_wrapper.dcp with file C:/EECE4632FinalProject/Vivado_Guitar_Effects/Vivado_Guitar_Effects.runs/synth_1/guitar_effects_design_wrapper.dcp
reset_run guitar_effects_design_xbar_6_synth_1
launch_runs impl_1 -to_step write_bitstream -jobs 16
WARNING: [BD 41-1629] Slave segment </processing_system7_0/S_AXI_GP0/GP0_IOP> is excluded from all addressing paths.
WARNING: [BD 41-1629] Slave segment </processing_system7_0/S_AXI_GP0/GP0_M_AXI_GP0> is excluded from all addressing paths.
Excluding slave segment /processing_system7_0/S_AXI_GP0/GP0_IOP from address space /axi_dma_0/Data_MM2S.
Excluding slave segment /processing_system7_0/S_AXI_GP0/GP0_IOP from address space /axi_dma_0/Data_S2MM.
Excluding slave segment /processing_system7_0/S_AXI_GP0/GP0_IOP from address space /guitar_effects_0/Data_m_axi_gmem.
Excluding slave segment /processing_system7_0/S_AXI_GP0/GP0_M_AXI_GP0 from address space /axi_dma_0/Data_MM2S.
Excluding slave segment /processing_system7_0/S_AXI_GP0/GP0_M_AXI_GP0 from address space /axi_dma_0/Data_S2MM.
Excluding slave segment /processing_system7_0/S_AXI_GP0/GP0_M_AXI_GP0 from address space /guitar_effects_0/Data_m_axi_gmem.
Excluding slave segment /processing_system7_0/S_AXI_GP0/GP0_IOP from address space /axi_dma_0/Data_MM2S.
Excluding slave segment /processing_system7_0/S_AXI_GP0/GP0_IOP from address space /axi_dma_0/Data_S2MM.
Excluding slave segment /processing_system7_0/S_AXI_GP0/GP0_IOP from address space /guitar_effects_0/Data_m_axi_gmem.
Excluding slave segment /processing_system7_0/S_AXI_GP0/GP0_M_AXI_GP0 from address space /axi_dma_0/Data_MM2S.
Excluding slave segment /processing_system7_0/S_AXI_GP0/GP0_M_AXI_GP0 from address space /axi_dma_0/Data_S2MM.
Excluding slave segment /processing_system7_0/S_AXI_GP0/GP0_M_AXI_GP0 from address space /guitar_effects_0/Data_m_axi_gmem.
Excluding slave segment /processing_system7_0/S_AXI_GP0/GP0_IOP from address space /axi_dma_0/Data_MM2S.
Excluding slave segment /processing_system7_0/S_AXI_GP0/GP0_IOP from address space /axi_dma_0/Data_S2MM.
Excluding slave segment /processing_system7_0/S_AXI_GP0/GP0_IOP from address space /guitar_effects_0/Data_m_axi_gmem.
Excluding slave segment /processing_system7_0/S_AXI_GP0/GP0_M_AXI_GP0 from address space /axi_dma_0/Data_MM2S.
Excluding slave segment /processing_system7_0/S_AXI_GP0/GP0_M_AXI_GP0 from address space /axi_dma_0/Data_S2MM.
Excluding slave segment /processing_system7_0/S_AXI_GP0/GP0_M_AXI_GP0 from address space /guitar_effects_0/Data_m_axi_gmem.
Excluding slave segment /processing_system7_0/S_AXI_GP0/GP0_IOP from address space /axi_dma_0/Data_MM2S.
Excluding slave segment /processing_system7_0/S_AXI_GP0/GP0_IOP from address space /axi_dma_0/Data_S2MM.
Excluding slave segment /processing_system7_0/S_AXI_GP0/GP0_IOP from address space /guitar_effects_0/Data_m_axi_gmem.
Excluding slave segment /processing_system7_0/S_AXI_GP0/GP0_M_AXI_GP0 from address space /axi_dma_0/Data_MM2S.
Excluding slave segment /processing_system7_0/S_AXI_GP0/GP0_M_AXI_GP0 from address space /axi_dma_0/Data_S2MM.
Excluding slave segment /processing_system7_0/S_AXI_GP0/GP0_M_AXI_GP0 from address space /guitar_effects_0/Data_m_axi_gmem.
Excluding slave segment /processing_system7_0/S_AXI_GP0/GP0_IOP from address space /axi_dma_0/Data_MM2S.
Excluding slave segment /processing_system7_0/S_AXI_GP0/GP0_IOP from address space /axi_dma_0/Data_S2MM.
Excluding slave segment /processing_system7_0/S_AXI_GP0/GP0_IOP from address space /guitar_effects_0/Data_m_axi_gmem.
Excluding slave segment /processing_system7_0/S_AXI_GP0/GP0_M_AXI_GP0 from address space /axi_dma_0/Data_MM2S.
Excluding slave segment /processing_system7_0/S_AXI_GP0/GP0_M_AXI_GP0 from address space /axi_dma_0/Data_S2MM.
Excluding slave segment /processing_system7_0/S_AXI_GP0/GP0_M_AXI_GP0 from address space /guitar_effects_0/Data_m_axi_gmem.
Excluding slave segment /processing_system7_0/S_AXI_GP0/GP0_IOP from address space /axi_dma_0/Data_MM2S.
Excluding slave segment /processing_system7_0/S_AXI_GP0/GP0_IOP from address space /axi_dma_0/Data_S2MM.
Excluding slave segment /processing_system7_0/S_AXI_GP0/GP0_IOP from address space /guitar_effects_0/Data_m_axi_gmem.
Excluding slave segment /processing_system7_0/S_AXI_GP0/GP0_M_AXI_GP0 from address space /axi_dma_0/Data_MM2S.
Excluding slave segment /processing_system7_0/S_AXI_GP0/GP0_M_AXI_GP0 from address space /axi_dma_0/Data_S2MM.
Excluding slave segment /processing_system7_0/S_AXI_GP0/GP0_M_AXI_GP0 from address space /guitar_effects_0/Data_m_axi_gmem.
Excluding slave segment /processing_system7_0/S_AXI_GP0/GP0_IOP from address space /axi_dma_0/Data_MM2S.
Excluding slave segment /processing_system7_0/S_AXI_GP0/GP0_IOP from address space /axi_dma_0/Data_S2MM.
Excluding slave segment /processing_system7_0/S_AXI_GP0/GP0_IOP from address space /guitar_effects_0/Data_m_axi_gmem.
Excluding slave segment /processing_system7_0/S_AXI_GP0/GP0_M_AXI_GP0 from address space /axi_dma_0/Data_MM2S.
Excluding slave segment /processing_system7_0/S_AXI_GP0/GP0_M_AXI_GP0 from address space /axi_dma_0/Data_S2MM.
Excluding slave segment /processing_system7_0/S_AXI_GP0/GP0_M_AXI_GP0 from address space /guitar_effects_0/Data_m_axi_gmem.
Excluding slave segment /processing_system7_0/S_AXI_GP0/GP0_IOP from address space /axi_dma_0/Data_MM2S.
Excluding slave segment /processing_system7_0/S_AXI_GP0/GP0_IOP from address space /axi_dma_0/Data_S2MM.
Excluding slave segment /processing_system7_0/S_AXI_GP0/GP0_IOP from address space /guitar_effects_0/Data_m_axi_gmem.
Excluding slave segment /processing_system7_0/S_AXI_GP0/GP0_M_AXI_GP0 from address space /axi_dma_0/Data_MM2S.
Excluding slave segment /processing_system7_0/S_AXI_GP0/GP0_M_AXI_GP0 from address space /axi_dma_0/Data_S2MM.
Excluding slave segment /processing_system7_0/S_AXI_GP0/GP0_M_AXI_GP0 from address space /guitar_effects_0/Data_m_axi_gmem.
WARNING: [BD 5-699] No address segments matched 'get_bd_addr_segs -of_object /rst_ps7_0_100M'
WARNING: [BD 5-699] No address segments matched 'get_bd_addr_segs -of_object /rst_ps7_0_100M'
WARNING: [BD 5-699] No address segments matched 'get_bd_addr_segs -of_object /rst_ps7_0_100M'
WARNING: [BD 5-699] No address segments matched 'get_bd_addr_segs -of_object /rst_ps7_0_100M'
WARNING: [BD 5-699] No address segments matched 'get_bd_addr_segs -of_object /rst_ps7_0_100M'
WARNING: [BD 5-699] No address segments matched 'get_bd_addr_segs -of_object /rst_ps7_0_100M'
Excluding slave segment /processing_system7_0/S_AXI_GP0/GP0_IOP from address space /axi_dma_0/Data_MM2S.
Excluding slave segment /processing_system7_0/S_AXI_GP0/GP0_IOP from address space /axi_dma_0/Data_S2MM.
Excluding slave segment /processing_system7_0/S_AXI_GP0/GP0_IOP from address space /guitar_effects_0/Data_m_axi_gmem.
Excluding slave segment /processing_system7_0/S_AXI_GP0/GP0_M_AXI_GP0 from address space /axi_dma_0/Data_MM2S.
Excluding slave segment /processing_system7_0/S_AXI_GP0/GP0_M_AXI_GP0 from address space /axi_dma_0/Data_S2MM.
Excluding slave segment /processing_system7_0/S_AXI_GP0/GP0_M_AXI_GP0 from address space /guitar_effects_0/Data_m_axi_gmem.
Excluding slave segment /processing_system7_0/S_AXI_GP0/GP0_IOP from address space /axi_dma_0/Data_MM2S.
Excluding slave segment /processing_system7_0/S_AXI_GP0/GP0_IOP from address space /axi_dma_0/Data_S2MM.
Excluding slave segment /processing_system7_0/S_AXI_GP0/GP0_IOP from address space /guitar_effects_0/Data_m_axi_gmem.
Excluding slave segment /processing_system7_0/S_AXI_GP0/GP0_M_AXI_GP0 from address space /axi_dma_0/Data_MM2S.
Excluding slave segment /processing_system7_0/S_AXI_GP0/GP0_M_AXI_GP0 from address space /axi_dma_0/Data_S2MM.
Excluding slave segment /processing_system7_0/S_AXI_GP0/GP0_M_AXI_GP0 from address space /guitar_effects_0/Data_m_axi_gmem.
Excluding slave segment /processing_system7_0/S_AXI_GP0/GP0_IOP from address space /axi_dma_0/Data_MM2S.
Excluding slave segment /processing_system7_0/S_AXI_GP0/GP0_IOP from address space /axi_dma_0/Data_S2MM.
Excluding slave segment /processing_system7_0/S_AXI_GP0/GP0_IOP from address space /guitar_effects_0/Data_m_axi_gmem.
Excluding slave segment /processing_system7_0/S_AXI_GP0/GP0_M_AXI_GP0 from address space /axi_dma_0/Data_MM2S.
Excluding slave segment /processing_system7_0/S_AXI_GP0/GP0_M_AXI_GP0 from address space /axi_dma_0/Data_S2MM.
Excluding slave segment /processing_system7_0/S_AXI_GP0/GP0_M_AXI_GP0 from address space /guitar_effects_0/Data_m_axi_gmem.
Excluding slave segment /processing_system7_0/S_AXI_GP0/GP0_IOP from address space /axi_dma_0/Data_MM2S.
Excluding slave segment /processing_system7_0/S_AXI_GP0/GP0_IOP from address space /axi_dma_0/Data_S2MM.
Excluding slave segment /processing_system7_0/S_AXI_GP0/GP0_IOP from address space /guitar_effects_0/Data_m_axi_gmem.
Excluding slave segment /processing_system7_0/S_AXI_GP0/GP0_M_AXI_GP0 from address space /axi_dma_0/Data_MM2S.
Excluding slave segment /processing_system7_0/S_AXI_GP0/GP0_M_AXI_GP0 from address space /axi_dma_0/Data_S2MM.
Excluding slave segment /processing_system7_0/S_AXI_GP0/GP0_M_AXI_GP0 from address space /guitar_effects_0/Data_m_axi_gmem.
Excluding slave segment /processing_system7_0/S_AXI_GP0/GP0_IOP from address space /axi_dma_0/Data_MM2S.
Excluding slave segment /processing_system7_0/S_AXI_GP0/GP0_IOP from address space /axi_dma_0/Data_S2MM.
Excluding slave segment /processing_system7_0/S_AXI_GP0/GP0_IOP from address space /guitar_effects_0/Data_m_axi_gmem.
Excluding slave segment /processing_system7_0/S_AXI_GP0/GP0_M_AXI_GP0 from address space /axi_dma_0/Data_MM2S.
Excluding slave segment /processing_system7_0/S_AXI_GP0/GP0_M_AXI_GP0 from address space /axi_dma_0/Data_S2MM.
Excluding slave segment /processing_system7_0/S_AXI_GP0/GP0_M_AXI_GP0 from address space /guitar_effects_0/Data_m_axi_gmem.
Excluding slave segment /processing_system7_0/S_AXI_GP0/GP0_IOP from address space /axi_dma_0/Data_MM2S.
Excluding slave segment /processing_system7_0/S_AXI_GP0/GP0_IOP from address space /axi_dma_0/Data_S2MM.
Excluding slave segment /processing_system7_0/S_AXI_GP0/GP0_IOP from address space /guitar_effects_0/Data_m_axi_gmem.
Excluding slave segment /processing_system7_0/S_AXI_GP0/GP0_M_AXI_GP0 from address space /axi_dma_0/Data_MM2S.
Excluding slave segment /processing_system7_0/S_AXI_GP0/GP0_M_AXI_GP0 from address space /axi_dma_0/Data_S2MM.
Excluding slave segment /processing_system7_0/S_AXI_GP0/GP0_M_AXI_GP0 from address space /guitar_effects_0/Data_m_axi_gmem.
Excluding slave segment /processing_system7_0/S_AXI_GP0/GP0_IOP from address space /axi_dma_0/Data_MM2S.
Excluding slave segment /processing_system7_0/S_AXI_GP0/GP0_IOP from address space /axi_dma_0/Data_S2MM.
Excluding slave segment /processing_system7_0/S_AXI_GP0/GP0_IOP from address space /guitar_effects_0/Data_m_axi_gmem.
Excluding slave segment /processing_system7_0/S_AXI_GP0/GP0_M_AXI_GP0 from address space /axi_dma_0/Data_MM2S.
Excluding slave segment /processing_system7_0/S_AXI_GP0/GP0_M_AXI_GP0 from address space /axi_dma_0/Data_S2MM.
Excluding slave segment /processing_system7_0/S_AXI_GP0/GP0_M_AXI_GP0 from address space /guitar_effects_0/Data_m_axi_gmem.
Excluding slave segment /processing_system7_0/S_AXI_GP0/GP0_IOP from address space /axi_dma_0/Data_MM2S.
Excluding slave segment /processing_system7_0/S_AXI_GP0/GP0_IOP from address space /axi_dma_0/Data_S2MM.
Excluding slave segment /processing_system7_0/S_AXI_GP0/GP0_IOP from address space /guitar_effects_0/Data_m_axi_gmem.
Excluding slave segment /processing_system7_0/S_AXI_GP0/GP0_M_AXI_GP0 from address space /axi_dma_0/Data_MM2S.
Excluding slave segment /processing_system7_0/S_AXI_GP0/GP0_M_AXI_GP0 from address space /axi_dma_0/Data_S2MM.
Excluding slave segment /processing_system7_0/S_AXI_GP0/GP0_M_AXI_GP0 from address space /guitar_effects_0/Data_m_axi_gmem.
WARNING: [BD 41-702] Propagation TCL tries to overwrite USER strength parameter PCW_M_AXI_GP0_FREQMHZ(10) on '/processing_system7_0' with propagated value(100). Command ignored
WARNING: [BD 41-702] Propagation TCL tries to overwrite USER strength parameter PCW_S_AXI_GP0_FREQMHZ(10) on '/processing_system7_0' with propagated value(100). Command ignored
Wrote  : <C:\EECE4632FinalProject\Vivado_Guitar_Effects\Vivado_Guitar_Effects.srcs\sources_1\bd\guitar_effects_design\guitar_effects_design.bd> 
WARNING: [BD 41-2384] Width mismatch when connecting pin: '/axi_mem_intercon/m00_couplers/auto_pc/m_axi_rid'(2) to pin: '/axi_mem_intercon/m00_couplers/M_AXI_rid'(6) - Only lower order bits will be connected.
WARNING: [BD 41-2384] Width mismatch when connecting pin: '/axi_mem_intercon/m00_couplers/auto_pc/m_axi_bid'(2) to pin: '/axi_mem_intercon/m00_couplers/M_AXI_bid'(6) - Only lower order bits will be connected.
WARNING: [BD 41-2384] Width mismatch when connecting pin: '/axi_mem_intercon/xbar/s_axi_arlock'(1) to pin: '/axi_mem_intercon/s02_couplers/M_AXI_arlock'(2) - Only lower order bits will be connected.
WARNING: [BD 41-2384] Width mismatch when connecting pin: '/axi_mem_intercon/xbar/s_axi_awlock'(1) to pin: '/axi_mem_intercon/s02_couplers/M_AXI_awlock'(2) - Only lower order bits will be connected.
WARNING: [BD 41-2384] Width mismatch when connecting pin: '/blk_mem_gen_0/addra'(32) to pin: '/axi_bram_ctrl_0/bram_addr_a'(13) - Only lower order bits will be connected.
WARNING: [BD 41-2384] Width mismatch when connecting pin: '/processing_system7_0/S_AXI_GP0_AWID'(6) to pin: '/axi_mem_intercon/M00_AXI_awid'(2) - Only lower order bits will be connected.
WARNING: [BD 41-2384] Width mismatch when connecting pin: '/processing_system7_0/S_AXI_GP0_ARID'(6) to pin: '/axi_mem_intercon/M00_AXI_arid'(2) - Only lower order bits will be connected.
WARNING: [BD 41-2384] Width mismatch when connecting pin: '/processing_system7_0/S_AXI_GP0_WID'(6) to pin: '/axi_mem_intercon/M00_AXI_wid'(2) - Only lower order bits will be connected.
Verilog Output written to : c:/EECE4632FinalProject/Vivado_Guitar_Effects/Vivado_Guitar_Effects.gen/sources_1/bd/guitar_effects_design/synth/guitar_effects_design.v
WARNING: [BD 41-2384] Width mismatch when connecting pin: '/axi_mem_intercon/m00_couplers/auto_pc/m_axi_rid'(2) to pin: '/axi_mem_intercon/m00_couplers/M_AXI_rid'(6) - Only lower order bits will be connected.
WARNING: [BD 41-2384] Width mismatch when connecting pin: '/axi_mem_intercon/m00_couplers/auto_pc/m_axi_bid'(2) to pin: '/axi_mem_intercon/m00_couplers/M_AXI_bid'(6) - Only lower order bits will be connected.
WARNING: [BD 41-2384] Width mismatch when connecting pin: '/axi_mem_intercon/xbar/s_axi_arlock'(1) to pin: '/axi_mem_intercon/s02_couplers/M_AXI_arlock'(2) - Only lower order bits will be connected.
WARNING: [BD 41-2384] Width mismatch when connecting pin: '/axi_mem_intercon/xbar/s_axi_awlock'(1) to pin: '/axi_mem_intercon/s02_couplers/M_AXI_awlock'(2) - Only lower order bits will be connected.
WARNING: [BD 41-2384] Width mismatch when connecting pin: '/blk_mem_gen_0/addra'(32) to pin: '/axi_bram_ctrl_0/bram_addr_a'(13) - Only lower order bits will be connected.
WARNING: [BD 41-2384] Width mismatch when connecting pin: '/processing_system7_0/S_AXI_GP0_AWID'(6) to pin: '/axi_mem_intercon/M00_AXI_awid'(2) - Only lower order bits will be connected.
WARNING: [BD 41-2384] Width mismatch when connecting pin: '/processing_system7_0/S_AXI_GP0_ARID'(6) to pin: '/axi_mem_intercon/M00_AXI_arid'(2) - Only lower order bits will be connected.
WARNING: [BD 41-2384] Width mismatch when connecting pin: '/processing_system7_0/S_AXI_GP0_WID'(6) to pin: '/axi_mem_intercon/M00_AXI_wid'(2) - Only lower order bits will be connected.
Verilog Output written to : c:/EECE4632FinalProject/Vivado_Guitar_Effects/Vivado_Guitar_Effects.gen/sources_1/bd/guitar_effects_design/sim/guitar_effects_design.v
Verilog Output written to : c:/EECE4632FinalProject/Vivado_Guitar_Effects/Vivado_Guitar_Effects.gen/sources_1/bd/guitar_effects_design/hdl/guitar_effects_design_wrapper.v
INFO: [BD 41-1029] Generation completed for the IP Integrator block axi_bram_ctrl_0 .
INFO: [BD 41-1029] Generation completed for the IP Integrator block axi_mem_intercon/xbar .
INFO: [BD 41-1029] Generation completed for the IP Integrator block ps7_0_axi_periph/xbar .
INFO: [BD 41-1029] Generation completed for the IP Integrator block guitar_effects_0 .
WARNING: [IP_Flow 19-4994] Overwriting existing constraint file 'c:/EECE4632FinalProject/Vivado_Guitar_Effects/Vivado_Guitar_Effects.gen/sources_1/bd/guitar_effects_design/ip/guitar_effects_design_auto_pc_0/guitar_effects_design_auto_pc_0_ooc.xdc'
INFO: [BD 41-1029] Generation completed for the IP Integrator block axi_mem_intercon/m00_couplers/auto_pc .
WARNING: [IP_Flow 19-4994] Overwriting existing constraint file 'c:/EECE4632FinalProject/Vivado_Guitar_Effects/Vivado_Guitar_Effects.gen/sources_1/bd/guitar_effects_design/ip/guitar_effects_design_auto_pc_3/guitar_effects_design_auto_pc_3_ooc.xdc'
INFO: [BD 41-1029] Generation completed for the IP Integrator block ps7_0_axi_periph/s00_couplers/auto_pc .
WARNING: [IP_Flow 19-4994] Overwriting existing constraint file 'c:/EECE4632FinalProject/Vivado_Guitar_Effects/Vivado_Guitar_Effects.gen/sources_1/bd/guitar_effects_design/ip/guitar_effects_design_auto_pc_1/guitar_effects_design_auto_pc_1_ooc.xdc'
INFO: [BD 41-1029] Generation completed for the IP Integrator block ps7_0_axi_periph/m00_couplers/auto_pc .
WARNING: [IP_Flow 19-4994] Overwriting existing constraint file 'c:/EECE4632FinalProject/Vivado_Guitar_Effects/Vivado_Guitar_Effects.gen/sources_1/bd/guitar_effects_design/ip/guitar_effects_design_auto_pc_2/guitar_effects_design_auto_pc_2_ooc.xdc'
INFO: [BD 41-1029] Generation completed for the IP Integrator block ps7_0_axi_periph/m02_couplers/auto_pc .
Exporting to file c:/EECE4632FinalProject/Vivado_Guitar_Effects/Vivado_Guitar_Effects.gen/sources_1/bd/guitar_effects_design/hw_handoff/guitar_effects_design.hwh
Generated Hardware Definition File c:/EECE4632FinalProject/Vivado_Guitar_Effects/Vivado_Guitar_Effects.gen/sources_1/bd/guitar_effects_design/synth/guitar_effects_design.hwdef
[Tue Apr 16 20:37:29 2024] Launched guitar_effects_design_xbar_6_synth_1, guitar_effects_design_auto_pc_1_synth_1, guitar_effects_design_auto_pc_0_synth_1, guitar_effects_design_auto_pc_3_synth_1, guitar_effects_design_auto_pc_2_synth_1, guitar_effects_design_xbar_7_synth_1, guitar_effects_design_guitar_effects_0_27_synth_1, synth_1...
Run output will be captured here:
guitar_effects_design_xbar_6_synth_1: C:/EECE4632FinalProject/Vivado_Guitar_Effects/Vivado_Guitar_Effects.runs/guitar_effects_design_xbar_6_synth_1/runme.log
guitar_effects_design_auto_pc_1_synth_1: C:/EECE4632FinalProject/Vivado_Guitar_Effects/Vivado_Guitar_Effects.runs/guitar_effects_design_auto_pc_1_synth_1/runme.log
guitar_effects_design_auto_pc_0_synth_1: C:/EECE4632FinalProject/Vivado_Guitar_Effects/Vivado_Guitar_Effects.runs/guitar_effects_design_auto_pc_0_synth_1/runme.log
guitar_effects_design_auto_pc_3_synth_1: C:/EECE4632FinalProject/Vivado_Guitar_Effects/Vivado_Guitar_Effects.runs/guitar_effects_design_auto_pc_3_synth_1/runme.log
guitar_effects_design_auto_pc_2_synth_1: C:/EECE4632FinalProject/Vivado_Guitar_Effects/Vivado_Guitar_Effects.runs/guitar_effects_design_auto_pc_2_synth_1/runme.log
guitar_effects_design_xbar_7_synth_1: C:/EECE4632FinalProject/Vivado_Guitar_Effects/Vivado_Guitar_Effects.runs/guitar_effects_design_xbar_7_synth_1/runme.log
guitar_effects_design_guitar_effects_0_27_synth_1: C:/EECE4632FinalProject/Vivado_Guitar_Effects/Vivado_Guitar_Effects.runs/guitar_effects_design_guitar_effects_0_27_synth_1/runme.log
synth_1: C:/EECE4632FinalProject/Vivado_Guitar_Effects/Vivado_Guitar_Effects.runs/synth_1/runme.log
[Tue Apr 16 20:37:29 2024] Launched impl_1...
Run output will be captured here: C:/EECE4632FinalProject/Vivado_Guitar_Effects/Vivado_Guitar_Effects.runs/impl_1/runme.log
launch_runs: Time (s): cpu = 00:00:27 ; elapsed = 00:00:36 . Memory (MB): peak = 2120.109 ; gain = 262.273
open_run impl_1
INFO: [Device 21-403] Loading part xc7z020clg400-1
Netlist sorting complete. Time (s): cpu = 00:00:01 ; elapsed = 00:00:00.764 . Memory (MB): peak = 2369.289 ; gain = 0.000
INFO: [Netlist 29-17] Analyzing 2699 Unisim elements for replacement
INFO: [Netlist 29-28] Unisim Transformation completed in 0 CPU seconds
INFO: [Project 1-479] Netlist was created with Vivado 2022.1
INFO: [Project 1-570] Preparing netlist for logic optimization
INFO: [Timing 38-478] Restoring timing data from binary archive.
INFO: [Timing 38-479] Binary timing data restore complete.
INFO: [Project 1-856] Restoring constraints from binary archive.
INFO: [Project 1-853] Binary constraint restore complete.
Reading XDEF placement.
Reading placer database...
Reading XDEF routing.
Read XDEF Files: Time (s): cpu = 00:00:02 ; elapsed = 00:00:02 . Memory (MB): peak = 3218.793 ; gain = 31.492
Restored from archive | CPU: 2.000000 secs | Memory: 0.000000 MB |
Finished XDEF File Restore: Time (s): cpu = 00:00:02 ; elapsed = 00:00:02 . Memory (MB): peak = 3218.793 ; gain = 31.492
Generating merged BMM file for the design top 'guitar_effects_design_wrapper'...
Netlist sorting complete. Time (s): cpu = 00:00:00 ; elapsed = 00:00:00.015 . Memory (MB): peak = 3218.793 ; gain = 0.000
INFO: [Project 1-111] Unisim Transformation Summary:
  A total of 8 instances were transformed.
  RAM32M => RAM32M (RAMD32(x6), RAMS32(x2)): 4 instances
  RAM32X1D => RAM32X1D (RAMD32(x2)): 1 instance 
  SRLC32E => SRL16E: 3 instances

open_run: Time (s): cpu = 00:00:28 ; elapsed = 00:00:20 . Memory (MB): peak = 3388.391 ; gain = 1243.105
open_report: Time (s): cpu = 00:00:26 ; elapsed = 00:00:14 . Memory (MB): peak = 3571.902 ; gain = 183.512
CRITICAL WARNING: [Timing 38-282] The design failed to meet the timing requirements. Please see the timing summary report for details on the timing violations.
make_wrapper -files [get_files C:/EECE4632FinalProject/Vivado_Guitar_Effects/Vivado_Guitar_Effects.srcs/sources_1/bd/guitar_effects_design/guitar_effects_design.bd] -top
open_bd_design {C:/EECE4632FinalProject/Vivado_Guitar_Effects/Vivado_Guitar_Effects.srcs/sources_1/bd/guitar_effects_design/guitar_effects_design.bd}
make_wrapper -files [get_files C:/EECE4632FinalProject/Vivado_Guitar_Effects/Vivado_Guitar_Effects.srcs/sources_1/bd/guitar_effects_design/guitar_effects_design.bd] -top
exit
INFO: [Common 17-206] Exiting Vivado at Tue Apr 16 20:59:43 2024...
