#-----------------------------------------------------------
# Vivado v2022.1 (64-bit)
# SW Build 3526262 on Mon Apr 18 15:48:16 MDT 2022
# IP Build 3524634 on Mon Apr 18 20:55:01 MDT 2022
# Start of session at: Mon Apr 22 16:32:12 2024
# Process ID: 21492
# Current directory: C:/EECE4632FinalProject/Vivado_Guitar_Effects
# Command line: vivado.exe -gui_launcher_event rodinguilauncherevent8788 C:\EECE4632FinalProject\Vivado_Guitar_Effects\Vivado_Guitar_Effects.xpr
# Log file: C:/EECE4632FinalProject/Vivado_Guitar_Effects/vivado.log
# Journal file: C:/EECE4632FinalProject/Vivado_Guitar_Effects\vivado.jou
# Running On: WFXB07B250A366D, OS: Windows, CPU Frequency: 2904 MHz, CPU Physical cores: 8, Host memory: 16881 MB
#-----------------------------------------------------------
start_gui
open_project C:/EECE4632FinalProject/Vivado_Guitar_Effects/Vivado_Guitar_Effects.xpr
WARNING: [Board 49-26] cannot add Board Part xilinx.com:vpk120_es:part0:1.2 available at C:/Xilinx/Vivado/2022.1/data/xhub/boards/XilinxBoardStore/boards/Xilinx/vpk120/es/1.2/board.xml as part xcvp1202-vsva2785-2mp-e-s-es1 specified in board_part file is either invalid or not available
WARNING: [Board 49-26] cannot add Board Part xilinx.com:vpk120_es_revb:part0:1.0 available at C:/Xilinx/Vivado/2022.1/data/xhub/boards/XilinxBoardStore/boards/Xilinx/vpk120_revb/es/1.0/board.xml as part xcvp1202-vsva2785-2mp-e-s-es1 specified in board_part file is either invalid or not available
WARNING: [Board 49-26] cannot add Board Part xilinx.com:zcu208ld:part0:2.0 available at C:/Xilinx/Vivado/2022.1/data/xhub/boards/XilinxBoardStore/boards/Xilinx/zcu208ld/production/2.0/board.xml as part xczu58dr-fsvg1517-2-i specified in board_part file is either invalid or not available
WARNING: [Board 49-26] cannot add Board Part xilinx.com:zcu216ld:part0:2.0 available at C:/Xilinx/Vivado/2022.1/data/xhub/boards/XilinxBoardStore/boards/Xilinx/zcu216ld/production/2.0/board.xml as part xczu59dr-ffvf1760-2-i specified in board_part file is either invalid or not available
WARNING: [Board 49-26] cannot add Board Part xilinx.com:zcu670:part0:2.0 available at C:/Xilinx/Vivado/2022.1/data/xhub/boards/XilinxBoardStore/boards/Xilinx/zcu670/2.0/board.xml as part xczu67dr-fsve1156-2-i specified in board_part file is either invalid or not available
WARNING: [Board 49-26] cannot add Board Part xilinx.com:zcu670ld:part0:1.0 available at C:/Xilinx/Vivado/2022.1/data/xhub/boards/XilinxBoardStore/boards/Xilinx/zcu670ld/1.0/board.xml as part xczu57dr-fsve1156-2-i specified in board_part file is either invalid or not available
Scanning sources...
Finished scanning sources
INFO: [IP_Flow 19-234] Refreshing IP repositories
INFO: [IP_Flow 19-1700] Loaded user IP repository 'c:/EECE4632FinalProject'.
WARNING: [IP_Flow 19-3656] If you move the project, the path for repository 'c:/EECE4632FinalProject' may become invalid. A better location for the repository would be in a path adjacent to the project. (Current project location is 'c:/EECE4632FinalProject/Vivado_Guitar_Effects'.)
INFO: [IP_Flow 19-2313] Loaded Vivado IP repository 'C:/Xilinx/Vivado/2022.1/data/ip'.
WARNING: [BD 41-1661] One or more IPs have been locked in the design 'guitar_effects_design.bd'. Please run report_ip_status for more details and recommendations on how to fix this issue.
List of locked IPs:
guitar_effects_design_guitar_effects_0_29

open_project: Time (s): cpu = 00:00:24 ; elapsed = 00:00:16 . Memory (MB): peak = 1524.574 ; gain = 288.36upupdate_compile_order -fileset sources_seexit
INFO: [Common 17-206] Exiting Vivado at Mon Apr 22 16:33:16 2024...
IP_Flow 19-234] Refreshing IP repositories
INFO: [IP_Flow 19-1704] No user IP repositories specified
set_property  ip_repo_paths  C:/EECE4632FinalProject [current_project]
update_ip_catalog
INFO: [IP_Flow 19-234] Refreshing IP repositories
INFO: [IP_Flow 19-1700] Loaded user IP repository 'c:/EECE4632FinalProject'.
WARNING: [IP_Flow 19-3656] If you move the project, the path for repository 'c:/EECE4632FinalProject' may become invalid. A better location for the repository would be in a path adjacent to the project. (Current project location is 'c:/EECE4632FinalProject/Vivado_Guitar_Effects'.)
open_bd_design {C:/EECE4632FinalProject/Vivado_Guitar_Effects/Vivado_Guitar_Effects.srcs/sources_1/bd/guitar_effects_design/guitar_effects_design.bd}
Reading block design file <C:/EECE4632FinalProject/Vivado_Guitar_Effects/Vivado_Guitar_Effects.srcs/sources_1/bd/guitar_effects_design/guitar_effects_design.bd>...
Adding component instance block -- xilinx.com:ip:processing_system7:5.5 - processing_system7_0
Adding component instance block -- xilinx.com:ip:axi_bram_ctrl:4.1 - axi_bram_ctrl_0
Adding component instance block -- xilinx.com:ip:blk_mem_gen:8.4 - blk_mem_gen_0
Adding component instance block -- xilinx.com:ip:proc_sys_reset:5.0 - rst_ps7_0_100M
Adding component instance block -- xilinx.com:ip:axi_dma:7.1 - axi_dma_0
WARNING: [BD 41-1282] Ignoring parameter HAS_BURST
WARNING: [BD 41-1281] Parameter HAS_BURST is not defined on /axi_dma_0/M_AXIS_MM2S. Setting parameter on /axi_dma_0/M_AXIS_MM2S failed
Adding component instance block -- xilinx.com:ip:axi_interconnect:2.1 - axi_mem_intercon
Adding component instance block -- xilinx.com:ip:axi_crossbar:2.1 - xbar
Adding component instance block -- xilinx.com:ip:axi_interconnect:2.1 - ps7_0_axi_periph
Adding component instance block -- xilinx.com:hls:guitar_effects:1.0 - guitar_effects_0
Excluding slave segment /processing_system7_0/S_AXI_GP0/GP0_IOP from address space /axi_dma_0/Data_MM2S.
Excluding slave segment /processing_system7_0/S_AXI_GP0/GP0_M_AXI_GP0 from address space /axi_dma_0/Data_MM2S.
Excluding slave segment /processing_system7_0/S_AXI_GP0/GP0_IOP from address space /axi_dma_0/Data_S2MM.
Excluding slave segment /processing_system7_0/S_AXI_GP0/GP0_M_AXI_GP0 from address space /axi_dma_0/Data_S2MM.
Excluding slave segment /axi_dma_0/S_AXI_LITE/Reg from address space /guitar_effects_0/Data_m_axi_gmem.
Successfully read diagram <guitar_effects_design> from block design file <C:/EECE4632FinalProject/Vivado_Guitar_Effects/Vivado_Guitar_Effects.srcs/sources_1/bd/guitar_effects_design/guitar_effects_design.bd>
open_bd_design: Time (s): cpu = 00:00:08 ; elapsed = 00:00:09 . Memory (MB): peak = 1706.344 ; gain = 0.000
delete_bd_objs [get_bd_intf_nets guitar_effects_0_m_axi_gmem] [get_bd_intf_nets axi_dma_0_M_AXIS_MM2S] [get_bd_intf_nets guitar_effects_0_OUTPUT_r] [get_bd_cells guitar_effects_0]
startgroup
create_bd_cell -type ip -vlnv xilinx.com:hls:guitar_effects:1.0 guitar_effects_0
endgroup
set_property location {2 463 -245} [get_bd_cells guitar_effects_0]
connect_bd_intf_net [get_bd_intf_pins guitar_effects_0/m_axi_gmem] [get_bd_intf_pins axi_bram_ctrl_0/S_AXI]
connect_bd_intf_net [get_bd_intf_pins guitar_effects_0/OUTPUT_r] [get_bd_intf_pins axi_dma_0/S_AXIS_S2MM]
connect_bd_intf_net [get_bd_intf_pins guitar_effects_0/INPUT_r] [get_bd_intf_pins axi_dma_0/M_AXIS_MM2S]
save_bd_design
Wrote  : <C:\EECE4632FinalProject\Vivado_Guitar_Effects\Vivado_Guitar_Effects.srcs\sources_1\bd\guitar_effects_design\guitar_effects_design.bd> 
Wrote  : <C:/EECE4632FinalProject/Vivado_Guitar_Effects/Vivado_Guitar_Effects.srcs/sources_1/bd/guitar_effects_design/ui/bd_aa970370.ui> 
launch_runs impl_1 -to_step write_bitstream -jobs 16
WARNING: [BD 41-2670] Found an incomplete address path from address space '/processing_system7_0/Data' to slave segment '/axi_bram_ctrl_0/S_AXI/Mem0'. Please either complete or remove this path to resolve.
ERROR: [BD 41-1075] Cannot assign slave segment '/axi_bram_ctrl_0/S_AXI/Mem0' into address space '/processing_system7_0/Data' at address '0x4000_0000 [ 8K ]'. Master segment '/processing_system7_0/Data/SEG_axi_bram_ctrl_0_Mem0' is invalid. The proposed address '0x4000_0000 [ 8K ]' cannot be assigned through an incomplete addressing path.
ERROR: [BD 41-1031] Hdl Generation failed for the IP Integrator design C:/EECE4632FinalProject/Vivado_Guitar_Effects/Vivado_Guitar_Effects.srcs/sources_1/bd/guitar_effects_design/guitar_effects_design.bd 
ERROR: [Vivado 12-4756] Launch of runs aborted due to earlier errors while preparing sub-designs for run execution.
delete_bd_objs [get_bd_intf_nets axi_bram_ctrl_0_BRAM_PORTA] [get_bd_intf_nets guitar_effects_0_m_axi_gmem] [get_bd_cells axi_bram_ctrl_0]
delete_bd_objs [get_bd_cells blk_mem_gen_0]
undo
INFO: [Common 17-17] undo 'delete_bd_objs [get_bd_cells blk_mem_gen_0]'
undo
INFO: [Common 17-17] undo 'delete_bd_objs [get_bd_intf_nets axi_bram_ctrl_0_BRAM_PORTA] [get_bd_intf_nets guitar_effects_0_m_axi_gmem] [get_bd_cells axi_bram_ctrl_0]'
undo
INFO: [Common 17-17] undo 'connect_bd_intf_net [get_bd_intf_pins guitar_effects_0/INPUT_r] [get_bd_intf_pins axi_dma_0/M_AXIS_MM2S]'
undo
INFO: [Common 17-17] undo 'connect_bd_intf_net [get_bd_intf_pins guitar_effects_0/OUTPUT_r] [get_bd_intf_pins axi_dma_0/S_AXIS_S2MM]'
undo
INFO: [Common 17-17] undo 'connect_bd_intf_net [get_bd_intf_pins guitar_effects_0/m_axi_gmem] [get_bd_intf_pins axi_bram_ctrl_0/S_AXI]'
undo
INFO: [Common 17-17] undo 'set_property location {2 463 -245} [get_bd_cells guitar_effects_0]'
delete_bd_objs [get_bd_cells guitar_effects_0]
set_property location {4 1266 -516} [get_bd_cells blk_mem_gen_0]
delete_bd_objs [get_bd_intf_nets axi_bram_ctrl_0_BRAM_PORTA] [get_bd_cells blk_mem_gen_0]
save_bd_design
Wrote  : <C:\EECE4632FinalProject\Vivado_Guitar_Effects\Vivado_Guitar_Effects.srcs\sources_1\bd\guitar_effects_design\guitar_effects_design.bd> 
Wrote  : <C:/EECE4632FinalProject/Vivado_Guitar_Effects/Vivado_Guitar_Effects.srcs/sources_1/bd/guitar_effects_design/ui/bd_aa970370.ui> 
startgroup
create_bd_cell -type ip -vlnv xilinx.com:ip:axi_bram_ctrl:4.1 axi_bram_ctrl_1
INFO: [xilinx.com:ip:axi_bram_ctrl:4.1-2] guitar_effects_design_axi_bram_ctrl_1_0: In IP Integrator, please note that memory depth value gets calculated based on the Data Width of the IP and Address range selected in the Address Editor.Incase a validation error occured on the range of this parameter, please check if the selected Data width and the Address Range are valid. For valid Data width and memory depth values, please refer to the AXI BRAM Controller Product Guide.
INFO: [xilinx.com:ip:axi_bram_ctrl:4.1-1] guitar_effects_design_axi_bram_ctrl_1_0: In IP Integrator, The Maximum address range supported is 2G. Selecting the address range more than 2G in the address editor may resets the value of Memory depth to default value (1024). please refer to the AXI BRAM Controller Product Guide.
endgroup
set_property location {2.5 868 -356} [get_bd_cells axi_bram_ctrl_1]
startgroup
create_bd_cell -type ip -vlnv xilinx.com:hls:guitar_effects:1.0 guitar_effects_0
endgroup
set_property location {2 598 -131} [get_bd_cells guitar_effects_0]
set_property location {1 506 -294} [get_bd_cells guitar_effects_0]
connect_bd_intf_net [get_bd_intf_pins guitar_effects_0/m_axi_gmem] [get_bd_intf_pins axi_bram_ctrl_1/S_AXI]
startgroup
create_bd_cell -type ip -vlnv xilinx.com:ip:blk_mem_gen:8.4 blk_mem_gen_0
endgroup
set_property location {3 1140 -357} [get_bd_cells blk_mem_gen_0]
startgroup
set_property -dict [list CONFIG.SINGLE_PORT_BRAM {1}] [get_bd_cells axi_bram_ctrl_1]
endgroup
connect_bd_intf_net [get_bd_intf_pins axi_bram_ctrl_1/BRAM_PORTA] [get_bd_intf_pins blk_mem_gen_0/BRAM_PORTA]
WARNING: [IP_Flow 19-4067] Ignoring invalid widget type specified checkbox.Providing a default widget
WARNING: [IP_Flow 19-4067] Ignoring invalid widget type specified checkbox.Providing a default widget
INFO: [IP_Flow 19-3484] Absolute path of file 'c:/EECE4632FinalProject/hw7.coe' provided. It will be converted relative to IP Instance files '../../../../../hw7.coe'
startgroup
set_property -dict [list CONFIG.Memory_Type {Single_Port_ROM} CONFIG.Use_Byte_Write_Enable {false} CONFIG.Load_Init_File {true} CONFIG.Coe_File {C:/EECE4632FinalProject/hw7.coe} CONFIG.Port_A_Write_Rate {0}] [get_bd_cells blk_mem_gen_0]
INFO: [IP_Flow 19-3484] Absolute path of file 'c:/EECE4632FinalProject/hw7.coe' provided. It will be converted relative to IP Instance files '../../../../../../../hw7.coe'
endgroup
save_bd_design
Wrote  : <C:\EECE4632FinalProject\Vivado_Guitar_Effects\Vivado_Guitar_Effects.srcs\sources_1\bd\guitar_effects_design\guitar_effects_design.bd> 
Wrote  : <C:/EECE4632FinalProject/Vivado_Guitar_Effects/Vivado_Guitar_Effects.srcs/sources_1/bd/guitar_effects_design/ui/bd_aa970370.ui> 
connect_bd_intf_net [get_bd_intf_pins guitar_effects_0/OUTPUT_r] [get_bd_intf_pins axi_dma_0/S_AXIS_S2MM]
connect_bd_intf_net [get_bd_intf_pins guitar_effects_0/INPUT_r] [get_bd_intf_pins axi_dma_0/M_AXIS_MM2S]
save_bd_design
Wrote  : <C:\EECE4632FinalProject\Vivado_Guitar_Effects\Vivado_Guitar_Effects.srcs\sources_1\bd\guitar_effects_design\guitar_effects_design.bd> 
Wrote  : <C:/EECE4632FinalProject/Vivado_Guitar_Effects/Vivado_Guitar_Effects.srcs/sources_1/bd/guitar_effects_design/ui/bd_aa970370.ui> 
make_wrapper -files [get_files C:/EECE4632FinalProject/Vivado_Guitar_Effects/Vivado_Guitar_Effects.srcs/sources_1/bd/guitar_effects_design/guitar_effects_design.bd] -top
WARNING: [BD 41-2670] Found an incomplete address path from address space '/processing_system7_0/Data' to slave segment '/axi_bram_ctrl_0/S_AXI/Mem0'. Please either complete or remove this path to resolve.
ERROR: [BD 41-1075] Cannot assign slave segment '/axi_bram_ctrl_0/S_AXI/Mem0' into address space '/processing_system7_0/Data' at address '0x4000_0000 [ 8K ]'. Master segment '/processing_system7_0/Data/SEG_axi_bram_ctrl_0_Mem0' is invalid. The proposed address '0x4000_0000 [ 8K ]' cannot be assigned through an incomplete addressing path.
ERROR: [BD 41-1031] Hdl Generation failed for the IP Integrator design C:/EECE4632FinalProject/Vivado_Guitar_Effects/Vivado_Guitar_Effects.srcs/sources_1/bd/guitar_effects_design/guitar_effects_design.bd 
ERROR: [Common 17-39] 'make_wrapper' failed due to earlier errors.
launch_runs impl_1 -to_step write_bitstream -jobs 16
WARNING: [BD 41-2670] Found an incomplete address path from address space '/processing_system7_0/Data' to slave segment '/axi_bram_ctrl_0/S_AXI/Mem0'. Please either complete or remove this path to resolve.
ERROR: [BD 41-1075] Cannot assign slave segment '/axi_bram_ctrl_0/S_AXI/Mem0' into address space '/processing_system7_0/Data' at address '0x4000_0000 [ 8K ]'. Master segment '/processing_system7_0/Data/SEG_axi_bram_ctrl_0_Mem0' is invalid. The proposed address '0x4000_0000 [ 8K ]' cannot be assigned through an incomplete addressing path.
ERROR: [BD 41-1031] Hdl Generation failed for the IP Integrator design C:/EECE4632FinalProject/Vivado_Guitar_Effects/Vivado_Guitar_Effects.srcs/sources_1/bd/guitar_effects_design/guitar_effects_design.bd 
ERROR: [Vivado 12-4756] Launch of runs aborted due to earlier errors while preparing sub-designs for run execution.
startgroup
apply_bd_automation -rule xilinx.com:bd_rule:bram_cntlr -config {BRAM "Auto" }  [get_bd_intf_pins axi_bram_ctrl_0/BRAM_PORTA]
ERROR: [BD 41-66] Error running apply_rule TCL procedure: Could not find available bram interface pin on </blk_mem_gen_0> for connection!
INFO: [BD 5-145] Automation rule xilinx.com:bd_rule:bram_cntlr was not applied to object BRAM_PORTA
INFO: [Common 17-17] undo 'apply_bd_automation -rule xilinx.com:bd_rule:bram_cntlr -config {BRAM "Auto" }  [get_bd_intf_pins axi_bram_ctrl_0/BRAM_PORTA]'
ERROR: [Common 17-39] 'apply_bd_automation' failed due to earlier errors.
endgroup
startgroup
apply_bd_automation -rule xilinx.com:bd_rule:bram_cntlr -config {BRAM "Auto" }  [get_bd_intf_pins axi_bram_ctrl_0/BRAM_PORTA]
ERROR: [BD 41-66] Error running apply_rule TCL procedure: Could not find available bram interface pin on </blk_mem_gen_0> for connection!
INFO: [BD 5-145] Automation rule xilinx.com:bd_rule:bram_cntlr was not applied to object BRAM_PORTA
INFO: [Common 17-17] undo 'apply_bd_automation -rule xilinx.com:bd_rule:bram_cntlr -config {BRAM "Auto" }  [get_bd_intf_pins axi_bram_ctrl_0/BRAM_PORTA]'
ERROR: [Common 17-39] 'apply_bd_automation' failed due to earlier errors.
endgroup
connect_bd_net [get_bd_pins axi_bram_ctrl_1/s_axi_aresetn] [get_bd_pins rst_ps7_0_100M/peripheral_aresetn]
startgroup
delete_bd_objs [get_bd_intf_nets axi_dma_0_M_AXI_MM2S] [get_bd_intf_nets axi_dma_0_M_AXI_S2MM] [get_bd_intf_nets axi_mem_intercon_M00_AXI] [get_bd_intf_nets processing_system7_0_M_AXI_GP0] [get_bd_intf_nets axi_bram_ctrl_1_BRAM_PORTA] [get_bd_intf_nets processing_system7_0_FIXED_IO] [get_bd_intf_nets guitar_effects_0_m_axi_gmem] [get_bd_intf_nets ps7_0_axi_periph_M00_AXI] [get_bd_intf_nets guitar_effects_0_OUTPUT_r] [get_bd_intf_nets processing_system7_0_DDR] [get_bd_intf_nets axi_dma_0_M_AXIS_MM2S]
delete_bd_objs [get_bd_nets processing_system7_0_FCLK_RESET0_N] [get_bd_nets rst_ps7_0_100M_peripheral_aresetn] [get_bd_nets processing_system7_0_FCLK_CLK0]
delete_bd_objs [get_bd_intf_ports DDR] [get_bd_intf_ports FIXED_IO]
delete_bd_objs [get_bd_cells axi_bram_ctrl_0] [get_bd_cells axi_bram_ctrl_1] [get_bd_cells processing_system7_0] [get_bd_cells guitar_effects_0] [get_bd_cells axi_dma_0] [get_bd_cells blk_mem_gen_0] [get_bd_cells rst_ps7_0_100M]
delete_bd_objs [get_bd_cells axi_mem_intercon] [get_bd_cells ps7_0_axi_periph]
endgroup
startgroup
create_bd_cell -type ip -vlnv xilinx.com:ip:processing_system7:5.5 processing_system7_0
endgroup
WARNING: [IP_Flow 19-474] Invalid Parameter 'Component_Name'
set_property -dict [list CONFIG.PCW_USE_S_AXI_GP0 {1}] [get_bd_cells processing_system7_0]
startgroup
create_bd_cell -type ip -vlnv xilinx.com:hls:guitar_effects:1.0 guitar_effects_0
endgroup
set_property location {1 53 -73} [get_bd_cells guitar_effects_0]
startgroup
create_bd_cell -type ip -vlnv xilinx.com:ip:axi_bram_ctrl:4.1 axi_bram_ctrl_0
INFO: [xilinx.com:ip:axi_bram_ctrl:4.1-2] guitar_effects_design_axi_bram_ctrl_0_3: In IP Integrator, please note that memory depth value gets calculated based on the Data Width of the IP and Address range selected in the Address Editor.Incase a validation error occured on the range of this parameter, please check if the selected Data width and the Address Range are valid. For valid Data width and memory depth values, please refer to the AXI BRAM Controller Product Guide.
INFO: [xilinx.com:ip:axi_bram_ctrl:4.1-1] guitar_effects_design_axi_bram_ctrl_0_3: In IP Integrator, The Maximum address range supported is 2G. Selecting the address range more than 2G in the address editor may resets the value of Memory depth to default value (1024). please refer to the AXI BRAM Controller Product Guide.
endgroup
set_property location {2 528 -317} [get_bd_cells axi_bram_ctrl_0]
startgroup
create_bd_cell -type ip -vlnv xilinx.com:ip:blk_mem_gen:8.4 blk_mem_gen_0
endgroup
set_property location {3 768 -328} [get_bd_cells blk_mem_gen_0]
set_property -dict [list CONFIG.SINGLE_PORT_BRAM {1}] [get_bd_cells axi_bram_ctrl_0]
apply_bd_automation -rule xilinx.com:bd_rule:bram_cntlr -config {BRAM "Auto" }  [get_bd_intf_pins axi_bram_ctrl_0/BRAM_PORTA]
set_property location {0.5 74 -326} [get_bd_cells guitar_effects_0]
connect_bd_intf_net [get_bd_intf_pins guitar_effects_0/m_axi_gmem] [get_bd_intf_pins axi_bram_ctrl_0/S_AXI]
apply_bd_automation -rule xilinx.com:bd_rule:clkrst -config { Clk {/processing_system7_0/FCLK_CLK0 (50 MHz)} Freq {100} Ref_Clk0 {} Ref_Clk1 {} Ref_Clk2 {}}  [get_bd_pins axi_bram_ctrl_0/s_axi_aclk]
INFO: [Ipptcl 7-1463] No Compatible Board Interface found. Board Tab not created in customize GUI
apply_bd_automation -rule xilinx.com:bd_rule:processing_system7 -config {make_external "FIXED_IO, DDR" apply_board_preset "1" Master "Disable" Slave "Disable" }  [get_bd_cells processing_system7_0]
apply_bd_automation: Time (s): cpu = 00:00:07 ; elapsed = 00:00:06 . Memory (MB): peak = 1957.250 ; gain = 0.000
WARNING: [IP_Flow 19-4067] Ignoring invalid widget type specified checkbox.Providing a default widget
WARNING: [IP_Flow 19-4067] Ignoring invalid widget type specified checkbox.Providing a default widget
INFO: [IP_Flow 19-3484] Absolute path of file 'c:/EECE4632FinalProject/hw7.coe' provided. It will be converted relative to IP Instance files '../../../../../hw7.coe'
startgroup
set_property -dict [list CONFIG.Memory_Type {Single_Port_ROM} CONFIG.Use_Byte_Write_Enable {false} CONFIG.Load_Init_File {true} CONFIG.Coe_File {C:/EECE4632FinalProject/hw7.coe} CONFIG.Port_A_Write_Rate {0}] [get_bd_cells blk_mem_gen_0]
INFO: [IP_Flow 19-3484] Absolute path of file 'c:/EECE4632FinalProject/hw7.coe' provided. It will be converted relative to IP Instance files '../../../../../../../hw7.coe'
endgroup
startgroup
create_bd_cell -type ip -vlnv xilinx.com:ip:axi_dma:7.1 axi_dma_0
endgroup
set_property -dict [list CONFIG.c_include_sg {0} CONFIG.c_sg_include_stscntrl_strm {0}] [get_bd_cells axi_dma_0]
connect_bd_net [get_bd_pins processing_system7_0/FCLK_CLK0] [get_bd_pins axi_dma_0/m_axi_s2mm_aclk]
undo
INFO: [Common 17-17] undo 'connect_bd_net [get_bd_pins processing_system7_0/FCLK_CLK0] [get_bd_pins axi_dma_0/m_axi_s2mm_aclk]'
set_property location {3 875 183} [get_bd_cells axi_dma_0]
CRITICAL WARNING: [PSU-1]  Parameter : PCW_UIPARAM_DDR_DQS_TO_CLK_DELAY_0 has negative value -0.051 . PS DDR interfaces might fail when entering negative DQS skew values. 
CRITICAL WARNING: [PSU-2]  Parameter : PCW_UIPARAM_DDR_DQS_TO_CLK_DELAY_1 has negative value -0.006 . PS DDR interfaces might fail when entering negative DQS skew values. 
CRITICAL WARNING: [PSU-3]  Parameter : PCW_UIPARAM_DDR_DQS_TO_CLK_DELAY_2 has negative value -0.009 . PS DDR interfaces might fail when entering negative DQS skew values. 
CRITICAL WARNING: [PSU-4]  Parameter : PCW_UIPARAM_DDR_DQS_TO_CLK_DELAY_3 has negative value -0.033 . PS DDR interfaces might fail when entering negative DQS skew values. 
WARNING: [IP_Flow 19-474] Invalid Parameter 'Component_Name'
CRITICAL WARNING: [PSU-1]  Parameter : PCW_UIPARAM_DDR_DQS_TO_CLK_DELAY_0 has negative value -0.051 . PS DDR interfaces might fail when entering negative DQS skew values. 
CRITICAL WARNING: [PSU-2]  Parameter : PCW_UIPARAM_DDR_DQS_TO_CLK_DELAY_1 has negative value -0.006 . PS DDR interfaces might fail when entering negative DQS skew values. 
CRITICAL WARNING: [PSU-3]  Parameter : PCW_UIPARAM_DDR_DQS_TO_CLK_DELAY_2 has negative value -0.009 . PS DDR interfaces might fail when entering negative DQS skew values. 
CRITICAL WARNING: [PSU-4]  Parameter : PCW_UIPARAM_DDR_DQS_TO_CLK_DELAY_3 has negative value -0.033 . PS DDR interfaces might fail when entering negative DQS skew values. 
startgroup
set_property -dict [list CONFIG.PCW_USE_S_AXI_GP0 {1}] [get_bd_cells processing_system7_0]
CRITICAL WARNING: [PSU-1]  Parameter : PCW_UIPARAM_DDR_DQS_TO_CLK_DELAY_0 has negative value -0.051 . PS DDR interfaces might fail when entering negative DQS skew values. 
CRITICAL WARNING: [PSU-2]  Parameter : PCW_UIPARAM_DDR_DQS_TO_CLK_DELAY_1 has negative value -0.006 . PS DDR interfaces might fail when entering negative DQS skew values. 
CRITICAL WARNING: [PSU-3]  Parameter : PCW_UIPARAM_DDR_DQS_TO_CLK_DELAY_2 has negative value -0.009 . PS DDR interfaces might fail when entering negative DQS skew values. 
CRITICAL WARNING: [PSU-4]  Parameter : PCW_UIPARAM_DDR_DQS_TO_CLK_DELAY_3 has negative value -0.033 . PS DDR interfaces might fail when entering negative DQS skew values. 
endgroup
apply_bd_automation -rule xilinx.com:bd_rule:axi4 -config { Clk_master {Auto} Clk_slave {Auto} Clk_xbar {Auto} Master {/axi_dma_0/M_AXI_MM2S} Slave {/processing_system7_0/S_AXI_GP0} ddr_seg {Auto} intc_ip {New AXI Interconnect} master_apm {0}}  [get_bd_intf_pins processing_system7_0/S_AXI_GP0]
Slave segment '/processing_system7_0/S_AXI_GP0/GP0_DDR_LOWOCM' is being assigned into address space '/axi_dma_0/Data_MM2S' at <0x0000_0000 [ 512M ]>.
Slave segment '/processing_system7_0/S_AXI_GP0/GP0_QSPI_LINEAR' is being assigned into address space '/axi_dma_0/Data_MM2S' at <0xFC00_0000 [ 16M ]>.
Slave segment '/processing_system7_0/S_AXI_GP0/GP0_IOP' is being assigned into address space '/axi_dma_0/Data_MM2S' at <0xE000_0000 [ 4M ]>.
WARNING: [BD 41-1051] Slave segment '/processing_system7_0/S_AXI_GP0/GP0_IOP' with 'register' usage does not match address space '/axi_dma_0/Data_MM2S' with 'memory' usage so will be excluded from this address space. Please use the 'include_bd_addr_seg' command to override this precaution if required.
Excluding slave segment /processing_system7_0/S_AXI_GP0/GP0_IOP from address space /axi_dma_0/Data_MM2S.
Slave segment '/processing_system7_0/S_AXI_GP0/GP0_M_AXI_GP0' is being assigned into address space '/axi_dma_0/Data_MM2S' at <0x4000_0000 [ 1G ]>.
WARNING: [BD 41-1051] Slave segment '/processing_system7_0/S_AXI_GP0/GP0_M_AXI_GP0' with 'register' usage does not match address space '/axi_dma_0/Data_MM2S' with 'memory' usage so will be excluded from this address space. Please use the 'include_bd_addr_seg' command to override this precaution if required.
Excluding slave segment /processing_system7_0/S_AXI_GP0/GP0_M_AXI_GP0 from address space /axi_dma_0/Data_MM2S.
apply_bd_automation -rule xilinx.com:bd_rule:axi4 -config { Clk_master {/processing_system7_0/FCLK_CLK0 (100 MHz)} Clk_slave {/processing_system7_0/FCLK_CLK0 (100 MHz)} Clk_xbar {/processing_system7_0/FCLK_CLK0 (100 MHz)} Master {/processing_system7_0/M_AXI_GP0} Slave {/axi_dma_0/S_AXI_LITE} ddr_seg {Auto} intc_ip {New AXI Interconnect} master_apm {0}}  [get_bd_intf_pins axi_dma_0/S_AXI_LITE]
Slave segment '/axi_dma_0/S_AXI_LITE/Reg' is being assigned into address space '/processing_system7_0/Data' at <0x41E0_0000 [ 64K ]>.
apply_bd_automation -rule xilinx.com:bd_rule:axi4 -config { Clk_master {Auto} Clk_slave {/processing_system7_0/FCLK_CLK0 (100 MHz)} Clk_xbar {/processing_system7_0/FCLK_CLK0 (100 MHz)} Master {/axi_dma_0/M_AXI_S2MM} Slave {/processing_system7_0/S_AXI_GP0} ddr_seg {Auto} intc_ip {/axi_mem_intercon} master_apm {0}}  [get_bd_intf_pins axi_dma_0/M_AXI_S2MM]
Slave segment '/processing_system7_0/S_AXI_GP0/GP0_DDR_LOWOCM' is being assigned into address space '/axi_dma_0/Data_S2MM' at <0x0000_0000 [ 512M ]>.
Slave segment '/processing_system7_0/S_AXI_GP0/GP0_QSPI_LINEAR' is being assigned into address space '/axi_dma_0/Data_S2MM' at <0xFC00_0000 [ 16M ]>.
Slave segment '/processing_system7_0/S_AXI_GP0/GP0_IOP' is being assigned into address space '/axi_dma_0/Data_S2MM' at <0xE000_0000 [ 4M ]>.
WARNING: [BD 41-1051] Slave segment '/processing_system7_0/S_AXI_GP0/GP0_IOP' with 'register' usage does not match address space '/axi_dma_0/Data_S2MM' with 'memory' usage so will be excluded from this address space. Please use the 'include_bd_addr_seg' command to override this precaution if required.
Excluding slave segment /processing_system7_0/S_AXI_GP0/GP0_IOP from address space /axi_dma_0/Data_S2MM.
Slave segment '/processing_system7_0/S_AXI_GP0/GP0_M_AXI_GP0' is being assigned into address space '/axi_dma_0/Data_S2MM' at <0x4000_0000 [ 1G ]>.
WARNING: [BD 41-1051] Slave segment '/processing_system7_0/S_AXI_GP0/GP0_M_AXI_GP0' with 'register' usage does not match address space '/axi_dma_0/Data_S2MM' with 'memory' usage so will be excluded from this address space. Please use the 'include_bd_addr_seg' command to override this precaution if required.
Excluding slave segment /processing_system7_0/S_AXI_GP0/GP0_M_AXI_GP0 from address space /axi_dma_0/Data_S2MM.
Slave segment '/axi_bram_ctrl_0/S_AXI/Mem0' is being assigned into address space '/guitar_effects_0/Data_m_axi_gmem' at <0xC000_0000 [ 8K ]>.
connect_bd_intf_net [get_bd_intf_pins guitar_effects_0/INPUT_r] [get_bd_intf_pins axi_dma_0/M_AXIS_MM2S]
connect_bd_intf_net [get_bd_intf_pins guitar_effects_0/OUTPUT_r] [get_bd_intf_pins axi_dma_0/S_AXIS_S2MM]
validate_bd_design
WARNING: [BD 41-1629] Slave segment </processing_system7_0/S_AXI_GP0/GP0_IOP> is excluded from all addressing paths.
WARNING: [BD 41-1629] Slave segment </processing_system7_0/S_AXI_GP0/GP0_M_AXI_GP0> is excluded from all addressing paths.
Excluding slave segment /processing_system7_0/S_AXI_GP0/GP0_IOP from address space /axi_dma_0/Data_MM2S.
Excluding slave segment /processing_system7_0/S_AXI_GP0/GP0_IOP from address space /axi_dma_0/Data_S2MM.
Excluding slave segment /processing_system7_0/S_AXI_GP0/GP0_M_AXI_GP0 from address space /axi_dma_0/Data_MM2S.
Excluding slave segment /processing_system7_0/S_AXI_GP0/GP0_M_AXI_GP0 from address space /axi_dma_0/Data_S2MM.
WARNING: [BD 5-699] No address segments matched 'get_bd_addr_segs -of_object /rst_ps7_0_50M'
WARNING: [BD 41-702] Propagation TCL tries to overwrite USER strength parameter PCW_M_AXI_GP0_FREQMHZ(10) on '/processing_system7_0' with propagated value(100). Command ignored
WARNING: [BD 41-702] Propagation TCL tries to overwrite USER strength parameter PCW_S_AXI_GP0_FREQMHZ(10) on '/processing_system7_0' with propagated value(100). Command ignored
WARNING: [BD 41-2180] Resetting the memory initialization file of </blk_mem_gen_0> to default.
save_bd_design
Wrote  : <C:\EECE4632FinalProject\Vivado_Guitar_Effects\Vivado_Guitar_Effects.srcs\sources_1\bd\guitar_effects_design\guitar_effects_design.bd> 
Wrote  : <C:/EECE4632FinalProject/Vivado_Guitar_Effects/Vivado_Guitar_Effects.srcs/sources_1/bd/guitar_effects_design/ui/bd_aa970370.ui> 
launch_runs impl_1 -to_step write_bitstream -jobs 16
INFO: [BD 41-1662] The design 'guitar_effects_design.bd' is already validated. Therefore parameter propagation will not be re-run.
WARNING: [BD 41-2384] Width mismatch when connecting pin: '/axi_mem_intercon/m00_couplers/auto_pc/m_axi_bid'(1) to pin: '/axi_mem_intercon/m00_couplers/M_AXI_bid'(6) - Only lower order bits will be connected.
WARNING: [BD 41-2384] Width mismatch when connecting pin: '/axi_mem_intercon/m00_couplers/auto_pc/m_axi_rid'(1) to pin: '/axi_mem_intercon/m00_couplers/M_AXI_rid'(6) - Only lower order bits will be connected.
WARNING: [BD 41-2384] Width mismatch when connecting pin: '/blk_mem_gen_0/addra'(32) to pin: '/axi_bram_ctrl_0/bram_addr_a'(13) - Only lower order bits will be connected.
WARNING: [BD 41-2384] Width mismatch when connecting pin: '/processing_system7_0/S_AXI_GP0_WID'(6) to pin: '/axi_mem_intercon/M00_AXI_wid'(1) - Only lower order bits will be connected.
WARNING: [BD 41-2384] Width mismatch when connecting pin: '/processing_system7_0/S_AXI_GP0_ARID'(6) to pin: '/axi_mem_intercon/M00_AXI_arid'(1) - Only lower order bits will be connected.
WARNING: [BD 41-2384] Width mismatch when connecting pin: '/processing_system7_0/S_AXI_GP0_AWID'(6) to pin: '/axi_mem_intercon/M00_AXI_awid'(1) - Only lower order bits will be connected.
Verilog Output written to : c:/EECE4632FinalProject/Vivado_Guitar_Effects/Vivado_Guitar_Effects.gen/sources_1/bd/guitar_effects_design/synth/guitar_effects_design.v
WARNING: [BD 41-2384] Width mismatch when connecting pin: '/axi_mem_intercon/m00_couplers/auto_pc/m_axi_bid'(1) to pin: '/axi_mem_intercon/m00_couplers/M_AXI_bid'(6) - Only lower order bits will be connected.
WARNING: [BD 41-2384] Width mismatch when connecting pin: '/axi_mem_intercon/m00_couplers/auto_pc/m_axi_rid'(1) to pin: '/axi_mem_intercon/m00_couplers/M_AXI_rid'(6) - Only lower order bits will be connected.
WARNING: [BD 41-2384] Width mismatch when connecting pin: '/blk_mem_gen_0/addra'(32) to pin: '/axi_bram_ctrl_0/bram_addr_a'(13) - Only lower order bits will be connected.
WARNING: [BD 41-2384] Width mismatch when connecting pin: '/processing_system7_0/S_AXI_GP0_WID'(6) to pin: '/axi_mem_intercon/M00_AXI_wid'(1) - Only lower order bits will be connected.
WARNING: [BD 41-2384] Width mismatch when connecting pin: '/processing_system7_0/S_AXI_GP0_ARID'(6) to pin: '/axi_mem_intercon/M00_AXI_arid'(1) - Only lower order bits will be connected.
WARNING: [BD 41-2384] Width mismatch when connecting pin: '/processing_system7_0/S_AXI_GP0_AWID'(6) to pin: '/axi_mem_intercon/M00_AXI_awid'(1) - Only lower order bits will be connected.
Verilog Output written to : c:/EECE4632FinalProject/Vivado_Guitar_Effects/Vivado_Guitar_Effects.gen/sources_1/bd/guitar_effects_design/sim/guitar_effects_design.v
Verilog Output written to : c:/EECE4632FinalProject/Vivado_Guitar_Effects/Vivado_Guitar_Effects.gen/sources_1/bd/guitar_effects_design/hdl/guitar_effects_design_wrapper.v
INFO: [IP_Flow 19-5611] Unable to find an associated reset port for the interface 'M_AXI_GP0'. A default connection has been created.
INFO: [IP_Flow 19-5611] Unable to find an associated reset port for the interface 'S_AXI_GP0'. A default connection has been created.
INFO: [BD 41-1029] Generation completed for the IP Integrator block processing_system7_0 .
INFO: [BD 41-1029] Generation completed for the IP Integrator block guitar_effects_0 .
INFO: [BD 41-1029] Generation completed for the IP Integrator block axi_bram_ctrl_0 .
INFO: [BD 41-1029] Generation completed for the IP Integrator block blk_mem_gen_0 .
INFO: [BD 41-1029] Generation completed for the IP Integrator block rst_ps7_0_50M .
INFO: [BD 41-1029] Generation completed for the IP Integrator block axi_dma_0 .
INFO: [BD 41-1029] Generation completed for the IP Integrator block axi_mem_intercon/xbar .
WARNING: [IP_Flow 19-4994] Overwriting existing constraint file 'c:/EECE4632FinalProject/Vivado_Guitar_Effects/Vivado_Guitar_Effects.gen/sources_1/bd/guitar_effects_design/ip/guitar_effects_design_auto_pc_0/guitar_effects_design_auto_pc_0_ooc.xdc'
INFO: [BD 41-1029] Generation completed for the IP Integrator block axi_mem_intercon/m00_couplers/auto_pc .
WARNING: [IP_Flow 19-4994] Overwriting existing constraint file 'c:/EECE4632FinalProject/Vivado_Guitar_Effects/Vivado_Guitar_Effects.gen/sources_1/bd/guitar_effects_design/ip/guitar_effects_design_auto_pc_1/guitar_effects_design_auto_pc_1_ooc.xdc'
INFO: [BD 41-1029] Generation completed for the IP Integrator block ps7_0_axi_periph/s00_couplers/auto_pc .
Exporting to file c:/EECE4632FinalProject/Vivado_Guitar_Effects/Vivado_Guitar_Effects.gen/sources_1/bd/guitar_effects_design/hw_handoff/guitar_effects_design.hwh
Generated Hardware Definition File c:/EECE4632FinalProject/Vivado_Guitar_Effects/Vivado_Guitar_Effects.gen/sources_1/bd/guitar_effects_design/synth/guitar_effects_design.hwdef
INFO: [IP_Flow 19-4993] Using cached IP synthesis design for IP guitar_effects_design_auto_pc_0, cache-ID = 7217c5ddb7eb2fc2; cache size = 17.999 MB.
INFO: [IP_Flow 19-4993] Using cached IP synthesis design for IP guitar_effects_design_auto_pc_1, cache-ID = 42ad08fd9091ea99; cache size = 17.998 MB.
INFO: [IP_Flow 19-4993] Using cached IP synthesis design for IP guitar_effects_design_axi_bram_ctrl_0_3, cache-ID = 7cb5328a4fdc9619; cache size = 17.998 MB.
INFO: [IP_Flow 19-4993] Using cached IP synthesis design for IP guitar_effects_design_axi_dma_0_3, cache-ID = f9dc6c273f19ea32; cache size = 17.999 MB.
INFO: [IP_Flow 19-4993] Using cached IP synthesis design for IP guitar_effects_design_blk_mem_gen_0_2, cache-ID = ab61faa6e0cf93c8; cache size = 450.609 MB.
INFO: [IP_Flow 19-4993] Using cached IP synthesis design for IP guitar_effects_design_rst_ps7_0_50M_0, cache-ID = 3e769be0b73e4f4b; cache size = 17.998 MB.
INFO: [IP_Flow 19-4993] Using cached IP synthesis design for IP guitar_effects_design_xbar_1, cache-ID = 27a2b43380b3658a; cache size = 17.998 MB.
[Mon Apr 22 16:46:53 2024] Launched guitar_effects_design_guitar_effects_0_32_synth_1, guitar_effects_design_processing_system7_0_5_synth_1, synth_1...
Run output will be captured here:
guitar_effects_design_guitar_effects_0_32_synth_1: C:/EECE4632FinalProject/Vivado_Guitar_Effects/Vivado_Guitar_Effects.runs/guitar_effects_design_guitar_effects_0_32_synth_1/runme.log
guitar_effects_design_processing_system7_0_5_synth_1: C:/EECE4632FinalProject/Vivado_Guitar_Effects/Vivado_Guitar_Effects.runs/guitar_effects_design_processing_system7_0_5_synth_1/runme.log
synth_1: C:/EECE4632FinalProject/Vivado_Guitar_Effects/Vivado_Guitar_Effects.runs/synth_1/runme.log
[Mon Apr 22 16:46:53 2024] Launched impl_1...
Run output will be captured here: C:/EECE4632FinalProject/Vivado_Guitar_Effects/Vivado_Guitar_Effects.runs/impl_1/runme.log
launch_runs: Time (s): cpu = 00:00:26 ; elapsed = 00:00:36 . Memory (MB): peak = 2320.992 ; gain = 324.637
open_run impl_1
INFO: [Device 21-403] Loading part xc7z020clg400-1
Netlist sorting complete. Time (s): cpu = 00:00:00 ; elapsed = 00:00:00.428 . Memory (MB): peak = 2487.855 ; gain = 0.000
INFO: [Netlist 29-17] Analyzing 1853 Unisim elements for replacement
INFO: [Netlist 29-28] Unisim Transformation completed in 0 CPU seconds
INFO: [Project 1-479] Netlist was created with Vivado 2022.1
INFO: [Project 1-570] Preparing netlist for logic optimization
INFO: [Timing 38-478] Restoring timing data from binary archive.
INFO: [Timing 38-479] Binary timing data restore complete.
INFO: [Project 1-856] Restoring constraints from binary archive.
INFO: [Project 1-853] Binary constraint restore complete.
Reading XDEF placement.
Reading placer database...
Reading XDEF routing.
Read XDEF Files: Time (s): cpu = 00:00:01 ; elapsed = 00:00:01 . Memory (MB): peak = 3286.973 ; gain = 14.535
Restored from archive | CPU: 1.000000 secs | Memory: 0.000000 MB |
Finished XDEF File Restore: Time (s): cpu = 00:00:01 ; elapsed = 00:00:01 . Memory (MB): peak = 3286.973 ; gain = 14.535
Netlist sorting complete. Time (s): cpu = 00:00:00 ; elapsed = 00:00:00.010 . Memory (MB): peak = 3286.973 ; gain = 0.000
INFO: [Project 1-111] Unisim Transformation Summary:
  A total of 8 instances were transformed.
  RAM32M => RAM32M (RAMD32(x6), RAMS32(x2)): 4 instances
  RAM32X1D => RAM32X1D (RAMD32(x2)): 1 instance 
  SRLC32E => SRL16E: 3 instances

open_run: Time (s): cpu = 00:00:26 ; elapsed = 00:00:18 . Memory (MB): peak = 3468.047 ; gain = 1136.242
open_report: Time (s): cpu = 00:00:15 ; elapsed = 00:00:08 . Memory (MB): peak = 3563.172 ; gain = 93.422
open_bd_design {C:/EECE4632FinalProject/Vivado_Guitar_Effects/Vivado_Guitar_Effects.srcs/sources_1/bd/guitar_effects_design/guitar_effects_design.bd}
WARNING: [IP_Flow 19-4067] Ignoring invalid widget type specified checkbox.Providing a default widget
WARNING: [IP_Flow 19-4067] Ignoring invalid widget type specified checkbox.Providing a default widget
INFO: [IP_Flow 19-3484] Absolute path of file 'c:/EECE4632FinalProject/Wah_coeffs.coe' provided. It will be converted relative to IP Instance files '../../../../../Wah_coeffs.coe'
startgroup
set_property -dict [list CONFIG.Coe_File {C:/EECE4632FinalProject/Wah_coeffs.coe}] [get_bd_cells blk_mem_gen_0]
INFO: [IP_Flow 19-3484] Absolute path of file 'c:/EECE4632FinalProject/Wah_coeffs.coe' provided. It will be converted relative to IP Instance files '../../../../../../../Wah_coeffs.coe'
endgroup
WARNING: [IP_Flow 19-4067] Ignoring invalid widget type specified checkbox.Providing a default widget
WARNING: [IP_Flow 19-4067] Ignoring invalid widget type specified checkbox.Providing a default widget
save_bd_design
Wrote  : <C:\EECE4632FinalProject\Vivado_Guitar_Effects\Vivado_Guitar_Effects.srcs\sources_1\bd\guitar_effects_design\guitar_effects_design.bd> 
Wrote  : <C:/EECE4632FinalProject/Vivado_Guitar_Effects/Vivado_Guitar_Effects.srcs/sources_1/bd/guitar_effects_design/ui/bd_aa970370.ui> 
reset_run synth_1
INFO: [Project 1-1161] Replacing file C:/Users/du.kad/Desktop/EECE4632FinalProject/Vivado_Guitar_Effects/Vivado_Guitar_Effects.srcs/utils_1/imports/synth_1/guitar_effects_design_wrapper.dcp with file C:/EECE4632FinalProject/Vivado_Guitar_Effects/Vivado_Guitar_Effects.runs/synth_1/guitar_effects_design_wrapper.dcp
launch_runs impl_1 -to_step write_bitstream -jobs 16
WARNING: [BD 41-1629] Slave segment </processing_system7_0/S_AXI_GP0/GP0_IOP> is excluded from all addressing paths.
WARNING: [BD 41-1629] Slave segment </processing_system7_0/S_AXI_GP0/GP0_M_AXI_GP0> is excluded from all addressing paths.
Excluding slave segment /processing_system7_0/S_AXI_GP0/GP0_IOP from address space /axi_dma_0/Data_MM2S.
Excluding slave segment /processing_system7_0/S_AXI_GP0/GP0_IOP from address space /axi_dma_0/Data_S2MM.
Excluding slave segment /processing_system7_0/S_AXI_GP0/GP0_M_AXI_GP0 from address space /axi_dma_0/Data_MM2S.
Excluding slave segment /processing_system7_0/S_AXI_GP0/GP0_M_AXI_GP0 from address space /axi_dma_0/Data_S2MM.
Excluding slave segment /processing_system7_0/S_AXI_GP0/GP0_IOP from address space /axi_dma_0/Data_MM2S.
Excluding slave segment /processing_system7_0/S_AXI_GP0/GP0_IOP from address space /axi_dma_0/Data_S2MM.
Excluding slave segment /processing_system7_0/S_AXI_GP0/GP0_M_AXI_GP0 from address space /axi_dma_0/Data_MM2S.
Excluding slave segment /processing_system7_0/S_AXI_GP0/GP0_M_AXI_GP0 from address space /axi_dma_0/Data_S2MM.
Excluding slave segment /processing_system7_0/S_AXI_GP0/GP0_IOP from address space /axi_dma_0/Data_MM2S.
Excluding slave segment /processing_system7_0/S_AXI_GP0/GP0_IOP from address space /axi_dma_0/Data_S2MM.
Excluding slave segment /processing_system7_0/S_AXI_GP0/GP0_M_AXI_GP0 from address space /axi_dma_0/Data_MM2S.
Excluding slave segment /processing_system7_0/S_AXI_GP0/GP0_M_AXI_GP0 from address space /axi_dma_0/Data_S2MM.
Excluding slave segment /processing_system7_0/S_AXI_GP0/GP0_IOP from address space /axi_dma_0/Data_MM2S.
Excluding slave segment /processing_system7_0/S_AXI_GP0/GP0_IOP from address space /axi_dma_0/Data_S2MM.
Excluding slave segment /processing_system7_0/S_AXI_GP0/GP0_M_AXI_GP0 from address space /axi_dma_0/Data_MM2S.
Excluding slave segment /processing_system7_0/S_AXI_GP0/GP0_M_AXI_GP0 from address space /axi_dma_0/Data_S2MM.
WARNING: [BD 5-699] No address segments matched 'get_bd_addr_segs -of_object /rst_ps7_0_50M'
WARNING: [BD 5-699] No address segments matched 'get_bd_addr_segs -of_object /rst_ps7_0_50M'
WARNING: [BD 5-699] No address segments matched 'get_bd_addr_segs -of_object /rst_ps7_0_50M'
WARNING: [BD 5-699] No address segments matched 'get_bd_addr_segs -of_object /rst_ps7_0_50M'
Excluding slave segment /processing_system7_0/S_AXI_GP0/GP0_IOP from address space /axi_dma_0/Data_MM2S.
Excluding slave segment /processing_system7_0/S_AXI_GP0/GP0_IOP from address space /axi_dma_0/Data_S2MM.
Excluding slave segment /processing_system7_0/S_AXI_GP0/GP0_M_AXI_GP0 from address space /axi_dma_0/Data_MM2S.
Excluding slave segment /processing_system7_0/S_AXI_GP0/GP0_M_AXI_GP0 from address space /axi_dma_0/Data_S2MM.
Excluding slave segment /processing_system7_0/S_AXI_GP0/GP0_IOP from address space /axi_dma_0/Data_MM2S.
Excluding slave segment /processing_system7_0/S_AXI_GP0/GP0_IOP from address space /axi_dma_0/Data_S2MM.
Excluding slave segment /processing_system7_0/S_AXI_GP0/GP0_M_AXI_GP0 from address space /axi_dma_0/Data_MM2S.
Excluding slave segment /processing_system7_0/S_AXI_GP0/GP0_M_AXI_GP0 from address space /axi_dma_0/Data_S2MM.
Excluding slave segment /processing_system7_0/S_AXI_GP0/GP0_IOP from address space /axi_dma_0/Data_MM2S.
Excluding slave segment /processing_system7_0/S_AXI_GP0/GP0_IOP from address space /axi_dma_0/Data_S2MM.
Excluding slave segment /processing_system7_0/S_AXI_GP0/GP0_M_AXI_GP0 from address space /axi_dma_0/Data_MM2S.
Excluding slave segment /processing_system7_0/S_AXI_GP0/GP0_M_AXI_GP0 from address space /axi_dma_0/Data_S2MM.
Excluding slave segment /processing_system7_0/S_AXI_GP0/GP0_IOP from address space /axi_dma_0/Data_MM2S.
Excluding slave segment /processing_system7_0/S_AXI_GP0/GP0_IOP from address space /axi_dma_0/Data_S2MM.
Excluding slave segment /processing_system7_0/S_AXI_GP0/GP0_M_AXI_GP0 from address space /axi_dma_0/Data_MM2S.
Excluding slave segment /processing_system7_0/S_AXI_GP0/GP0_M_AXI_GP0 from address space /axi_dma_0/Data_S2MM.
Excluding slave segment /processing_system7_0/S_AXI_GP0/GP0_IOP from address space /axi_dma_0/Data_MM2S.
Excluding slave segment /processing_system7_0/S_AXI_GP0/GP0_IOP from address space /axi_dma_0/Data_S2MM.
Excluding slave segment /processing_system7_0/S_AXI_GP0/GP0_M_AXI_GP0 from address space /axi_dma_0/Data_MM2S.
Excluding slave segment /processing_system7_0/S_AXI_GP0/GP0_M_AXI_GP0 from address space /axi_dma_0/Data_S2MM.
Excluding slave segment /processing_system7_0/S_AXI_GP0/GP0_IOP from address space /axi_dma_0/Data_MM2S.
Excluding slave segment /processing_system7_0/S_AXI_GP0/GP0_IOP from address space /axi_dma_0/Data_S2MM.
Excluding slave segment /processing_system7_0/S_AXI_GP0/GP0_M_AXI_GP0 from address space /axi_dma_0/Data_MM2S.
Excluding slave segment /processing_system7_0/S_AXI_GP0/GP0_M_AXI_GP0 from address space /axi_dma_0/Data_S2MM.
WARNING: [BD 41-702] Propagation TCL tries to overwrite USER strength parameter PCW_M_AXI_GP0_FREQMHZ(10) on '/processing_system7_0' with propagated value(100). Command ignored
WARNING: [BD 41-702] Propagation TCL tries to overwrite USER strength parameter PCW_S_AXI_GP0_FREQMHZ(10) on '/processing_system7_0' with propagated value(100). Command ignored
Wrote  : <C:\EECE4632FinalProject\Vivado_Guitar_Effects\Vivado_Guitar_Effects.srcs\sources_1\bd\guitar_effects_design\guitar_effects_design.bd> 
WARNING: [BD 41-2384] Width mismatch when connecting pin: '/axi_mem_intercon/m00_couplers/auto_pc/m_axi_bid'(1) to pin: '/axi_mem_intercon/m00_couplers/M_AXI_bid'(6) - Only lower order bits will be connected.
WARNING: [BD 41-2384] Width mismatch when connecting pin: '/axi_mem_intercon/m00_couplers/auto_pc/m_axi_rid'(1) to pin: '/axi_mem_intercon/m00_couplers/M_AXI_rid'(6) - Only lower order bits will be connected.
WARNING: [BD 41-2384] Width mismatch when connecting pin: '/blk_mem_gen_0/addra'(32) to pin: '/axi_bram_ctrl_0/bram_addr_a'(13) - Only lower order bits will be connected.
WARNING: [BD 41-2384] Width mismatch when connecting pin: '/processing_system7_0/S_AXI_GP0_WID'(6) to pin: '/axi_mem_intercon/M00_AXI_wid'(1) - Only lower order bits will be connected.
WARNING: [BD 41-2384] Width mismatch when connecting pin: '/processing_system7_0/S_AXI_GP0_ARID'(6) to pin: '/axi_mem_intercon/M00_AXI_arid'(1) - Only lower order bits will be connected.
WARNING: [BD 41-2384] Width mismatch when connecting pin: '/processing_system7_0/S_AXI_GP0_AWID'(6) to pin: '/axi_mem_intercon/M00_AXI_awid'(1) - Only lower order bits will be connected.
Verilog Output written to : c:/EECE4632FinalProject/Vivado_Guitar_Effects/Vivado_Guitar_Effects.gen/sources_1/bd/guitar_effects_design/synth/guitar_effects_design.v
WARNING: [BD 41-2384] Width mismatch when connecting pin: '/axi_mem_intercon/m00_couplers/auto_pc/m_axi_bid'(1) to pin: '/axi_mem_intercon/m00_couplers/M_AXI_bid'(6) - Only lower order bits will be connected.
WARNING: [BD 41-2384] Width mismatch when connecting pin: '/axi_mem_intercon/m00_couplers/auto_pc/m_axi_rid'(1) to pin: '/axi_mem_intercon/m00_couplers/M_AXI_rid'(6) - Only lower order bits will be connected.
WARNING: [BD 41-2384] Width mismatch when connecting pin: '/blk_mem_gen_0/addra'(32) to pin: '/axi_bram_ctrl_0/bram_addr_a'(13) - Only lower order bits will be connected.
WARNING: [BD 41-2384] Width mismatch when connecting pin: '/processing_system7_0/S_AXI_GP0_WID'(6) to pin: '/axi_mem_intercon/M00_AXI_wid'(1) - Only lower order bits will be connected.
WARNING: [BD 41-2384] Width mismatch when connecting pin: '/processing_system7_0/S_AXI_GP0_ARID'(6) to pin: '/axi_mem_intercon/M00_AXI_arid'(1) - Only lower order bits will be connected.
WARNING: [BD 41-2384] Width mismatch when connecting pin: '/processing_system7_0/S_AXI_GP0_AWID'(6) to pin: '/axi_mem_intercon/M00_AXI_awid'(1) - Only lower order bits will be connected.
Verilog Output written to : c:/EECE4632FinalProject/Vivado_Guitar_Effects/Vivado_Guitar_Effects.gen/sources_1/bd/guitar_effects_design/sim/guitar_effects_design.v
Verilog Output written to : c:/EECE4632FinalProject/Vivado_Guitar_Effects/Vivado_Guitar_Effects.gen/sources_1/bd/guitar_effects_design/hdl/guitar_effects_design_wrapper.v
INFO: [BD 41-1029] Generation completed for the IP Integrator block blk_mem_gen_0 .
WARNING: [IP_Flow 19-4994] Overwriting existing constraint file 'c:/EECE4632FinalProject/Vivado_Guitar_Effects/Vivado_Guitar_Effects.gen/sources_1/bd/guitar_effects_design/ip/guitar_effects_design_auto_pc_0/guitar_effects_design_auto_pc_0_ooc.xdc'
INFO: [BD 41-1029] Generation completed for the IP Integrator block axi_mem_intercon/m00_couplers/auto_pc .
WARNING: [IP_Flow 19-4994] Overwriting existing constraint file 'c:/EECE4632FinalProject/Vivado_Guitar_Effects/Vivado_Guitar_Effects.gen/sources_1/bd/guitar_effects_design/ip/guitar_effects_design_auto_pc_1/guitar_effects_design_auto_pc_1_ooc.xdc'
INFO: [BD 41-1029] Generation completed for the IP Integrator block ps7_0_axi_periph/s00_couplers/auto_pc .
Exporting to file c:/EECE4632FinalProject/Vivado_Guitar_Effects/Vivado_Guitar_Effects.gen/sources_1/bd/guitar_effects_design/hw_handoff/guitar_effects_design.hwh
Generated Hardware Definition File c:/EECE4632FinalProject/Vivado_Guitar_Effects/Vivado_Guitar_Effects.gen/sources_1/bd/guitar_effects_design/synth/guitar_effects_design.hwdef
INFO: [IP_Flow 19-4993] Using cached IP synthesis design for IP guitar_effects_design_auto_pc_0, cache-ID = 7217c5ddb7eb2fc2; cache size = 17.999 MB.
INFO: [IP_Flow 19-4993] Using cached IP synthesis design for IP guitar_effects_design_auto_pc_1, cache-ID = 42ad08fd9091ea99; cache size = 17.999 MB.
[Mon Apr 22 17:00:08 2024] Launched guitar_effects_design_blk_mem_gen_0_2_synth_1, synth_1...
Run output will be captured here:
guitar_effects_design_blk_mem_gen_0_2_synth_1: C:/EECE4632FinalProject/Vivado_Guitar_Effects/Vivado_Guitar_Effects.runs/guitar_effects_design_blk_mem_gen_0_2_synth_1/runme.log
synth_1: C:/EECE4632FinalProject/Vivado_Guitar_Effects/Vivado_Guitar_Effects.runs/synth_1/runme.log
[Mon Apr 22 17:00:08 2024] Launched impl_1...
Run output will be captured here: C:/EECE4632FinalProject/Vivado_Guitar_Effects/Vivado_Guitar_Effects.runs/impl_1/runme.log
launch_runs: Time (s): cpu = 00:00:16 ; elapsed = 00:00:15 . Memory (MB): peak = 3719.250 ; gain = 0.000
apply_bd_automation -rule xilinx.com:bd_rule:axi4 -config { Clk_master {/processing_system7_0/FCLK_CLK0 (100 MHz)} Clk_slave {/processing_system7_0/FCLK_CLK0 (100 MHz)} Clk_xbar {/processing_system7_0/FCLK_CLK0 (100 MHz)} Master {/processing_system7_0/M_AXI_GP0} Slave {/guitar_effects_0/s_axi_control_r} ddr_seg {Auto} intc_ip {/ps7_0_axi_periph} master_apm {0}}  [get_bd_intf_pins guitar_effects_0/s_axi_control_r]
Slave segment '/guitar_effects_0/s_axi_control_r/Reg' is being assigned into address space '/processing_system7_0/Data' at <0x4000_0000 [ 64K ]>.
save_bd_design
Wrote  : <C:\EECE4632FinalProject\Vivado_Guitar_Effects\Vivado_Guitar_Effects.srcs\sources_1\bd\guitar_effects_design\guitar_effects_design.bd> 
Wrote  : <C:/EECE4632FinalProject/Vivado_Guitar_Effects/Vivado_Guitar_Effects.srcs/sources_1/bd/guitar_effects_design/ui/bd_aa970370.ui> 
reset_run synth_1
INFO: [Project 1-1161] Replacing file C:/Users/du.kad/Desktop/EECE4632FinalProject/Vivado_Guitar_Effects/Vivado_Guitar_Effects.srcs/utils_1/imports/synth_1/guitar_effects_design_wrapper.dcp with file C:/EECE4632FinalProject/Vivado_Guitar_Effects/Vivado_Guitar_Effects.runs/synth_1/guitar_effects_design_wrapper.dcp
launch_runs impl_1 -to_step write_bitstream -jobs 16
WARNING: [BD 41-1629] Slave segment </processing_system7_0/S_AXI_GP0/GP0_IOP> is excluded from all addressing paths.
WARNING: [BD 41-1629] Slave segment </processing_system7_0/S_AXI_GP0/GP0_M_AXI_GP0> is excluded from all addressing paths.
Excluding slave segment /processing_system7_0/S_AXI_GP0/GP0_IOP from address space /axi_dma_0/Data_MM2S.
Excluding slave segment /processing_system7_0/S_AXI_GP0/GP0_IOP from address space /axi_dma_0/Data_S2MM.
Excluding slave segment /processing_system7_0/S_AXI_GP0/GP0_M_AXI_GP0 from address space /axi_dma_0/Data_MM2S.
Excluding slave segment /processing_system7_0/S_AXI_GP0/GP0_M_AXI_GP0 from address space /axi_dma_0/Data_S2MM.
Excluding slave segment /processing_system7_0/S_AXI_GP0/GP0_IOP from address space /axi_dma_0/Data_MM2S.
Excluding slave segment /processing_system7_0/S_AXI_GP0/GP0_IOP from address space /axi_dma_0/Data_S2MM.
Excluding slave segment /processing_system7_0/S_AXI_GP0/GP0_M_AXI_GP0 from address space /axi_dma_0/Data_MM2S.
Excluding slave segment /processing_system7_0/S_AXI_GP0/GP0_M_AXI_GP0 from address space /axi_dma_0/Data_S2MM.
Excluding slave segment /processing_system7_0/S_AXI_GP0/GP0_IOP from address space /axi_dma_0/Data_MM2S.
Excluding slave segment /processing_system7_0/S_AXI_GP0/GP0_IOP from address space /axi_dma_0/Data_S2MM.
Excluding slave segment /processing_system7_0/S_AXI_GP0/GP0_M_AXI_GP0 from address space /axi_dma_0/Data_MM2S.
Excluding slave segment /processing_system7_0/S_AXI_GP0/GP0_M_AXI_GP0 from address space /axi_dma_0/Data_S2MM.
Excluding slave segment /processing_system7_0/S_AXI_GP0/GP0_IOP from address space /axi_dma_0/Data_MM2S.
Excluding slave segment /processing_system7_0/S_AXI_GP0/GP0_IOP from address space /axi_dma_0/Data_S2MM.
Excluding slave segment /processing_system7_0/S_AXI_GP0/GP0_M_AXI_GP0 from address space /axi_dma_0/Data_MM2S.
Excluding slave segment /processing_system7_0/S_AXI_GP0/GP0_M_AXI_GP0 from address space /axi_dma_0/Data_S2MM.
Excluding slave segment /processing_system7_0/S_AXI_GP0/GP0_IOP from address space /axi_dma_0/Data_MM2S.
Excluding slave segment /processing_system7_0/S_AXI_GP0/GP0_IOP from address space /axi_dma_0/Data_S2MM.
Excluding slave segment /processing_system7_0/S_AXI_GP0/GP0_M_AXI_GP0 from address space /axi_dma_0/Data_MM2S.
Excluding slave segment /processing_system7_0/S_AXI_GP0/GP0_M_AXI_GP0 from address space /axi_dma_0/Data_S2MM.
Excluding slave segment /processing_system7_0/S_AXI_GP0/GP0_IOP from address space /axi_dma_0/Data_MM2S.
Excluding slave segment /processing_system7_0/S_AXI_GP0/GP0_IOP from address space /axi_dma_0/Data_S2MM.
Excluding slave segment /processing_system7_0/S_AXI_GP0/GP0_M_AXI_GP0 from address space /axi_dma_0/Data_MM2S.
Excluding slave segment /processing_system7_0/S_AXI_GP0/GP0_M_AXI_GP0 from address space /axi_dma_0/Data_S2MM.
Excluding slave segment /processing_system7_0/S_AXI_GP0/GP0_IOP from address space /axi_dma_0/Data_MM2S.
Excluding slave segment /processing_system7_0/S_AXI_GP0/GP0_IOP from address space /axi_dma_0/Data_S2MM.
Excluding slave segment /processing_system7_0/S_AXI_GP0/GP0_M_AXI_GP0 from address space /axi_dma_0/Data_MM2S.
Excluding slave segment /processing_system7_0/S_AXI_GP0/GP0_M_AXI_GP0 from address space /axi_dma_0/Data_S2MM.
WARNING: [BD 5-699] No address segments matched 'get_bd_addr_segs -of_object /rst_ps7_0_50M'
WARNING: [BD 5-699] No address segments matched 'get_bd_addr_segs -of_object /rst_ps7_0_50M'
WARNING: [BD 5-699] No address segments matched 'get_bd_addr_segs -of_object /rst_ps7_0_50M'
WARNING: [BD 5-699] No address segments matched 'get_bd_addr_segs -of_object /rst_ps7_0_50M'
Excluding slave segment /processing_system7_0/S_AXI_GP0/GP0_IOP from address space /axi_dma_0/Data_MM2S.
Excluding slave segment /processing_system7_0/S_AXI_GP0/GP0_IOP from address space /axi_dma_0/Data_S2MM.
Excluding slave segment /processing_system7_0/S_AXI_GP0/GP0_M_AXI_GP0 from address space /axi_dma_0/Data_MM2S.
Excluding slave segment /processing_system7_0/S_AXI_GP0/GP0_M_AXI_GP0 from address space /axi_dma_0/Data_S2MM.
Excluding slave segment /processing_system7_0/S_AXI_GP0/GP0_IOP from address space /axi_dma_0/Data_MM2S.
Excluding slave segment /processing_system7_0/S_AXI_GP0/GP0_IOP from address space /axi_dma_0/Data_S2MM.
Excluding slave segment /processing_system7_0/S_AXI_GP0/GP0_M_AXI_GP0 from address space /axi_dma_0/Data_MM2S.
Excluding slave segment /processing_system7_0/S_AXI_GP0/GP0_M_AXI_GP0 from address space /axi_dma_0/Data_S2MM.
Excluding slave segment /processing_system7_0/S_AXI_GP0/GP0_IOP from address space /axi_dma_0/Data_MM2S.
Excluding slave segment /processing_system7_0/S_AXI_GP0/GP0_IOP from address space /axi_dma_0/Data_S2MM.
Excluding slave segment /processing_system7_0/S_AXI_GP0/GP0_M_AXI_GP0 from address space /axi_dma_0/Data_MM2S.
Excluding slave segment /processing_system7_0/S_AXI_GP0/GP0_M_AXI_GP0 from address space /axi_dma_0/Data_S2MM.
Excluding slave segment /processing_system7_0/S_AXI_GP0/GP0_IOP from address space /axi_dma_0/Data_MM2S.
Excluding slave segment /processing_system7_0/S_AXI_GP0/GP0_IOP from address space /axi_dma_0/Data_S2MM.
Excluding slave segment /processing_system7_0/S_AXI_GP0/GP0_M_AXI_GP0 from address space /axi_dma_0/Data_MM2S.
Excluding slave segment /processing_system7_0/S_AXI_GP0/GP0_M_AXI_GP0 from address space /axi_dma_0/Data_S2MM.
Excluding slave segment /processing_system7_0/S_AXI_GP0/GP0_IOP from address space /axi_dma_0/Data_MM2S.
Excluding slave segment /processing_system7_0/S_AXI_GP0/GP0_IOP from address space /axi_dma_0/Data_S2MM.
Excluding slave segment /processing_system7_0/S_AXI_GP0/GP0_M_AXI_GP0 from address space /axi_dma_0/Data_MM2S.
Excluding slave segment /processing_system7_0/S_AXI_GP0/GP0_M_AXI_GP0 from address space /axi_dma_0/Data_S2MM.
Excluding slave segment /processing_system7_0/S_AXI_GP0/GP0_IOP from address space /axi_dma_0/Data_MM2S.
Excluding slave segment /processing_system7_0/S_AXI_GP0/GP0_IOP from address space /axi_dma_0/Data_S2MM.
Excluding slave segment /processing_system7_0/S_AXI_GP0/GP0_M_AXI_GP0 from address space /axi_dma_0/Data_MM2S.
Excluding slave segment /processing_system7_0/S_AXI_GP0/GP0_M_AXI_GP0 from address space /axi_dma_0/Data_S2MM.
Excluding slave segment /processing_system7_0/S_AXI_GP0/GP0_IOP from address space /axi_dma_0/Data_MM2S.
Excluding slave segment /processing_system7_0/S_AXI_GP0/GP0_IOP from address space /axi_dma_0/Data_S2MM.
Excluding slave segment /processing_system7_0/S_AXI_GP0/GP0_M_AXI_GP0 from address space /axi_dma_0/Data_MM2S.
Excluding slave segment /processing_system7_0/S_AXI_GP0/GP0_M_AXI_GP0 from address space /axi_dma_0/Data_S2MM.
Excluding slave segment /processing_system7_0/S_AXI_GP0/GP0_IOP from address space /axi_dma_0/Data_MM2S.
Excluding slave segment /processing_system7_0/S_AXI_GP0/GP0_IOP from address space /axi_dma_0/Data_S2MM.
Excluding slave segment /processing_system7_0/S_AXI_GP0/GP0_M_AXI_GP0 from address space /axi_dma_0/Data_MM2S.
Excluding slave segment /processing_system7_0/S_AXI_GP0/GP0_M_AXI_GP0 from address space /axi_dma_0/Data_S2MM.
Excluding slave segment /processing_system7_0/S_AXI_GP0/GP0_IOP from address space /axi_dma_0/Data_MM2S.
Excluding slave segment /processing_system7_0/S_AXI_GP0/GP0_IOP from address space /axi_dma_0/Data_S2MM.
Excluding slave segment /processing_system7_0/S_AXI_GP0/GP0_M_AXI_GP0 from address space /axi_dma_0/Data_MM2S.
Excluding slave segment /processing_system7_0/S_AXI_GP0/GP0_M_AXI_GP0 from address space /axi_dma_0/Data_S2MM.
WARNING: [BD 41-702] Propagation TCL tries to overwrite USER strength parameter PCW_M_AXI_GP0_FREQMHZ(10) on '/processing_system7_0' with propagated value(100). Command ignored
WARNING: [BD 41-702] Propagation TCL tries to overwrite USER strength parameter PCW_S_AXI_GP0_FREQMHZ(10) on '/processing_system7_0' with propagated value(100). Command ignored
Wrote  : <C:\EECE4632FinalProject\Vivado_Guitar_Effects\Vivado_Guitar_Effects.srcs\sources_1\bd\guitar_effects_design\guitar_effects_design.bd> 
WARNING: [BD 41-2384] Width mismatch when connecting pin: '/axi_mem_intercon/m00_couplers/auto_pc/m_axi_bid'(1) to pin: '/axi_mem_intercon/m00_couplers/M_AXI_bid'(6) - Only lower order bits will be connected.
WARNING: [BD 41-2384] Width mismatch when connecting pin: '/axi_mem_intercon/m00_couplers/auto_pc/m_axi_rid'(1) to pin: '/axi_mem_intercon/m00_couplers/M_AXI_rid'(6) - Only lower order bits will be connected.
WARNING: [BD 41-2384] Width mismatch when connecting pin: '/blk_mem_gen_0/addra'(32) to pin: '/axi_bram_ctrl_0/bram_addr_a'(13) - Only lower order bits will be connected.
WARNING: [BD 41-2384] Width mismatch when connecting pin: '/processing_system7_0/S_AXI_GP0_WID'(6) to pin: '/axi_mem_intercon/M00_AXI_wid'(1) - Only lower order bits will be connected.
WARNING: [BD 41-2384] Width mismatch when connecting pin: '/processing_system7_0/S_AXI_GP0_ARID'(6) to pin: '/axi_mem_intercon/M00_AXI_arid'(1) - Only lower order bits will be connected.
WARNING: [BD 41-2384] Width mismatch when connecting pin: '/processing_system7_0/S_AXI_GP0_AWID'(6) to pin: '/axi_mem_intercon/M00_AXI_awid'(1) - Only lower order bits will be connected.
Verilog Output written to : c:/EECE4632FinalProject/Vivado_Guitar_Effects/Vivado_Guitar_Effects.gen/sources_1/bd/guitar_effects_design/synth/guitar_effects_design.v
WARNING: [BD 41-2384] Width mismatch when connecting pin: '/axi_mem_intercon/m00_couplers/auto_pc/m_axi_bid'(1) to pin: '/axi_mem_intercon/m00_couplers/M_AXI_bid'(6) - Only lower order bits will be connected.
WARNING: [BD 41-2384] Width mismatch when connecting pin: '/axi_mem_intercon/m00_couplers/auto_pc/m_axi_rid'(1) to pin: '/axi_mem_intercon/m00_couplers/M_AXI_rid'(6) - Only lower order bits will be connected.
WARNING: [BD 41-2384] Width mismatch when connecting pin: '/blk_mem_gen_0/addra'(32) to pin: '/axi_bram_ctrl_0/bram_addr_a'(13) - Only lower order bits will be connected.
WARNING: [BD 41-2384] Width mismatch when connecting pin: '/processing_system7_0/S_AXI_GP0_WID'(6) to pin: '/axi_mem_intercon/M00_AXI_wid'(1) - Only lower order bits will be connected.
WARNING: [BD 41-2384] Width mismatch when connecting pin: '/processing_system7_0/S_AXI_GP0_ARID'(6) to pin: '/axi_mem_intercon/M00_AXI_arid'(1) - Only lower order bits will be connected.
WARNING: [BD 41-2384] Width mismatch when connecting pin: '/processing_system7_0/S_AXI_GP0_AWID'(6) to pin: '/axi_mem_intercon/M00_AXI_awid'(1) - Only lower order bits will be connected.
Verilog Output written to : c:/EECE4632FinalProject/Vivado_Guitar_Effects/Vivado_Guitar_Effects.gen/sources_1/bd/guitar_effects_design/sim/guitar_effects_design.v
Verilog Output written to : c:/EECE4632FinalProject/Vivado_Guitar_Effects/Vivado_Guitar_Effects.gen/sources_1/bd/guitar_effects_design/hdl/guitar_effects_design_wrapper.v
INFO: [BD 41-1029] Generation completed for the IP Integrator block ps7_0_axi_periph/xbar .
WARNING: [IP_Flow 19-4994] Overwriting existing constraint file 'c:/EECE4632FinalProject/Vivado_Guitar_Effects/Vivado_Guitar_Effects.gen/sources_1/bd/guitar_effects_design/ip/guitar_effects_design_auto_pc_0/guitar_effects_design_auto_pc_0_ooc.xdc'
INFO: [BD 41-1029] Generation completed for the IP Integrator block axi_mem_intercon/m00_couplers/auto_pc .
WARNING: [IP_Flow 19-4994] Overwriting existing constraint file 'c:/EECE4632FinalProject/Vivado_Guitar_Effects/Vivado_Guitar_Effects.gen/sources_1/bd/guitar_effects_design/ip/guitar_effects_design_auto_pc_1/guitar_effects_design_auto_pc_1_ooc.xdc'
INFO: [BD 41-1029] Generation completed for the IP Integrator block ps7_0_axi_periph/s00_couplers/auto_pc .
Exporting to file c:/EECE4632FinalProject/Vivado_Guitar_Effects/Vivado_Guitar_Effects.gen/sources_1/bd/guitar_effects_design/hw_handoff/guitar_effects_design.hwh
Generated Hardware Definition File c:/EECE4632FinalProject/Vivado_Guitar_Effects/Vivado_Guitar_Effects.gen/sources_1/bd/guitar_effects_design/synth/guitar_effects_design.hwdef
INFO: [IP_Flow 19-4993] Using cached IP synthesis design for IP guitar_effects_design_auto_pc_0, cache-ID = 7217c5ddb7eb2fc2; cache size = 17.999 MB.
INFO: [IP_Flow 19-4993] Using cached IP synthesis design for IP guitar_effects_design_auto_pc_1, cache-ID = 42ad08fd9091ea99; cache size = 17.999 MB.
INFO: [IP_Flow 19-4993] Using cached IP synthesis design for IP guitar_effects_design_xbar_2, cache-ID = 632d8c05f28de8bb; cache size = 487.513 MB.
[Mon Apr 22 17:11:36 2024] Launched synth_1...
Run output will be captured here: C:/EECE4632FinalProject/Vivado_Guitar_Effects/Vivado_Guitar_Effects.runs/synth_1/runme.log
[Mon Apr 22 17:11:36 2024] Launched impl_1...
Run output will be captured here: C:/EECE4632FinalProject/Vivado_Guitar_Effects/Vivado_Guitar_Effects.runs/impl_1/runme.log
launch_runs: Time (s): cpu = 00:00:20 ; elapsed = 00:00:17 . Memory (MB): peak = 3719.250 ; gain = 0.000
make_wrapper -files [get_files C:/EECE4632FinalProject/Vivado_Guitar_Effects/Vivado_Guitar_Effects.srcs/sources_1/bd/guitar_effects_design/guitar_effects_design.bd] -top
make_wrapper -files [get_files C:/EECE4632FinalProject/Vivado_Guitar_Effects/Vivado_Guitar_Effects.srcs/sources_1/bd/guitar_effects_design/guitar_effects_design.bd] -top
c:/EECE4632FinalProject/Vivado_Guitar_Effects/Vivado_Guitar_Effects.gen/sources_1/bd/guitar_effects_design/hdl/guitar_effects_design_wrapper.v
exit
INFO: [Common 17-206] Exiting Vivado at Mon Apr 22 17:19:35 2024...
