#-----------------------------------------------------------
# Vivado v2022.1 (64-bit)
# SW Build 3526262 on Mon Apr 18 15:48:16 MDT 2022
# IP Build 3524634 on Mon Apr 18 20:55:01 MDT 2022
# Start of session at: Mon Apr 22 13:47:10 2024
# Process ID: 11268
# Current directory: C:/EECE4632FinalProject/Vivado_Guitar_Effects
# Command line: vivado.exe -gui_launcher_event rodinguilauncherevent2604 C:\EECE4632FinalProject\Vivado_Guitar_Effects\Vivado_Guitar_Effects.xpr
# Log file: C:/EECE4632FinalProject/Vivado_Guitar_Effects/vivado.log
# Journal file: C:/EECE4632FinalProject/Vivado_Guitar_Effects\vivado.jou
# Running On: WFXB07B250A366D, OS: Windows, CPU Frequency: 2904 MHz, CPU Physical cores: 8, Host memory: 16881 MB
#-----------------------------------------------------------
start_gui
open_project C:/EECE4632FinalProject/Vivado_Guitar_Effects/Vivado_Guitar_Effects.xpr
WARNING: [Board 49-26] cannot add Board Part xilinx.com:vpk120_es:part0:1.2 available at C:/Xilinx/Vivado/2022.1/data/xhub/boards/XilinxBoardStore/boards/Xilinx/vpk120/es/1.2/board.xml as part xcvp1202-vsva2785-2mp-e-s-es1 specified in board_part file is either invalid or not available
WARNING: [Board 49-26] cannot add Board Part xilinx.com:vpk120_es_revb:part0:1.0 available at C:/Xilinx/Vivado/2022.1/data/xhub/boards/XilinxBoardStore/boards/Xilinx/vpk120_revb/es/1.0/board.xml as part xcvp1202-vsva2785-2mp-e-s-es1 specified in board_part file is either invalid or not available
WARNING: [Board 49-26] cannot add Board Part xilinx.com:zcu208ld:part0:2.0 available at C:/Xilinx/Vivado/2022.1/data/xhub/boards/XilinxBoardStore/boards/Xilinx/zcu208ld/production/2.0/board.xml as part xczu58dr-fsvg1517-2-i specified in board_part file is either invalid or not available
WARNING: [Board 49-26] cannot add Board Part xilinx.com:zcu216ld:part0:2.0 available at C:/Xilinx/Vivado/2022.1/data/xhub/boards/XilinxBoardStore/boards/Xilinx/zcu216ld/production/2.0/board.xml as part xczu59dr-ffvf1760-2-i specified in board_part file is either invalid or not available
WARNING: [Board 49-26] cannot add Board Part xilinx.com:zcu670:part0:2.0 available at C:/Xilinx/Vivado/2022.1/data/xhub/boards/XilinxBoardStore/boards/Xilinx/zcu670/2.0/board.xml as part xczu67dr-fsve1156-2-i specified in board_part file is either invalid or not available
WARNING: [Board 49-26] cannot add Board Part xilinx.com:zcu670ld:part0:1.0 available at C:/Xilinx/Vivado/2022.1/data/xhub/boards/XilinxBoardStore/boards/Xilinx/zcu670ld/1.0/board.xml as part xczu57dr-fsve1156-2-i specified in board_part file is either invalid or not available
CRITICAL WARNING: [Project 1-19] Could not find the file 'C:/Users/du.kad/Desktop/EECE4632FinalProject/Vivado_Guitar_Effects/Vivado_Guitar_Effects.srcs/utils_1/imports/synth_1/guitar_effects_design_wrapper.dcp'.
WARNING: [Project 1-865] Could not find the file C:/Users/du.kad/Desktop/EECE4632FinalProject/Vivado_Guitar_Effects/Vivado_Guitar_Effects.srcs/utils_1/imports/synth_1/guitar_effects_design_wrapper.dcp
Scanning sources...
Finished scanning sources
WARNING: [Project 1-865] Could not find the file C:/Users/du.kad/Desktop/EECE4632FinalProject/Vivado_Guitar_Effects/Vivado_Guitar_Effects.srcs/utils_1/imports/synth_1/guitar_effects_design_wrapper.dcp
WARNING: [Project 1-865] Could not find the file C:/Users/du.kad/Desktop/EECE4632FinalProject/Vivado_Guitar_Effects/Vivado_Guitar_Effects.srcs/utils_1/imports/synth_1/guitar_effects_design_wrapper.dcp
WARNING: [Project 1-865] Could not find the file C:/Users/du.kad/Desktop/EECE4632FinalProject/Vivado_Guitar_Effects/Vivado_Guitar_Effects.srcs/utils_1/imports/synth_1/guitar_effects_design_wrapper.dcp
WARNING: [Project 1-865] Could not find the file C:/Users/du.kad/Desktop/EECE4632FinalProject/Vivado_Guitar_Effects/Vivado_Guitar_Effects.srcs/utils_1/imports/synth_1/guitar_effects_design_wrapper.dcp
WARNING: [Project 1-865] Could not find the file C:/Users/du.kad/Desktop/EECE4632FinalProject/Vivado_Guitar_Effects/Vivado_Guitar_Effects.srcs/utils_1/imports/synth_1/guitar_effects_design_wrapper.dcp
WARNING: [Project 1-865] Could not find the file C:/Users/du.kad/Desktop/EECE4632FinalProject/Vivado_Guitar_Effects/Vivado_Guitar_Effects.srcs/utils_1/imports/synth_1/guitar_effects_design_wrapper.dcp
WARNING: [Project 1-865] Could not find the file C:/Users/du.kad/Desktop/EECE4632FinalProject/Vivado_Guitar_Effects/Vivado_Guitar_Effects.srcs/utils_1/imports/synth_1/guitar_effects_design_wrapper.dcp
WARNING: [Project 1-865] Could not find the file C:/Users/du.kad/Desktop/EECE4632FinalProject/Vivado_Guitar_Effects/Vivado_Guitar_Effects.srcs/utils_1/imports/synth_1/guitar_effects_design_wrapper.dcp
WARNING: [Project 1-865] Could not find the file C:/Users/du.kad/Desktop/EECE4632FinalProject/Vivado_Guitar_Effects/Vivado_Guitar_Effects.srcs/utils_1/imports/synth_1/guitar_effects_design_wrapper.dcp
INFO: [IP_Flow 19-234] Refreshing IP repositories
INFO: [IP_Flow 19-1700] Loaded user IP repository 'c:/EECE4632FinalProject'.
WARNING: [IP_Flow 19-3656] If you move the project, the path for repository 'c:/EECE4632FinalProject' may become invalid. A better location for the repository would be in a path adjacent to the project. (Current project location is 'c:/EECE4632FinalProject/Vivado_Guitar_Effects'.)
INFO: [IP_Flow 19-2313] Loaded Vivado IP repository 'C:/Xilinx/Vivado/2022.1/data/ip'.
open_project: Time (s): cpu = 00:00:19 ; elapsed = 00:00:10 . Memory (MB): peak = 1704.398 ; gain = 0.000
update_compile_order -fileset sources_1
make_wrapper -files [get_files C:/EECE4632FinalProject/Vivado_Guitar_Effects/Vivado_Guitar_Effects.srcs/sources_1/bd/guitar_effects_design/guitar_effects_design.bd] -top
make_wrapper -files [get_files C:/EECE4632FinalProject/Vivado_Guitar_Effects/Vivado_Guitar_Effects.srcs/sources_1/bd/guitar_effects_design/guitar_effects_design.bd] -top
reset_run synth_1
launch_runs impl_1 -to_step write_bitstream -jobs 16
[Mon Apr 22 13:48:21 2024] Launched synth_1...
Run output will be captured here: C:/EECE4632FinalProject/Vivado_Guitar_Effects/Vivado_Guitar_Effects.runs/synth_1/runme.log
[Mon Apr 22 13:48:22 2024] Launched impl_1...
Run output will be captured here: C:/EECE4632FinalProject/Vivado_Guitar_Effects/Vivado_Guitar_Effects.runs/impl_1/runme.log
open_run impl_1
INFO: [Device 21-403] Loading part xc7z020clg400-1
Netlist sorting complete. Time (s): cpu = 00:00:01 ; elapsed = 00:00:00.853 . Memory (MB): peak = 2024.059 ; gain = 0.000
INFO: [Netlist 29-17] Analyzing 2748 Unisim elements for replacement
INFO: [Netlist 29-28] Unisim Transformation completed in 0 CPU seconds
INFO: [Project 1-479] Netlist was created with Vivado 2022.1
INFO: [Project 1-570] Preparing netlist for logic optimization
INFO: [Timing 38-478] Restoring timing data from binary archive.
INFO: [Timing 38-479] Binary timing data restore complete.
INFO: [Project 1-856] Restoring constraints from binary archive.
INFO: [Project 1-853] Binary constraint restore complete.
Reading XDEF placement.
Reading placer database...
Reading XDEF routing.
Read XDEF Files: Time (s): cpu = 00:00:02 ; elapsed = 00:00:02 . Memory (MB): peak = 2874.195 ; gain = 34.328
Restored from archive | CPU: 2.000000 secs | Memory: 0.000000 MB |
Finished XDEF File Restore: Time (s): cpu = 00:00:02 ; elapsed = 00:00:02 . Memory (MB): peak = 2874.195 ; gain = 34.328
Generating merged BMM file for the design top 'guitar_effects_design_wrapper'...
Netlist sorting complete. Time (s): cpu = 00:00:00 ; elapsed = 00:00:00.017 . Memory (MB): peak = 2874.195 ; gain = 0.000
INFO: [Project 1-111] Unisim Transformation Summary:
  A total of 24 instances were transformed.
  RAM32M => RAM32M (RAMD32(x6), RAMS32(x2)): 4 instances
  RAM32X1D => RAM32X1D (RAMD32(x2)): 1 instance 
  SRLC32E => SRL16E: 19 instances

open_run: Time (s): cpu = 00:00:29 ; elapsed = 00:00:22 . Memory (MB): peak = 3045.285 ; gain = 1340.887
open_report: Time (s): cpu = 00:00:21 ; elapsed = 00:00:12 . Memory (MB): peak = 3137.781 ; gain = 89.008
open_bd_design {C:/EECE4632FinalProject/Vivado_Guitar_Effects/Vivado_Guitar_Effects.srcs/sources_1/bd/guitar_effects_design/guitar_effects_design.bd}
Reading block design file <C:/EECE4632FinalProject/Vivado_Guitar_Effects/Vivado_Guitar_Effects.srcs/sources_1/bd/guitar_effects_design/guitar_effects_design.bd>...
Adding component instance block -- xilinx.com:ip:processing_system7:5.5 - processing_system7_0
Adding component instance block -- xilinx.com:ip:axi_bram_ctrl:4.1 - axi_bram_ctrl_0
Adding component instance block -- xilinx.com:ip:blk_mem_gen:8.4 - blk_mem_gen_0
Adding component instance block -- xilinx.com:ip:proc_sys_reset:5.0 - rst_ps7_0_100M
Adding component instance block -- xilinx.com:ip:axi_dma:7.1 - axi_dma_0
Adding component instance block -- xilinx.com:ip:axi_interconnect:2.1 - axi_mem_intercon
Adding component instance block -- xilinx.com:ip:axi_crossbar:2.1 - xbar
Adding component instance block -- xilinx.com:ip:axi_protocol_converter:2.1 - auto_pc
Adding component instance block -- xilinx.com:ip:axi_interconnect:2.1 - ps7_0_axi_periph
Adding component instance block -- xilinx.com:ip:axi_crossbar:2.1 - xbar
Adding component instance block -- xilinx.com:ip:axi_protocol_converter:2.1 - auto_pc
Adding component instance block -- xilinx.com:ip:axi_protocol_converter:2.1 - auto_pc
Adding component instance block -- xilinx.com:ip:axi_protocol_converter:2.1 - auto_pc
Adding component instance block -- xilinx.com:hls:guitar_effects:1.0 - guitar_effects_0
Excluding slave segment /processing_system7_0/S_AXI_GP0/GP0_IOP from address space /axi_dma_0/Data_MM2S.
Excluding slave segment /processing_system7_0/S_AXI_GP0/GP0_M_AXI_GP0 from address space /axi_dma_0/Data_MM2S.
Excluding slave segment /processing_system7_0/S_AXI_GP0/GP0_IOP from address space /axi_dma_0/Data_S2MM.
Excluding slave segment /processing_system7_0/S_AXI_GP0/GP0_M_AXI_GP0 from address space /axi_dma_0/Data_S2MM.
Excluding slave segment /axi_dma_0/S_AXI_LITE/Reg from address space /guitar_effects_0/Data_m_axi_gmem.
Excluding slave segment /guitar_effects_0/s_axi_control_r/Reg from address space /guitar_effects_0/Data_m_axi_gmem.
Successfully read diagram <guitar_effects_design> from block design file <C:/EECE4632FinalProject/Vivado_Guitar_Effects/Vivado_Guitar_Effects.srcs/sources_1/bd/guitar_effects_design/guitar_effects_design.bd>
open_bd_design: Time (s): cpu = 00:00:07 ; elapsed = 00:00:06 . Memory (MB): peak = 3257.980 ; gain = 12.430
WARNING: [IP_Flow 19-4067] Ignoring invalid widget type specified checkbox.Providing a default widget
WARNING: [IP_Flow 19-4067] Ignoring invalid widget type specified checkbox.Providing a default widget
INFO: [IP_Flow 19-3484] Absolute path of file 'c:/EECE4632FinalProject/Wah_coeffs2.coe' provided. It will be converted relative to IP Instance files '../../../../../Wah_coeffs2.coe'
startgroup
set_property -dict [list CONFIG.Coe_File {C:/EECE4632FinalProject/Wah_coeffs2.coe}] [get_bd_cells blk_mem_gen_0]
INFO: [IP_Flow 19-3484] Absolute path of file 'c:/EECE4632FinalProject/Wah_coeffs2.coe' provided. It will be converted relative to IP Instance files '../../../../../../../Wah_coeffs2.coe'
endgroup
save_bd_design
Wrote  : <C:\EECE4632FinalProject\Vivado_Guitar_Effects\Vivado_Guitar_Effects.srcs\sources_1\bd\guitar_effects_design\guitar_effects_design.bd> 
Wrote  : <C:/EECE4632FinalProject/Vivado_Guitar_Effects/Vivado_Guitar_Effects.srcs/sources_1/bd/guitar_effects_design/ui/bd_aa970370.ui> 
make_wrapper -files [get_files C:/EECE4632FinalProject/Vivado_Guitar_Effects/Vivado_Guitar_Effects.srcs/sources_1/bd/guitar_effects_design/guitar_effects_design.bd] -top
WARNING: [BD 41-1629] Slave segment </processing_system7_0/S_AXI_GP0/GP0_IOP> is excluded from all addressing paths.
WARNING: [BD 41-1629] Slave segment </processing_system7_0/S_AXI_GP0/GP0_M_AXI_GP0> is excluded from all addressing paths.
Excluding slave segment /processing_system7_0/S_AXI_GP0/GP0_IOP from address space /axi_dma_0/Data_MM2S.
Excluding slave segment /processing_system7_0/S_AXI_GP0/GP0_IOP from address space /axi_dma_0/Data_S2MM.
Excluding slave segment /processing_system7_0/S_AXI_GP0/GP0_M_AXI_GP0 from address space /axi_dma_0/Data_MM2S.
Excluding slave segment /processing_system7_0/S_AXI_GP0/GP0_M_AXI_GP0 from address space /axi_dma_0/Data_S2MM.
Excluding slave segment /axi_dma_0/S_AXI_LITE/Reg from address space /guitar_effects_0/Data_m_axi_gmem.
Excluding slave segment /axi_dma_0/S_AXI_LITE/Reg from address space /guitar_effects_0/Data_m_axi_gmem.
Excluding slave segment /guitar_effects_0/s_axi_control_r/Reg from address space /guitar_effects_0/Data_m_axi_gmem.
Excluding slave segment /processing_system7_0/S_AXI_GP0/GP0_IOP from address space /axi_dma_0/Data_MM2S.
Excluding slave segment /processing_system7_0/S_AXI_GP0/GP0_IOP from address space /axi_dma_0/Data_S2MM.
Excluding slave segment /processing_system7_0/S_AXI_GP0/GP0_M_AXI_GP0 from address space /axi_dma_0/Data_MM2S.
Excluding slave segment /processing_system7_0/S_AXI_GP0/GP0_M_AXI_GP0 from address space /axi_dma_0/Data_S2MM.
Excluding slave segment /axi_dma_0/S_AXI_LITE/Reg from address space /guitar_effects_0/Data_m_axi_gmem.
Excluding slave segment /guitar_effects_0/s_axi_control_r/Reg from address space /guitar_effects_0/Data_m_axi_gmem.
Excluding slave segment /processing_system7_0/S_AXI_GP0/GP0_IOP from address space /axi_dma_0/Data_MM2S.
Excluding slave segment /processing_system7_0/S_AXI_GP0/GP0_IOP from address space /axi_dma_0/Data_S2MM.
Excluding slave segment /processing_system7_0/S_AXI_GP0/GP0_M_AXI_GP0 from address space /axi_dma_0/Data_MM2S.
Excluding slave segment /processing_system7_0/S_AXI_GP0/GP0_M_AXI_GP0 from address space /axi_dma_0/Data_S2MM.
Excluding slave segment /axi_dma_0/S_AXI_LITE/Reg from address space /guitar_effects_0/Data_m_axi_gmem.
Excluding slave segment /guitar_effects_0/s_axi_control_r/Reg from address space /guitar_effects_0/Data_m_axi_gmem.
Excluding slave segment /processing_system7_0/S_AXI_GP0/GP0_IOP from address space /axi_dma_0/Data_MM2S.
Excluding slave segment /processing_system7_0/S_AXI_GP0/GP0_IOP from address space /axi_dma_0/Data_S2MM.
Excluding slave segment /processing_system7_0/S_AXI_GP0/GP0_M_AXI_GP0 from address space /axi_dma_0/Data_MM2S.
Excluding slave segment /processing_system7_0/S_AXI_GP0/GP0_M_AXI_GP0 from address space /axi_dma_0/Data_S2MM.
Excluding slave segment /axi_dma_0/S_AXI_LITE/Reg from address space /guitar_effects_0/Data_m_axi_gmem.
Excluding slave segment /guitar_effects_0/s_axi_control_r/Reg from address space /guitar_effects_0/Data_m_axi_gmem.
Excluding slave segment /processing_system7_0/S_AXI_GP0/GP0_IOP from address space /axi_dma_0/Data_MM2S.
Excluding slave segment /processing_system7_0/S_AXI_GP0/GP0_IOP from address space /axi_dma_0/Data_S2MM.
Excluding slave segment /processing_system7_0/S_AXI_GP0/GP0_M_AXI_GP0 from address space /axi_dma_0/Data_MM2S.
Excluding slave segment /processing_system7_0/S_AXI_GP0/GP0_M_AXI_GP0 from address space /axi_dma_0/Data_S2MM.
Excluding slave segment /axi_dma_0/S_AXI_LITE/Reg from address space /guitar_effects_0/Data_m_axi_gmem.
Excluding slave segment /processing_system7_0/S_AXI_GP0/GP0_IOP from address space /axi_dma_0/Data_MM2S.
Excluding slave segment /processing_system7_0/S_AXI_GP0/GP0_IOP from address space /axi_dma_0/Data_S2MM.
Excluding slave segment /processing_system7_0/S_AXI_GP0/GP0_M_AXI_GP0 from address space /axi_dma_0/Data_MM2S.
Excluding slave segment /processing_system7_0/S_AXI_GP0/GP0_M_AXI_GP0 from address space /axi_dma_0/Data_S2MM.
WARNING: [BD 5-699] No address segments matched 'get_bd_addr_segs -of_object /processing_system7_0/S_AXI_GP0/GP0_IOP'
WARNING: [BD 5-699] No address segments matched 'get_bd_addr_segs -of_object /processing_system7_0/S_AXI_GP0/GP0_M_AXI_GP0'
WARNING: [BD 5-699] No address segments matched 'get_bd_addr_segs -of_object /processing_system7_0/S_AXI_GP0/GP0_IOP'
WARNING: [BD 5-699] No address segments matched 'get_bd_addr_segs -of_object /processing_system7_0/S_AXI_GP0/GP0_M_AXI_GP0'
WARNING: [BD 5-699] No address segments matched 'get_bd_addr_segs -addressed -of_object /axi_mem_intercon/S02_AXI'
WARNING: [BD 5-699] No address segments matched 'get_bd_addr_segs -addressable -of_object /axi_mem_intercon/S02_AXI'
WARNING: [BD 5-699] No address segments matched 'get_bd_addr_segs -addressing -of_object /axi_mem_intercon/S02_AXI'
Excluding slave segment /axi_dma_0/S_AXI_LITE/Reg from address space /guitar_effects_0/Data_m_axi_gmem.
Excluding slave segment /guitar_effects_0/s_axi_control_r/Reg from address space /guitar_effects_0/Data_m_axi_gmem.
Excluding slave segment /processing_system7_0/S_AXI_GP0/GP0_IOP from address space /axi_dma_0/Data_MM2S.
Excluding slave segment /processing_system7_0/S_AXI_GP0/GP0_IOP from address space /axi_dma_0/Data_S2MM.
Excluding slave segment /processing_system7_0/S_AXI_GP0/GP0_M_AXI_GP0 from address space /axi_dma_0/Data_MM2S.
Excluding slave segment /processing_system7_0/S_AXI_GP0/GP0_M_AXI_GP0 from address space /axi_dma_0/Data_S2MM.
Excluding slave segment /axi_dma_0/S_AXI_LITE/Reg from address space /guitar_effects_0/Data_m_axi_gmem.
Excluding slave segment /guitar_effects_0/s_axi_control_r/Reg from address space /guitar_effects_0/Data_m_axi_gmem.
Excluding slave segment /processing_system7_0/S_AXI_GP0/GP0_IOP from address space /axi_dma_0/Data_MM2S.
Excluding slave segment /processing_system7_0/S_AXI_GP0/GP0_IOP from address space /axi_dma_0/Data_S2MM.
Excluding slave segment /processing_system7_0/S_AXI_GP0/GP0_M_AXI_GP0 from address space /axi_dma_0/Data_MM2S.
Excluding slave segment /processing_system7_0/S_AXI_GP0/GP0_M_AXI_GP0 from address space /axi_dma_0/Data_S2MM.
Excluding slave segment /axi_dma_0/S_AXI_LITE/Reg from address space /guitar_effects_0/Data_m_axi_gmem.
Excluding slave segment /processing_system7_0/S_AXI_GP0/GP0_IOP from address space /axi_dma_0/Data_MM2S.
Excluding slave segment /processing_system7_0/S_AXI_GP0/GP0_IOP from address space /axi_dma_0/Data_S2MM.
Excluding slave segment /processing_system7_0/S_AXI_GP0/GP0_M_AXI_GP0 from address space /axi_dma_0/Data_MM2S.
Excluding slave segment /processing_system7_0/S_AXI_GP0/GP0_M_AXI_GP0 from address space /axi_dma_0/Data_S2MM.
Excluding slave segment /axi_dma_0/S_AXI_LITE/Reg from address space /guitar_effects_0/Data_m_axi_gmem.
Excluding slave segment /guitar_effects_0/s_axi_control_r/Reg from address space /guitar_effects_0/Data_m_axi_gmem.
Excluding slave segment /processing_system7_0/S_AXI_GP0/GP0_IOP from address space /axi_dma_0/Data_MM2S.
Excluding slave segment /processing_system7_0/S_AXI_GP0/GP0_IOP from address space /axi_dma_0/Data_S2MM.
Excluding slave segment /processing_system7_0/S_AXI_GP0/GP0_M_AXI_GP0 from address space /axi_dma_0/Data_MM2S.
Excluding slave segment /processing_system7_0/S_AXI_GP0/GP0_M_AXI_GP0 from address space /axi_dma_0/Data_S2MM.
Excluding slave segment /axi_dma_0/S_AXI_LITE/Reg from address space /guitar_effects_0/Data_m_axi_gmem.
Excluding slave segment /guitar_effects_0/s_axi_control_r/Reg from address space /guitar_effects_0/Data_m_axi_gmem.
Excluding slave segment /processing_system7_0/S_AXI_GP0/GP0_IOP from address space /axi_dma_0/Data_MM2S.
Excluding slave segment /processing_system7_0/S_AXI_GP0/GP0_IOP from address space /axi_dma_0/Data_S2MM.
Excluding slave segment /processing_system7_0/S_AXI_GP0/GP0_M_AXI_GP0 from address space /axi_dma_0/Data_MM2S.
Excluding slave segment /processing_system7_0/S_AXI_GP0/GP0_M_AXI_GP0 from address space /axi_dma_0/Data_S2MM.
Excluding slave segment /axi_dma_0/S_AXI_LITE/Reg from address space /guitar_effects_0/Data_m_axi_gmem.
Excluding slave segment /processing_system7_0/S_AXI_GP0/GP0_IOP from address space /axi_dma_0/Data_MM2S.
Excluding slave segment /processing_system7_0/S_AXI_GP0/GP0_IOP from address space /axi_dma_0/Data_S2MM.
Excluding slave segment /processing_system7_0/S_AXI_GP0/GP0_M_AXI_GP0 from address space /axi_dma_0/Data_MM2S.
Excluding slave segment /processing_system7_0/S_AXI_GP0/GP0_M_AXI_GP0 from address space /axi_dma_0/Data_S2MM.
Excluding slave segment /axi_dma_0/S_AXI_LITE/Reg from address space /guitar_effects_0/Data_m_axi_gmem.
Excluding slave segment /guitar_effects_0/s_axi_control_r/Reg from address space /guitar_effects_0/Data_m_axi_gmem.
Excluding slave segment /processing_system7_0/S_AXI_GP0/GP0_IOP from address space /axi_dma_0/Data_MM2S.
Excluding slave segment /processing_system7_0/S_AXI_GP0/GP0_IOP from address space /axi_dma_0/Data_S2MM.
Excluding slave segment /processing_system7_0/S_AXI_GP0/GP0_M_AXI_GP0 from address space /axi_dma_0/Data_MM2S.
Excluding slave segment /processing_system7_0/S_AXI_GP0/GP0_M_AXI_GP0 from address space /axi_dma_0/Data_S2MM.
Excluding slave segment /axi_dma_0/S_AXI_LITE/Reg from address space /guitar_effects_0/Data_m_axi_gmem.
Excluding slave segment /processing_system7_0/S_AXI_GP0/GP0_IOP from address space /axi_dma_0/Data_MM2S.
Excluding slave segment /processing_system7_0/S_AXI_GP0/GP0_IOP from address space /axi_dma_0/Data_S2MM.
Excluding slave segment /processing_system7_0/S_AXI_GP0/GP0_M_AXI_GP0 from address space /axi_dma_0/Data_MM2S.
Excluding slave segment /processing_system7_0/S_AXI_GP0/GP0_M_AXI_GP0 from address space /axi_dma_0/Data_S2MM.
WARNING: [BD 41-702] Propagation TCL tries to overwrite USER strength parameter PCW_M_AXI_GP0_FREQMHZ(10) on '/processing_system7_0' with propagated value(100). Command ignored
WARNING: [BD 41-702] Propagation TCL tries to overwrite USER strength parameter PCW_S_AXI_GP0_FREQMHZ(10) on '/processing_system7_0' with propagated value(100). Command ignored
Wrote  : <C:\EECE4632FinalProject\Vivado_Guitar_Effects\Vivado_Guitar_Effects.srcs\sources_1\bd\guitar_effects_design\guitar_effects_design.bd> 
WARNING: [BD 41-2384] Width mismatch when connecting pin: '/axi_mem_intercon/m00_couplers/auto_pc/m_axi_rid'(2) to pin: '/axi_mem_intercon/m00_couplers/M_AXI_rid'(6) - Only lower order bits will be connected.
WARNING: [BD 41-2384] Width mismatch when connecting pin: '/axi_mem_intercon/m00_couplers/auto_pc/m_axi_bid'(2) to pin: '/axi_mem_intercon/m00_couplers/M_AXI_bid'(6) - Only lower order bits will be connected.
WARNING: [BD 41-2384] Width mismatch when connecting pin: '/ps7_0_axi_periph/s00_couplers/auto_pc/m_axi_rid'(12) to pin: '/ps7_0_axi_periph/s00_couplers/M_AXI_rid'(13) - Only lower order bits will be connected.
WARNING: [BD 41-2384] Width mismatch when connecting pin: '/ps7_0_axi_periph/s00_couplers/auto_pc/m_axi_bid'(12) to pin: '/ps7_0_axi_periph/s00_couplers/M_AXI_bid'(13) - Only lower order bits will be connected.
WARNING: [BD 41-2384] Width mismatch when connecting pin: '/ps7_0_axi_periph/xbar/s_axi_awid'(13) to pin: '/ps7_0_axi_periph/s00_couplers/M_AXI_awid'(12) - Only lower order bits will be connected.
WARNING: [BD 41-2384] Width mismatch when connecting pin: '/ps7_0_axi_periph/xbar/s_axi_arid'(13) to pin: '/ps7_0_axi_periph/s00_couplers/M_AXI_arid'(12) - Only lower order bits will be connected.
WARNING: [BD 41-2384] Width mismatch when connecting pin: '/ps7_0_axi_periph/xbar/s_axi_arlock'(1) to pin: '/ps7_0_axi_periph/s01_couplers/M_AXI_arlock'(2) - Only lower order bits will be connected.
WARNING: [BD 41-2384] Width mismatch when connecting pin: '/ps7_0_axi_periph/xbar/s_axi_awlock'(1) to pin: '/ps7_0_axi_periph/s01_couplers/M_AXI_awlock'(2) - Only lower order bits will be connected.
WARNING: [BD 41-2384] Width mismatch when connecting pin: '/blk_mem_gen_0/addra'(32) to pin: '/axi_bram_ctrl_0/bram_addr_a'(13) - Only lower order bits will be connected.
WARNING: [BD 41-2384] Width mismatch when connecting pin: '/processing_system7_0/S_AXI_GP0_AWID'(6) to pin: '/axi_mem_intercon/M00_AXI_awid'(2) - Only lower order bits will be connected.
WARNING: [BD 41-2384] Width mismatch when connecting pin: '/processing_system7_0/S_AXI_GP0_ARID'(6) to pin: '/axi_mem_intercon/M00_AXI_arid'(2) - Only lower order bits will be connected.
WARNING: [BD 41-2384] Width mismatch when connecting pin: '/processing_system7_0/S_AXI_GP0_WID'(6) to pin: '/axi_mem_intercon/M00_AXI_wid'(2) - Only lower order bits will be connected.
Verilog Output written to : c:/EECE4632FinalProject/Vivado_Guitar_Effects/Vivado_Guitar_Effects.gen/sources_1/bd/guitar_effects_design/synth/guitar_effects_design.v
WARNING: [BD 41-2384] Width mismatch when connecting pin: '/axi_mem_intercon/m00_couplers/auto_pc/m_axi_rid'(2) to pin: '/axi_mem_intercon/m00_couplers/M_AXI_rid'(6) - Only lower order bits will be connected.
WARNING: [BD 41-2384] Width mismatch when connecting pin: '/axi_mem_intercon/m00_couplers/auto_pc/m_axi_bid'(2) to pin: '/axi_mem_intercon/m00_couplers/M_AXI_bid'(6) - Only lower order bits will be connected.
WARNING: [BD 41-2384] Width mismatch when connecting pin: '/ps7_0_axi_periph/s00_couplers/auto_pc/m_axi_rid'(12) to pin: '/ps7_0_axi_periph/s00_couplers/M_AXI_rid'(13) - Only lower order bits will be connected.
WARNING: [BD 41-2384] Width mismatch when connecting pin: '/ps7_0_axi_periph/s00_couplers/auto_pc/m_axi_bid'(12) to pin: '/ps7_0_axi_periph/s00_couplers/M_AXI_bid'(13) - Only lower order bits will be connected.
WARNING: [BD 41-2384] Width mismatch when connecting pin: '/ps7_0_axi_periph/xbar/s_axi_awid'(13) to pin: '/ps7_0_axi_periph/s00_couplers/M_AXI_awid'(12) - Only lower order bits will be connected.
WARNING: [BD 41-2384] Width mismatch when connecting pin: '/ps7_0_axi_periph/xbar/s_axi_arid'(13) to pin: '/ps7_0_axi_periph/s00_couplers/M_AXI_arid'(12) - Only lower order bits will be connected.
WARNING: [BD 41-2384] Width mismatch when connecting pin: '/ps7_0_axi_periph/xbar/s_axi_arlock'(1) to pin: '/ps7_0_axi_periph/s01_couplers/M_AXI_arlock'(2) - Only lower order bits will be connected.
WARNING: [BD 41-2384] Width mismatch when connecting pin: '/ps7_0_axi_periph/xbar/s_axi_awlock'(1) to pin: '/ps7_0_axi_periph/s01_couplers/M_AXI_awlock'(2) - Only lower order bits will be connected.
WARNING: [BD 41-2384] Width mismatch when connecting pin: '/blk_mem_gen_0/addra'(32) to pin: '/axi_bram_ctrl_0/bram_addr_a'(13) - Only lower order bits will be connected.
WARNING: [BD 41-2384] Width mismatch when connecting pin: '/processing_system7_0/S_AXI_GP0_AWID'(6) to pin: '/axi_mem_intercon/M00_AXI_awid'(2) - Only lower order bits will be connected.
WARNING: [BD 41-2384] Width mismatch when connecting pin: '/processing_system7_0/S_AXI_GP0_ARID'(6) to pin: '/axi_mem_intercon/M00_AXI_arid'(2) - Only lower order bits will be connected.
WARNING: [BD 41-2384] Width mismatch when connecting pin: '/processing_system7_0/S_AXI_GP0_WID'(6) to pin: '/axi_mem_intercon/M00_AXI_wid'(2) - Only lower order bits will be connected.
Verilog Output written to : c:/EECE4632FinalProject/Vivado_Guitar_Effects/Vivado_Guitar_Effects.gen/sources_1/bd/guitar_effects_design/sim/guitar_effects_design.v
Verilog Output written to : c:/EECE4632FinalProject/Vivado_Guitar_Effects/Vivado_Guitar_Effects.gen/sources_1/bd/guitar_effects_design/hdl/guitar_effects_design_wrapper.v
make_wrapper: Time (s): cpu = 00:00:24 ; elapsed = 00:00:22 . Memory (MB): peak = 3453.965 ; gain = 13.914
reset_run synth_1
INFO: [Project 1-1161] Replacing file C:/Users/du.kad/Desktop/EECE4632FinalProject/Vivado_Guitar_Effects/Vivado_Guitar_Effects.srcs/utils_1/imports/synth_1/guitar_effects_design_wrapper.dcp with file C:/EECE4632FinalProject/Vivado_Guitar_Effects/Vivado_Guitar_Effects.runs/synth_1/guitar_effects_design_wrapper.dcp
reset_run guitar_effects_design_blk_mem_gen_0_0_synth_1
launch_runs impl_1 -to_step write_bitstream -jobs 16
INFO: [BD 41-1662] The design 'guitar_effects_design.bd' is already validated. Therefore parameter propagation will not be re-run.
WARNING: [BD 41-2384] Width mismatch when connecting pin: '/axi_mem_intercon/m00_couplers/auto_pc/m_axi_rid'(2) to pin: '/axi_mem_intercon/m00_couplers/M_AXI_rid'(6) - Only lower order bits will be connected.
WARNING: [BD 41-2384] Width mismatch when connecting pin: '/axi_mem_intercon/m00_couplers/auto_pc/m_axi_bid'(2) to pin: '/axi_mem_intercon/m00_couplers/M_AXI_bid'(6) - Only lower order bits will be connected.
WARNING: [BD 41-2384] Width mismatch when connecting pin: '/ps7_0_axi_periph/s00_couplers/auto_pc/m_axi_rid'(12) to pin: '/ps7_0_axi_periph/s00_couplers/M_AXI_rid'(13) - Only lower order bits will be connected.
WARNING: [BD 41-2384] Width mismatch when connecting pin: '/ps7_0_axi_periph/s00_couplers/auto_pc/m_axi_bid'(12) to pin: '/ps7_0_axi_periph/s00_couplers/M_AXI_bid'(13) - Only lower order bits will be connected.
WARNING: [BD 41-2384] Width mismatch when connecting pin: '/ps7_0_axi_periph/xbar/s_axi_awid'(13) to pin: '/ps7_0_axi_periph/s00_couplers/M_AXI_awid'(12) - Only lower order bits will be connected.
WARNING: [BD 41-2384] Width mismatch when connecting pin: '/ps7_0_axi_periph/xbar/s_axi_arid'(13) to pin: '/ps7_0_axi_periph/s00_couplers/M_AXI_arid'(12) - Only lower order bits will be connected.
WARNING: [BD 41-2384] Width mismatch when connecting pin: '/ps7_0_axi_periph/xbar/s_axi_arlock'(1) to pin: '/ps7_0_axi_periph/s01_couplers/M_AXI_arlock'(2) - Only lower order bits will be connected.
WARNING: [BD 41-2384] Width mismatch when connecting pin: '/ps7_0_axi_periph/xbar/s_axi_awlock'(1) to pin: '/ps7_0_axi_periph/s01_couplers/M_AXI_awlock'(2) - Only lower order bits will be connected.
WARNING: [BD 41-2384] Width mismatch when connecting pin: '/blk_mem_gen_0/addra'(32) to pin: '/axi_bram_ctrl_0/bram_addr_a'(13) - Only lower order bits will be connected.
WARNING: [BD 41-2384] Width mismatch when connecting pin: '/processing_system7_0/S_AXI_GP0_AWID'(6) to pin: '/axi_mem_intercon/M00_AXI_awid'(2) - Only lower order bits will be connected.
WARNING: [BD 41-2384] Width mismatch when connecting pin: '/processing_system7_0/S_AXI_GP0_ARID'(6) to pin: '/axi_mem_intercon/M00_AXI_arid'(2) - Only lower order bits will be connected.
WARNING: [BD 41-2384] Width mismatch when connecting pin: '/processing_system7_0/S_AXI_GP0_WID'(6) to pin: '/axi_mem_intercon/M00_AXI_wid'(2) - Only lower order bits will be connected.
Verilog Output written to : c:/EECE4632FinalProject/Vivado_Guitar_Effects/Vivado_Guitar_Effects.gen/sources_1/bd/guitar_effects_design/synth/guitar_effects_design.v
WARNING: [BD 41-2384] Width mismatch when connecting pin: '/axi_mem_intercon/m00_couplers/auto_pc/m_axi_rid'(2) to pin: '/axi_mem_intercon/m00_couplers/M_AXI_rid'(6) - Only lower order bits will be connected.
WARNING: [BD 41-2384] Width mismatch when connecting pin: '/axi_mem_intercon/m00_couplers/auto_pc/m_axi_bid'(2) to pin: '/axi_mem_intercon/m00_couplers/M_AXI_bid'(6) - Only lower order bits will be connected.
WARNING: [BD 41-2384] Width mismatch when connecting pin: '/ps7_0_axi_periph/s00_couplers/auto_pc/m_axi_rid'(12) to pin: '/ps7_0_axi_periph/s00_couplers/M_AXI_rid'(13) - Only lower order bits will be connected.
WARNING: [BD 41-2384] Width mismatch when connecting pin: '/ps7_0_axi_periph/s00_couplers/auto_pc/m_axi_bid'(12) to pin: '/ps7_0_axi_periph/s00_couplers/M_AXI_bid'(13) - Only lower order bits will be connected.
WARNING: [BD 41-2384] Width mismatch when connecting pin: '/ps7_0_axi_periph/xbar/s_axi_awid'(13) to pin: '/ps7_0_axi_periph/s00_couplers/M_AXI_awid'(12) - Only lower order bits will be connected.
WARNING: [BD 41-2384] Width mismatch when connecting pin: '/ps7_0_axi_periph/xbar/s_axi_arid'(13) to pin: '/ps7_0_axi_periph/s00_couplers/M_AXI_arid'(12) - Only lower order bits will be connected.
WARNING: [BD 41-2384] Width mismatch when connecting pin: '/ps7_0_axi_periph/xbar/s_axi_arlock'(1) to pin: '/ps7_0_axi_periph/s01_couplers/M_AXI_arlock'(2) - Only lower order bits will be connected.
WARNING: [BD 41-2384] Width mismatch when connecting pin: '/ps7_0_axi_periph/xbar/s_axi_awlock'(1) to pin: '/ps7_0_axi_periph/s01_couplers/M_AXI_awlock'(2) - Only lower order bits will be connected.
WARNING: [BD 41-2384] Width mismatch when connecting pin: '/blk_mem_gen_0/addra'(32) to pin: '/axi_bram_ctrl_0/bram_addr_a'(13) - Only lower order bits will be connected.
WARNING: [BD 41-2384] Width mismatch when connecting pin: '/processing_system7_0/S_AXI_GP0_AWID'(6) to pin: '/axi_mem_intercon/M00_AXI_awid'(2) - Only lower order bits will be connected.
WARNING: [BD 41-2384] Width mismatch when connecting pin: '/processing_system7_0/S_AXI_GP0_ARID'(6) to pin: '/axi_mem_intercon/M00_AXI_arid'(2) - Only lower order bits will be connected.
WARNING: [BD 41-2384] Width mismatch when connecting pin: '/processing_system7_0/S_AXI_GP0_WID'(6) to pin: '/axi_mem_intercon/M00_AXI_wid'(2) - Only lower order bits will be connected.
Verilog Output written to : c:/EECE4632FinalProject/Vivado_Guitar_Effects/Vivado_Guitar_Effects.gen/sources_1/bd/guitar_effects_design/sim/guitar_effects_design.v
Verilog Output written to : c:/EECE4632FinalProject/Vivado_Guitar_Effects/Vivado_Guitar_Effects.gen/sources_1/bd/guitar_effects_design/hdl/guitar_effects_design_wrapper.v
INFO: [BD 41-1029] Generation completed for the IP Integrator block blk_mem_gen_0 .
WARNING: [IP_Flow 19-4994] Overwriting existing constraint file 'c:/EECE4632FinalProject/Vivado_Guitar_Effects/Vivado_Guitar_Effects.gen/sources_1/bd/guitar_effects_design/ip/guitar_effects_design_auto_pc_0/guitar_effects_design_auto_pc_0_ooc.xdc'
INFO: [BD 41-1029] Generation completed for the IP Integrator block axi_mem_intercon/m00_couplers/auto_pc .
WARNING: [IP_Flow 19-4994] Overwriting existing constraint file 'c:/EECE4632FinalProject/Vivado_Guitar_Effects/Vivado_Guitar_Effects.gen/sources_1/bd/guitar_effects_design/ip/guitar_effects_design_auto_pc_3/guitar_effects_design_auto_pc_3_ooc.xdc'
INFO: [BD 41-1029] Generation completed for the IP Integrator block ps7_0_axi_periph/s00_couplers/auto_pc .
WARNING: [IP_Flow 19-4994] Overwriting existing constraint file 'c:/EECE4632FinalProject/Vivado_Guitar_Effects/Vivado_Guitar_Effects.gen/sources_1/bd/guitar_effects_design/ip/guitar_effects_design_auto_pc_1/guitar_effects_design_auto_pc_1_ooc.xdc'
INFO: [BD 41-1029] Generation completed for the IP Integrator block ps7_0_axi_periph/m00_couplers/auto_pc .
WARNING: [IP_Flow 19-4994] Overwriting existing constraint file 'c:/EECE4632FinalProject/Vivado_Guitar_Effects/Vivado_Guitar_Effects.gen/sources_1/bd/guitar_effects_design/ip/guitar_effects_design_auto_pc_2/guitar_effects_design_auto_pc_2_ooc.xdc'
INFO: [BD 41-1029] Generation completed for the IP Integrator block ps7_0_axi_periph/m02_couplers/auto_pc .
Exporting to file c:/EECE4632FinalProject/Vivado_Guitar_Effects/Vivado_Guitar_Effects.gen/sources_1/bd/guitar_effects_design/hw_handoff/guitar_effects_design.hwh
Generated Hardware Definition File c:/EECE4632FinalProject/Vivado_Guitar_Effects/Vivado_Guitar_Effects.gen/sources_1/bd/guitar_effects_design/synth/guitar_effects_design.hwdef
INFO: [IP_Flow 19-4993] Using cached IP synthesis design for IP guitar_effects_design_auto_pc_0, cache-ID = f393baf57ec07074; cache size = 374.923 MB.
INFO: [IP_Flow 19-4993] Using cached IP synthesis design for IP guitar_effects_design_auto_pc_1, cache-ID = 6e47732b20591f84; cache size = 374.923 MB.
INFO: [IP_Flow 19-4993] Using cached IP synthesis design for IP guitar_effects_design_auto_pc_2, cache-ID = 6e47732b20591f84; cache size = 374.923 MB.
INFO: [IP_Flow 19-4993] Using cached IP synthesis design for IP guitar_effects_design_auto_pc_3, cache-ID = a528d82785f4b402; cache size = 374.923 MB.
[Mon Apr 22 14:18:27 2024] Launched guitar_effects_design_blk_mem_gen_0_0_synth_1, synth_1...
Run output will be captured here:
guitar_effects_design_blk_mem_gen_0_0_synth_1: C:/EECE4632FinalProject/Vivado_Guitar_Effects/Vivado_Guitar_Effects.runs/guitar_effects_design_blk_mem_gen_0_0_synth_1/runme.log
synth_1: C:/EECE4632FinalProject/Vivado_Guitar_Effects/Vivado_Guitar_Effects.runs/synth_1/runme.log
[Mon Apr 22 14:18:27 2024] Launched impl_1...
Run output will be captured here: C:/EECE4632FinalProject/Vivado_Guitar_Effects/Vivado_Guitar_Effects.runs/impl_1/runme.log
launch_runs: Time (s): cpu = 00:00:04 ; elapsed = 00:00:08 . Memory (MB): peak = 3478.535 ; gain = 24.570
WARNING: [IP_Flow 19-4318] IP-XACT file does not exist: c:/EECE4632FinalProject/guitar_effects_cpp/Guitar_Effects/solution1/impl/ip/component.xml. It will be created.
update_ip_catalog -rebuild -scan_changes
INFO: [IP_Flow 19-234] Refreshing IP repositories
INFO: [IP_Flow 19-1700] Loaded user IP repository 'c:/EECE4632FinalProject'.
WARNING: [IP_Flow 19-3656] If you move the project, the path for repository 'c:/EECE4632FinalProject' may become invalid. A better location for the repository would be in a path adjacent to the project. (Current project location is 'c:/EECE4632FinalProject/Vivado_Guitar_Effects'.)
report_ip_status -name ip_status
upgrade_ip -vlnv xilinx.com:hls:guitar_effects:1.0 [get_ips  guitar_effects_design_guitar_effects_0_28] -log ip_upgrade.log
Upgrading 'C:/EECE4632FinalProject/Vivado_Guitar_Effects/Vivado_Guitar_Effects.srcs/sources_1/bd/guitar_effects_design/guitar_effects_design.bd'
INFO: [IP_Flow 19-3422] Upgraded guitar_effects_design_guitar_effects_0_28 (Guitar_effects 1.0) from revision 2113525591 to revision 2113525650
Excluding slave segment /guitar_effects_0/s_axi_control_r/Reg from address space /guitar_effects_0/Data_m_axi_gmem.
Wrote  : <C:\EECE4632FinalProject\Vivado_Guitar_Effects\Vivado_Guitar_Effects.srcs\sources_1\bd\guitar_effects_design\guitar_effects_design.bd> 
INFO: [Coretcl 2-1525] Wrote upgrade log to 'C:/EECE4632FinalProject/Vivado_Guitar_Effects/ip_upgrade.log'.
export_ip_user_files -of_objects [get_ips guitar_effects_design_guitar_effects_0_28] -no_script -sync -force -quiet
generate_target all [get_files  C:/EECE4632FinalProject/Vivado_Guitar_Effects/Vivado_Guitar_Effects.srcs/sources_1/bd/guitar_effects_design/guitar_effects_design.bd]
WARNING: [BD 41-1629] Slave segment </processing_system7_0/S_AXI_GP0/GP0_IOP> is excluded from all addressing paths.
WARNING: [BD 41-1629] Slave segment </processing_system7_0/S_AXI_GP0/GP0_M_AXI_GP0> is excluded from all addressing paths.
CRITICAL WARNING: [BD 41-1356] Slave segment </axi_dma_0/S_AXI_LITE/Reg> is not assigned into address space </guitar_effects_0/Data_m_axi_gmem>. Please use Address Editor to either assign or exclude it.
Excluding slave segment /processing_system7_0/S_AXI_GP0/GP0_IOP from address space /axi_dma_0/Data_MM2S.
Excluding slave segment /processing_system7_0/S_AXI_GP0/GP0_IOP from address space /axi_dma_0/Data_S2MM.
Excluding slave segment /processing_system7_0/S_AXI_GP0/GP0_M_AXI_GP0 from address space /axi_dma_0/Data_MM2S.
Excluding slave segment /processing_system7_0/S_AXI_GP0/GP0_M_AXI_GP0 from address space /axi_dma_0/Data_S2MM.
Excluding slave segment /guitar_effects_0/s_axi_control_r/Reg from address space /guitar_effects_0/Data_m_axi_gmem.
Excluding slave segment /processing_system7_0/S_AXI_GP0/GP0_IOP from address space /axi_dma_0/Data_MM2S.
Excluding slave segment /processing_system7_0/S_AXI_GP0/GP0_IOP from address space /axi_dma_0/Data_S2MM.
Excluding slave segment /processing_system7_0/S_AXI_GP0/GP0_M_AXI_GP0 from address space /axi_dma_0/Data_MM2S.
Excluding slave segment /processing_system7_0/S_AXI_GP0/GP0_M_AXI_GP0 from address space /axi_dma_0/Data_S2MM.
Excluding slave segment /guitar_effects_0/s_axi_control_r/Reg from address space /guitar_effects_0/Data_m_axi_gmem.
Excluding slave segment /processing_system7_0/S_AXI_GP0/GP0_IOP from address space /axi_dma_0/Data_MM2S.
Excluding slave segment /processing_system7_0/S_AXI_GP0/GP0_IOP from address space /axi_dma_0/Data_S2MM.
Excluding slave segment /processing_system7_0/S_AXI_GP0/GP0_M_AXI_GP0 from address space /axi_dma_0/Data_MM2S.
Excluding slave segment /processing_system7_0/S_AXI_GP0/GP0_M_AXI_GP0 from address space /axi_dma_0/Data_S2MM.
Excluding slave segment /guitar_effects_0/s_axi_control_r/Reg from address space /guitar_effects_0/Data_m_axi_gmem.
Excluding slave segment /processing_system7_0/S_AXI_GP0/GP0_IOP from address space /axi_dma_0/Data_MM2S.
Excluding slave segment /processing_system7_0/S_AXI_GP0/GP0_IOP from address space /axi_dma_0/Data_S2MM.
Excluding slave segment /processing_system7_0/S_AXI_GP0/GP0_M_AXI_GP0 from address space /axi_dma_0/Data_MM2S.
Excluding slave segment /processing_system7_0/S_AXI_GP0/GP0_M_AXI_GP0 from address space /axi_dma_0/Data_S2MM.
Excluding slave segment /guitar_effects_0/s_axi_control_r/Reg from address space /guitar_effects_0/Data_m_axi_gmem.
Excluding slave segment /processing_system7_0/S_AXI_GP0/GP0_IOP from address space /axi_dma_0/Data_MM2S.
Excluding slave segment /processing_system7_0/S_AXI_GP0/GP0_IOP from address space /axi_dma_0/Data_S2MM.
Excluding slave segment /processing_system7_0/S_AXI_GP0/GP0_M_AXI_GP0 from address space /axi_dma_0/Data_MM2S.
Excluding slave segment /processing_system7_0/S_AXI_GP0/GP0_M_AXI_GP0 from address space /axi_dma_0/Data_S2MM.
Excluding slave segment /processing_system7_0/S_AXI_GP0/GP0_IOP from address space /axi_dma_0/Data_MM2S.
Excluding slave segment /processing_system7_0/S_AXI_GP0/GP0_IOP from address space /axi_dma_0/Data_S2MM.
Excluding slave segment /processing_system7_0/S_AXI_GP0/GP0_M_AXI_GP0 from address space /axi_dma_0/Data_MM2S.
Excluding slave segment /processing_system7_0/S_AXI_GP0/GP0_M_AXI_GP0 from address space /axi_dma_0/Data_S2MM.
WARNING: [BD 5-699] No address segments matched 'get_bd_addr_segs -of_object /processing_system7_0/S_AXI_GP0/GP0_IOP'
WARNING: [BD 5-699] No address segments matched 'get_bd_addr_segs -of_object /processing_system7_0/S_AXI_GP0/GP0_M_AXI_GP0'
WARNING: [BD 5-699] No address segments matched 'get_bd_addr_segs -of_object /processing_system7_0/S_AXI_GP0/GP0_IOP'
WARNING: [BD 5-699] No address segments matched 'get_bd_addr_segs -of_object /processing_system7_0/S_AXI_GP0/GP0_M_AXI_GP0'
WARNING: [BD 5-699] No address segments matched 'get_bd_addr_segs -addressed -of_object /axi_mem_intercon/S02_AXI'
WARNING: [BD 5-699] No address segments matched 'get_bd_addr_segs -addressable -of_object /axi_mem_intercon/S02_AXI'
WARNING: [BD 5-699] No address segments matched 'get_bd_addr_segs -addressing -of_object /axi_mem_intercon/S02_AXI'
Excluding slave segment /guitar_effects_0/s_axi_control_r/Reg from address space /guitar_effects_0/Data_m_axi_gmem.
Excluding slave segment /processing_system7_0/S_AXI_GP0/GP0_IOP from address space /axi_dma_0/Data_MM2S.
Excluding slave segment /processing_system7_0/S_AXI_GP0/GP0_IOP from address space /axi_dma_0/Data_S2MM.
Excluding slave segment /processing_system7_0/S_AXI_GP0/GP0_M_AXI_GP0 from address space /axi_dma_0/Data_MM2S.
Excluding slave segment /processing_system7_0/S_AXI_GP0/GP0_M_AXI_GP0 from address space /axi_dma_0/Data_S2MM.
Excluding slave segment /processing_system7_0/S_AXI_GP0/GP0_IOP from address space /axi_dma_0/Data_MM2S.
Excluding slave segment /processing_system7_0/S_AXI_GP0/GP0_IOP from address space /axi_dma_0/Data_S2MM.
Excluding slave segment /processing_system7_0/S_AXI_GP0/GP0_M_AXI_GP0 from address space /axi_dma_0/Data_MM2S.
Excluding slave segment /processing_system7_0/S_AXI_GP0/GP0_M_AXI_GP0 from address space /axi_dma_0/Data_S2MM.
Excluding slave segment /guitar_effects_0/s_axi_control_r/Reg from address space /guitar_effects_0/Data_m_axi_gmem.
Excluding slave segment /processing_system7_0/S_AXI_GP0/GP0_IOP from address space /axi_dma_0/Data_MM2S.
Excluding slave segment /processing_system7_0/S_AXI_GP0/GP0_IOP from address space /axi_dma_0/Data_S2MM.
Excluding slave segment /processing_system7_0/S_AXI_GP0/GP0_M_AXI_GP0 from address space /axi_dma_0/Data_MM2S.
Excluding slave segment /processing_system7_0/S_AXI_GP0/GP0_M_AXI_GP0 from address space /axi_dma_0/Data_S2MM.
Excluding slave segment /guitar_effects_0/s_axi_control_r/Reg from address space /guitar_effects_0/Data_m_axi_gmem.
Excluding slave segment /processing_system7_0/S_AXI_GP0/GP0_IOP from address space /axi_dma_0/Data_MM2S.
Excluding slave segment /processing_system7_0/S_AXI_GP0/GP0_IOP from address space /axi_dma_0/Data_S2MM.
Excluding slave segment /processing_system7_0/S_AXI_GP0/GP0_M_AXI_GP0 from address space /axi_dma_0/Data_MM2S.
Excluding slave segment /processing_system7_0/S_AXI_GP0/GP0_M_AXI_GP0 from address space /axi_dma_0/Data_S2MM.
Excluding slave segment /processing_system7_0/S_AXI_GP0/GP0_IOP from address space /axi_dma_0/Data_MM2S.
Excluding slave segment /processing_system7_0/S_AXI_GP0/GP0_IOP from address space /axi_dma_0/Data_S2MM.
Excluding slave segment /processing_system7_0/S_AXI_GP0/GP0_M_AXI_GP0 from address space /axi_dma_0/Data_MM2S.
Excluding slave segment /processing_system7_0/S_AXI_GP0/GP0_M_AXI_GP0 from address space /axi_dma_0/Data_S2MM.
Excluding slave segment /guitar_effects_0/s_axi_control_r/Reg from address space /guitar_effects_0/Data_m_axi_gmem.
Excluding slave segment /processing_system7_0/S_AXI_GP0/GP0_IOP from address space /axi_dma_0/Data_MM2S.
Excluding slave segment /processing_system7_0/S_AXI_GP0/GP0_IOP from address space /axi_dma_0/Data_S2MM.
Excluding slave segment /processing_system7_0/S_AXI_GP0/GP0_M_AXI_GP0 from address space /axi_dma_0/Data_MM2S.
Excluding slave segment /processing_system7_0/S_AXI_GP0/GP0_M_AXI_GP0 from address space /axi_dma_0/Data_S2MM.
Excluding slave segment /processing_system7_0/S_AXI_GP0/GP0_IOP from address space /axi_dma_0/Data_MM2S.
Excluding slave segment /processing_system7_0/S_AXI_GP0/GP0_IOP from address space /axi_dma_0/Data_S2MM.
Excluding slave segment /processing_system7_0/S_AXI_GP0/GP0_M_AXI_GP0 from address space /axi_dma_0/Data_MM2S.
Excluding slave segment /processing_system7_0/S_AXI_GP0/GP0_M_AXI_GP0 from address space /axi_dma_0/Data_S2MM.
Excluding slave segment /guitar_effects_0/s_axi_control_r/Reg from address space /guitar_effects_0/Data_m_axi_gmem.
Excluding slave segment /processing_system7_0/S_AXI_GP0/GP0_IOP from address space /axi_dma_0/Data_MM2S.
Excluding slave segment /processing_system7_0/S_AXI_GP0/GP0_IOP from address space /axi_dma_0/Data_S2MM.
Excluding slave segment /processing_system7_0/S_AXI_GP0/GP0_M_AXI_GP0 from address space /axi_dma_0/Data_MM2S.
Excluding slave segment /processing_system7_0/S_AXI_GP0/GP0_M_AXI_GP0 from address space /axi_dma_0/Data_S2MM.
WARNING: [BD 41-702] Propagation TCL tries to overwrite USER strength parameter PCW_M_AXI_GP0_FREQMHZ(10) on '/processing_system7_0' with propagated value(100). Command ignored
WARNING: [BD 41-702] Propagation TCL tries to overwrite USER strength parameter PCW_S_AXI_GP0_FREQMHZ(10) on '/processing_system7_0' with propagated value(100). Command ignored
Wrote  : <C:\EECE4632FinalProject\Vivado_Guitar_Effects\Vivado_Guitar_Effects.srcs\sources_1\bd\guitar_effects_design\guitar_effects_design.bd> 
WARNING: [BD 41-2384] Width mismatch when connecting pin: '/axi_mem_intercon/m00_couplers/auto_pc/m_axi_rid'(2) to pin: '/axi_mem_intercon/m00_couplers/M_AXI_rid'(6) - Only lower order bits will be connected.
WARNING: [BD 41-2384] Width mismatch when connecting pin: '/axi_mem_intercon/m00_couplers/auto_pc/m_axi_bid'(2) to pin: '/axi_mem_intercon/m00_couplers/M_AXI_bid'(6) - Only lower order bits will be connected.
WARNING: [BD 41-2384] Width mismatch when connecting pin: '/ps7_0_axi_periph/s00_couplers/auto_pc/m_axi_rid'(12) to pin: '/ps7_0_axi_periph/s00_couplers/M_AXI_rid'(13) - Only lower order bits will be connected.
WARNING: [BD 41-2384] Width mismatch when connecting pin: '/ps7_0_axi_periph/s00_couplers/auto_pc/m_axi_bid'(12) to pin: '/ps7_0_axi_periph/s00_couplers/M_AXI_bid'(13) - Only lower order bits will be connected.
WARNING: [BD 41-2384] Width mismatch when connecting pin: '/ps7_0_axi_periph/xbar/s_axi_awid'(13) to pin: '/ps7_0_axi_periph/s00_couplers/M_AXI_awid'(12) - Only lower order bits will be connected.
WARNING: [BD 41-2384] Width mismatch when connecting pin: '/ps7_0_axi_periph/xbar/s_axi_arid'(13) to pin: '/ps7_0_axi_periph/s00_couplers/M_AXI_arid'(12) - Only lower order bits will be connected.
WARNING: [BD 41-2384] Width mismatch when connecting pin: '/ps7_0_axi_periph/s01_mmu/s_axi_arlock'(1) to pin: '/ps7_0_axi_periph/S01_AXI_arlock'(2) - Only lower order bits will be connected.
WARNING: [BD 41-2384] Width mismatch when connecting pin: '/blk_mem_gen_0/addra'(32) to pin: '/axi_bram_ctrl_0/bram_addr_a'(13) - Only lower order bits will be connected.
WARNING: [BD 41-2384] Width mismatch when connecting pin: '/processing_system7_0/S_AXI_GP0_AWID'(6) to pin: '/axi_mem_intercon/M00_AXI_awid'(2) - Only lower order bits will be connected.
WARNING: [BD 41-2384] Width mismatch when connecting pin: '/processing_system7_0/S_AXI_GP0_ARID'(6) to pin: '/axi_mem_intercon/M00_AXI_arid'(2) - Only lower order bits will be connected.
WARNING: [BD 41-2384] Width mismatch when connecting pin: '/processing_system7_0/S_AXI_GP0_WID'(6) to pin: '/axi_mem_intercon/M00_AXI_wid'(2) - Only lower order bits will be connected.
Verilog Output written to : c:/EECE4632FinalProject/Vivado_Guitar_Effects/Vivado_Guitar_Effects.gen/sources_1/bd/guitar_effects_design/synth/guitar_effects_design.v
WARNING: [BD 41-2384] Width mismatch when connecting pin: '/axi_mem_intercon/m00_couplers/auto_pc/m_axi_rid'(2) to pin: '/axi_mem_intercon/m00_couplers/M_AXI_rid'(6) - Only lower order bits will be connected.
WARNING: [BD 41-2384] Width mismatch when connecting pin: '/axi_mem_intercon/m00_couplers/auto_pc/m_axi_bid'(2) to pin: '/axi_mem_intercon/m00_couplers/M_AXI_bid'(6) - Only lower order bits will be connected.
WARNING: [BD 41-2384] Width mismatch when connecting pin: '/ps7_0_axi_periph/s00_couplers/auto_pc/m_axi_rid'(12) to pin: '/ps7_0_axi_periph/s00_couplers/M_AXI_rid'(13) - Only lower order bits will be connected.
WARNING: [BD 41-2384] Width mismatch when connecting pin: '/ps7_0_axi_periph/s00_couplers/auto_pc/m_axi_bid'(12) to pin: '/ps7_0_axi_periph/s00_couplers/M_AXI_bid'(13) - Only lower order bits will be connected.
WARNING: [BD 41-2384] Width mismatch when connecting pin: '/ps7_0_axi_periph/xbar/s_axi_awid'(13) to pin: '/ps7_0_axi_periph/s00_couplers/M_AXI_awid'(12) - Only lower order bits will be connected.
WARNING: [BD 41-2384] Width mismatch when connecting pin: '/ps7_0_axi_periph/xbar/s_axi_arid'(13) to pin: '/ps7_0_axi_periph/s00_couplers/M_AXI_arid'(12) - Only lower order bits will be connected.
WARNING: [BD 41-2384] Width mismatch when connecting pin: '/ps7_0_axi_periph/s01_mmu/s_axi_arlock'(1) to pin: '/ps7_0_axi_periph/S01_AXI_arlock'(2) - Only lower order bits will be connected.
WARNING: [BD 41-2384] Width mismatch when connecting pin: '/blk_mem_gen_0/addra'(32) to pin: '/axi_bram_ctrl_0/bram_addr_a'(13) - Only lower order bits will be connected.
WARNING: [BD 41-2384] Width mismatch when connecting pin: '/processing_system7_0/S_AXI_GP0_AWID'(6) to pin: '/axi_mem_intercon/M00_AXI_awid'(2) - Only lower order bits will be connected.
WARNING: [BD 41-2384] Width mismatch when connecting pin: '/processing_system7_0/S_AXI_GP0_ARID'(6) to pin: '/axi_mem_intercon/M00_AXI_arid'(2) - Only lower order bits will be connected.
WARNING: [BD 41-2384] Width mismatch when connecting pin: '/processing_system7_0/S_AXI_GP0_WID'(6) to pin: '/axi_mem_intercon/M00_AXI_wid'(2) - Only lower order bits will be connected.
Verilog Output written to : c:/EECE4632FinalProject/Vivado_Guitar_Effects/Vivado_Guitar_Effects.gen/sources_1/bd/guitar_effects_design/sim/guitar_effects_design.v
Verilog Output written to : c:/EECE4632FinalProject/Vivado_Guitar_Effects/Vivado_Guitar_Effects.gen/sources_1/bd/guitar_effects_design/hdl/guitar_effects_design_wrapper.v
INFO: [BD 41-1029] Generation completed for the IP Integrator block guitar_effects_0 .
WARNING: [IP_Flow 19-4994] Overwriting existing constraint file 'c:/EECE4632FinalProject/Vivado_Guitar_Effects/Vivado_Guitar_Effects.gen/sources_1/bd/guitar_effects_design/ip/guitar_effects_design_auto_pc_0/guitar_effects_design_auto_pc_0_ooc.xdc'
INFO: [BD 41-1029] Generation completed for the IP Integrator block axi_mem_intercon/m00_couplers/auto_pc .
WARNING: [IP_Flow 19-4994] Overwriting existing constraint file 'c:/EECE4632FinalProject/Vivado_Guitar_Effects/Vivado_Guitar_Effects.gen/sources_1/bd/guitar_effects_design/ip/guitar_effects_design_auto_pc_3/guitar_effects_design_auto_pc_3_ooc.xdc'
INFO: [BD 41-1029] Generation completed for the IP Integrator block ps7_0_axi_periph/s00_couplers/auto_pc .
WARNING: [IP_Flow 19-4994] Overwriting existing constraint file 'c:/EECE4632FinalProject/Vivado_Guitar_Effects/Vivado_Guitar_Effects.gen/sources_1/bd/guitar_effects_design/ip/guitar_effects_design_auto_pc_1/guitar_effects_design_auto_pc_1_ooc.xdc'
INFO: [BD 41-1029] Generation completed for the IP Integrator block ps7_0_axi_periph/m00_couplers/auto_pc .
WARNING: [IP_Flow 19-4994] Overwriting existing constraint file 'c:/EECE4632FinalProject/Vivado_Guitar_Effects/Vivado_Guitar_Effects.gen/sources_1/bd/guitar_effects_design/ip/guitar_effects_design_auto_pc_2/guitar_effects_design_auto_pc_2_ooc.xdc'
INFO: [BD 41-1029] Generation completed for the IP Integrator block ps7_0_axi_periph/m02_couplers/auto_pc .
INFO: [BD 41-1029] Generation completed for the IP Integrator block ps7_0_axi_periph/s01_mmu .
Exporting to file c:/EECE4632FinalProject/Vivado_Guitar_Effects/Vivado_Guitar_Effects.gen/sources_1/bd/guitar_effects_design/hw_handoff/guitar_effects_design.hwh
Generated Hardware Definition File c:/EECE4632FinalProject/Vivado_Guitar_Effects/Vivado_Guitar_Effects.gen/sources_1/bd/guitar_effects_design/synth/guitar_effects_design.hwdef
generate_target: Time (s): cpu = 00:00:22 ; elapsed = 00:00:21 . Memory (MB): peak = 3559.344 ; gain = 0.000
catch { config_ip_cache -export [get_ips -all guitar_effects_design_guitar_effects_0_28] }
catch { config_ip_cache -export [get_ips -all guitar_effects_design_auto_pc_0] }
INFO: [IP_Flow 19-4993] Using cached IP synthesis design for IP guitar_effects_design_auto_pc_0, cache-ID = f393baf57ec07074; cache size = 375.176 MB.
catch { config_ip_cache -export [get_ips -all guitar_effects_design_auto_pc_3] }
INFO: [IP_Flow 19-4993] Using cached IP synthesis design for IP guitar_effects_design_auto_pc_3, cache-ID = a528d82785f4b402; cache size = 375.176 MB.
catch { config_ip_cache -export [get_ips -all guitar_effects_design_auto_pc_1] }
INFO: [IP_Flow 19-4993] Using cached IP synthesis design for IP guitar_effects_design_auto_pc_1, cache-ID = 6e47732b20591f84; cache size = 375.176 MB.
catch { config_ip_cache -export [get_ips -all guitar_effects_design_auto_pc_2] }
INFO: [IP_Flow 19-4993] Using cached IP synthesis design for IP guitar_effects_design_auto_pc_2, cache-ID = 6e47732b20591f84; cache size = 375.176 MB.
catch { config_ip_cache -export [get_ips -all guitar_effects_design_s01_mmu_0] }
export_ip_user_files -of_objects [get_files C:/EECE4632FinalProject/Vivado_Guitar_Effects/Vivado_Guitar_Effects.srcs/sources_1/bd/guitar_effects_design/guitar_effects_design.bd] -no_script -sync -force -quiet
create_ip_run [get_files -of_objects [get_fileset sources_1] C:/EECE4632FinalProject/Vivado_Guitar_Effects/Vivado_Guitar_Effects.srcs/sources_1/bd/guitar_effects_design/guitar_effects_design.bd]
launch_runs guitar_effects_design_guitar_effects_0_28_synth_1 guitar_effects_design_s01_mmu_0_synth_1 -jobs 16
[Mon Apr 22 14:31:52 2024] Launched guitar_effects_design_guitar_effects_0_28_synth_1, guitar_effects_design_s01_mmu_0_synth_1...
Run output will be captured here:
guitar_effects_design_guitar_effects_0_28_synth_1: C:/EECE4632FinalProject/Vivado_Guitar_Effects/Vivado_Guitar_Effects.runs/guitar_effects_design_guitar_effects_0_28_synth_1/runme.log
guitar_effects_design_s01_mmu_0_synth_1: C:/EECE4632FinalProject/Vivado_Guitar_Effects/Vivado_Guitar_Effects.runs/guitar_effects_design_s01_mmu_0_synth_1/runme.log
export_simulation -of_objects [get_files C:/EECE4632FinalProject/Vivado_Guitar_Effects/Vivado_Guitar_Effects.srcs/sources_1/bd/guitar_effects_design/guitar_effects_design.bd] -directory C:/EECE4632FinalProject/Vivado_Guitar_Effects/Vivado_Guitar_Effects.ip_user_files/sim_scripts -ip_user_files_dir C:/EECE4632FinalProject/Vivado_Guitar_Effects/Vivado_Guitar_Effects.ip_user_files -ipstatic_source_dir C:/EECE4632FinalProject/Vivado_Guitar_Effects/Vivado_Guitar_Effects.ip_user_files/ipstatic -lib_map_path [list {modelsim=C:/EECE4632FinalProject/Vivado_Guitar_Effects/Vivado_Guitar_Effects.cache/compile_simlib/modelsim} {questa=C:/EECE4632FinalProject/Vivado_Guitar_Effects/Vivado_Guitar_Effects.cache/compile_simlib/questa} {riviera=C:/EECE4632FinalProject/Vivado_Guitar_Effects/Vivado_Guitar_Effects.cache/compile_simlib/riviera} {activehdl=C:/EECE4632FinalProject/Vivado_Guitar_Effects/Vivado_Guitar_Effects.cache/compile_simlib/activehdl}] -use_ip_compiled_libs -force -quiet
reset_run synth_1
INFO: [Project 1-1161] Replacing file C:/Users/du.kad/Desktop/EECE4632FinalProject/Vivado_Guitar_Effects/Vivado_Guitar_Effects.srcs/utils_1/imports/synth_1/guitar_effects_design_wrapper.dcp with file C:/EECE4632FinalProject/Vivado_Guitar_Effects/Vivado_Guitar_Effects.runs/synth_1/guitar_effects_design_wrapper.dcp
WARNING: [Vivado 12-1017] Problems encountered:
1. Failed to delete one or more files in run directory C:/EECE4632FinalProject/Vivado_Guitar_Effects/Vivado_Guitar_Effects.runs/synth_1

launch_runs impl_1 -to_step write_bitstream -jobs 16
[Mon Apr 22 14:32:25 2024] Launched guitar_effects_design_guitar_effects_0_28_synth_1, guitar_effects_design_s01_mmu_0_synth_1, synth_1...
Run output will be captured here:
guitar_effects_design_guitar_effects_0_28_synth_1: C:/EECE4632FinalProject/Vivado_Guitar_Effects/Vivado_Guitar_Effects.runs/guitar_effects_design_guitar_effects_0_28_synth_1/runme.log
guitar_effects_design_s01_mmu_0_synth_1: C:/EECE4632FinalProject/Vivado_Guitar_Effects/Vivado_Guitar_Effects.runs/guitar_effects_design_s01_mmu_0_synth_1/runme.log
synth_1: C:/EECE4632FinalProject/Vivado_Guitar_Effects/Vivado_Guitar_Effects.runs/synth_1/runme.log
[Mon Apr 22 14:32:25 2024] Launched impl_1...
Run output will be captured here: C:/EECE4632FinalProject/Vivado_Guitar_Effects/Vivado_Guitar_Effects.runs/impl_1/runme.log
WARNING: [IP_Flow 19-4318] IP-XACT file does not exist: c:/EECE4632FinalProject/guitar_effects_cpp/Guitar_Effects/solution1/impl/ip/component.xml. It will be created.
WARNING: [IP_Flow 19-4067] Ignoring invalid widget type specified checkbox.Providing a default widget
WARNING: [IP_Flow 19-4067] Ignoring invalid widget type specified checkbox.Providing a default widget
INFO: [IP_Flow 19-3484] Absolute path of file 'c:/EECE4632FinalProject/Wah_coeffs2.coe' provided. It will be converted relative to IP Instance files '../../../../../Wah_coeffs2.coe'
startgroup
set_property -dict [list CONFIG.Coe_File {C:/EECE4632FinalProject/Wah_coeffs2.coe}] [get_bd_cells blk_mem_gen_0]
INFO: [IP_Flow 19-3484] Absolute path of file 'c:/EECE4632FinalProject/Wah_coeffs2.coe' provided. It will be converted relative to IP Instance files '../../../../../../../Wah_coeffs2.coe'
endgroup
save_bd_design
Wrote  : <C:\EECE4632FinalProject\Vivado_Guitar_Effects\Vivado_Guitar_Effects.srcs\sources_1\bd\guitar_effects_design\guitar_effects_design.bd> 
Wrote  : <C:/EECE4632FinalProject/Vivado_Guitar_Effects/Vivado_Guitar_Effects.srcs/sources_1/bd/guitar_effects_design/ui/bd_aa970370.ui> 
exit
INFO: [Common 17-206] Exiting Vivado at Mon Apr 22 14:50:12 2024...
