INFO: [SIM 2] *************** CSIM start ***************
INFO: [SIM 4] CSIM will launch GCC as the compiler.
   Compiling ../../../../equalizer.cpp in debug mode
   Generating csim.exe
In function
Sending coefs
Sent scale
Sent scale
Sent scale
Sent coefs
Sent ABBA
Wrote to input buffer
After function call
0
6
18
36
60
90
126
168
216
270
330
396
468
546
630
720
816
918
1026
1140
1260
1386
1518
1656
1800
1950
2106
2268
2436
2610
2790
2976
3168
3366
3570
3780
3996
4218
4446
4680
4920
5166
5418
5676
5940
6210
6486
6768
7056
7350
7650
7956
8268
8586
8910
9240
9576
9918
10266
10620
10980
11346
11718
12096
12480
12870
13266
13668
14076
14490
14910
15336
15768
16206
16650
17100
17556
18018
18486
18960
19440
19926
20418
20916
21420
21930
22446
22968
23496
24030
24570
25116
25668
26226
26790
27360
27936
28518
29106
Read from output buffer
GREAT! YOU PASSED
WARNING: Hls::stream 'hls::stream<hls::axis<ap_int<32>, 1ull, 1ull, 1ull>, 0>1' contains leftover data, which may result in RTL simulation hanging.
INFO: [SIM 1] CSim done with 0 errors.
INFO: [SIM 3] *************** CSIM finish ***************
