==============================================================
Vitis HLS - High-Level Synthesis from C, C++ and OpenCL v2022.1 (64-bit)
Tool Version Limit: 2022.04
Copyright 1986-2022 Xilinx, Inc. All Rights Reserved.
==============================================================
INFO: [SYN 201-201] Setting up clock 'default' with a period of 20ns.
INFO: [HLS 200-1611] Setting target device to 'xc7z020-clg400-1'
INFO: [HLS 200-1505] Using flow_target 'vivado'
INFO: [HLS 200-1510] Running: set_part xc7z020clg400-1 
INFO: [HLS 200-1510] Running: create_clock -period 20 -name default 
INFO: [SYN 201-201] Setting up clock 'default' with a period of 20ns.
INFO: [HLS 200-1510] Running: csynth_design 
INFO: [HLS 200-111] Finished File checks and directory preparation: CPU user time: 0 seconds. CPU system time: 0 seconds. Elapsed time: 0.02 seconds; current allocated memory: 1.442 GB.
INFO: [HLS 200-10] Analyzing design file 'equalizer.cpp' ... 
INFO: [HLS 200-111] Finished Source Code Analysis and Preprocessing: CPU user time: 0 seconds. CPU system time: 1 seconds. Elapsed time: 3.813 seconds; current allocated memory: 1.442 GB.
ERROR: [HLS 214-157] Top function not found: there is no function named 'filt'
INFO: [HLS 200-111] Finished Command csynth_design CPU user time: 0 seconds. CPU system time: 1 seconds. Elapsed time: 6.872 seconds; current allocated memory: 0.000 MB.
INFO: [HLS 200-112] Total CPU user time: 3 seconds. Total CPU system time: 2 seconds. Total elapsed time: 9.706 seconds; peak allocated memory: 1.442 GB.
==============================================================
Vitis HLS - High-Level Synthesis from C, C++ and OpenCL v2022.1 (64-bit)
Tool Version Limit: 2022.04
Copyright 1986-2022 Xilinx, Inc. All Rights Reserved.
==============================================================
INFO: [SYN 201-201] Setting up clock 'default' with a period of 20ns.
INFO: [HLS 200-1611] Setting target device to 'xc7z020-clg400-1'
INFO: [HLS 200-1505] Using flow_target 'vivado'
INFO: [HLS 200-1510] Running: set_part xc7z020clg400-1 
INFO: [HLS 200-1510] Running: create_clock -period 20 -name default 
INFO: [HLS 200-1510] Running: csynth_design 
INFO: [HLS 200-111] Finished File checks and directory preparation: CPU user time: 0 seconds. CPU system time: 0 seconds. Elapsed time: 0.02 seconds; current allocated memory: 1.442 GB.
INFO: [HLS 200-10] Analyzing design file 'equalizer.cpp' ... 
INFO: [HLS 200-111] Finished Source Code Analysis and Preprocessing: CPU user time: 0 seconds. CPU system time: 1 seconds. Elapsed time: 3.388 seconds; current allocated memory: 1.442 GB.
ERROR: [HLS 214-157] Top function not found: there is no function named 'filt'
INFO: [HLS 200-111] Finished Command csynth_design CPU user time: 0 seconds. CPU system time: 1 seconds. Elapsed time: 6.123 seconds; current allocated memory: 0.000 MB.
INFO: [HLS 200-112] Total CPU user time: 3 seconds. Total CPU system time: 2 seconds. Total elapsed time: 8.867 seconds; peak allocated memory: 1.442 GB.
==============================================================
Vitis HLS - High-Level Synthesis from C, C++ and OpenCL v2022.1 (64-bit)
Tool Version Limit: 2022.04
Copyright 1986-2022 Xilinx, Inc. All Rights Reserved.
==============================================================
INFO: [SYN 201-201] Setting up clock 'default' with a period of 20ns.
INFO: [HLS 200-1611] Setting target device to 'xc7z020-clg400-1'
INFO: [HLS 200-1505] Using flow_target 'vivado'
INFO: [HLS 200-1510] Running: set_part xc7z020clg400-1 
INFO: [HLS 200-1510] Running: create_clock -period 20 -name default 
INFO: [SYN 201-201] Setting up clock 'default' with a period of 20ns.
INFO: [HLS 200-1510] Running: csynth_design 
INFO: [HLS 200-111] Finished File checks and directory preparation: CPU user time: 0 seconds. CPU system time: 1 seconds. Elapsed time: 0.014 seconds; current allocated memory: 1.409 GB.
INFO: [HLS 200-10] Analyzing design file 'equalizer.cpp' ... 
INFO: [HLS 200-111] Finished Source Code Analysis and Preprocessing: CPU user time: 1 seconds. CPU system time: 0 seconds. Elapsed time: 3.778 seconds; current allocated memory: 1.409 GB.
INFO: [HLS 200-777] Using interface defaults for 'Vivado' flow target.
INFO: [HLS 214-131] Inlining function 'hls::axis<ap_int<32>, 1ul, 1ul, 1ul>::get_user_ptr()' into 'hls::stream<hls::axis<ap_int<32>, 1ul, 1ul, 1ul>, 0>::read(hls::axis<ap_int<32>, 1ul, 1ul, 1ul>&)' (C:/Xilinx/Vitis_HLS/2022.1/common/technology/autopilot\ap_axi_sdata.h:283:50)
INFO: [HLS 214-131] Inlining function 'hls::axis<ap_int<32>, 1ul, 1ul, 1ul>::get_dest_ptr()' into 'hls::stream<hls::axis<ap_int<32>, 1ul, 1ul, 1ul>, 0>::read(hls::axis<ap_int<32>, 1ul, 1ul, 1ul>&)' (C:/Xilinx/Vitis_HLS/2022.1/common/technology/autopilot\ap_axi_sdata.h:286:25)
INFO: [HLS 214-131] Inlining function 'hls::axis<ap_int<32>, 1ul, 1ul, 1ul>::get_id_ptr()' into 'hls::stream<hls::axis<ap_int<32>, 1ul, 1ul, 1ul>, 0>::read(hls::axis<ap_int<32>, 1ul, 1ul, 1ul>&)' (C:/Xilinx/Vitis_HLS/2022.1/common/technology/autopilot\ap_axi_sdata.h:285:67)
INFO: [HLS 214-131] Inlining function 'hls::axis<ap_int<32>, 1ul, 1ul, 1ul>::get_user_ptr()' into 'hls::stream<hls::axis<ap_int<32>, 1ul, 1ul, 1ul>, 0>::read(hls::axis<ap_int<32>, 1ul, 1ul, 1ul>&)' (C:/Xilinx/Vitis_HLS/2022.1/common/technology/autopilot\ap_axi_sdata.h:285:36)
INFO: [HLS 214-131] Inlining function 'hls::axis<ap_int<32>, 1ul, 1ul, 1ul>::get_dest_ptr()' into 'hls::stream<hls::axis<ap_int<32>, 1ul, 1ul, 1ul>, 0>::read(hls::axis<ap_int<32>, 1ul, 1ul, 1ul>&)' (C:/Xilinx/Vitis_HLS/2022.1/common/technology/autopilot\ap_axi_sdata.h:284:39)
INFO: [HLS 214-131] Inlining function 'hls::axis<ap_int<32>, 1ul, 1ul, 1ul>::get_id_ptr()' into 'hls::stream<hls::axis<ap_int<32>, 1ul, 1ul, 1ul>, 0>::read(hls::axis<ap_int<32>, 1ul, 1ul, 1ul>&)' (C:/Xilinx/Vitis_HLS/2022.1/common/technology/autopilot\ap_axi_sdata.h:284:23)
INFO: [HLS 214-131] Inlining function 'ssdm_int<32, true>::ssdm_int(int)' into 'ap_int_base<32, true>::ap_int_base(int)' (C:/Xilinx/Vitis_HLS/2022.1/common/technology/autopilot\ap_int_base.h:260:67)
INFO: [HLS 214-131] Inlining function 'ap_int_base<32, true>::ap_int_base(int)' into 'ap_int<32>::ap_int(int)' (C:/Xilinx/Vitis_HLS/2022.1/common/technology/autopilot/ap_int.h:179:57)
INFO: [HLS 214-131] Inlining function 'hls::axis<ap_int<32>, 1ul, 1ul, 1ul>::get_user_ptr()' into 'hls::stream<hls::axis<ap_int<32>, 1ul, 1ul, 1ul>, 0>::write(hls::axis<ap_int<32>, 1ul, 1ul, 1ul> const&)' (C:/Xilinx/Vitis_HLS/2022.1/common/technology/autopilot\ap_axi_sdata.h:304:51)
INFO: [HLS 214-131] Inlining function 'hls::axis<ap_int<32>, 1ul, 1ul, 1ul>::get_dest_ptr()' into 'hls::stream<hls::axis<ap_int<32>, 1ul, 1ul, 1ul>, 0>::write(hls::axis<ap_int<32>, 1ul, 1ul, 1ul> const&)' (C:/Xilinx/Vitis_HLS/2022.1/common/technology/autopilot\ap_axi_sdata.h:307:26)
INFO: [HLS 214-131] Inlining function 'hls::axis<ap_int<32>, 1ul, 1ul, 1ul>::get_id_ptr()' into 'hls::stream<hls::axis<ap_int<32>, 1ul, 1ul, 1ul>, 0>::write(hls::axis<ap_int<32>, 1ul, 1ul, 1ul> const&)' (C:/Xilinx/Vitis_HLS/2022.1/common/technology/autopilot\ap_axi_sdata.h:306:68)
INFO: [HLS 214-131] Inlining function 'hls::axis<ap_int<32>, 1ul, 1ul, 1ul>::get_user_ptr()' into 'hls::stream<hls::axis<ap_int<32>, 1ul, 1ul, 1ul>, 0>::write(hls::axis<ap_int<32>, 1ul, 1ul, 1ul> const&)' (C:/Xilinx/Vitis_HLS/2022.1/common/technology/autopilot\ap_axi_sdata.h:306:37)
INFO: [HLS 214-131] Inlining function 'hls::axis<ap_int<32>, 1ul, 1ul, 1ul>::get_dest_ptr()' into 'hls::stream<hls::axis<ap_int<32>, 1ul, 1ul, 1ul>, 0>::write(hls::axis<ap_int<32>, 1ul, 1ul, 1ul> const&)' (C:/Xilinx/Vitis_HLS/2022.1/common/technology/autopilot\ap_axi_sdata.h:305:40)
INFO: [HLS 214-131] Inlining function 'hls::axis<ap_int<32>, 1ul, 1ul, 1ul>::get_id_ptr()' into 'hls::stream<hls::axis<ap_int<32>, 1ul, 1ul, 1ul>, 0>::write(hls::axis<ap_int<32>, 1ul, 1ul, 1ul> const&)' (C:/Xilinx/Vitis_HLS/2022.1/common/technology/autopilot\ap_axi_sdata.h:305:24)
INFO: [HLS 214-131] Inlining function 'hls::stream<hls::axis<ap_int<32>, 1ul, 1ul, 1ul>, 0>::read(hls::axis<ap_int<32>, 1ul, 1ul, 1ul>&)' into 'equalizer(hls::stream<hls::axis<ap_int<32>, 1ul, 1ul, 1ul>, 0>&, int*, hls::stream<hls::axis<ap_int<32>, 1ul, 1ul, 1ul>, 0>&)' (equalizer.cpp:25:9)
INFO: [HLS 214-131] Inlining function 'ap_int_base<1, false>::operator unsigned long long() const' into 'equalizer(hls::stream<hls::axis<ap_int<32>, 1ul, 1ul, 1ul>, 0>&, int*, hls::stream<hls::axis<ap_int<32>, 1ul, 1ul, 1ul>, 0>&)' (equalizer.cpp:101:7)
INFO: [HLS 214-131] Inlining function 'hls::stream<hls::axis<ap_int<32>, 1ul, 1ul, 1ul>, 0>::write(hls::axis<ap_int<32>, 1ul, 1ul, 1ul> const&)' into 'equalizer(hls::stream<hls::axis<ap_int<32>, 1ul, 1ul, 1ul>, 0>&, int*, hls::stream<hls::axis<ap_int<32>, 1ul, 1ul, 1ul>, 0>&)' (equalizer.cpp:93:12)
INFO: [HLS 214-131] Inlining function 'ap_int_base<32, true>::to_int() const' into 'equalizer(hls::stream<hls::axis<ap_int<32>, 1ul, 1ul, 1ul>, 0>&, int*, hls::stream<hls::axis<ap_int<32>, 1ul, 1ul, 1ul>, 0>&)' (equalizer.cpp:83:36)
INFO: [HLS 214-131] Inlining function 'ap_int_base<32, true>::to_int() const' into 'equalizer(hls::stream<hls::axis<ap_int<32>, 1ul, 1ul, 1ul>, 0>&, int*, hls::stream<hls::axis<ap_int<32>, 1ul, 1ul, 1ul>, 0>&)' (equalizer.cpp:82:28)
INFO: [HLS 214-131] Inlining function 'hls::stream<hls::axis<ap_int<32>, 1ul, 1ul, 1ul>, 0>::read(hls::axis<ap_int<32>, 1ul, 1ul, 1ul>&)' into 'equalizer(hls::stream<hls::axis<ap_int<32>, 1ul, 1ul, 1ul>, 0>&, int*, hls::stream<hls::axis<ap_int<32>, 1ul, 1ul, 1ul>, 0>&)' (equalizer.cpp:65:12)
INFO: [HLS 214-131] Inlining function 'ap_int_base<32, true>::to_int() const' into 'equalizer(hls::stream<hls::axis<ap_int<32>, 1ul, 1ul, 1ul>, 0>&, int*, hls::stream<hls::axis<ap_int<32>, 1ul, 1ul, 1ul>, 0>&)' (equalizer.cpp:63:26)
INFO: [HLS 214-131] Inlining function 'ap_int_base<32, true>::to_int() const' into 'equalizer(hls::stream<hls::axis<ap_int<32>, 1ul, 1ul, 1ul>, 0>&, int*, hls::stream<hls::axis<ap_int<32>, 1ul, 1ul, 1ul>, 0>&)' (equalizer.cpp:57:19)
INFO: [HLS 214-131] Inlining function 'ap_int_base<32, true>::to_int() const' into 'equalizer(hls::stream<hls::axis<ap_int<32>, 1ul, 1ul, 1ul>, 0>&, int*, hls::stream<hls::axis<ap_int<32>, 1ul, 1ul, 1ul>, 0>&)' (equalizer.cpp:30:18)
INFO: [HLS 214-186] Unrolling loop 'Shift_Accumulate_Loop' (equalizer.cpp:76:5) in function 'equalizer' completely with a factor of 98 (equalizer.cpp:3:0)
INFO: [HLS 214-115] Multiple burst reads of length 99 and bit width 32 has been inferred on bundle 'gmem'. These burst requests might be further partitioned into multiple requests during RTL generation, based on max_read_burst_length or max_write_burst_length settings. (equalizer.cpp:79:42)
INFO: [HLS 214-131] Inlining function '_llvm.fpga.unpack.none.s_struct.ap_int<32>s.i32' into 'equalizer(hls::stream<hls::axis<ap_int<32>, 1ul, 1ul, 1ul>, 0>&, int*, hls::stream<hls::axis<ap_int<32>, 1ul, 1ul, 1ul>, 0>&)' (C:/Xilinx/Vitis_HLS/2022.1/common/technology/autopilot\ap_axi_sdata.h:283:5)
INFO: [HLS 214-131] Inlining function '_llvm.fpga.pack.none.i1.s_struct.ap_uint<1>s' into 'equalizer(hls::stream<hls::axis<ap_int<32>, 1ul, 1ul, 1ul>, 0>&, int*, hls::stream<hls::axis<ap_int<32>, 1ul, 1ul, 1ul>, 0>&)' (C:/Xilinx/Vitis_HLS/2022.1/common/technology/autopilot\ap_axi_sdata.h:304:5)
INFO: [HLS 214-131] Inlining function '_llvm.fpga.pack.none.i4.s_struct.ap_uint<4>s' into 'equalizer(hls::stream<hls::axis<ap_int<32>, 1ul, 1ul, 1ul>, 0>&, int*, hls::stream<hls::axis<ap_int<32>, 1ul, 1ul, 1ul>, 0>&)' (C:/Xilinx/Vitis_HLS/2022.1/common/technology/autopilot\ap_axi_sdata.h:304:5)
INFO: [HLS 214-131] Inlining function '_llvm.fpga.pack.none.i32.s_struct.ap_int<32>s' into 'equalizer(hls::stream<hls::axis<ap_int<32>, 1ul, 1ul, 1ul>, 0>&, int*, hls::stream<hls::axis<ap_int<32>, 1ul, 1ul, 1ul>, 0>&)' (C:/Xilinx/Vitis_HLS/2022.1/common/technology/autopilot\ap_axi_sdata.h:304:5)
INFO: [HLS 214-131] Inlining function '_llvm.fpga.unpack.none.s_struct.ap_uint<1>s.i1' into 'equalizer(hls::stream<hls::axis<ap_int<32>, 1ul, 1ul, 1ul>, 0>&, int*, hls::stream<hls::axis<ap_int<32>, 1ul, 1ul, 1ul>, 0>&)' (C:/Xilinx/Vitis_HLS/2022.1/common/technology/autopilot\ap_axi_sdata.h:283:5)
INFO: [HLS 214-131] Inlining function '_llvm.fpga.unpack.none.s_struct.ap_uint<4>s.i4' into 'equalizer(hls::stream<hls::axis<ap_int<32>, 1ul, 1ul, 1ul>, 0>&, int*, hls::stream<hls::axis<ap_int<32>, 1ul, 1ul, 1ul>, 0>&)' (C:/Xilinx/Vitis_HLS/2022.1/common/technology/autopilot\ap_axi_sdata.h:283:5)
INFO: [HLS 200-111] Finished Compiling Optimization and Transform: CPU user time: 0 seconds. CPU system time: 0 seconds. Elapsed time: 4.162 seconds; current allocated memory: 1.409 GB.
INFO: [HLS 200-111] Finished Checking Pragmas: CPU user time: 0 seconds. CPU system time: 0 seconds. Elapsed time: 0.002 seconds; current allocated memory: 1.409 GB.
INFO: [HLS 200-10] Starting code transformations ...
INFO: [HLS 200-111] Finished Standard Transforms: CPU user time: 0 seconds. CPU system time: 0 seconds. Elapsed time: 0.155 seconds; current allocated memory: 1.409 GB.
INFO: [HLS 200-10] Checking synthesizability ...
INFO: [HLS 200-111] Finished Checking Synthesizability: CPU user time: 0 seconds. CPU system time: 0 seconds. Elapsed time: 0.11 seconds; current allocated memory: 1.409 GB.
INFO: [XFORM 203-510] Pipelining loop 'VITIS_LOOP_56_2' (equalizer.cpp:63) in function 'equalizer' automatically.
INFO: [XFORM 203-11] Balancing expressions in function 'equalizer' (equalizer.cpp:3:22)...98 expression(s) balanced.
INFO: [HLS 200-111] Finished Loop, function and other optimizations: CPU user time: 1 seconds. CPU system time: 0 seconds. Elapsed time: 0.457 seconds; current allocated memory: 1.409 GB.
WARNING: [HLS 200-960] Cannot flatten loop 'VITIS_LOOP_24_1' in function 'equalizer' the outer loop is not a perfect loop because there is nontrivial logic before entering the inner loop.
INFO: [HLS 200-472] Inferring partial write operation for 'signal_shift_reg' (equalizer.cpp:78:22)
INFO: [HLS 200-472] Inferring partial write operation for 'signal_shift_reg' (equalizer.cpp:83:25)
INFO: [HLS 200-111] Finished Architecture Synthesis: CPU user time: 0 seconds. CPU system time: 0 seconds. Elapsed time: 0.431 seconds; current allocated memory: 1.409 GB.
INFO: [HLS 200-10] Starting hardware synthesis ...
INFO: [HLS 200-10] Synthesizing 'equalizer' ...
INFO: [HLS 200-10] ----------------------------------------------------------------
INFO: [HLS 200-42] -- Implementing module 'equalizer_Pipeline_VITIS_LOOP_56_2' 
INFO: [HLS 200-10] ----------------------------------------------------------------
INFO: [SCHED 204-11] Starting scheduling ...
INFO: [SCHED 204-61] Pipelining loop 'VITIS_LOOP_56_2'.
INFO: [HLS 200-1470] Pipelining result : Target II = NA, Final II = 1, Depth = 9, loop 'VITIS_LOOP_56_2'
INFO: [SCHED 204-11] Finished scheduling.
INFO: [HLS 200-111] Finished Scheduling: CPU user time: 0 seconds. CPU system time: 0 seconds. Elapsed time: 0.922 seconds; current allocated memory: 1.409 GB.
INFO: [BIND 205-100] Starting micro-architecture generation ...
INFO: [BIND 205-101] Performing variable lifetime analysis.
INFO: [BIND 205-101] Exploring resource sharing.
INFO: [BIND 205-101] Binding ...
INFO: [BIND 205-100] Finished micro-architecture generation.
INFO: [HLS 200-111] Finished Binding: CPU user time: 0 seconds. CPU system time: 0 seconds. Elapsed time: 0.073 seconds; current allocated memory: 1.409 GB.
INFO: [HLS 200-10] ----------------------------------------------------------------
INFO: [HLS 200-42] -- Implementing module 'equalizer' 
INFO: [HLS 200-10] ----------------------------------------------------------------
INFO: [SCHED 204-11] Starting scheduling ...
INFO: [SCHED 204-11] Finished scheduling.
INFO: [HLS 200-111] Finished Scheduling: CPU user time: 1 seconds. CPU system time: 0 seconds. Elapsed time: 0.982 seconds; current allocated memory: 1.409 GB.
INFO: [BIND 205-100] Starting micro-architecture generation ...
INFO: [BIND 205-101] Performing variable lifetime analysis.
INFO: [BIND 205-101] Exploring resource sharing.
INFO: [BIND 205-101] Binding ...
INFO: [BIND 205-100] Finished micro-architecture generation.
INFO: [HLS 200-111] Finished Binding: CPU user time: 1 seconds. CPU system time: 0 seconds. Elapsed time: 1.005 seconds; current allocated memory: 1.409 GB.
INFO: [HLS 200-10] ----------------------------------------------------------------
INFO: [HLS 200-10] -- Generating RTL for module 'equalizer_Pipeline_VITIS_LOOP_56_2' 
INFO: [HLS 200-10] ----------------------------------------------------------------
INFO: [HLS 200-1030] Apply Unified Pipeline Control on module 'equalizer_Pipeline_VITIS_LOOP_56_2' pipeline 'VITIS_LOOP_56_2' pipeline type 'loop pipeline'
INFO: [RTGEN 206-100] Finished creating RTL model for 'equalizer_Pipeline_VITIS_LOOP_56_2'.
INFO: [HLS 200-111] Finished Creating RTL model: CPU user time: 1 seconds. CPU system time: 0 seconds. Elapsed time: 0.693 seconds; current allocated memory: 1.409 GB.
INFO: [HLS 200-10] ----------------------------------------------------------------
INFO: [HLS 200-10] -- Generating RTL for module 'equalizer' 
INFO: [HLS 200-10] ----------------------------------------------------------------
WARNING: [RTGEN 206-101] Design contains AXI ports. Reset is fixed to synchronous and active low.
INFO: [RTGEN 206-500] Setting interface mode on port 'equalizer/gmem' to 'm_axi'.
INFO: [RTGEN 206-500] Setting interface mode on port 'equalizer/output_r_V_data_V' to 'axis' (register, both mode).
INFO: [RTGEN 206-500] Setting interface mode on port 'equalizer/output_r_V_keep_V' to 'axis' (register, both mode).
INFO: [RTGEN 206-500] Setting interface mode on port 'equalizer/output_r_V_strb_V' to 'axis' (register, both mode).
INFO: [RTGEN 206-500] Setting interface mode on port 'equalizer/output_r_V_user_V' to 'axis' (register, both mode).
INFO: [RTGEN 206-500] Setting interface mode on port 'equalizer/output_r_V_last_V' to 'axis' (register, both mode).
INFO: [RTGEN 206-500] Setting interface mode on port 'equalizer/output_r_V_id_V' to 'axis' (register, both mode).
INFO: [RTGEN 206-500] Setting interface mode on port 'equalizer/output_r_V_dest_V' to 'axis' (register, both mode).
INFO: [RTGEN 206-500] Setting interface mode on port 'equalizer/coefs' to 's_axilite & ap_none'.
INFO: [RTGEN 206-500] Setting interface mode on port 'equalizer/input_r_V_data_V' to 'axis' (register, both mode).
INFO: [RTGEN 206-500] Setting interface mode on port 'equalizer/input_r_V_keep_V' to 'axis' (register, both mode).
INFO: [RTGEN 206-500] Setting interface mode on port 'equalizer/input_r_V_strb_V' to 'axis' (register, both mode).
INFO: [RTGEN 206-500] Setting interface mode on port 'equalizer/input_r_V_user_V' to 'axis' (register, both mode).
INFO: [RTGEN 206-500] Setting interface mode on port 'equalizer/input_r_V_last_V' to 'axis' (register, both mode).
INFO: [RTGEN 206-500] Setting interface mode on port 'equalizer/input_r_V_id_V' to 'axis' (register, both mode).
INFO: [RTGEN 206-500] Setting interface mode on port 'equalizer/input_r_V_dest_V' to 'axis' (register, both mode).
INFO: [RTGEN 206-500] Setting interface mode on function 'equalizer' to 'ap_ctrl_none'.
INFO: [RTGEN 206-100] Bundling port 'coefs' to AXI-Lite port control.
INFO: [RTGEN 206-100] Generating core module 'mul_32s_32s_32_1_1': 99 instance(s).
INFO: [RTGEN 206-100] Finished creating RTL model for 'equalizer'.
INFO: [HLS 200-111] Finished Creating RTL model: CPU user time: 0 seconds. CPU system time: 0 seconds. Elapsed time: 0.55 seconds; current allocated memory: 1.409 GB.
INFO: [RTMG 210-278] Implementing memory 'equalizer_signal_shift_reg_RAM_AUTO_1R1W_ram (RAM)' using auto RAMs with power-on initialization.
INFO: [HLS 200-111] Finished Generating all RTL models: CPU user time: 2 seconds. CPU system time: 0 seconds. Elapsed time: 2.705 seconds; current allocated memory: 1.409 GB.
INFO: [HLS 200-1603] Design has inferred MAXI bursts and missed bursts, see Vitis HLS GUI synthesis summary report for detailed information.
INFO: [HLS 200-111] Finished Updating report files: CPU user time: 0 seconds. CPU system time: 0 seconds. Elapsed time: 0.689 seconds; current allocated memory: 1.409 GB.
INFO: [VHDL 208-304] Generating VHDL RTL for equalizer.
INFO: [VLOG 209-307] Generating Verilog RTL for equalizer.
INFO: [HLS 200-790] **** Loop Constraint Status: All loop constraints were satisfied.
INFO: [HLS 200-789] **** Estimated Fmax: 68.49 MHz
INFO: [HLS 200-111] Finished Command csynth_design CPU user time: 7 seconds. CPU system time: 1 seconds. Elapsed time: 16.809 seconds; current allocated memory: 0.000 MB.
INFO: [HLS 200-112] Total CPU user time: 10 seconds. Total CPU system time: 2 seconds. Total elapsed time: 19.719 seconds; peak allocated memory: 1.409 GB.
==============================================================
Vitis HLS - High-Level Synthesis from C, C++ and OpenCL v2022.1 (64-bit)
Tool Version Limit: 2022.04
Copyright 1986-2022 Xilinx, Inc. All Rights Reserved.
==============================================================
INFO: [SYN 201-201] Setting up clock 'default' with a period of 20ns.
INFO: [HLS 200-1611] Setting target device to 'xc7z020-clg400-1'
INFO: [HLS 200-1505] Using flow_target 'vivado'
INFO: [HLS 200-1510] Running: set_part xc7z020clg400-1 
INFO: [HLS 200-1510] Running: create_clock -period 20 -name default 
INFO: [HLS 200-1510] Running: csynth_design 
INFO: [HLS 200-111] Finished File checks and directory preparation: CPU user time: 0 seconds. CPU system time: 0 seconds. Elapsed time: 0.014 seconds; current allocated memory: 1.448 GB.
INFO: [HLS 200-10] Analyzing design file 'equalizer.cpp' ... 
INFO: [HLS 200-111] Finished Source Code Analysis and Preprocessing: CPU user time: 0 seconds. CPU system time: 0 seconds. Elapsed time: 3.561 seconds; current allocated memory: 1.448 GB.
INFO: [HLS 200-777] Using interface defaults for 'Vivado' flow target.
INFO: [HLS 214-131] Inlining function 'hls::axis<ap_int<32>, 1ul, 1ul, 1ul>::get_user_ptr()' into 'hls::stream<hls::axis<ap_int<32>, 1ul, 1ul, 1ul>, 0>::read(hls::axis<ap_int<32>, 1ul, 1ul, 1ul>&)' (C:/Xilinx/Vitis_HLS/2022.1/common/technology/autopilot\ap_axi_sdata.h:283:50)
INFO: [HLS 214-131] Inlining function 'hls::axis<ap_int<32>, 1ul, 1ul, 1ul>::get_dest_ptr()' into 'hls::stream<hls::axis<ap_int<32>, 1ul, 1ul, 1ul>, 0>::read(hls::axis<ap_int<32>, 1ul, 1ul, 1ul>&)' (C:/Xilinx/Vitis_HLS/2022.1/common/technology/autopilot\ap_axi_sdata.h:286:25)
INFO: [HLS 214-131] Inlining function 'hls::axis<ap_int<32>, 1ul, 1ul, 1ul>::get_id_ptr()' into 'hls::stream<hls::axis<ap_int<32>, 1ul, 1ul, 1ul>, 0>::read(hls::axis<ap_int<32>, 1ul, 1ul, 1ul>&)' (C:/Xilinx/Vitis_HLS/2022.1/common/technology/autopilot\ap_axi_sdata.h:285:67)
INFO: [HLS 214-131] Inlining function 'hls::axis<ap_int<32>, 1ul, 1ul, 1ul>::get_user_ptr()' into 'hls::stream<hls::axis<ap_int<32>, 1ul, 1ul, 1ul>, 0>::read(hls::axis<ap_int<32>, 1ul, 1ul, 1ul>&)' (C:/Xilinx/Vitis_HLS/2022.1/common/technology/autopilot\ap_axi_sdata.h:285:36)
INFO: [HLS 214-131] Inlining function 'hls::axis<ap_int<32>, 1ul, 1ul, 1ul>::get_dest_ptr()' into 'hls::stream<hls::axis<ap_int<32>, 1ul, 1ul, 1ul>, 0>::read(hls::axis<ap_int<32>, 1ul, 1ul, 1ul>&)' (C:/Xilinx/Vitis_HLS/2022.1/common/technology/autopilot\ap_axi_sdata.h:284:39)
INFO: [HLS 214-131] Inlining function 'hls::axis<ap_int<32>, 1ul, 1ul, 1ul>::get_id_ptr()' into 'hls::stream<hls::axis<ap_int<32>, 1ul, 1ul, 1ul>, 0>::read(hls::axis<ap_int<32>, 1ul, 1ul, 1ul>&)' (C:/Xilinx/Vitis_HLS/2022.1/common/technology/autopilot\ap_axi_sdata.h:284:23)
INFO: [HLS 214-131] Inlining function 'ssdm_int<32, true>::ssdm_int(int)' into 'ap_int_base<32, true>::ap_int_base(int)' (C:/Xilinx/Vitis_HLS/2022.1/common/technology/autopilot\ap_int_base.h:260:67)
INFO: [HLS 214-131] Inlining function 'ap_int_base<32, true>::ap_int_base(int)' into 'ap_int<32>::ap_int(int)' (C:/Xilinx/Vitis_HLS/2022.1/common/technology/autopilot/ap_int.h:179:57)
INFO: [HLS 214-131] Inlining function 'hls::axis<ap_int<32>, 1ul, 1ul, 1ul>::get_user_ptr()' into 'hls::stream<hls::axis<ap_int<32>, 1ul, 1ul, 1ul>, 0>::write(hls::axis<ap_int<32>, 1ul, 1ul, 1ul> const&)' (C:/Xilinx/Vitis_HLS/2022.1/common/technology/autopilot\ap_axi_sdata.h:304:51)
INFO: [HLS 214-131] Inlining function 'hls::axis<ap_int<32>, 1ul, 1ul, 1ul>::get_dest_ptr()' into 'hls::stream<hls::axis<ap_int<32>, 1ul, 1ul, 1ul>, 0>::write(hls::axis<ap_int<32>, 1ul, 1ul, 1ul> const&)' (C:/Xilinx/Vitis_HLS/2022.1/common/technology/autopilot\ap_axi_sdata.h:307:26)
INFO: [HLS 214-131] Inlining function 'hls::axis<ap_int<32>, 1ul, 1ul, 1ul>::get_id_ptr()' into 'hls::stream<hls::axis<ap_int<32>, 1ul, 1ul, 1ul>, 0>::write(hls::axis<ap_int<32>, 1ul, 1ul, 1ul> const&)' (C:/Xilinx/Vitis_HLS/2022.1/common/technology/autopilot\ap_axi_sdata.h:306:68)
INFO: [HLS 214-131] Inlining function 'hls::axis<ap_int<32>, 1ul, 1ul, 1ul>::get_user_ptr()' into 'hls::stream<hls::axis<ap_int<32>, 1ul, 1ul, 1ul>, 0>::write(hls::axis<ap_int<32>, 1ul, 1ul, 1ul> const&)' (C:/Xilinx/Vitis_HLS/2022.1/common/technology/autopilot\ap_axi_sdata.h:306:37)
INFO: [HLS 214-131] Inlining function 'hls::axis<ap_int<32>, 1ul, 1ul, 1ul>::get_dest_ptr()' into 'hls::stream<hls::axis<ap_int<32>, 1ul, 1ul, 1ul>, 0>::write(hls::axis<ap_int<32>, 1ul, 1ul, 1ul> const&)' (C:/Xilinx/Vitis_HLS/2022.1/common/technology/autopilot\ap_axi_sdata.h:305:40)
INFO: [HLS 214-131] Inlining function 'hls::axis<ap_int<32>, 1ul, 1ul, 1ul>::get_id_ptr()' into 'hls::stream<hls::axis<ap_int<32>, 1ul, 1ul, 1ul>, 0>::write(hls::axis<ap_int<32>, 1ul, 1ul, 1ul> const&)' (C:/Xilinx/Vitis_HLS/2022.1/common/technology/autopilot\ap_axi_sdata.h:305:24)
INFO: [HLS 214-131] Inlining function 'hls::stream<hls::axis<ap_int<32>, 1ul, 1ul, 1ul>, 0>::read(hls::axis<ap_int<32>, 1ul, 1ul, 1ul>&)' into 'equalizer(hls::stream<hls::axis<ap_int<32>, 1ul, 1ul, 1ul>, 0>&, int*, hls::stream<hls::axis<ap_int<32>, 1ul, 1ul, 1ul>, 0>&)' (equalizer.cpp:25:9)
INFO: [HLS 214-131] Inlining function 'ap_int_base<1, false>::operator unsigned long long() const' into 'equalizer(hls::stream<hls::axis<ap_int<32>, 1ul, 1ul, 1ul>, 0>&, int*, hls::stream<hls::axis<ap_int<32>, 1ul, 1ul, 1ul>, 0>&)' (equalizer.cpp:101:7)
INFO: [HLS 214-131] Inlining function 'hls::stream<hls::axis<ap_int<32>, 1ul, 1ul, 1ul>, 0>::write(hls::axis<ap_int<32>, 1ul, 1ul, 1ul> const&)' into 'equalizer(hls::stream<hls::axis<ap_int<32>, 1ul, 1ul, 1ul>, 0>&, int*, hls::stream<hls::axis<ap_int<32>, 1ul, 1ul, 1ul>, 0>&)' (equalizer.cpp:93:12)
INFO: [HLS 214-131] Inlining function 'ap_int_base<32, true>::to_int() const' into 'equalizer(hls::stream<hls::axis<ap_int<32>, 1ul, 1ul, 1ul>, 0>&, int*, hls::stream<hls::axis<ap_int<32>, 1ul, 1ul, 1ul>, 0>&)' (equalizer.cpp:83:36)
INFO: [HLS 214-131] Inlining function 'ap_int_base<32, true>::to_int() const' into 'equalizer(hls::stream<hls::axis<ap_int<32>, 1ul, 1ul, 1ul>, 0>&, int*, hls::stream<hls::axis<ap_int<32>, 1ul, 1ul, 1ul>, 0>&)' (equalizer.cpp:82:28)
INFO: [HLS 214-131] Inlining function 'hls::stream<hls::axis<ap_int<32>, 1ul, 1ul, 1ul>, 0>::read(hls::axis<ap_int<32>, 1ul, 1ul, 1ul>&)' into 'equalizer(hls::stream<hls::axis<ap_int<32>, 1ul, 1ul, 1ul>, 0>&, int*, hls::stream<hls::axis<ap_int<32>, 1ul, 1ul, 1ul>, 0>&)' (equalizer.cpp:65:12)
INFO: [HLS 214-131] Inlining function 'ap_int_base<32, true>::to_int() const' into 'equalizer(hls::stream<hls::axis<ap_int<32>, 1ul, 1ul, 1ul>, 0>&, int*, hls::stream<hls::axis<ap_int<32>, 1ul, 1ul, 1ul>, 0>&)' (equalizer.cpp:63:26)
INFO: [HLS 214-131] Inlining function 'ap_int_base<32, true>::to_int() const' into 'equalizer(hls::stream<hls::axis<ap_int<32>, 1ul, 1ul, 1ul>, 0>&, int*, hls::stream<hls::axis<ap_int<32>, 1ul, 1ul, 1ul>, 0>&)' (equalizer.cpp:57:19)
INFO: [HLS 214-131] Inlining function 'ap_int_base<32, true>::to_int() const' into 'equalizer(hls::stream<hls::axis<ap_int<32>, 1ul, 1ul, 1ul>, 0>&, int*, hls::stream<hls::axis<ap_int<32>, 1ul, 1ul, 1ul>, 0>&)' (equalizer.cpp:30:18)
INFO: [HLS 214-186] Unrolling loop 'Shift_Accumulate_Loop' (equalizer.cpp:76:5) in function 'equalizer' completely with a factor of 98 (equalizer.cpp:3:0)
INFO: [HLS 214-115] Multiple burst reads of length 99 and bit width 32 has been inferred on bundle 'gmem'. These burst requests might be further partitioned into multiple requests during RTL generation, based on max_read_burst_length or max_write_burst_length settings. (equalizer.cpp:79:42)
INFO: [HLS 214-131] Inlining function '_llvm.fpga.unpack.none.s_struct.ap_int<32>s.i32' into 'equalizer(hls::stream<hls::axis<ap_int<32>, 1ul, 1ul, 1ul>, 0>&, int*, hls::stream<hls::axis<ap_int<32>, 1ul, 1ul, 1ul>, 0>&)' (C:/Xilinx/Vitis_HLS/2022.1/common/technology/autopilot\ap_axi_sdata.h:283:5)
INFO: [HLS 214-131] Inlining function '_llvm.fpga.pack.none.i1.s_struct.ap_uint<1>s' into 'equalizer(hls::stream<hls::axis<ap_int<32>, 1ul, 1ul, 1ul>, 0>&, int*, hls::stream<hls::axis<ap_int<32>, 1ul, 1ul, 1ul>, 0>&)' (C:/Xilinx/Vitis_HLS/2022.1/common/technology/autopilot\ap_axi_sdata.h:304:5)
INFO: [HLS 214-131] Inlining function '_llvm.fpga.pack.none.i4.s_struct.ap_uint<4>s' into 'equalizer(hls::stream<hls::axis<ap_int<32>, 1ul, 1ul, 1ul>, 0>&, int*, hls::stream<hls::axis<ap_int<32>, 1ul, 1ul, 1ul>, 0>&)' (C:/Xilinx/Vitis_HLS/2022.1/common/technology/autopilot\ap_axi_sdata.h:304:5)
INFO: [HLS 214-131] Inlining function '_llvm.fpga.pack.none.i32.s_struct.ap_int<32>s' into 'equalizer(hls::stream<hls::axis<ap_int<32>, 1ul, 1ul, 1ul>, 0>&, int*, hls::stream<hls::axis<ap_int<32>, 1ul, 1ul, 1ul>, 0>&)' (C:/Xilinx/Vitis_HLS/2022.1/common/technology/autopilot\ap_axi_sdata.h:304:5)
INFO: [HLS 214-131] Inlining function '_llvm.fpga.unpack.none.s_struct.ap_uint<1>s.i1' into 'equalizer(hls::stream<hls::axis<ap_int<32>, 1ul, 1ul, 1ul>, 0>&, int*, hls::stream<hls::axis<ap_int<32>, 1ul, 1ul, 1ul>, 0>&)' (C:/Xilinx/Vitis_HLS/2022.1/common/technology/autopilot\ap_axi_sdata.h:283:5)
INFO: [HLS 214-131] Inlining function '_llvm.fpga.unpack.none.s_struct.ap_uint<4>s.i4' into 'equalizer(hls::stream<hls::axis<ap_int<32>, 1ul, 1ul, 1ul>, 0>&, int*, hls::stream<hls::axis<ap_int<32>, 1ul, 1ul, 1ul>, 0>&)' (C:/Xilinx/Vitis_HLS/2022.1/common/technology/autopilot\ap_axi_sdata.h:283:5)
INFO: [HLS 200-111] Finished Compiling Optimization and Transform: CPU user time: 1 seconds. CPU system time: 0 seconds. Elapsed time: 4.01 seconds; current allocated memory: 1.448 GB.
INFO: [HLS 200-111] Finished Checking Pragmas: CPU user time: 0 seconds. CPU system time: 0 seconds. Elapsed time: 0.002 seconds; current allocated memory: 1.448 GB.
INFO: [HLS 200-10] Starting code transformations ...
INFO: [HLS 200-111] Finished Standard Transforms: CPU user time: 0 seconds. CPU system time: 0 seconds. Elapsed time: 0.117 seconds; current allocated memory: 1.448 GB.
INFO: [HLS 200-10] Checking synthesizability ...
INFO: [HLS 200-111] Finished Checking Synthesizability: CPU user time: 0 seconds. CPU system time: 0 seconds. Elapsed time: 0.103 seconds; current allocated memory: 1.448 GB.
INFO: [XFORM 203-510] Pipelining loop 'VITIS_LOOP_56_2' (equalizer.cpp:63) in function 'equalizer' automatically.
INFO: [XFORM 203-11] Balancing expressions in function 'equalizer' (equalizer.cpp:3:22)...98 expression(s) balanced.
INFO: [HLS 200-111] Finished Loop, function and other optimizations: CPU user time: 0 seconds. CPU system time: 0 seconds. Elapsed time: 0.425 seconds; current allocated memory: 1.448 GB.
WARNING: [HLS 200-960] Cannot flatten loop 'VITIS_LOOP_24_1' in function 'equalizer' the outer loop is not a perfect loop because there is nontrivial logic before entering the inner loop.
INFO: [HLS 200-472] Inferring partial write operation for 'signal_shift_reg' (equalizer.cpp:78:22)
INFO: [HLS 200-472] Inferring partial write operation for 'signal_shift_reg' (equalizer.cpp:83:25)
INFO: [HLS 200-111] Finished Architecture Synthesis: CPU user time: 1 seconds. CPU system time: 0 seconds. Elapsed time: 0.42 seconds; current allocated memory: 1.448 GB.
INFO: [HLS 200-10] Starting hardware synthesis ...
INFO: [HLS 200-10] Synthesizing 'equalizer' ...
INFO: [HLS 200-10] ----------------------------------------------------------------
INFO: [HLS 200-42] -- Implementing module 'equalizer_Pipeline_VITIS_LOOP_56_2' 
INFO: [HLS 200-10] ----------------------------------------------------------------
INFO: [SCHED 204-11] Starting scheduling ...
INFO: [SCHED 204-61] Pipelining loop 'VITIS_LOOP_56_2'.
INFO: [HLS 200-1470] Pipelining result : Target II = NA, Final II = 1, Depth = 9, loop 'VITIS_LOOP_56_2'
INFO: [SCHED 204-11] Finished scheduling.
INFO: [HLS 200-111] Finished Scheduling: CPU user time: 0 seconds. CPU system time: 0 seconds. Elapsed time: 0.224 seconds; current allocated memory: 1.448 GB.
INFO: [BIND 205-100] Starting micro-architecture generation ...
INFO: [BIND 205-101] Performing variable lifetime analysis.
INFO: [BIND 205-101] Exploring resource sharing.
INFO: [BIND 205-101] Binding ...
INFO: [BIND 205-100] Finished micro-architecture generation.
INFO: [HLS 200-111] Finished Binding: CPU user time: 0 seconds. CPU system time: 0 seconds. Elapsed time: 0.064 seconds; current allocated memory: 1.448 GB.
INFO: [HLS 200-10] ----------------------------------------------------------------
INFO: [HLS 200-42] -- Implementing module 'equalizer' 
INFO: [HLS 200-10] ----------------------------------------------------------------
INFO: [SCHED 204-11] Starting scheduling ...
INFO: [SCHED 204-11] Finished scheduling.
INFO: [HLS 200-111] Finished Scheduling: CPU user time: 1 seconds. CPU system time: 0 seconds. Elapsed time: 0.972 seconds; current allocated memory: 1.448 GB.
INFO: [BIND 205-100] Starting micro-architecture generation ...
INFO: [BIND 205-101] Performing variable lifetime analysis.
INFO: [BIND 205-101] Exploring resource sharing.
INFO: [BIND 205-101] Binding ...
INFO: [BIND 205-100] Finished micro-architecture generation.
INFO: [HLS 200-111] Finished Binding: CPU user time: 1 seconds. CPU system time: 0 seconds. Elapsed time: 0.987 seconds; current allocated memory: 1.448 GB.
INFO: [HLS 200-10] ----------------------------------------------------------------
INFO: [HLS 200-10] -- Generating RTL for module 'equalizer_Pipeline_VITIS_LOOP_56_2' 
INFO: [HLS 200-10] ----------------------------------------------------------------
INFO: [HLS 200-1030] Apply Unified Pipeline Control on module 'equalizer_Pipeline_VITIS_LOOP_56_2' pipeline 'VITIS_LOOP_56_2' pipeline type 'loop pipeline'
INFO: [RTGEN 206-100] Finished creating RTL model for 'equalizer_Pipeline_VITIS_LOOP_56_2'.
INFO: [HLS 200-111] Finished Creating RTL model: CPU user time: 0 seconds. CPU system time: 0 seconds. Elapsed time: 0.686 seconds; current allocated memory: 1.448 GB.
INFO: [HLS 200-10] ----------------------------------------------------------------
INFO: [HLS 200-10] -- Generating RTL for module 'equalizer' 
INFO: [HLS 200-10] ----------------------------------------------------------------
WARNING: [RTGEN 206-101] Design contains AXI ports. Reset is fixed to synchronous and active low.
INFO: [RTGEN 206-500] Setting interface mode on port 'equalizer/gmem' to 'm_axi'.
INFO: [RTGEN 206-500] Setting interface mode on port 'equalizer/output_r_V_data_V' to 'axis' (register, both mode).
INFO: [RTGEN 206-500] Setting interface mode on port 'equalizer/output_r_V_keep_V' to 'axis' (register, both mode).
INFO: [RTGEN 206-500] Setting interface mode on port 'equalizer/output_r_V_strb_V' to 'axis' (register, both mode).
INFO: [RTGEN 206-500] Setting interface mode on port 'equalizer/output_r_V_user_V' to 'axis' (register, both mode).
INFO: [RTGEN 206-500] Setting interface mode on port 'equalizer/output_r_V_last_V' to 'axis' (register, both mode).
INFO: [RTGEN 206-500] Setting interface mode on port 'equalizer/output_r_V_id_V' to 'axis' (register, both mode).
INFO: [RTGEN 206-500] Setting interface mode on port 'equalizer/output_r_V_dest_V' to 'axis' (register, both mode).
INFO: [RTGEN 206-500] Setting interface mode on port 'equalizer/coefs' to 's_axilite & ap_none'.
INFO: [RTGEN 206-500] Setting interface mode on port 'equalizer/input_r_V_data_V' to 'axis' (register, both mode).
INFO: [RTGEN 206-500] Setting interface mode on port 'equalizer/input_r_V_keep_V' to 'axis' (register, both mode).
INFO: [RTGEN 206-500] Setting interface mode on port 'equalizer/input_r_V_strb_V' to 'axis' (register, both mode).
INFO: [RTGEN 206-500] Setting interface mode on port 'equalizer/input_r_V_user_V' to 'axis' (register, both mode).
INFO: [RTGEN 206-500] Setting interface mode on port 'equalizer/input_r_V_last_V' to 'axis' (register, both mode).
INFO: [RTGEN 206-500] Setting interface mode on port 'equalizer/input_r_V_id_V' to 'axis' (register, both mode).
INFO: [RTGEN 206-500] Setting interface mode on port 'equalizer/input_r_V_dest_V' to 'axis' (register, both mode).
INFO: [RTGEN 206-500] Setting interface mode on function 'equalizer' to 'ap_ctrl_none'.
INFO: [RTGEN 206-100] Bundling port 'coefs' to AXI-Lite port control.
INFO: [RTGEN 206-100] Generating core module 'mul_32s_32s_32_1_1': 99 instance(s).
INFO: [RTGEN 206-100] Finished creating RTL model for 'equalizer'.
INFO: [HLS 200-111] Finished Creating RTL model: CPU user time: 1 seconds. CPU system time: 0 seconds. Elapsed time: 0.484 seconds; current allocated memory: 1.448 GB.
INFO: [RTMG 210-278] Implementing memory 'equalizer_signal_shift_reg_RAM_AUTO_1R1W_ram (RAM)' using auto RAMs with power-on initialization.
INFO: [HLS 200-111] Finished Generating all RTL models: CPU user time: 2 seconds. CPU system time: 1 seconds. Elapsed time: 2.657 seconds; current allocated memory: 1.448 GB.
INFO: [HLS 200-1603] Design has inferred MAXI bursts and missed bursts, see Vitis HLS GUI synthesis summary report for detailed information.
INFO: [HLS 200-111] Finished Updating report files: CPU user time: 0 seconds. CPU system time: 0 seconds. Elapsed time: 0.644 seconds; current allocated memory: 1.448 GB.
INFO: [VHDL 208-304] Generating VHDL RTL for equalizer.
INFO: [VLOG 209-307] Generating Verilog RTL for equalizer.
INFO: [HLS 200-790] **** Loop Constraint Status: All loop constraints were satisfied.
INFO: [HLS 200-789] **** Estimated Fmax: 68.49 MHz
INFO: [HLS 200-111] Finished Command csynth_design CPU user time: 7 seconds. CPU system time: 1 seconds. Elapsed time: 15.445 seconds; current allocated memory: 0.000 MB.
INFO: [HLS 200-112] Total CPU user time: 10 seconds. Total CPU system time: 2 seconds. Total elapsed time: 18.144 seconds; peak allocated memory: 1.448 GB.
==============================================================
Vitis HLS - High-Level Synthesis from C, C++ and OpenCL v2022.1 (64-bit)
Tool Version Limit: 2022.04
Copyright 1986-2022 Xilinx, Inc. All Rights Reserved.
==============================================================
INFO: [SYN 201-201] Setting up clock 'default' with a period of 20ns.
INFO: [HLS 200-1611] Setting target device to 'xc7z020-clg400-1'
INFO: [HLS 200-1505] Using flow_target 'vivado'
INFO: [HLS 200-1464] Running solution command: config_compile -pipeline_loops=0
INFO: [HLS 200-1510] Running: set_part xc7z020clg400-1 
INFO: [HLS 200-1510] Running: create_clock -period 20 -name default 
INFO: [SYN 201-201] Setting up clock 'default' with a period of 20ns.
INFO: [HLS 200-1510] Running: config_compile -pipeline_loops 0 
INFO: [HLS 200-1510] Running: csynth_design 
INFO: [HLS 200-111] Finished File checks and directory preparation: CPU user time: 0 seconds. CPU system time: 0 seconds. Elapsed time: 0.015 seconds; current allocated memory: 1.445 GB.
INFO: [HLS 200-10] Analyzing design file 'equalizer.cpp' ... 
INFO: [HLS 200-111] Finished Source Code Analysis and Preprocessing: CPU user time: 0 seconds. CPU system time: 1 seconds. Elapsed time: 3.575 seconds; current allocated memory: 1.445 GB.
INFO: [HLS 200-777] Using interface defaults for 'Vivado' flow target.
INFO: [HLS 214-131] Inlining function 'hls::axis<ap_int<32>, 1ul, 1ul, 1ul>::get_user_ptr()' into 'hls::stream<hls::axis<ap_int<32>, 1ul, 1ul, 1ul>, 0>::read(hls::axis<ap_int<32>, 1ul, 1ul, 1ul>&)' (C:/Xilinx/Vitis_HLS/2022.1/common/technology/autopilot\ap_axi_sdata.h:283:50)
INFO: [HLS 214-131] Inlining function 'hls::axis<ap_int<32>, 1ul, 1ul, 1ul>::get_dest_ptr()' into 'hls::stream<hls::axis<ap_int<32>, 1ul, 1ul, 1ul>, 0>::read(hls::axis<ap_int<32>, 1ul, 1ul, 1ul>&)' (C:/Xilinx/Vitis_HLS/2022.1/common/technology/autopilot\ap_axi_sdata.h:286:25)
INFO: [HLS 214-131] Inlining function 'hls::axis<ap_int<32>, 1ul, 1ul, 1ul>::get_id_ptr()' into 'hls::stream<hls::axis<ap_int<32>, 1ul, 1ul, 1ul>, 0>::read(hls::axis<ap_int<32>, 1ul, 1ul, 1ul>&)' (C:/Xilinx/Vitis_HLS/2022.1/common/technology/autopilot\ap_axi_sdata.h:285:67)
INFO: [HLS 214-131] Inlining function 'hls::axis<ap_int<32>, 1ul, 1ul, 1ul>::get_user_ptr()' into 'hls::stream<hls::axis<ap_int<32>, 1ul, 1ul, 1ul>, 0>::read(hls::axis<ap_int<32>, 1ul, 1ul, 1ul>&)' (C:/Xilinx/Vitis_HLS/2022.1/common/technology/autopilot\ap_axi_sdata.h:285:36)
INFO: [HLS 214-131] Inlining function 'hls::axis<ap_int<32>, 1ul, 1ul, 1ul>::get_dest_ptr()' into 'hls::stream<hls::axis<ap_int<32>, 1ul, 1ul, 1ul>, 0>::read(hls::axis<ap_int<32>, 1ul, 1ul, 1ul>&)' (C:/Xilinx/Vitis_HLS/2022.1/common/technology/autopilot\ap_axi_sdata.h:284:39)
INFO: [HLS 214-131] Inlining function 'hls::axis<ap_int<32>, 1ul, 1ul, 1ul>::get_id_ptr()' into 'hls::stream<hls::axis<ap_int<32>, 1ul, 1ul, 1ul>, 0>::read(hls::axis<ap_int<32>, 1ul, 1ul, 1ul>&)' (C:/Xilinx/Vitis_HLS/2022.1/common/technology/autopilot\ap_axi_sdata.h:284:23)
INFO: [HLS 214-131] Inlining function 'ssdm_int<32, true>::ssdm_int(int)' into 'ap_int_base<32, true>::ap_int_base(int)' (C:/Xilinx/Vitis_HLS/2022.1/common/technology/autopilot\ap_int_base.h:260:67)
INFO: [HLS 214-131] Inlining function 'ap_int_base<32, true>::ap_int_base(int)' into 'ap_int<32>::ap_int(int)' (C:/Xilinx/Vitis_HLS/2022.1/common/technology/autopilot/ap_int.h:179:57)
INFO: [HLS 214-131] Inlining function 'hls::axis<ap_int<32>, 1ul, 1ul, 1ul>::get_user_ptr()' into 'hls::stream<hls::axis<ap_int<32>, 1ul, 1ul, 1ul>, 0>::write(hls::axis<ap_int<32>, 1ul, 1ul, 1ul> const&)' (C:/Xilinx/Vitis_HLS/2022.1/common/technology/autopilot\ap_axi_sdata.h:304:51)
INFO: [HLS 214-131] Inlining function 'hls::axis<ap_int<32>, 1ul, 1ul, 1ul>::get_dest_ptr()' into 'hls::stream<hls::axis<ap_int<32>, 1ul, 1ul, 1ul>, 0>::write(hls::axis<ap_int<32>, 1ul, 1ul, 1ul> const&)' (C:/Xilinx/Vitis_HLS/2022.1/common/technology/autopilot\ap_axi_sdata.h:307:26)
INFO: [HLS 214-131] Inlining function 'hls::axis<ap_int<32>, 1ul, 1ul, 1ul>::get_id_ptr()' into 'hls::stream<hls::axis<ap_int<32>, 1ul, 1ul, 1ul>, 0>::write(hls::axis<ap_int<32>, 1ul, 1ul, 1ul> const&)' (C:/Xilinx/Vitis_HLS/2022.1/common/technology/autopilot\ap_axi_sdata.h:306:68)
INFO: [HLS 214-131] Inlining function 'hls::axis<ap_int<32>, 1ul, 1ul, 1ul>::get_user_ptr()' into 'hls::stream<hls::axis<ap_int<32>, 1ul, 1ul, 1ul>, 0>::write(hls::axis<ap_int<32>, 1ul, 1ul, 1ul> const&)' (C:/Xilinx/Vitis_HLS/2022.1/common/technology/autopilot\ap_axi_sdata.h:306:37)
INFO: [HLS 214-131] Inlining function 'hls::axis<ap_int<32>, 1ul, 1ul, 1ul>::get_dest_ptr()' into 'hls::stream<hls::axis<ap_int<32>, 1ul, 1ul, 1ul>, 0>::write(hls::axis<ap_int<32>, 1ul, 1ul, 1ul> const&)' (C:/Xilinx/Vitis_HLS/2022.1/common/technology/autopilot\ap_axi_sdata.h:305:40)
INFO: [HLS 214-131] Inlining function 'hls::axis<ap_int<32>, 1ul, 1ul, 1ul>::get_id_ptr()' into 'hls::stream<hls::axis<ap_int<32>, 1ul, 1ul, 1ul>, 0>::write(hls::axis<ap_int<32>, 1ul, 1ul, 1ul> const&)' (C:/Xilinx/Vitis_HLS/2022.1/common/technology/autopilot\ap_axi_sdata.h:305:24)
INFO: [HLS 214-131] Inlining function 'hls::stream<hls::axis<ap_int<32>, 1ul, 1ul, 1ul>, 0>::read(hls::axis<ap_int<32>, 1ul, 1ul, 1ul>&)' into 'equalizer(hls::stream<hls::axis<ap_int<32>, 1ul, 1ul, 1ul>, 0>&, int*, hls::stream<hls::axis<ap_int<32>, 1ul, 1ul, 1ul>, 0>&)' (equalizer.cpp:25:9)
INFO: [HLS 214-131] Inlining function 'ap_int_base<1, false>::operator unsigned long long() const' into 'equalizer(hls::stream<hls::axis<ap_int<32>, 1ul, 1ul, 1ul>, 0>&, int*, hls::stream<hls::axis<ap_int<32>, 1ul, 1ul, 1ul>, 0>&)' (equalizer.cpp:101:7)
INFO: [HLS 214-131] Inlining function 'hls::stream<hls::axis<ap_int<32>, 1ul, 1ul, 1ul>, 0>::write(hls::axis<ap_int<32>, 1ul, 1ul, 1ul> const&)' into 'equalizer(hls::stream<hls::axis<ap_int<32>, 1ul, 1ul, 1ul>, 0>&, int*, hls::stream<hls::axis<ap_int<32>, 1ul, 1ul, 1ul>, 0>&)' (equalizer.cpp:93:12)
INFO: [HLS 214-131] Inlining function 'ap_int_base<32, true>::to_int() const' into 'equalizer(hls::stream<hls::axis<ap_int<32>, 1ul, 1ul, 1ul>, 0>&, int*, hls::stream<hls::axis<ap_int<32>, 1ul, 1ul, 1ul>, 0>&)' (equalizer.cpp:83:36)
INFO: [HLS 214-131] Inlining function 'ap_int_base<32, true>::to_int() const' into 'equalizer(hls::stream<hls::axis<ap_int<32>, 1ul, 1ul, 1ul>, 0>&, int*, hls::stream<hls::axis<ap_int<32>, 1ul, 1ul, 1ul>, 0>&)' (equalizer.cpp:82:28)
INFO: [HLS 214-131] Inlining function 'hls::stream<hls::axis<ap_int<32>, 1ul, 1ul, 1ul>, 0>::read(hls::axis<ap_int<32>, 1ul, 1ul, 1ul>&)' into 'equalizer(hls::stream<hls::axis<ap_int<32>, 1ul, 1ul, 1ul>, 0>&, int*, hls::stream<hls::axis<ap_int<32>, 1ul, 1ul, 1ul>, 0>&)' (equalizer.cpp:65:12)
INFO: [HLS 214-131] Inlining function 'ap_int_base<32, true>::to_int() const' into 'equalizer(hls::stream<hls::axis<ap_int<32>, 1ul, 1ul, 1ul>, 0>&, int*, hls::stream<hls::axis<ap_int<32>, 1ul, 1ul, 1ul>, 0>&)' (equalizer.cpp:63:26)
INFO: [HLS 214-131] Inlining function 'ap_int_base<32, true>::to_int() const' into 'equalizer(hls::stream<hls::axis<ap_int<32>, 1ul, 1ul, 1ul>, 0>&, int*, hls::stream<hls::axis<ap_int<32>, 1ul, 1ul, 1ul>, 0>&)' (equalizer.cpp:57:19)
INFO: [HLS 214-131] Inlining function 'ap_int_base<32, true>::to_int() const' into 'equalizer(hls::stream<hls::axis<ap_int<32>, 1ul, 1ul, 1ul>, 0>&, int*, hls::stream<hls::axis<ap_int<32>, 1ul, 1ul, 1ul>, 0>&)' (equalizer.cpp:30:18)
INFO: [HLS 214-186] Unrolling loop 'Shift_Accumulate_Loop' (equalizer.cpp:76:5) in function 'equalizer' completely with a factor of 98 (equalizer.cpp:3:0)
INFO: [HLS 214-115] Multiple burst reads of length 99 and bit width 32 has been inferred on bundle 'gmem'. These burst requests might be further partitioned into multiple requests during RTL generation, based on max_read_burst_length or max_write_burst_length settings. (equalizer.cpp:79:42)
INFO: [HLS 214-131] Inlining function '_llvm.fpga.unpack.none.s_struct.ap_int<32>s.i32' into 'equalizer(hls::stream<hls::axis<ap_int<32>, 1ul, 1ul, 1ul>, 0>&, int*, hls::stream<hls::axis<ap_int<32>, 1ul, 1ul, 1ul>, 0>&)' (C:/Xilinx/Vitis_HLS/2022.1/common/technology/autopilot\ap_axi_sdata.h:283:5)
INFO: [HLS 214-131] Inlining function '_llvm.fpga.pack.none.i1.s_struct.ap_uint<1>s' into 'equalizer(hls::stream<hls::axis<ap_int<32>, 1ul, 1ul, 1ul>, 0>&, int*, hls::stream<hls::axis<ap_int<32>, 1ul, 1ul, 1ul>, 0>&)' (C:/Xilinx/Vitis_HLS/2022.1/common/technology/autopilot\ap_axi_sdata.h:304:5)
INFO: [HLS 214-131] Inlining function '_llvm.fpga.pack.none.i4.s_struct.ap_uint<4>s' into 'equalizer(hls::stream<hls::axis<ap_int<32>, 1ul, 1ul, 1ul>, 0>&, int*, hls::stream<hls::axis<ap_int<32>, 1ul, 1ul, 1ul>, 0>&)' (C:/Xilinx/Vitis_HLS/2022.1/common/technology/autopilot\ap_axi_sdata.h:304:5)
INFO: [HLS 214-131] Inlining function '_llvm.fpga.pack.none.i32.s_struct.ap_int<32>s' into 'equalizer(hls::stream<hls::axis<ap_int<32>, 1ul, 1ul, 1ul>, 0>&, int*, hls::stream<hls::axis<ap_int<32>, 1ul, 1ul, 1ul>, 0>&)' (C:/Xilinx/Vitis_HLS/2022.1/common/technology/autopilot\ap_axi_sdata.h:304:5)
INFO: [HLS 214-131] Inlining function '_llvm.fpga.unpack.none.s_struct.ap_uint<1>s.i1' into 'equalizer(hls::stream<hls::axis<ap_int<32>, 1ul, 1ul, 1ul>, 0>&, int*, hls::stream<hls::axis<ap_int<32>, 1ul, 1ul, 1ul>, 0>&)' (C:/Xilinx/Vitis_HLS/2022.1/common/technology/autopilot\ap_axi_sdata.h:283:5)
INFO: [HLS 214-131] Inlining function '_llvm.fpga.unpack.none.s_struct.ap_uint<4>s.i4' into 'equalizer(hls::stream<hls::axis<ap_int<32>, 1ul, 1ul, 1ul>, 0>&, int*, hls::stream<hls::axis<ap_int<32>, 1ul, 1ul, 1ul>, 0>&)' (C:/Xilinx/Vitis_HLS/2022.1/common/technology/autopilot\ap_axi_sdata.h:283:5)
INFO: [HLS 200-111] Finished Compiling Optimization and Transform: CPU user time: 1 seconds. CPU system time: 0 seconds. Elapsed time: 3.982 seconds; current allocated memory: 1.445 GB.
INFO: [HLS 200-111] Finished Checking Pragmas: CPU user time: 0 seconds. CPU system time: 0 seconds. Elapsed time: 0.001 seconds; current allocated memory: 1.445 GB.
INFO: [HLS 200-10] Starting code transformations ...
INFO: [HLS 200-111] Finished Standard Transforms: CPU user time: 0 seconds. CPU system time: 0 seconds. Elapsed time: 0.107 seconds; current allocated memory: 1.445 GB.
INFO: [HLS 200-10] Checking synthesizability ...
INFO: [HLS 200-111] Finished Checking Synthesizability: CPU user time: 0 seconds. CPU system time: 0 seconds. Elapsed time: 0.099 seconds; current allocated memory: 1.445 GB.
INFO: [XFORM 203-11] Balancing expressions in function 'equalizer' (equalizer.cpp:3:22)...98 expression(s) balanced.
INFO: [HLS 200-111] Finished Loop, function and other optimizations: CPU user time: 0 seconds. CPU system time: 0 seconds. Elapsed time: 0.415 seconds; current allocated memory: 1.445 GB.
INFO: [HLS 200-472] Inferring partial write operation for 'signal_shift_reg' (equalizer.cpp:78:22)
INFO: [HLS 200-472] Inferring partial write operation for 'signal_shift_reg' (equalizer.cpp:83:25)
INFO: [HLS 200-111] Finished Architecture Synthesis: CPU user time: 1 seconds. CPU system time: 0 seconds. Elapsed time: 0.402 seconds; current allocated memory: 1.445 GB.
INFO: [HLS 200-10] Starting hardware synthesis ...
INFO: [HLS 200-10] Synthesizing 'equalizer' ...
INFO: [HLS 200-10] ----------------------------------------------------------------
INFO: [HLS 200-42] -- Implementing module 'equalizer' 
INFO: [HLS 200-10] ----------------------------------------------------------------
INFO: [SCHED 204-11] Starting scheduling ...
INFO: [SCHED 204-11] Finished scheduling.
INFO: [HLS 200-111] Finished Scheduling: CPU user time: 1 seconds. CPU system time: 0 seconds. Elapsed time: 1.014 seconds; current allocated memory: 1.445 GB.
INFO: [BIND 205-100] Starting micro-architecture generation ...
INFO: [BIND 205-101] Performing variable lifetime analysis.
INFO: [BIND 205-101] Exploring resource sharing.
INFO: [BIND 205-101] Binding ...
INFO: [BIND 205-100] Finished micro-architecture generation.
INFO: [HLS 200-111] Finished Binding: CPU user time: 0 seconds. CPU system time: 0 seconds. Elapsed time: 0.731 seconds; current allocated memory: 1.445 GB.
INFO: [HLS 200-10] ----------------------------------------------------------------
INFO: [HLS 200-10] -- Generating RTL for module 'equalizer' 
INFO: [HLS 200-10] ----------------------------------------------------------------
WARNING: [RTGEN 206-101] Design contains AXI ports. Reset is fixed to synchronous and active low.
INFO: [RTGEN 206-500] Setting interface mode on port 'equalizer/gmem' to 'm_axi'.
INFO: [RTGEN 206-500] Setting interface mode on port 'equalizer/output_r_V_data_V' to 'axis' (register, both mode).
INFO: [RTGEN 206-500] Setting interface mode on port 'equalizer/output_r_V_keep_V' to 'axis' (register, both mode).
INFO: [RTGEN 206-500] Setting interface mode on port 'equalizer/output_r_V_strb_V' to 'axis' (register, both mode).
INFO: [RTGEN 206-500] Setting interface mode on port 'equalizer/output_r_V_user_V' to 'axis' (register, both mode).
INFO: [RTGEN 206-500] Setting interface mode on port 'equalizer/output_r_V_last_V' to 'axis' (register, both mode).
INFO: [RTGEN 206-500] Setting interface mode on port 'equalizer/output_r_V_id_V' to 'axis' (register, both mode).
INFO: [RTGEN 206-500] Setting interface mode on port 'equalizer/output_r_V_dest_V' to 'axis' (register, both mode).
INFO: [RTGEN 206-500] Setting interface mode on port 'equalizer/coefs' to 's_axilite & ap_none'.
INFO: [RTGEN 206-500] Setting interface mode on port 'equalizer/input_r_V_data_V' to 'axis' (register, both mode).
INFO: [RTGEN 206-500] Setting interface mode on port 'equalizer/input_r_V_keep_V' to 'axis' (register, both mode).
INFO: [RTGEN 206-500] Setting interface mode on port 'equalizer/input_r_V_strb_V' to 'axis' (register, both mode).
INFO: [RTGEN 206-500] Setting interface mode on port 'equalizer/input_r_V_user_V' to 'axis' (register, both mode).
INFO: [RTGEN 206-500] Setting interface mode on port 'equalizer/input_r_V_last_V' to 'axis' (register, both mode).
INFO: [RTGEN 206-500] Setting interface mode on port 'equalizer/input_r_V_id_V' to 'axis' (register, both mode).
INFO: [RTGEN 206-500] Setting interface mode on port 'equalizer/input_r_V_dest_V' to 'axis' (register, both mode).
INFO: [RTGEN 206-500] Setting interface mode on function 'equalizer' to 'ap_ctrl_none'.
INFO: [RTGEN 206-100] Bundling port 'coefs' to AXI-Lite port control.
INFO: [RTGEN 206-100] Generating core module 'mul_32s_32s_32_1_1': 99 instance(s).
INFO: [RTGEN 206-100] Finished creating RTL model for 'equalizer'.
INFO: [HLS 200-111] Finished Creating RTL model: CPU user time: 1 seconds. CPU system time: 0 seconds. Elapsed time: 0.981 seconds; current allocated memory: 1.445 GB.
INFO: [RTMG 210-278] Implementing memory 'equalizer_signal_shift_reg_RAM_AUTO_1R1W_ram (RAM)' using auto RAMs with power-on initialization.
INFO: [HLS 200-111] Finished Generating all RTL models: CPU user time: 2 seconds. CPU system time: 0 seconds. Elapsed time: 2.616 seconds; current allocated memory: 1.445 GB.
INFO: [HLS 200-1603] Design has inferred MAXI bursts and missed bursts, see Vitis HLS GUI synthesis summary report for detailed information.
INFO: [HLS 200-111] Finished Updating report files: CPU user time: 1 seconds. CPU system time: 0 seconds. Elapsed time: 0.618 seconds; current allocated memory: 1.445 GB.
INFO: [VHDL 208-304] Generating VHDL RTL for equalizer.
INFO: [VLOG 209-307] Generating Verilog RTL for equalizer.
INFO: [HLS 200-790] **** Loop Constraint Status: All loop constraints were satisfied.
INFO: [HLS 200-789] **** Estimated Fmax: 68.49 MHz
INFO: [HLS 200-111] Finished Command csynth_design CPU user time: 7 seconds. CPU system time: 1 seconds. Elapsed time: 14.613 seconds; current allocated memory: 0.000 MB.
INFO: [HLS 200-112] Total CPU user time: 10 seconds. Total CPU system time: 2 seconds. Total elapsed time: 17.359 seconds; peak allocated memory: 1.445 GB.
==============================================================
Vitis HLS - High-Level Synthesis from C, C++ and OpenCL v2022.1 (64-bit)
Tool Version Limit: 2022.04
Copyright 1986-2022 Xilinx, Inc. All Rights Reserved.
==============================================================
INFO: [SYN 201-201] Setting up clock 'default' with a period of 20ns.
INFO: [HLS 200-1611] Setting target device to 'xc7z020-clg400-1'
INFO: [HLS 200-1505] Using flow_target 'vivado'
INFO: [HLS 200-1510] Running: set_part xc7z020clg400-1 
INFO: [HLS 200-1510] Running: create_clock -period 20 -name default 
INFO: [SYN 201-201] Setting up clock 'default' with a period of 20ns.
INFO: [HLS 200-1510] Running: csynth_design 
INFO: [HLS 200-111] Finished File checks and directory preparation: CPU user time: 0 seconds. CPU system time: 0 seconds. Elapsed time: 0.014 seconds; current allocated memory: 1.442 GB.
INFO: [HLS 200-10] Analyzing design file 'equalizer.cpp' ... 
INFO: [HLS 200-111] Finished Source Code Analysis and Preprocessing: CPU user time: 0 seconds. CPU system time: 0 seconds. Elapsed time: 3.598 seconds; current allocated memory: 1.442 GB.
INFO: [HLS 200-777] Using interface defaults for 'Vivado' flow target.
INFO: [HLS 214-131] Inlining function 'hls::axis<ap_int<32>, 1ul, 1ul, 1ul>::get_user_ptr()' into 'hls::stream<hls::axis<ap_int<32>, 1ul, 1ul, 1ul>, 0>::read(hls::axis<ap_int<32>, 1ul, 1ul, 1ul>&)' (C:/Xilinx/Vitis_HLS/2022.1/common/technology/autopilot\ap_axi_sdata.h:283:50)
INFO: [HLS 214-131] Inlining function 'hls::axis<ap_int<32>, 1ul, 1ul, 1ul>::get_dest_ptr()' into 'hls::stream<hls::axis<ap_int<32>, 1ul, 1ul, 1ul>, 0>::read(hls::axis<ap_int<32>, 1ul, 1ul, 1ul>&)' (C:/Xilinx/Vitis_HLS/2022.1/common/technology/autopilot\ap_axi_sdata.h:286:25)
INFO: [HLS 214-131] Inlining function 'hls::axis<ap_int<32>, 1ul, 1ul, 1ul>::get_id_ptr()' into 'hls::stream<hls::axis<ap_int<32>, 1ul, 1ul, 1ul>, 0>::read(hls::axis<ap_int<32>, 1ul, 1ul, 1ul>&)' (C:/Xilinx/Vitis_HLS/2022.1/common/technology/autopilot\ap_axi_sdata.h:285:67)
INFO: [HLS 214-131] Inlining function 'hls::axis<ap_int<32>, 1ul, 1ul, 1ul>::get_user_ptr()' into 'hls::stream<hls::axis<ap_int<32>, 1ul, 1ul, 1ul>, 0>::read(hls::axis<ap_int<32>, 1ul, 1ul, 1ul>&)' (C:/Xilinx/Vitis_HLS/2022.1/common/technology/autopilot\ap_axi_sdata.h:285:36)
INFO: [HLS 214-131] Inlining function 'hls::axis<ap_int<32>, 1ul, 1ul, 1ul>::get_dest_ptr()' into 'hls::stream<hls::axis<ap_int<32>, 1ul, 1ul, 1ul>, 0>::read(hls::axis<ap_int<32>, 1ul, 1ul, 1ul>&)' (C:/Xilinx/Vitis_HLS/2022.1/common/technology/autopilot\ap_axi_sdata.h:284:39)
INFO: [HLS 214-131] Inlining function 'hls::axis<ap_int<32>, 1ul, 1ul, 1ul>::get_id_ptr()' into 'hls::stream<hls::axis<ap_int<32>, 1ul, 1ul, 1ul>, 0>::read(hls::axis<ap_int<32>, 1ul, 1ul, 1ul>&)' (C:/Xilinx/Vitis_HLS/2022.1/common/technology/autopilot\ap_axi_sdata.h:284:23)
INFO: [HLS 214-131] Inlining function 'ssdm_int<32, true>::ssdm_int(int)' into 'ap_int_base<32, true>::ap_int_base(int)' (C:/Xilinx/Vitis_HLS/2022.1/common/technology/autopilot\ap_int_base.h:260:67)
INFO: [HLS 214-131] Inlining function 'ap_int_base<32, true>::ap_int_base(int)' into 'ap_int<32>::ap_int(int)' (C:/Xilinx/Vitis_HLS/2022.1/common/technology/autopilot/ap_int.h:179:57)
INFO: [HLS 214-131] Inlining function 'hls::axis<ap_int<32>, 1ul, 1ul, 1ul>::get_user_ptr()' into 'hls::stream<hls::axis<ap_int<32>, 1ul, 1ul, 1ul>, 0>::write(hls::axis<ap_int<32>, 1ul, 1ul, 1ul> const&)' (C:/Xilinx/Vitis_HLS/2022.1/common/technology/autopilot\ap_axi_sdata.h:304:51)
INFO: [HLS 214-131] Inlining function 'hls::axis<ap_int<32>, 1ul, 1ul, 1ul>::get_dest_ptr()' into 'hls::stream<hls::axis<ap_int<32>, 1ul, 1ul, 1ul>, 0>::write(hls::axis<ap_int<32>, 1ul, 1ul, 1ul> const&)' (C:/Xilinx/Vitis_HLS/2022.1/common/technology/autopilot\ap_axi_sdata.h:307:26)
INFO: [HLS 214-131] Inlining function 'hls::axis<ap_int<32>, 1ul, 1ul, 1ul>::get_id_ptr()' into 'hls::stream<hls::axis<ap_int<32>, 1ul, 1ul, 1ul>, 0>::write(hls::axis<ap_int<32>, 1ul, 1ul, 1ul> const&)' (C:/Xilinx/Vitis_HLS/2022.1/common/technology/autopilot\ap_axi_sdata.h:306:68)
INFO: [HLS 214-131] Inlining function 'hls::axis<ap_int<32>, 1ul, 1ul, 1ul>::get_user_ptr()' into 'hls::stream<hls::axis<ap_int<32>, 1ul, 1ul, 1ul>, 0>::write(hls::axis<ap_int<32>, 1ul, 1ul, 1ul> const&)' (C:/Xilinx/Vitis_HLS/2022.1/common/technology/autopilot\ap_axi_sdata.h:306:37)
INFO: [HLS 214-131] Inlining function 'hls::axis<ap_int<32>, 1ul, 1ul, 1ul>::get_dest_ptr()' into 'hls::stream<hls::axis<ap_int<32>, 1ul, 1ul, 1ul>, 0>::write(hls::axis<ap_int<32>, 1ul, 1ul, 1ul> const&)' (C:/Xilinx/Vitis_HLS/2022.1/common/technology/autopilot\ap_axi_sdata.h:305:40)
INFO: [HLS 214-131] Inlining function 'hls::axis<ap_int<32>, 1ul, 1ul, 1ul>::get_id_ptr()' into 'hls::stream<hls::axis<ap_int<32>, 1ul, 1ul, 1ul>, 0>::write(hls::axis<ap_int<32>, 1ul, 1ul, 1ul> const&)' (C:/Xilinx/Vitis_HLS/2022.1/common/technology/autopilot\ap_axi_sdata.h:305:24)
INFO: [HLS 214-131] Inlining function 'hls::stream<hls::axis<ap_int<32>, 1ul, 1ul, 1ul>, 0>::read(hls::axis<ap_int<32>, 1ul, 1ul, 1ul>&)' into 'equalizer(hls::stream<hls::axis<ap_int<32>, 1ul, 1ul, 1ul>, 0>&, int*, hls::stream<hls::axis<ap_int<32>, 1ul, 1ul, 1ul>, 0>&)' (equalizer.cpp:25:9)
INFO: [HLS 214-131] Inlining function 'ap_int_base<1, false>::operator unsigned long long() const' into 'equalizer(hls::stream<hls::axis<ap_int<32>, 1ul, 1ul, 1ul>, 0>&, int*, hls::stream<hls::axis<ap_int<32>, 1ul, 1ul, 1ul>, 0>&)' (equalizer.cpp:101:7)
INFO: [HLS 214-131] Inlining function 'hls::stream<hls::axis<ap_int<32>, 1ul, 1ul, 1ul>, 0>::write(hls::axis<ap_int<32>, 1ul, 1ul, 1ul> const&)' into 'equalizer(hls::stream<hls::axis<ap_int<32>, 1ul, 1ul, 1ul>, 0>&, int*, hls::stream<hls::axis<ap_int<32>, 1ul, 1ul, 1ul>, 0>&)' (equalizer.cpp:93:12)
INFO: [HLS 214-131] Inlining function 'ap_int_base<32, true>::to_int() const' into 'equalizer(hls::stream<hls::axis<ap_int<32>, 1ul, 1ul, 1ul>, 0>&, int*, hls::stream<hls::axis<ap_int<32>, 1ul, 1ul, 1ul>, 0>&)' (equalizer.cpp:83:36)
INFO: [HLS 214-131] Inlining function 'ap_int_base<32, true>::to_int() const' into 'equalizer(hls::stream<hls::axis<ap_int<32>, 1ul, 1ul, 1ul>, 0>&, int*, hls::stream<hls::axis<ap_int<32>, 1ul, 1ul, 1ul>, 0>&)' (equalizer.cpp:82:28)
INFO: [HLS 214-131] Inlining function 'hls::stream<hls::axis<ap_int<32>, 1ul, 1ul, 1ul>, 0>::read(hls::axis<ap_int<32>, 1ul, 1ul, 1ul>&)' into 'equalizer(hls::stream<hls::axis<ap_int<32>, 1ul, 1ul, 1ul>, 0>&, int*, hls::stream<hls::axis<ap_int<32>, 1ul, 1ul, 1ul>, 0>&)' (equalizer.cpp:65:12)
INFO: [HLS 214-131] Inlining function 'ap_int_base<32, true>::to_int() const' into 'equalizer(hls::stream<hls::axis<ap_int<32>, 1ul, 1ul, 1ul>, 0>&, int*, hls::stream<hls::axis<ap_int<32>, 1ul, 1ul, 1ul>, 0>&)' (equalizer.cpp:63:26)
INFO: [HLS 214-131] Inlining function 'ap_int_base<32, true>::to_int() const' into 'equalizer(hls::stream<hls::axis<ap_int<32>, 1ul, 1ul, 1ul>, 0>&, int*, hls::stream<hls::axis<ap_int<32>, 1ul, 1ul, 1ul>, 0>&)' (equalizer.cpp:57:19)
INFO: [HLS 214-131] Inlining function 'ap_int_base<32, true>::to_int() const' into 'equalizer(hls::stream<hls::axis<ap_int<32>, 1ul, 1ul, 1ul>, 0>&, int*, hls::stream<hls::axis<ap_int<32>, 1ul, 1ul, 1ul>, 0>&)' (equalizer.cpp:30:18)
INFO: [HLS 214-186] Unrolling loop 'Shift_Accumulate_Loop' (equalizer.cpp:76:5) in function 'equalizer' completely with a factor of 98 (equalizer.cpp:3:0)
INFO: [HLS 214-115] Multiple burst reads of length 99 and bit width 32 has been inferred on bundle 'gmem'. These burst requests might be further partitioned into multiple requests during RTL generation, based on max_read_burst_length or max_write_burst_length settings. (equalizer.cpp:79:42)
INFO: [HLS 214-131] Inlining function '_llvm.fpga.unpack.none.s_struct.ap_int<32>s.i32' into 'equalizer(hls::stream<hls::axis<ap_int<32>, 1ul, 1ul, 1ul>, 0>&, int*, hls::stream<hls::axis<ap_int<32>, 1ul, 1ul, 1ul>, 0>&)' (C:/Xilinx/Vitis_HLS/2022.1/common/technology/autopilot\ap_axi_sdata.h:283:5)
INFO: [HLS 214-131] Inlining function '_llvm.fpga.pack.none.i1.s_struct.ap_uint<1>s' into 'equalizer(hls::stream<hls::axis<ap_int<32>, 1ul, 1ul, 1ul>, 0>&, int*, hls::stream<hls::axis<ap_int<32>, 1ul, 1ul, 1ul>, 0>&)' (C:/Xilinx/Vitis_HLS/2022.1/common/technology/autopilot\ap_axi_sdata.h:304:5)
INFO: [HLS 214-131] Inlining function '_llvm.fpga.pack.none.i4.s_struct.ap_uint<4>s' into 'equalizer(hls::stream<hls::axis<ap_int<32>, 1ul, 1ul, 1ul>, 0>&, int*, hls::stream<hls::axis<ap_int<32>, 1ul, 1ul, 1ul>, 0>&)' (C:/Xilinx/Vitis_HLS/2022.1/common/technology/autopilot\ap_axi_sdata.h:304:5)
INFO: [HLS 214-131] Inlining function '_llvm.fpga.pack.none.i32.s_struct.ap_int<32>s' into 'equalizer(hls::stream<hls::axis<ap_int<32>, 1ul, 1ul, 1ul>, 0>&, int*, hls::stream<hls::axis<ap_int<32>, 1ul, 1ul, 1ul>, 0>&)' (C:/Xilinx/Vitis_HLS/2022.1/common/technology/autopilot\ap_axi_sdata.h:304:5)
INFO: [HLS 214-131] Inlining function '_llvm.fpga.unpack.none.s_struct.ap_uint<1>s.i1' into 'equalizer(hls::stream<hls::axis<ap_int<32>, 1ul, 1ul, 1ul>, 0>&, int*, hls::stream<hls::axis<ap_int<32>, 1ul, 1ul, 1ul>, 0>&)' (C:/Xilinx/Vitis_HLS/2022.1/common/technology/autopilot\ap_axi_sdata.h:283:5)
INFO: [HLS 214-131] Inlining function '_llvm.fpga.unpack.none.s_struct.ap_uint<4>s.i4' into 'equalizer(hls::stream<hls::axis<ap_int<32>, 1ul, 1ul, 1ul>, 0>&, int*, hls::stream<hls::axis<ap_int<32>, 1ul, 1ul, 1ul>, 0>&)' (C:/Xilinx/Vitis_HLS/2022.1/common/technology/autopilot\ap_axi_sdata.h:283:5)
INFO: [HLS 200-111] Finished Compiling Optimization and Transform: CPU user time: 1 seconds. CPU system time: 0 seconds. Elapsed time: 3.994 seconds; current allocated memory: 1.442 GB.
INFO: [HLS 200-111] Finished Checking Pragmas: CPU user time: 0 seconds. CPU system time: 0 seconds. Elapsed time: 0.001 seconds; current allocated memory: 1.442 GB.
INFO: [HLS 200-10] Starting code transformations ...
INFO: [HLS 200-111] Finished Standard Transforms: CPU user time: 0 seconds. CPU system time: 0 seconds. Elapsed time: 0.095 seconds; current allocated memory: 1.442 GB.
INFO: [HLS 200-10] Checking synthesizability ...
INFO: [HLS 200-111] Finished Checking Synthesizability: CPU user time: 0 seconds. CPU system time: 0 seconds. Elapsed time: 0.097 seconds; current allocated memory: 1.442 GB.
INFO: [XFORM 203-510] Pipelining loop 'VITIS_LOOP_56_2' (equalizer.cpp:63) in function 'equalizer' automatically.
INFO: [XFORM 203-11] Balancing expressions in function 'equalizer' (equalizer.cpp:3:22)...98 expression(s) balanced.
INFO: [HLS 200-111] Finished Loop, function and other optimizations: CPU user time: 0 seconds. CPU system time: 0 seconds. Elapsed time: 0.424 seconds; current allocated memory: 1.442 GB.
WARNING: [HLS 200-960] Cannot flatten loop 'VITIS_LOOP_24_1' in function 'equalizer' the outer loop is not a perfect loop because there is nontrivial logic before entering the inner loop.
INFO: [HLS 200-472] Inferring partial write operation for 'signal_shift_reg' (equalizer.cpp:78:22)
INFO: [HLS 200-472] Inferring partial write operation for 'signal_shift_reg' (equalizer.cpp:83:25)
INFO: [HLS 200-111] Finished Architecture Synthesis: CPU user time: 1 seconds. CPU system time: 1 seconds. Elapsed time: 0.414 seconds; current allocated memory: 1.442 GB.
INFO: [HLS 200-10] Starting hardware synthesis ...
INFO: [HLS 200-10] Synthesizing 'equalizer' ...
INFO: [HLS 200-10] ----------------------------------------------------------------
INFO: [HLS 200-42] -- Implementing module 'equalizer_Pipeline_VITIS_LOOP_56_2' 
INFO: [HLS 200-10] ----------------------------------------------------------------
INFO: [SCHED 204-11] Starting scheduling ...
INFO: [SCHED 204-61] Pipelining loop 'VITIS_LOOP_56_2'.
INFO: [HLS 200-1470] Pipelining result : Target II = NA, Final II = 1, Depth = 9, loop 'VITIS_LOOP_56_2'
INFO: [SCHED 204-11] Finished scheduling.
INFO: [HLS 200-111] Finished Scheduling: CPU user time: 0 seconds. CPU system time: 0 seconds. Elapsed time: 0.225 seconds; current allocated memory: 1.442 GB.
INFO: [BIND 205-100] Starting micro-architecture generation ...
INFO: [BIND 205-101] Performing variable lifetime analysis.
INFO: [BIND 205-101] Exploring resource sharing.
INFO: [BIND 205-101] Binding ...
INFO: [BIND 205-100] Finished micro-architecture generation.
INFO: [HLS 200-111] Finished Binding: CPU user time: 0 seconds. CPU system time: 0 seconds. Elapsed time: 0.069 seconds; current allocated memory: 1.442 GB.
INFO: [HLS 200-10] ----------------------------------------------------------------
INFO: [HLS 200-42] -- Implementing module 'equalizer' 
INFO: [HLS 200-10] ----------------------------------------------------------------
INFO: [SCHED 204-11] Starting scheduling ...
INFO: [SCHED 204-11] Finished scheduling.
INFO: [HLS 200-111] Finished Scheduling: CPU user time: 1 seconds. CPU system time: 0 seconds. Elapsed time: 0.97 seconds; current allocated memory: 1.442 GB.
INFO: [BIND 205-100] Starting micro-architecture generation ...
INFO: [BIND 205-101] Performing variable lifetime analysis.
INFO: [BIND 205-101] Exploring resource sharing.
INFO: [BIND 205-101] Binding ...
INFO: [BIND 205-100] Finished micro-architecture generation.
INFO: [HLS 200-111] Finished Binding: CPU user time: 1 seconds. CPU system time: 0 seconds. Elapsed time: 1.008 seconds; current allocated memory: 1.442 GB.
INFO: [HLS 200-10] ----------------------------------------------------------------
INFO: [HLS 200-10] -- Generating RTL for module 'equalizer_Pipeline_VITIS_LOOP_56_2' 
INFO: [HLS 200-10] ----------------------------------------------------------------
INFO: [HLS 200-1030] Apply Unified Pipeline Control on module 'equalizer_Pipeline_VITIS_LOOP_56_2' pipeline 'VITIS_LOOP_56_2' pipeline type 'loop pipeline'
INFO: [RTGEN 206-100] Finished creating RTL model for 'equalizer_Pipeline_VITIS_LOOP_56_2'.
INFO: [HLS 200-111] Finished Creating RTL model: CPU user time: 0 seconds. CPU system time: 0 seconds. Elapsed time: 0.691 seconds; current allocated memory: 1.442 GB.
INFO: [HLS 200-10] ----------------------------------------------------------------
INFO: [HLS 200-10] -- Generating RTL for module 'equalizer' 
INFO: [HLS 200-10] ----------------------------------------------------------------
WARNING: [RTGEN 206-101] Design contains AXI ports. Reset is fixed to synchronous and active low.
INFO: [RTGEN 206-500] Setting interface mode on port 'equalizer/gmem' to 'm_axi'.
INFO: [RTGEN 206-500] Setting interface mode on port 'equalizer/output_r_V_data_V' to 'axis' (register, both mode).
INFO: [RTGEN 206-500] Setting interface mode on port 'equalizer/output_r_V_keep_V' to 'axis' (register, both mode).
INFO: [RTGEN 206-500] Setting interface mode on port 'equalizer/output_r_V_strb_V' to 'axis' (register, both mode).
INFO: [RTGEN 206-500] Setting interface mode on port 'equalizer/output_r_V_user_V' to 'axis' (register, both mode).
INFO: [RTGEN 206-500] Setting interface mode on port 'equalizer/output_r_V_last_V' to 'axis' (register, both mode).
INFO: [RTGEN 206-500] Setting interface mode on port 'equalizer/output_r_V_id_V' to 'axis' (register, both mode).
INFO: [RTGEN 206-500] Setting interface mode on port 'equalizer/output_r_V_dest_V' to 'axis' (register, both mode).
INFO: [RTGEN 206-500] Setting interface mode on port 'equalizer/coefs' to 's_axilite & ap_none'.
INFO: [RTGEN 206-500] Setting interface mode on port 'equalizer/input_r_V_data_V' to 'axis' (register, both mode).
INFO: [RTGEN 206-500] Setting interface mode on port 'equalizer/input_r_V_keep_V' to 'axis' (register, both mode).
INFO: [RTGEN 206-500] Setting interface mode on port 'equalizer/input_r_V_strb_V' to 'axis' (register, both mode).
INFO: [RTGEN 206-500] Setting interface mode on port 'equalizer/input_r_V_user_V' to 'axis' (register, both mode).
INFO: [RTGEN 206-500] Setting interface mode on port 'equalizer/input_r_V_last_V' to 'axis' (register, both mode).
INFO: [RTGEN 206-500] Setting interface mode on port 'equalizer/input_r_V_id_V' to 'axis' (register, both mode).
INFO: [RTGEN 206-500] Setting interface mode on port 'equalizer/input_r_V_dest_V' to 'axis' (register, both mode).
INFO: [RTGEN 206-500] Setting interface mode on function 'equalizer' to 'ap_ctrl_none'.
INFO: [RTGEN 206-100] Bundling port 'coefs' to AXI-Lite port control.
INFO: [RTGEN 206-100] Generating core module 'mul_32s_32s_32_1_1': 99 instance(s).
INFO: [RTGEN 206-100] Finished creating RTL model for 'equalizer'.
INFO: [HLS 200-111] Finished Creating RTL model: CPU user time: 1 seconds. CPU system time: 0 seconds. Elapsed time: 0.495 seconds; current allocated memory: 1.442 GB.
INFO: [RTMG 210-278] Implementing memory 'equalizer_signal_shift_reg_RAM_AUTO_1R1W_ram (RAM)' using auto RAMs with power-on initialization.
INFO: [HLS 200-111] Finished Generating all RTL models: CPU user time: 2 seconds. CPU system time: 0 seconds. Elapsed time: 2.671 seconds; current allocated memory: 1.442 GB.
INFO: [HLS 200-1603] Design has inferred MAXI bursts and missed bursts, see Vitis HLS GUI synthesis summary report for detailed information.
INFO: [HLS 200-111] Finished Updating report files: CPU user time: 0 seconds. CPU system time: 0 seconds. Elapsed time: 0.705 seconds; current allocated memory: 1.442 GB.
INFO: [VHDL 208-304] Generating VHDL RTL for equalizer.
INFO: [VLOG 209-307] Generating Verilog RTL for equalizer.
INFO: [HLS 200-790] **** Loop Constraint Status: All loop constraints were satisfied.
INFO: [HLS 200-789] **** Estimated Fmax: 68.49 MHz
INFO: [HLS 200-111] Finished Command csynth_design CPU user time: 7 seconds. CPU system time: 1 seconds. Elapsed time: 15.542 seconds; current allocated memory: 0.000 MB.
INFO: [HLS 200-112] Total CPU user time: 10 seconds. Total CPU system time: 2 seconds. Total elapsed time: 18.226 seconds; peak allocated memory: 1.442 GB.
==============================================================
Vitis HLS - High-Level Synthesis from C, C++ and OpenCL v2022.1 (64-bit)
Tool Version Limit: 2022.04
Copyright 1986-2022 Xilinx, Inc. All Rights Reserved.
==============================================================
INFO: [SYN 201-201] Setting up clock 'default' with a period of 20ns.
INFO: [HLS 200-1611] Setting target device to 'xc7z020-clg400-1'
INFO: [HLS 200-1505] Using flow_target 'vivado'
INFO: [HLS 200-1510] Running: set_part xc7z020clg400-1 
INFO: [HLS 200-1510] Running: create_clock -period 20 -name default 
INFO: [HLS 200-1510] Running: csynth_design 
INFO: [HLS 200-111] Finished File checks and directory preparation: CPU user time: 0 seconds. CPU system time: 0 seconds. Elapsed time: 0.014 seconds; current allocated memory: 1.442 GB.
INFO: [HLS 200-10] Analyzing design file 'equalizer.cpp' ... 
INFO: [HLS 200-111] Finished Source Code Analysis and Preprocessing: CPU user time: 0 seconds. CPU system time: 0 seconds. Elapsed time: 3.571 seconds; current allocated memory: 1.442 GB.
INFO: [HLS 200-777] Using interface defaults for 'Vivado' flow target.
INFO: [HLS 214-131] Inlining function 'hls::axis<ap_int<32>, 1ul, 1ul, 1ul>::get_user_ptr()' into 'hls::stream<hls::axis<ap_int<32>, 1ul, 1ul, 1ul>, 0>::read(hls::axis<ap_int<32>, 1ul, 1ul, 1ul>&)' (C:/Xilinx/Vitis_HLS/2022.1/common/technology/autopilot\ap_axi_sdata.h:283:50)
INFO: [HLS 214-131] Inlining function 'hls::axis<ap_int<32>, 1ul, 1ul, 1ul>::get_dest_ptr()' into 'hls::stream<hls::axis<ap_int<32>, 1ul, 1ul, 1ul>, 0>::read(hls::axis<ap_int<32>, 1ul, 1ul, 1ul>&)' (C:/Xilinx/Vitis_HLS/2022.1/common/technology/autopilot\ap_axi_sdata.h:286:25)
INFO: [HLS 214-131] Inlining function 'hls::axis<ap_int<32>, 1ul, 1ul, 1ul>::get_id_ptr()' into 'hls::stream<hls::axis<ap_int<32>, 1ul, 1ul, 1ul>, 0>::read(hls::axis<ap_int<32>, 1ul, 1ul, 1ul>&)' (C:/Xilinx/Vitis_HLS/2022.1/common/technology/autopilot\ap_axi_sdata.h:285:67)
INFO: [HLS 214-131] Inlining function 'hls::axis<ap_int<32>, 1ul, 1ul, 1ul>::get_user_ptr()' into 'hls::stream<hls::axis<ap_int<32>, 1ul, 1ul, 1ul>, 0>::read(hls::axis<ap_int<32>, 1ul, 1ul, 1ul>&)' (C:/Xilinx/Vitis_HLS/2022.1/common/technology/autopilot\ap_axi_sdata.h:285:36)
INFO: [HLS 214-131] Inlining function 'hls::axis<ap_int<32>, 1ul, 1ul, 1ul>::get_dest_ptr()' into 'hls::stream<hls::axis<ap_int<32>, 1ul, 1ul, 1ul>, 0>::read(hls::axis<ap_int<32>, 1ul, 1ul, 1ul>&)' (C:/Xilinx/Vitis_HLS/2022.1/common/technology/autopilot\ap_axi_sdata.h:284:39)
INFO: [HLS 214-131] Inlining function 'hls::axis<ap_int<32>, 1ul, 1ul, 1ul>::get_id_ptr()' into 'hls::stream<hls::axis<ap_int<32>, 1ul, 1ul, 1ul>, 0>::read(hls::axis<ap_int<32>, 1ul, 1ul, 1ul>&)' (C:/Xilinx/Vitis_HLS/2022.1/common/technology/autopilot\ap_axi_sdata.h:284:23)
INFO: [HLS 214-131] Inlining function 'ssdm_int<32, true>::ssdm_int(int)' into 'ap_int_base<32, true>::ap_int_base(int)' (C:/Xilinx/Vitis_HLS/2022.1/common/technology/autopilot\ap_int_base.h:260:67)
INFO: [HLS 214-131] Inlining function 'ap_int_base<32, true>::ap_int_base(int)' into 'ap_int<32>::ap_int(int)' (C:/Xilinx/Vitis_HLS/2022.1/common/technology/autopilot/ap_int.h:179:57)
INFO: [HLS 214-131] Inlining function 'hls::axis<ap_int<32>, 1ul, 1ul, 1ul>::get_user_ptr()' into 'hls::stream<hls::axis<ap_int<32>, 1ul, 1ul, 1ul>, 0>::write(hls::axis<ap_int<32>, 1ul, 1ul, 1ul> const&)' (C:/Xilinx/Vitis_HLS/2022.1/common/technology/autopilot\ap_axi_sdata.h:304:51)
INFO: [HLS 214-131] Inlining function 'hls::axis<ap_int<32>, 1ul, 1ul, 1ul>::get_dest_ptr()' into 'hls::stream<hls::axis<ap_int<32>, 1ul, 1ul, 1ul>, 0>::write(hls::axis<ap_int<32>, 1ul, 1ul, 1ul> const&)' (C:/Xilinx/Vitis_HLS/2022.1/common/technology/autopilot\ap_axi_sdata.h:307:26)
INFO: [HLS 214-131] Inlining function 'hls::axis<ap_int<32>, 1ul, 1ul, 1ul>::get_id_ptr()' into 'hls::stream<hls::axis<ap_int<32>, 1ul, 1ul, 1ul>, 0>::write(hls::axis<ap_int<32>, 1ul, 1ul, 1ul> const&)' (C:/Xilinx/Vitis_HLS/2022.1/common/technology/autopilot\ap_axi_sdata.h:306:68)
INFO: [HLS 214-131] Inlining function 'hls::axis<ap_int<32>, 1ul, 1ul, 1ul>::get_user_ptr()' into 'hls::stream<hls::axis<ap_int<32>, 1ul, 1ul, 1ul>, 0>::write(hls::axis<ap_int<32>, 1ul, 1ul, 1ul> const&)' (C:/Xilinx/Vitis_HLS/2022.1/common/technology/autopilot\ap_axi_sdata.h:306:37)
INFO: [HLS 214-131] Inlining function 'hls::axis<ap_int<32>, 1ul, 1ul, 1ul>::get_dest_ptr()' into 'hls::stream<hls::axis<ap_int<32>, 1ul, 1ul, 1ul>, 0>::write(hls::axis<ap_int<32>, 1ul, 1ul, 1ul> const&)' (C:/Xilinx/Vitis_HLS/2022.1/common/technology/autopilot\ap_axi_sdata.h:305:40)
INFO: [HLS 214-131] Inlining function 'hls::axis<ap_int<32>, 1ul, 1ul, 1ul>::get_id_ptr()' into 'hls::stream<hls::axis<ap_int<32>, 1ul, 1ul, 1ul>, 0>::write(hls::axis<ap_int<32>, 1ul, 1ul, 1ul> const&)' (C:/Xilinx/Vitis_HLS/2022.1/common/technology/autopilot\ap_axi_sdata.h:305:24)
INFO: [HLS 214-131] Inlining function 'hls::stream<hls::axis<ap_int<32>, 1ul, 1ul, 1ul>, 0>::read(hls::axis<ap_int<32>, 1ul, 1ul, 1ul>&)' into 'equalizer(hls::stream<hls::axis<ap_int<32>, 1ul, 1ul, 1ul>, 0>&, int*, hls::stream<hls::axis<ap_int<32>, 1ul, 1ul, 1ul>, 0>&)' (equalizer.cpp:25:9)
INFO: [HLS 214-131] Inlining function 'ap_int_base<1, false>::operator unsigned long long() const' into 'equalizer(hls::stream<hls::axis<ap_int<32>, 1ul, 1ul, 1ul>, 0>&, int*, hls::stream<hls::axis<ap_int<32>, 1ul, 1ul, 1ul>, 0>&)' (equalizer.cpp:101:7)
INFO: [HLS 214-131] Inlining function 'hls::stream<hls::axis<ap_int<32>, 1ul, 1ul, 1ul>, 0>::write(hls::axis<ap_int<32>, 1ul, 1ul, 1ul> const&)' into 'equalizer(hls::stream<hls::axis<ap_int<32>, 1ul, 1ul, 1ul>, 0>&, int*, hls::stream<hls::axis<ap_int<32>, 1ul, 1ul, 1ul>, 0>&)' (equalizer.cpp:93:12)
INFO: [HLS 214-131] Inlining function 'ap_int_base<32, true>::to_int() const' into 'equalizer(hls::stream<hls::axis<ap_int<32>, 1ul, 1ul, 1ul>, 0>&, int*, hls::stream<hls::axis<ap_int<32>, 1ul, 1ul, 1ul>, 0>&)' (equalizer.cpp:83:36)
INFO: [HLS 214-131] Inlining function 'ap_int_base<32, true>::to_int() const' into 'equalizer(hls::stream<hls::axis<ap_int<32>, 1ul, 1ul, 1ul>, 0>&, int*, hls::stream<hls::axis<ap_int<32>, 1ul, 1ul, 1ul>, 0>&)' (equalizer.cpp:82:28)
INFO: [HLS 214-131] Inlining function 'hls::stream<hls::axis<ap_int<32>, 1ul, 1ul, 1ul>, 0>::read(hls::axis<ap_int<32>, 1ul, 1ul, 1ul>&)' into 'equalizer(hls::stream<hls::axis<ap_int<32>, 1ul, 1ul, 1ul>, 0>&, int*, hls::stream<hls::axis<ap_int<32>, 1ul, 1ul, 1ul>, 0>&)' (equalizer.cpp:65:12)
INFO: [HLS 214-131] Inlining function 'ap_int_base<32, true>::to_int() const' into 'equalizer(hls::stream<hls::axis<ap_int<32>, 1ul, 1ul, 1ul>, 0>&, int*, hls::stream<hls::axis<ap_int<32>, 1ul, 1ul, 1ul>, 0>&)' (equalizer.cpp:63:26)
INFO: [HLS 214-131] Inlining function 'ap_int_base<32, true>::to_int() const' into 'equalizer(hls::stream<hls::axis<ap_int<32>, 1ul, 1ul, 1ul>, 0>&, int*, hls::stream<hls::axis<ap_int<32>, 1ul, 1ul, 1ul>, 0>&)' (equalizer.cpp:57:19)
INFO: [HLS 214-131] Inlining function 'ap_int_base<32, true>::to_int() const' into 'equalizer(hls::stream<hls::axis<ap_int<32>, 1ul, 1ul, 1ul>, 0>&, int*, hls::stream<hls::axis<ap_int<32>, 1ul, 1ul, 1ul>, 0>&)' (equalizer.cpp:30:18)
INFO: [HLS 214-186] Unrolling loop 'Shift_Accumulate_Loop' (equalizer.cpp:76:5) in function 'equalizer' completely with a factor of 32 (equalizer.cpp:3:0)
INFO: [HLS 214-115] Multiple burst reads of length 33 and bit width 32 has been inferred on bundle 'gmem'. These burst requests might be further partitioned into multiple requests during RTL generation, based on max_read_burst_length or max_write_burst_length settings. (equalizer.cpp:79:42)
INFO: [HLS 214-131] Inlining function '_llvm.fpga.unpack.none.s_struct.ap_int<32>s.i32' into 'equalizer(hls::stream<hls::axis<ap_int<32>, 1ul, 1ul, 1ul>, 0>&, int*, hls::stream<hls::axis<ap_int<32>, 1ul, 1ul, 1ul>, 0>&)' (C:/Xilinx/Vitis_HLS/2022.1/common/technology/autopilot\ap_axi_sdata.h:283:5)
INFO: [HLS 214-131] Inlining function '_llvm.fpga.pack.none.i1.s_struct.ap_uint<1>s' into 'equalizer(hls::stream<hls::axis<ap_int<32>, 1ul, 1ul, 1ul>, 0>&, int*, hls::stream<hls::axis<ap_int<32>, 1ul, 1ul, 1ul>, 0>&)' (C:/Xilinx/Vitis_HLS/2022.1/common/technology/autopilot\ap_axi_sdata.h:304:5)
INFO: [HLS 214-131] Inlining function '_llvm.fpga.pack.none.i4.s_struct.ap_uint<4>s' into 'equalizer(hls::stream<hls::axis<ap_int<32>, 1ul, 1ul, 1ul>, 0>&, int*, hls::stream<hls::axis<ap_int<32>, 1ul, 1ul, 1ul>, 0>&)' (C:/Xilinx/Vitis_HLS/2022.1/common/technology/autopilot\ap_axi_sdata.h:304:5)
INFO: [HLS 214-131] Inlining function '_llvm.fpga.pack.none.i32.s_struct.ap_int<32>s' into 'equalizer(hls::stream<hls::axis<ap_int<32>, 1ul, 1ul, 1ul>, 0>&, int*, hls::stream<hls::axis<ap_int<32>, 1ul, 1ul, 1ul>, 0>&)' (C:/Xilinx/Vitis_HLS/2022.1/common/technology/autopilot\ap_axi_sdata.h:304:5)
INFO: [HLS 214-131] Inlining function '_llvm.fpga.unpack.none.s_struct.ap_uint<1>s.i1' into 'equalizer(hls::stream<hls::axis<ap_int<32>, 1ul, 1ul, 1ul>, 0>&, int*, hls::stream<hls::axis<ap_int<32>, 1ul, 1ul, 1ul>, 0>&)' (C:/Xilinx/Vitis_HLS/2022.1/common/technology/autopilot\ap_axi_sdata.h:283:5)
INFO: [HLS 214-131] Inlining function '_llvm.fpga.unpack.none.s_struct.ap_uint<4>s.i4' into 'equalizer(hls::stream<hls::axis<ap_int<32>, 1ul, 1ul, 1ul>, 0>&, int*, hls::stream<hls::axis<ap_int<32>, 1ul, 1ul, 1ul>, 0>&)' (C:/Xilinx/Vitis_HLS/2022.1/common/technology/autopilot\ap_axi_sdata.h:283:5)
INFO: [HLS 200-111] Finished Compiling Optimization and Transform: CPU user time: 1 seconds. CPU system time: 0 seconds. Elapsed time: 3.907 seconds; current allocated memory: 1.442 GB.
INFO: [HLS 200-111] Finished Checking Pragmas: CPU user time: 0 seconds. CPU system time: 0 seconds. Elapsed time: 0.002 seconds; current allocated memory: 1.442 GB.
INFO: [HLS 200-10] Starting code transformations ...
INFO: [HLS 200-111] Finished Standard Transforms: CPU user time: 0 seconds. CPU system time: 0 seconds. Elapsed time: 0.066 seconds; current allocated memory: 1.442 GB.
INFO: [HLS 200-10] Checking synthesizability ...
INFO: [HLS 200-111] Finished Checking Synthesizability: CPU user time: 0 seconds. CPU system time: 0 seconds. Elapsed time: 0.085 seconds; current allocated memory: 1.442 GB.
INFO: [XFORM 203-510] Pipelining loop 'VITIS_LOOP_56_2' (equalizer.cpp:63) in function 'equalizer' automatically.
INFO: [XFORM 203-102] Partitioning array 'signal_shift_reg' automatically.
INFO: [XFORM 203-11] Balancing expressions in function 'equalizer' (equalizer.cpp:3:22)...32 expression(s) balanced.
INFO: [HLS 200-111] Finished Loop, function and other optimizations: CPU user time: 0 seconds. CPU system time: 0 seconds. Elapsed time: 0.173 seconds; current allocated memory: 1.442 GB.
WARNING: [HLS 200-960] Cannot flatten loop 'VITIS_LOOP_24_1' in function 'equalizer' the outer loop is not a perfect loop because there is nontrivial logic before entering the inner loop.
INFO: [HLS 200-111] Finished Architecture Synthesis: CPU user time: 0 seconds. CPU system time: 0 seconds. Elapsed time: 0.104 seconds; current allocated memory: 1.442 GB.
INFO: [HLS 200-10] Starting hardware synthesis ...
INFO: [HLS 200-10] Synthesizing 'equalizer' ...
INFO: [HLS 200-10] ----------------------------------------------------------------
INFO: [HLS 200-42] -- Implementing module 'equalizer_Pipeline_VITIS_LOOP_56_2' 
INFO: [HLS 200-10] ----------------------------------------------------------------
INFO: [SCHED 204-11] Starting scheduling ...
INFO: [SCHED 204-61] Pipelining loop 'VITIS_LOOP_56_2'.
INFO: [HLS 200-1470] Pipelining result : Target II = NA, Final II = 1, Depth = 9, loop 'VITIS_LOOP_56_2'
INFO: [SCHED 204-11] Finished scheduling.
INFO: [HLS 200-111] Finished Scheduling: CPU user time: 0 seconds. CPU system time: 1 seconds. Elapsed time: 0.223 seconds; current allocated memory: 1.442 GB.
INFO: [BIND 205-100] Starting micro-architecture generation ...
INFO: [BIND 205-101] Performing variable lifetime analysis.
INFO: [BIND 205-101] Exploring resource sharing.
INFO: [BIND 205-101] Binding ...
INFO: [BIND 205-100] Finished micro-architecture generation.
INFO: [HLS 200-111] Finished Binding: CPU user time: 0 seconds. CPU system time: 0 seconds. Elapsed time: 0.062 seconds; current allocated memory: 1.442 GB.
INFO: [HLS 200-10] ----------------------------------------------------------------
INFO: [HLS 200-42] -- Implementing module 'equalizer' 
INFO: [HLS 200-10] ----------------------------------------------------------------
INFO: [SCHED 204-11] Starting scheduling ...
INFO: [SCHED 204-11] Finished scheduling.
INFO: [HLS 200-111] Finished Scheduling: CPU user time: 1 seconds. CPU system time: 0 seconds. Elapsed time: 0.33 seconds; current allocated memory: 1.442 GB.
INFO: [BIND 205-100] Starting micro-architecture generation ...
INFO: [BIND 205-101] Performing variable lifetime analysis.
INFO: [BIND 205-101] Exploring resource sharing.
INFO: [BIND 205-101] Binding ...
INFO: [BIND 205-100] Finished micro-architecture generation.
INFO: [HLS 200-111] Finished Binding: CPU user time: 0 seconds. CPU system time: 0 seconds. Elapsed time: 0.38 seconds; current allocated memory: 1.442 GB.
INFO: [HLS 200-10] ----------------------------------------------------------------
INFO: [HLS 200-10] -- Generating RTL for module 'equalizer_Pipeline_VITIS_LOOP_56_2' 
INFO: [HLS 200-10] ----------------------------------------------------------------
INFO: [HLS 200-1030] Apply Unified Pipeline Control on module 'equalizer_Pipeline_VITIS_LOOP_56_2' pipeline 'VITIS_LOOP_56_2' pipeline type 'loop pipeline'
INFO: [RTGEN 206-100] Finished creating RTL model for 'equalizer_Pipeline_VITIS_LOOP_56_2'.
INFO: [HLS 200-111] Finished Creating RTL model: CPU user time: 0 seconds. CPU system time: 0 seconds. Elapsed time: 0.26 seconds; current allocated memory: 1.442 GB.
INFO: [HLS 200-10] ----------------------------------------------------------------
INFO: [HLS 200-10] -- Generating RTL for module 'equalizer' 
INFO: [HLS 200-10] ----------------------------------------------------------------
WARNING: [RTGEN 206-101] Design contains AXI ports. Reset is fixed to synchronous and active low.
INFO: [RTGEN 206-500] Setting interface mode on port 'equalizer/gmem' to 'm_axi'.
INFO: [RTGEN 206-500] Setting interface mode on port 'equalizer/output_r_V_data_V' to 'axis' (register, both mode).
INFO: [RTGEN 206-500] Setting interface mode on port 'equalizer/output_r_V_keep_V' to 'axis' (register, both mode).
INFO: [RTGEN 206-500] Setting interface mode on port 'equalizer/output_r_V_strb_V' to 'axis' (register, both mode).
INFO: [RTGEN 206-500] Setting interface mode on port 'equalizer/output_r_V_user_V' to 'axis' (register, both mode).
INFO: [RTGEN 206-500] Setting interface mode on port 'equalizer/output_r_V_last_V' to 'axis' (register, both mode).
INFO: [RTGEN 206-500] Setting interface mode on port 'equalizer/output_r_V_id_V' to 'axis' (register, both mode).
INFO: [RTGEN 206-500] Setting interface mode on port 'equalizer/output_r_V_dest_V' to 'axis' (register, both mode).
INFO: [RTGEN 206-500] Setting interface mode on port 'equalizer/coefs' to 's_axilite & ap_none'.
INFO: [RTGEN 206-500] Setting interface mode on port 'equalizer/input_r_V_data_V' to 'axis' (register, both mode).
INFO: [RTGEN 206-500] Setting interface mode on port 'equalizer/input_r_V_keep_V' to 'axis' (register, both mode).
INFO: [RTGEN 206-500] Setting interface mode on port 'equalizer/input_r_V_strb_V' to 'axis' (register, both mode).
INFO: [RTGEN 206-500] Setting interface mode on port 'equalizer/input_r_V_user_V' to 'axis' (register, both mode).
INFO: [RTGEN 206-500] Setting interface mode on port 'equalizer/input_r_V_last_V' to 'axis' (register, both mode).
INFO: [RTGEN 206-500] Setting interface mode on port 'equalizer/input_r_V_id_V' to 'axis' (register, both mode).
INFO: [RTGEN 206-500] Setting interface mode on port 'equalizer/input_r_V_dest_V' to 'axis' (register, both mode).
INFO: [RTGEN 206-500] Setting interface mode on function 'equalizer' to 'ap_ctrl_none'.
WARNING: [RTGEN 206-101] Register 'signal_shift_reg_31' is power-on initialization.
WARNING: [RTGEN 206-101] Register 'signal_shift_reg_30' is power-on initialization.
WARNING: [RTGEN 206-101] Register 'signal_shift_reg_29' is power-on initialization.
WARNING: [RTGEN 206-101] Register 'signal_shift_reg_28' is power-on initialization.
WARNING: [RTGEN 206-101] Register 'signal_shift_reg_27' is power-on initialization.
WARNING: [RTGEN 206-101] Register 'signal_shift_reg_26' is power-on initialization.
WARNING: [RTGEN 206-101] Register 'signal_shift_reg_25' is power-on initialization.
WARNING: [RTGEN 206-101] Register 'signal_shift_reg_24' is power-on initialization.
WARNING: [RTGEN 206-101] Register 'signal_shift_reg_23' is power-on initialization.
WARNING: [RTGEN 206-101] Register 'signal_shift_reg_22' is power-on initialization.
WARNING: [RTGEN 206-101] Register 'signal_shift_reg_21' is power-on initialization.
WARNING: [RTGEN 206-101] Register 'signal_shift_reg_20' is power-on initialization.
WARNING: [RTGEN 206-101] Register 'signal_shift_reg_19' is power-on initialization.
WARNING: [RTGEN 206-101] Register 'signal_shift_reg_18' is power-on initialization.
WARNING: [RTGEN 206-101] Register 'signal_shift_reg_17' is power-on initialization.
WARNING: [RTGEN 206-101] Register 'signal_shift_reg_16' is power-on initialization.
WARNING: [RTGEN 206-101] Register 'signal_shift_reg_15' is power-on initialization.
WARNING: [RTGEN 206-101] Register 'signal_shift_reg_14' is power-on initialization.
WARNING: [RTGEN 206-101] Register 'signal_shift_reg_13' is power-on initialization.
WARNING: [RTGEN 206-101] Register 'signal_shift_reg_12' is power-on initialization.
WARNING: [RTGEN 206-101] Register 'signal_shift_reg_11' is power-on initialization.
WARNING: [RTGEN 206-101] Register 'signal_shift_reg_10' is power-on initialization.
WARNING: [RTGEN 206-101] Register 'signal_shift_reg_9' is power-on initialization.
WARNING: [RTGEN 206-101] Register 'signal_shift_reg_8' is power-on initialization.
WARNING: [RTGEN 206-101] Register 'signal_shift_reg_7' is power-on initialization.
WARNING: [RTGEN 206-101] Register 'signal_shift_reg_6' is power-on initialization.
WARNING: [RTGEN 206-101] Register 'signal_shift_reg_5' is power-on initialization.
WARNING: [RTGEN 206-101] Register 'signal_shift_reg_4' is power-on initialization.
WARNING: [RTGEN 206-101] Register 'signal_shift_reg_3' is power-on initialization.
WARNING: [RTGEN 206-101] Register 'signal_shift_reg_2' is power-on initialization.
WARNING: [RTGEN 206-101] Register 'signal_shift_reg_1' is power-on initialization.
WARNING: [RTGEN 206-101] Register 'signal_shift_reg_0' is power-on initialization.
INFO: [RTGEN 206-100] Bundling port 'coefs' to AXI-Lite port control.
INFO: [RTGEN 206-100] Generating core module 'mul_32s_32s_32_1_1': 33 instance(s).
INFO: [RTGEN 206-100] Finished creating RTL model for 'equalizer'.
INFO: [HLS 200-111] Finished Creating RTL model: CPU user time: 0 seconds. CPU system time: 0 seconds. Elapsed time: 0.67 seconds; current allocated memory: 1.442 GB.
INFO: [HLS 200-111] Finished Generating all RTL models: CPU user time: 1 seconds. CPU system time: 0 seconds. Elapsed time: 1.159 seconds; current allocated memory: 1.442 GB.
INFO: [HLS 200-1603] Design has inferred MAXI bursts and missed bursts, see Vitis HLS GUI synthesis summary report for detailed information.
INFO: [HLS 200-111] Finished Updating report files: CPU user time: 1 seconds. CPU system time: 0 seconds. Elapsed time: 0.586 seconds; current allocated memory: 1.442 GB.
INFO: [VHDL 208-304] Generating VHDL RTL for equalizer.
INFO: [VLOG 209-307] Generating Verilog RTL for equalizer.
INFO: [HLS 200-790] **** Loop Constraint Status: All loop constraints were satisfied.
INFO: [HLS 200-789] **** Estimated Fmax: 68.49 MHz
INFO: [HLS 200-111] Finished Command csynth_design CPU user time: 4 seconds. CPU system time: 1 seconds. Elapsed time: 11.669 seconds; current allocated memory: 0.000 MB.
INFO: [HLS 200-112] Total CPU user time: 7 seconds. Total CPU system time: 2 seconds. Total elapsed time: 14.372 seconds; peak allocated memory: 1.442 GB.
==============================================================
Vitis HLS - High-Level Synthesis from C, C++ and OpenCL v2022.1 (64-bit)
Tool Version Limit: 2022.04
Copyright 1986-2022 Xilinx, Inc. All Rights Reserved.
==============================================================
INFO: [SYN 201-201] Setting up clock 'default' with a period of 20ns.
INFO: [HLS 200-1611] Setting target device to 'xc7z020-clg400-1'
INFO: [HLS 200-1505] Using flow_target 'vivado'
INFO: [HLS 200-1510] Running: set_part xc7z020clg400-1 
INFO: [HLS 200-1510] Running: create_clock -period 20 -name default 
INFO: [SYN 201-201] Setting up clock 'default' with a period of 20ns.
INFO: [HLS 200-1510] Running: export_design -rtl verilog -format ip_catalog 
INFO: [IMPL 213-8] Exporting RTL as a Vivado IP.
INFO: [HLS 200-802] Generated output file equalizer/solution1/impl/export.zip
INFO: [HLS 200-111] Finished Command export_design CPU user time: 1 seconds. CPU system time: 1 seconds. Elapsed time: 10.441 seconds; current allocated memory: 0.000 MB.
INFO: [HLS 200-112] Total CPU user time: 4 seconds. Total CPU system time: 2 seconds. Total elapsed time: 13.191 seconds; peak allocated memory: 1.447 GB.
