

================================================================
== Vitis HLS Report for 'equalizer_Pipeline_Shift_Accumulate_Loop'
================================================================
* Date:           Fri Apr 26 03:05:52 2024

* Version:        2022.1 (Build 3526262 on Mon Apr 18 15:48:16 MDT 2022)
* Project:        equalizer
* Solution:       solution18 (Vivado IP Flow Target)
* Product family: zynq
* Target device:  xc7z020-clg400-1


================================================================
== Performance Estimates
================================================================
+ Timing: 
    * Summary: 
    +--------+----------+----------+------------+
    |  Clock |  Target  | Estimated| Uncertainty|
    +--------+----------+----------+------------+
    |ap_clk  |  10.00 ns|  7.300 ns|     2.70 ns|
    +--------+----------+----------+------------+

+ Latency: 
    * Summary: 
    +---------+---------+----------+----------+-----+-----+---------+
    |  Latency (cycles) |  Latency (absolute) |  Interval | Pipeline|
    |   min   |   max   |    min   |    max   | min | max |   Type  |
    +---------+---------+----------+----------+-----+-----+---------+
    |      110|      110|  1.100 us|  1.100 us|  110|  110|       no|
    +---------+---------+----------+----------+-----+-----+---------+

    + Detail: 
        * Instance: 
        N/A

        * Loop: 
        +-------------------------+---------+---------+----------+-----------+-----------+------+----------+
        |                         |  Latency (cycles) | Iteration|  Initiation Interval  | Trip |          |
        |        Loop Name        |   min   |   max   |  Latency |  achieved |   target  | Count| Pipelined|
        +-------------------------+---------+---------+----------+-----------+-----------+------+----------+
        |- Shift_Accumulate_Loop  |      108|      108|        12|          1|          1|    98|       yes|
        +-------------------------+---------+---------+----------+-----------+-----------+------+----------+

============================================================
+ Verbose Summary: Synthesis Manager
============================================================
InlineROM: 1
ExposeGlobal: 0
============================================================
+ Verbose Summary: CDFG Model
============================================================
IsTopModel: 0
ResetActiveHigh: 1
IsCombinational: 0
IsDatapathOnly: 0
HasWiredReturn: 1
HasMFsm: 2
HasVarLatency: 1
IsPipeline: 0
IsRtlPipelined: 0
IsInstanceOverlapped: 0
IsDontTouch: 0
HasImplIP: 0
IsGatedGlobalClock: 0

+ Individual pipeline summary: 
  * Pipeline-0: initiation interval (II) = 1, depth = 12


============================================================
+ Verbose Summary: Schedule
============================================================
* Number of FSM states : 12
* Pipeline : 1
  Pipeline-0 : II = 1, D = 12, States = { 1 2 3 4 5 6 7 8 9 10 11 12 }
* Dataflow Pipeline: 0

* FSM state transitions: 
1 --> 2 
2 --> 3 
3 --> 4 
4 --> 5 
5 --> 6 
6 --> 7 
7 --> 8 
8 --> 9 
9 --> 10 
10 --> 11 
11 --> 12 
12 --> 

* FSM state operations: 

State 1 <SV = 0> <Delay = 5.12>
ST_1 : Operation 15 [1/1] (0.00ns)   --->   "%accumulate = alloca i32 1"   --->   Operation 15 'alloca' 'accumulate' <Predicate = true> <Delay = 0.00>
ST_1 : Operation 16 [1/1] (0.00ns)   --->   "%i = alloca i32 1"   --->   Operation 16 'alloca' 'i' <Predicate = true> <Delay = 0.00>
ST_1 : Operation 17 [1/1] (0.00ns)   --->   "%specinterface_ln0 = specinterface void @_ssdm_op_SpecInterface, i32 %gmem, void @empty, i32 0, i32 0, void @empty_0, i32 0, i32 99, void @empty_1, void @empty_2, void @empty_0, i32 16, i32 16, i32 16, i32 16, void @empty_0, void @empty_0, i32 4294967295, i32 0"   --->   Operation 17 'specinterface' 'specinterface_ln0' <Predicate = true> <Delay = 0.00>
ST_1 : Operation 18 [1/1] (0.00ns)   --->   "%coefs_read = read i64 @_ssdm_op_Read.ap_auto.i64, i64 %coefs"   --->   Operation 18 'read' 'coefs_read' <Predicate = true> <Delay = 0.00>
ST_1 : Operation 19 [1/1] (1.58ns)   --->   "%store_ln0 = store i7 98, i7 %i"   --->   Operation 19 'store' 'store_ln0' <Predicate = true> <Delay = 1.58>
ST_1 : Operation 20 [1/1] (1.58ns)   --->   "%store_ln0 = store i32 0, i32 %accumulate"   --->   Operation 20 'store' 'store_ln0' <Predicate = true> <Delay = 1.58>
ST_1 : Operation 21 [1/1] (0.00ns)   --->   "%br_ln0 = br void %for.inc46"   --->   Operation 21 'br' 'br_ln0' <Predicate = true> <Delay = 0.00>
ST_1 : Operation 22 [1/1] (0.00ns)   --->   "%i_2 = load i7 %i" [equalizer.cpp:84]   --->   Operation 22 'load' 'i_2' <Predicate = true> <Delay = 0.00>
ST_1 : Operation 23 [1/1] (0.00ns)   --->   "%specbitsmap_ln0 = specbitsmap void @_ssdm_op_SpecBitsMap, i32 %gmem"   --->   Operation 23 'specbitsmap' 'specbitsmap_ln0' <Predicate = true> <Delay = 0.00>
ST_1 : Operation 24 [1/1] (1.48ns)   --->   "%icmp_ln82 = icmp_eq  i7 %i_2, i7 0" [equalizer.cpp:82]   --->   Operation 24 'icmp' 'icmp_ln82' <Predicate = true> <Delay = 1.48> <CoreInst = "Cmp">   --->   Core 9 'Cmp' <Latency = 0> <II = 1> <Delay = 1.48> <FuncUnit> <Opcode : 'icmp'> <InPorts = 2> <OutPorts = 1>
ST_1 : Operation 25 [1/1] (0.00ns)   --->   "%empty = speclooptripcount i32 @_ssdm_op_SpecLoopTripCount, i64 98, i64 98, i64 98"   --->   Operation 25 'speclooptripcount' 'empty' <Predicate = true> <Delay = 0.00>
ST_1 : Operation 26 [1/1] (0.00ns)   --->   "%br_ln82 = br i1 %icmp_ln82, void %for.inc46.split, void %for.end48.exitStub" [equalizer.cpp:82]   --->   Operation 26 'br' 'br_ln82' <Predicate = true> <Delay = 0.00>
ST_1 : Operation 27 [1/1] (1.87ns)   --->   "%add_ln84 = add i7 %i_2, i7 127" [equalizer.cpp:84]   --->   Operation 27 'add' 'add_ln84' <Predicate = (!icmp_ln82)> <Delay = 1.87> <CoreInst = "Adder">   --->   Core 1 'Adder' <Latency = 0> <II = 1> <Delay = 1.87> <FuncUnit> <Opcode : 'add' 'sub'> <InPorts = 2> <OutPorts = 1>
ST_1 : Operation 28 [1/1] (0.00ns)   --->   "%zext_ln84 = zext i7 %add_ln84" [equalizer.cpp:84]   --->   Operation 28 'zext' 'zext_ln84' <Predicate = (!icmp_ln82)> <Delay = 0.00>
ST_1 : Operation 29 [1/1] (0.00ns)   --->   "%signal_shift_reg_addr = getelementptr i32 %signal_shift_reg, i64 0, i64 %zext_ln84" [equalizer.cpp:84]   --->   Operation 29 'getelementptr' 'signal_shift_reg_addr' <Predicate = (!icmp_ln82)> <Delay = 0.00>
ST_1 : Operation 30 [2/2] (3.25ns)   --->   "%signal_shift_reg_load = load i7 %signal_shift_reg_addr" [equalizer.cpp:84]   --->   Operation 30 'load' 'signal_shift_reg_load' <Predicate = (!icmp_ln82)> <Delay = 3.25> <CoreInst = "RAM">   --->   Core 82 'RAM' <Latency = 1> <II = 1> <Delay = 3.25> <Storage> <Opcode : 'load' 'store'> <Ports = 2> <Width = 32> <Depth = 99> <RAM>
ST_1 : Operation 31 [1/1] (0.00ns)   --->   "%shl_ln = bitconcatenate i9 @_ssdm_op_BitConcatenate.i9.i7.i2, i7 %i_2, i2 0" [equalizer.cpp:85]   --->   Operation 31 'bitconcatenate' 'shl_ln' <Predicate = (!icmp_ln82)> <Delay = 0.00>
ST_1 : Operation 32 [1/1] (0.00ns)   --->   "%zext_ln85 = zext i9 %shl_ln" [equalizer.cpp:85]   --->   Operation 32 'zext' 'zext_ln85' <Predicate = (!icmp_ln82)> <Delay = 0.00>
ST_1 : Operation 33 [1/1] (3.52ns)   --->   "%add_ln85 = add i64 %zext_ln85, i64 %coefs_read" [equalizer.cpp:85]   --->   Operation 33 'add' 'add_ln85' <Predicate = (!icmp_ln82)> <Delay = 3.52> <CoreInst = "Adder">   --->   Core 1 'Adder' <Latency = 0> <II = 1> <Delay = 3.52> <FuncUnit> <Opcode : 'add' 'sub'> <InPorts = 2> <OutPorts = 1>
ST_1 : Operation 34 [1/1] (0.00ns)   --->   "%trunc_ln1 = partselect i62 @_ssdm_op_PartSelect.i62.i64.i32.i32, i64 %add_ln85, i32 2, i32 63" [equalizer.cpp:85]   --->   Operation 34 'partselect' 'trunc_ln1' <Predicate = (!icmp_ln82)> <Delay = 0.00>
ST_1 : Operation 35 [1/1] (0.00ns)   --->   "%sext_ln85 = sext i62 %trunc_ln1" [equalizer.cpp:85]   --->   Operation 35 'sext' 'sext_ln85' <Predicate = (!icmp_ln82)> <Delay = 0.00>
ST_1 : Operation 36 [1/1] (0.00ns)   --->   "%gmem_addr = getelementptr i32 %gmem, i64 %sext_ln85" [equalizer.cpp:85]   --->   Operation 36 'getelementptr' 'gmem_addr' <Predicate = (!icmp_ln82)> <Delay = 0.00>
ST_1 : Operation 37 [1/1] (1.58ns)   --->   "%store_ln82 = store i7 %add_ln84, i7 %i" [equalizer.cpp:82]   --->   Operation 37 'store' 'store_ln82' <Predicate = (!icmp_ln82)> <Delay = 1.58>

State 2 <SV = 1> <Delay = 7.30>
ST_2 : Operation 38 [1/1] (0.00ns)   --->   "%zext_ln82 = zext i7 %i_2" [equalizer.cpp:82]   --->   Operation 38 'zext' 'zext_ln82' <Predicate = true> <Delay = 0.00>
ST_2 : Operation 39 [1/2] (3.25ns)   --->   "%signal_shift_reg_load = load i7 %signal_shift_reg_addr" [equalizer.cpp:84]   --->   Operation 39 'load' 'signal_shift_reg_load' <Predicate = true> <Delay = 3.25> <CoreInst = "RAM">   --->   Core 82 'RAM' <Latency = 1> <II = 1> <Delay = 3.25> <Storage> <Opcode : 'load' 'store'> <Ports = 2> <Width = 32> <Depth = 99> <RAM>
ST_2 : Operation 40 [1/1] (0.00ns)   --->   "%signal_shift_reg_addr_1 = getelementptr i32 %signal_shift_reg, i64 0, i64 %zext_ln82" [equalizer.cpp:84]   --->   Operation 40 'getelementptr' 'signal_shift_reg_addr_1' <Predicate = true> <Delay = 0.00>
ST_2 : Operation 41 [1/1] (3.25ns)   --->   "%store_ln84 = store i32 %signal_shift_reg_load, i7 %signal_shift_reg_addr_1" [equalizer.cpp:84]   --->   Operation 41 'store' 'store_ln84' <Predicate = true> <Delay = 3.25> <CoreInst = "RAM">   --->   Core 82 'RAM' <Latency = 1> <II = 1> <Delay = 3.25> <Storage> <Opcode : 'load' 'store'> <Ports = 2> <Width = 32> <Depth = 99> <RAM>
ST_2 : Operation 42 [7/7] (7.30ns)   --->   "%gmem_load_req = readreq i1 @_ssdm_op_ReadReq.m_axi.i32P1A, i32 %gmem_addr, i32 1" [equalizer.cpp:85]   --->   Operation 42 'readreq' 'gmem_load_req' <Predicate = true> <Delay = 7.30> <CoreInst = "m_axi">   --->   Core 113 'm_axi' <Latency = 0> <II = 1> <Delay = 1.00> <Adapter> <Opcode : 'read' 'write' 'readreq' 'writereq' 'writeresp'>

State 3 <SV = 2> <Delay = 7.30>
ST_3 : Operation 43 [6/7] (7.30ns)   --->   "%gmem_load_req = readreq i1 @_ssdm_op_ReadReq.m_axi.i32P1A, i32 %gmem_addr, i32 1" [equalizer.cpp:85]   --->   Operation 43 'readreq' 'gmem_load_req' <Predicate = true> <Delay = 7.30> <CoreInst = "m_axi">   --->   Core 113 'm_axi' <Latency = 0> <II = 1> <Delay = 1.00> <Adapter> <Opcode : 'read' 'write' 'readreq' 'writereq' 'writeresp'>

State 4 <SV = 3> <Delay = 7.30>
ST_4 : Operation 44 [5/7] (7.30ns)   --->   "%gmem_load_req = readreq i1 @_ssdm_op_ReadReq.m_axi.i32P1A, i32 %gmem_addr, i32 1" [equalizer.cpp:85]   --->   Operation 44 'readreq' 'gmem_load_req' <Predicate = true> <Delay = 7.30> <CoreInst = "m_axi">   --->   Core 113 'm_axi' <Latency = 0> <II = 1> <Delay = 1.00> <Adapter> <Opcode : 'read' 'write' 'readreq' 'writereq' 'writeresp'>

State 5 <SV = 4> <Delay = 7.30>
ST_5 : Operation 45 [4/7] (7.30ns)   --->   "%gmem_load_req = readreq i1 @_ssdm_op_ReadReq.m_axi.i32P1A, i32 %gmem_addr, i32 1" [equalizer.cpp:85]   --->   Operation 45 'readreq' 'gmem_load_req' <Predicate = true> <Delay = 7.30> <CoreInst = "m_axi">   --->   Core 113 'm_axi' <Latency = 0> <II = 1> <Delay = 1.00> <Adapter> <Opcode : 'read' 'write' 'readreq' 'writereq' 'writeresp'>

State 6 <SV = 5> <Delay = 7.30>
ST_6 : Operation 46 [3/7] (7.30ns)   --->   "%gmem_load_req = readreq i1 @_ssdm_op_ReadReq.m_axi.i32P1A, i32 %gmem_addr, i32 1" [equalizer.cpp:85]   --->   Operation 46 'readreq' 'gmem_load_req' <Predicate = true> <Delay = 7.30> <CoreInst = "m_axi">   --->   Core 113 'm_axi' <Latency = 0> <II = 1> <Delay = 1.00> <Adapter> <Opcode : 'read' 'write' 'readreq' 'writereq' 'writeresp'>

State 7 <SV = 6> <Delay = 7.30>
ST_7 : Operation 47 [2/7] (7.30ns)   --->   "%gmem_load_req = readreq i1 @_ssdm_op_ReadReq.m_axi.i32P1A, i32 %gmem_addr, i32 1" [equalizer.cpp:85]   --->   Operation 47 'readreq' 'gmem_load_req' <Predicate = true> <Delay = 7.30> <CoreInst = "m_axi">   --->   Core 113 'm_axi' <Latency = 0> <II = 1> <Delay = 1.00> <Adapter> <Opcode : 'read' 'write' 'readreq' 'writereq' 'writeresp'>

State 8 <SV = 7> <Delay = 7.30>
ST_8 : Operation 48 [1/7] (7.30ns)   --->   "%gmem_load_req = readreq i1 @_ssdm_op_ReadReq.m_axi.i32P1A, i32 %gmem_addr, i32 1" [equalizer.cpp:85]   --->   Operation 48 'readreq' 'gmem_load_req' <Predicate = true> <Delay = 7.30> <CoreInst = "m_axi">   --->   Core 113 'm_axi' <Latency = 0> <II = 1> <Delay = 1.00> <Adapter> <Opcode : 'read' 'write' 'readreq' 'writereq' 'writeresp'>

State 9 <SV = 8> <Delay = 7.30>
ST_9 : Operation 49 [1/1] (7.30ns)   --->   "%gmem_addr_read = read i32 @_ssdm_op_Read.m_axi.i32P1A, i32 %gmem_addr" [equalizer.cpp:85]   --->   Operation 49 'read' 'gmem_addr_read' <Predicate = true> <Delay = 7.30> <CoreInst = "m_axi">   --->   Core 113 'm_axi' <Latency = 0> <II = 1> <Delay = 1.00> <Adapter> <Opcode : 'read' 'write' 'readreq' 'writereq' 'writeresp'>

State 10 <SV = 9> <Delay = 6.91>
ST_10 : Operation 50 [2/2] (6.91ns)   --->   "%mul_ln85 = mul i32 %gmem_addr_read, i32 %signal_shift_reg_load" [equalizer.cpp:85]   --->   Operation 50 'mul' 'mul_ln85' <Predicate = true> <Delay = 6.91> <CoreInst = "Multiplier">   --->   Core 3 'Multiplier' <Latency = 1> <II = 1> <Delay = 6.91> <FuncUnit> <Opcode : 'mul'> <InPorts = 2> <OutPorts = 1>

State 11 <SV = 10> <Delay = 6.91>
ST_11 : Operation 51 [1/2] (6.91ns)   --->   "%mul_ln85 = mul i32 %gmem_addr_read, i32 %signal_shift_reg_load" [equalizer.cpp:85]   --->   Operation 51 'mul' 'mul_ln85' <Predicate = true> <Delay = 6.91> <CoreInst = "Multiplier">   --->   Core 3 'Multiplier' <Latency = 1> <II = 1> <Delay = 6.91> <FuncUnit> <Opcode : 'mul'> <InPorts = 2> <OutPorts = 1>
ST_11 : Operation 58 [1/1] (0.00ns)   --->   "%accumulate_load_1 = load i32 %accumulate"   --->   Operation 58 'load' 'accumulate_load_1' <Predicate = (icmp_ln82)> <Delay = 0.00>
ST_11 : Operation 59 [1/1] (0.00ns)   --->   "%write_ln0 = write void @_ssdm_op_Write.ap_auto.i32P0A, i32 %accumulate_out, i32 %accumulate_load_1"   --->   Operation 59 'write' 'write_ln0' <Predicate = (icmp_ln82)> <Delay = 0.00>
ST_11 : Operation 60 [1/1] (0.00ns)   --->   "%ret_ln0 = ret"   --->   Operation 60 'ret' 'ret_ln0' <Predicate = (icmp_ln82)> <Delay = 0.00>

State 12 <SV = 11> <Delay = 4.14>
ST_12 : Operation 52 [1/1] (0.00ns)   --->   "%accumulate_load = load i32 %accumulate" [equalizer.cpp:85]   --->   Operation 52 'load' 'accumulate_load' <Predicate = true> <Delay = 0.00>
ST_12 : Operation 53 [1/1] (0.00ns)   --->   "%specpipeline_ln83 = specpipeline void @_ssdm_op_SpecPipeline, i32 4294967295, i32 0, i32 0, i32 0, void @empty_0" [equalizer.cpp:83]   --->   Operation 53 'specpipeline' 'specpipeline_ln83' <Predicate = true> <Delay = 0.00>
ST_12 : Operation 54 [1/1] (0.00ns)   --->   "%specloopname_ln12 = specloopname void @_ssdm_op_SpecLoopName, void @empty_12" [equalizer.cpp:12]   --->   Operation 54 'specloopname' 'specloopname_ln12' <Predicate = true> <Delay = 0.00>
ST_12 : Operation 55 [1/1] (2.55ns)   --->   "%accumulate_1 = add i32 %mul_ln85, i32 %accumulate_load" [equalizer.cpp:85]   --->   Operation 55 'add' 'accumulate_1' <Predicate = true> <Delay = 2.55> <CoreInst = "Adder">   --->   Core 1 'Adder' <Latency = 0> <II = 1> <Delay = 2.55> <FuncUnit> <Opcode : 'add' 'sub'> <InPorts = 2> <OutPorts = 1>
ST_12 : Operation 56 [1/1] (1.58ns)   --->   "%store_ln82 = store i32 %accumulate_1, i32 %accumulate" [equalizer.cpp:82]   --->   Operation 56 'store' 'store_ln82' <Predicate = true> <Delay = 1.58>
ST_12 : Operation 57 [1/1] (0.00ns)   --->   "%br_ln82 = br void %for.inc46" [equalizer.cpp:82]   --->   Operation 57 'br' 'br_ln82' <Predicate = true> <Delay = 0.00>


============================================================
+ Verbose Summary: Timing violations
============================================================
Target clock period: 10ns, clock uncertainty: 2.7ns.

 <State 1>: 5.12ns
The critical path consists of the following:
	'alloca' operation ('i') [6]  (0 ns)
	'load' operation ('i', equalizer.cpp:84) on local variable 'i' [13]  (0 ns)
	'add' operation ('add_ln84', equalizer.cpp:84) [23]  (1.87 ns)
	'getelementptr' operation ('signal_shift_reg_addr', equalizer.cpp:84) [25]  (0 ns)
	'load' operation ('signal_shift_reg_load', equalizer.cpp:84) on array 'signal_shift_reg' [26]  (3.25 ns)

 <State 2>: 7.3ns
The critical path consists of the following:
	bus request operation ('gmem_load_req', equalizer.cpp:85) on port 'gmem' (equalizer.cpp:85) [35]  (7.3 ns)

 <State 3>: 7.3ns
The critical path consists of the following:
	bus request operation ('gmem_load_req', equalizer.cpp:85) on port 'gmem' (equalizer.cpp:85) [35]  (7.3 ns)

 <State 4>: 7.3ns
The critical path consists of the following:
	bus request operation ('gmem_load_req', equalizer.cpp:85) on port 'gmem' (equalizer.cpp:85) [35]  (7.3 ns)

 <State 5>: 7.3ns
The critical path consists of the following:
	bus request operation ('gmem_load_req', equalizer.cpp:85) on port 'gmem' (equalizer.cpp:85) [35]  (7.3 ns)

 <State 6>: 7.3ns
The critical path consists of the following:
	bus request operation ('gmem_load_req', equalizer.cpp:85) on port 'gmem' (equalizer.cpp:85) [35]  (7.3 ns)

 <State 7>: 7.3ns
The critical path consists of the following:
	bus request operation ('gmem_load_req', equalizer.cpp:85) on port 'gmem' (equalizer.cpp:85) [35]  (7.3 ns)

 <State 8>: 7.3ns
The critical path consists of the following:
	bus request operation ('gmem_load_req', equalizer.cpp:85) on port 'gmem' (equalizer.cpp:85) [35]  (7.3 ns)

 <State 9>: 7.3ns
The critical path consists of the following:
	bus read operation ('gmem_addr_read', equalizer.cpp:85) on port 'gmem' (equalizer.cpp:85) [36]  (7.3 ns)

 <State 10>: 6.91ns
The critical path consists of the following:
	'mul' operation ('mul_ln85', equalizer.cpp:85) [37]  (6.91 ns)

 <State 11>: 6.91ns
The critical path consists of the following:
	'mul' operation ('mul_ln85', equalizer.cpp:85) [37]  (6.91 ns)

 <State 12>: 4.14ns
The critical path consists of the following:
	'load' operation ('accumulate_load', equalizer.cpp:85) on local variable 'accumulate' [19]  (0 ns)
	'add' operation ('accumulate', equalizer.cpp:85) [38]  (2.55 ns)
	'store' operation ('store_ln82', equalizer.cpp:82) of variable 'accumulate', equalizer.cpp:85 on local variable 'accumulate' [40]  (1.59 ns)


============================================================
+ Verbose Summary: Binding
============================================================
N/A
* FSMD analyzer results:
  - Output states:
 - Input state : 
  - Chain level:
	State 1
	State 2
	State 3
	State 4
	State 5
	State 6
	State 7
	State 8
	State 9
	State 10
	State 11
	State 12


============================================================
+ Verbose Summary: Datapath Resource usage 
============================================================
N/A
