INFO: [SIM 2] *************** CSIM start ***************
INFO: [SIM 4] CSIM will launch GCC as the compiler.
   Compiling ../../../../equalizer_test.cpp in debug mode
   Compiling ../../../../equalizer.cpp in debug mode
   Generating csim.exe
In function
Wrote to input buffer
After function call
0
0
0
0
0
0
0
0
0
0
0
0
0
0
0
0
0
0
0
0
0
0
0
0
0
0
0
0
0
0
0
0
0
Read from output buffer
GREAT! YOU PASSED
INFO: [SIM 1] CSim done with 0 errors.
INFO: [SIM 3] *************** CSIM finish ***************
