

================================================================
== Synthesis Summary Report of 'guitar_effects'
================================================================
+ General Information: 
    * Date:           Thu Apr 11 21:35:10 2024
    * Version:        2022.1 (Build 3526262 on Mon Apr 18 15:48:16 MDT 2022)
    * Project:        Guitar_Effects
    * Solution:       solution1 (Vivado IP Flow Target)
    * Product family: zynq
    * Target device:  xc7z020-clg400-1
    

+ Performance & Resource Estimates: 
    
    PS: '+' for module; 'o' for loop; '*' for dataflow
    +-------------------------+------+-------+---------+-----------+----------+---------+-------+----------+-----------+----------+------------+-------------+-----+
    |         Modules         | Issue|       | Latency |  Latency  | Iteration|         |  Trip |          |           |          |            |             |     |
    |         & Loops         | Type | Slack | (cycles)|    (ns)   |  Latency | Interval| Count | Pipelined|   BRAM    |    DSP   |     FF     |     LUT     | URAM|
    +-------------------------+------+-------+---------+-----------+----------+---------+-------+----------+-----------+----------+------------+-------------+-----+
    |+ guitar_effects         |     -|   0.00|        -|          -|         -|        -|      -|        no|  267 (95%)|  78 (35%)|  10454 (9%)|  18531 (34%)|    -|
    | o Loop 1                |     -|  10.95|      441|  6.615e+03|         1|        -|    441|        no|          -|         -|           -|            -|    -|
    | o Loop 2                |     -|  10.95|    88200|  1.323e+06|         1|        -|  88200|        no|          -|         -|           -|            -|    -|
    | o Loop 3                |     -|  10.95|      100|  1.500e+03|         1|        -|    100|        no|          -|         -|           -|            -|    -|
    | o VITIS_LOOP_83_2       |     -|  10.95|        -|          -|     14162|        -|      -|        no|          -|         -|           -|            -|    -|
    |  + sin_or_cos_double_s  |     -|   0.00|       34|    510.000|         -|       34|      -|        no|     8 (2%)|  54 (24%)|   3447 (3%)|   5917 (11%)|    -|
    |   o Loop 1              |     -|  10.95|        6|     90.000|         2|        -|      3|        no|          -|         -|           -|            -|    -|
    |   o Loop 2              |     -|  10.95|        4|     60.000|         1|        -|      4|        no|          -|         -|           -|            -|    -|
    |   o Loop 3              |     -|  10.95|        9|    135.000|         2|        -|      4|        no|          -|         -|           -|            -|    -|
    |  o LPF_Loop             |     -|  10.95|    12348|  1.852e+05|        28|        -|    441|        no|          -|         -|           -|            -|    -|
    |  o WAH_LOOP             |     -|  10.95|     1600|  2.400e+04|        16|        -|    100|        no|          -|         -|           -|            -|    -|
    +-------------------------+------+-------+---------+-----------+----------+---------+-------+----------+-----------+----------+------------+-------------+-----+


================================================================
== HW Interfaces
================================================================
* M_AXI
+------------+------------+---------------+---------+--------+----------+-----------+--------------+--------------+-------------+-------------+
| Interface  | Data Width | Address Width | Latency | Offset | Register | Max Widen | Max Read     | Max Write    | Num Read    | Num Write   |
|            | (SW->HW)   |               |         |        |          | Bitwidth  | Burst Length | Burst Length | Outstanding | Outstanding |
+------------+------------+---------------+---------+--------+----------+-----------+--------------+--------------+-------------+-------------+
| m_axi_gmem | 16 -> 16   | 64            | 0       | slave  | 0        | 0         | 16           | 16           | 16          | 16          |
+------------+------------+---------------+---------+--------+----------+-----------+--------------+--------------+-------------+-------------+

* S_AXILITE Interfaces
+-----------------+------------+---------------+--------+----------+
| Interface       | Data Width | Address Width | Offset | Register |
+-----------------+------------+---------------+--------+----------+
| s_axi_control_r | 32         | 7             | 16     | 0        |
+-----------------+------------+---------------+--------+----------+

* S_AXILITE Registers
+-----------------+----------------------------+--------+-------+--------+-------------------------------------------+----------------------+
| Interface       | Register                   | Offset | Width | Access | Description                               | Bit Fields           |
+-----------------+----------------------------+--------+-------+--------+-------------------------------------------+----------------------+
| s_axi_control_r | axilite_out                | 0x10   | 32    | R      | Data signal of axilite_out                |                      |
| s_axi_control_r | axilite_out_ctrl           | 0x14   | 32    | R      | Control signal of axilite_out             | 0=axilite_out_ap_vld |
| s_axi_control_r | control                    | 0x20   | 32    | W      | Data signal of control                    |                      |
| s_axi_control_r | distortion_threshold       | 0x28   | 32    | W      | Data signal of distortion_threshold       |                      |
| s_axi_control_r | distortion_clip_factor     | 0x30   | 32    | W      | Data signal of distortion_clip_factor     |                      |
| s_axi_control_r | compression_min_threshold  | 0x38   | 32    | W      | Data signal of compression_min_threshold  |                      |
| s_axi_control_r | compression_max_threshold  | 0x40   | 32    | W      | Data signal of compression_max_threshold  |                      |
| s_axi_control_r | compression_zero_threshold | 0x48   | 32    | W      | Data signal of compression_zero_threshold |                      |
| s_axi_control_r | delay_mult                 | 0x50   | 32    | W      | Data signal of delay_mult                 |                      |
| s_axi_control_r | delay_samples              | 0x58   | 32    | W      | Data signal of delay_samples              |                      |
| s_axi_control_r | tempo                      | 0x60   | 32    | W      | Data signal of tempo                      |                      |
| s_axi_control_r | wah_coeffs_1               | 0x68   | 32    | W      | Data signal of wah_coeffs                 |                      |
| s_axi_control_r | wah_coeffs_2               | 0x6c   | 32    | W      | Data signal of wah_coeffs                 |                      |
+-----------------+----------------------------+--------+-------+--------+-------------------------------------------+----------------------+

* AXIS
+-----------+---------------+-------+-------+-----+-------+-------+--------+-------+-------+--------+
| Interface | Register Mode | TDATA | TDEST | TID | TKEEP | TLAST | TREADY | TSTRB | TUSER | TVALID |
+-----------+---------------+-------+-------+-----+-------+-------+--------+-------+-------+--------+
| INPUT_r   | both          | 32    | 6     | 5   | 4     | 1     | 1      | 4     | 2     | 1      |
| OUTPUT_r  | both          | 32    | 6     | 5   | 4     | 1     | 1      | 4     | 2     | 1      |
+-----------+---------------+-------+-------+-----+-------+-------+--------+-------+-------+--------+

* TOP LEVEL CONTROL
+-----------+--------------+----------+
| Interface | Type         | Ports    |
+-----------+--------------+----------+
| ap_clk    | clock        | ap_clk   |
| ap_rst_n  | reset        | ap_rst_n |
| ap_ctrl   | ap_ctrl_none |          |
+-----------+--------------+----------+


================================================================
== SW I/O Information
================================================================
* Top Function Arguments
+----------------------------+-----------+--------------------------------------------+
| Argument                   | Direction | Datatype                                   |
+----------------------------+-----------+--------------------------------------------+
| INPUT                      | in        | stream<hls::axis<ap_int<32>, 2, 5, 6>, 0>& |
| OUTPUT                     | out       | stream<hls::axis<ap_int<32>, 2, 5, 6>, 0>& |
| axilite_out                | out       | int&                                       |
| control                    | in        | char                                       |
| distortion_threshold       | in        | int                                        |
| distortion_clip_factor     | in        | ap_fixed<8, 1, AP_TRN, AP_WRAP, 0>         |
| compression_min_threshold  | in        | int                                        |
| compression_max_threshold  | in        | int                                        |
| compression_zero_threshold | in        | int                                        |
| delay_mult                 | in        | float                                      |
| delay_samples              | in        | int                                        |
| tempo                      | in        | int                                        |
| wah_coeffs                 | in        | ap_fixed<16, -16, AP_TRN, AP_WRAP, 0>*     |
+----------------------------+-----------+--------------------------------------------+

* SW-to-HW Mapping
+----------------------------+-----------------+-----------+----------+------------------------------------------------------+
| Argument                   | HW Interface    | HW Type   | HW Usage | HW Info                                              |
+----------------------------+-----------------+-----------+----------+------------------------------------------------------+
| INPUT                      | INPUT_r         | interface |          |                                                      |
| OUTPUT                     | OUTPUT_r        | interface |          |                                                      |
| axilite_out                | s_axi_control_r | register  |          | name=axilite_out offset=0x10 range=32                |
| axilite_out                | s_axi_control_r | register  |          | name=axilite_out_ctrl offset=0x14 range=32           |
| control                    | s_axi_control_r | register  |          | name=control offset=0x20 range=32                    |
| distortion_threshold       | s_axi_control_r | register  |          | name=distortion_threshold offset=0x28 range=32       |
| distortion_clip_factor     | s_axi_control_r | register  |          | name=distortion_clip_factor offset=0x30 range=32     |
| compression_min_threshold  | s_axi_control_r | register  |          | name=compression_min_threshold offset=0x38 range=32  |
| compression_max_threshold  | s_axi_control_r | register  |          | name=compression_max_threshold offset=0x40 range=32  |
| compression_zero_threshold | s_axi_control_r | register  |          | name=compression_zero_threshold offset=0x48 range=32 |
| delay_mult                 | s_axi_control_r | register  |          | name=delay_mult offset=0x50 range=32                 |
| delay_samples              | s_axi_control_r | register  |          | name=delay_samples offset=0x58 range=32              |
| tempo                      | s_axi_control_r | register  |          | name=tempo offset=0x60 range=32                      |
| wah_coeffs                 | m_axi_gmem      | interface |          |                                                      |
| wah_coeffs                 | s_axi_control_r | register  | offset   | name=wah_coeffs_1 offset=0x68 range=32               |
| wah_coeffs                 | s_axi_control_r | register  | offset   | name=wah_coeffs_2 offset=0x6c range=32               |
+----------------------------+-----------------+-----------+----------+------------------------------------------------------+


================================================================
== M_AXI Burst Information
================================================================
 Note: All burst requests might be further partitioned into multiple requests during RTL generation based on max_read_burst_length or max_write_burst_length settings.

* Inferred Burst Summary
+--------------+----------+-----------+--------+-------+---------------------------+
| HW Interface | Loop     | Direction | Length | Width | Location                  |
+--------------+----------+-----------+--------+-------+---------------------------+
| m_axi_gmem   | WAH_LOOP | read      | 100    | 16    | guitar_effects.cpp:226:16 |
+--------------+----------+-----------+--------+-------+---------------------------+

* Inferred Bursts and Widening Missed
+--------------+------------+----------+-------------------------------------------------------------------------------------------------------+------------+---------------------------+
| HW Interface | Variable   | Loop     | Problem                                                                                               | Resolution | Location                  |
+--------------+------------+----------+-------------------------------------------------------------------------------------------------------+------------+---------------------------+
| m_axi_gmem   | wah_coeffs | WAH_LOOP | Could not widen since type i16 size is greater than or equal to the max_widen_bitwidth threshold of 0 | 214-353    | guitar_effects.cpp:226:16 |
+--------------+------------+----------+-------------------------------------------------------------------------------------------------------+------------+---------------------------+

    * Resolution URL: www.xilinx.com/cgi-bin/docs/rdoc?v=2022.1;t=hls+guidance;d=XXX-YYY.html (replace XXX-YYY with column value)

================================================================
== Bind Op Report
================================================================
+--------------------------------------+-----+--------+----------------------+------+---------+---------+
| Name                                 | DSP | Pragma | Variable             | Op   | Impl    | Latency |
+--------------------------------------+-----+--------+----------------------+------+---------+---------+
| + guitar_effects                     | 78  |        |                      |      |         |         |
|   empty_70_fu_878_p2                 | -   |        | empty_70             | add  | fabric  | 0       |
|   empty_73_fu_908_p2                 | -   |        | empty_73             | add  | fabric  | 0       |
|   empty_76_fu_938_p2                 | -   |        | empty_76             | add  | fabric  | 0       |
|   negative_threshold_fu_1000_p2      | -   |        | negative_threshold   | sub  | fabric  | 0       |
|   current_sample_fu_1045_p2          | -   |        | current_sample       | add  | fabric  | 0       |
|   r_V_fu_1067_p2                     | -   |        | r_V                  | add  | fabric  | 0       |
|   mul_32s_8s_40_1_1_U42              | 1   |        | r_V_49               | mul  | auto    | 0       |
|   ret_V_10_fu_1112_p2                | -   |        | ret_V_10             | add  | fabric  | 0       |
|   result_1_fu_1130_p2                | -   |        | result_1             | sub  | fabric  | 0       |
|   r_V_21_fu_1072_p2                  | -   |        | r_V_21               | sub  | fabric  | 0       |
|   mul_32s_8s_40_1_1_U44              | 1   |        | r_V_48               | mul  | auto    | 0       |
|   ret_V_fu_1143_p2                   | -   |        | ret_V                | add  | fabric  | 0       |
|   result_fu_1161_p2                  | -   |        | result               | add  | fabric  | 0       |
|   sub_ln151_fu_1218_p2               | -   |        | sub_ln151            | sub  | fabric  | 0       |
|   grp_fu_1176_p0                     | -   |        | add_ln156            | add  | fabric  | 0       |
|   add_ln159_fu_1262_p2               | -   |        | add_ln159            | add  | fabric  | 0       |
|   grp_fu_1277_p0                     | -   |        | add_ln161            | add  | fabric  | 0       |
|   fmul_32ns_32ns_32_3_max_dsp_1_U34  | 3   |        | mul_i                | fmul | maxdsp  | 2       |
|   fadd_32ns_32ns_32_4_full_dsp_1_U33 | 2   |        | dc                   | fadd | fulldsp | 3       |
|   add_ln346_fu_1396_p2               | -   |        | add_ln346            | add  | fabric  | 0       |
|   sub_ln1512_3_fu_1410_p2            | -   |        | sub_ln1512_3         | sub  | fabric  | 0       |
|   result_V_2_fu_1478_p2              | -   |        | result_V_2           | sub  | fabric  | 0       |
|   fdiv_32ns_32ns_32_12_no_dsp_1_U35  | -   |        | compression_factor_1 | fdiv | fabric  | 11      |
|   fmul_32ns_32ns_32_3_max_dsp_1_U34  | 3   |        | dc_2                 | fmul | maxdsp  | 2       |
|   add_ln346_2_fu_1536_p2             | -   |        | add_ln346_2          | add  | fabric  | 0       |
|   sub_ln1512_5_fu_1550_p2            | -   |        | sub_ln1512_5         | sub  | fabric  | 0       |
|   result_V_8_fu_1618_p2              | -   |        | result_V_8           | sub  | fabric  | 0       |
|   fdiv_32ns_32ns_32_12_no_dsp_1_U35  | -   |        | compression_factor   | fdiv | fabric  | 11      |
|   fmul_32ns_32ns_32_3_max_dsp_1_U34  | 3   |        | dc_1                 | fmul | maxdsp  | 2       |
|   add_ln346_1_fu_1690_p2             | -   |        | add_ln346_1          | add  | fabric  | 0       |
|   sub_ln1512_4_fu_1704_p2            | -   |        | sub_ln1512_4         | sub  | fabric  | 0       |
|   result_V_7_fu_1772_p2              | -   |        | result_V_7           | sub  | fabric  | 0       |
|   grp_fu_1640_p0                     | -   |        | sub_ln201            | sub  | fabric  | 0       |
|   fmul_32ns_32ns_32_3_max_dsp_1_U34  | 3   |        | dc_3                 | fmul | maxdsp  | 2       |
|   add_ln346_3_fu_1842_p2             | -   |        | add_ln346_3          | add  | fabric  | 0       |
|   sub_ln1512_fu_1856_p2              | -   |        | sub_ln1512           | sub  | fabric  | 0       |
|   result_V_13_fu_1939_p2             | -   |        | result_V_13          | sub  | fabric  | 0       |
|   output_fu_1951_p2                  | -   |        | output               | add  | fabric  | 0       |
|   grp_fu_1791_p0                     | -   |        | add_ln205            | add  | fabric  | 0       |
|   grp_fu_1988_p0                     | -   |        | add_ln218            | add  | fabric  | 0       |
|   dmul_64ns_64ns_64_5_max_dsp_1_U39  | 11  |        | mul1_i               | dmul | maxdsp  | 4       |
|   dmul_64ns_64ns_64_5_max_dsp_1_U39  | 11  |        | mul3_i               | dmul | maxdsp  | 4       |
|   ddiv_64ns_64ns_64_31_no_dsp_1_U40  | -   |        | x_assign             | ddiv | fabric  | 30      |
|   dmul_64ns_64ns_64_5_max_dsp_1_U39  | 11  |        | mul4_i               | dmul | maxdsp  | 4       |
|   dadd_64ns_64ns_64_5_full_dsp_1_U38 | 3   |        | add5_i               | dadd | fulldsp | 4       |
|   dmul_64ns_64ns_64_5_max_dsp_1_U39  | 11  |        | dc_4                 | dmul | maxdsp  | 4       |
|   add_ln515_fu_2038_p2               | -   |        | add_ln515            | add  | fabric  | 0       |
|   sub_ln1512_2_fu_2052_p2            | -   |        | sub_ln1512_2         | sub  | fabric  | 0       |
|   result_V_16_fu_2120_p2             | -   |        | result_V_16          | sub  | fabric  | 0       |
|   mul_32s_9ns_41_1_1_U49             | 1   |        | mul_ln226            | mul  | auto    | 0       |
|   add_ln226_fu_2146_p2               | -   |        | add_ln226            | add  | fabric  | 0       |
|   add_ln226_1_fu_2191_p2             | -   |        | add_ln226_1          | add  | fabric  | 0       |
|   grp_fu_2206_p0                     | -   |        | sub_ln228            | sub  | fabric  | 0       |
|   mul_32s_16s_48_1_1_U51             | 2   |        | r_V_50               | mul  | auto    | 0       |
|   ret_V_13_fu_2263_p2                | -   |        | ret_V_13             | add  | fabric  | 0       |
|   result_3_fu_2286_p2                | -   |        | result_3             | add  | fabric  | 0       |
|  + sin_or_cos_double_s               | 54  |        |                      |      |         |         |
|    Ex_V_fu_595_p2                    | -   |        | Ex_V                 | add  | fabric  | 0       |
|    add_ln214_fu_414_p2               | -   |        | add_ln214            | add  | fabric  | 0       |
|    mul_170s_53ns_170_2_1_U1          | 18  |        | ret_V_5              | mul  | auto    | 1       |
|    Mx_bits_V_1_fu_531_p2             | -   |        | Mx_bits_V_1          | sub  | fabric  | 0       |
|    Ex_V_3_fu_628_p2                  | -   |        | Ex_V_3               | sub  | fabric  | 0       |
|    sub_ln1512_fu_646_p2              | -   |        | sub_ln1512           | sub  | fabric  | 0       |
|    mul_49ns_49ns_98_1_1_U3           | 4   |        | r_V_4                | mul  | auto    | 0       |
|    mul_49ns_49ns_98_1_1_U4           | 4   |        | r_V_5                | mul  | auto    | 0       |
|    mul_49ns_49ns_98_1_1_U5           | 4   |        | r_V_7                | mul  | auto    | 0       |
|    mul_56ns_52s_108_2_1_U6           | 5   |        | r_V_9                | mul  | auto    | 1       |
|    mul_49ns_44s_93_1_1_U7            | 4   |        | r_V_10               | mul  | auto    | 0       |
|    mul_42ns_33ns_75_1_1_U8           | 4   |        | r_V_11               | mul  | auto    | 0       |
|    mul_35ns_25ns_60_1_1_U9           | 2   |        | r_V_12               | mul  | auto    | 0       |
|    mul_64s_63ns_126_2_1_U10          | 9   |        | r_V_14               | mul  | auto    | 1       |
|    i_5_fu_980_p2                     | -   |        | i_5                  | add  | fabric  | 0       |
|    sub_ln433_fu_994_p2               | -   |        | sub_ln433            | sub  | fabric  | 0       |
|    sub_ln594_fu_1000_p2              | -   |        | sub_ln594            | sub  | fabric  | 0       |
|    sub_ln594_1_fu_1021_p2            | -   |        | sub_ln594_1          | sub  | fabric  | 0       |
|    sub_ln594_2_fu_1027_p2            | -   |        | sub_ln594_2          | sub  | fabric  | 0       |
|    sub_ln594_3_fu_1033_p2            | -   |        | sub_ln594_3          | sub  | fabric  | 0       |
|    sub_ln594_4_fu_1062_p2            | -   |        | sub_ln594_4          | sub  | fabric  | 0       |
|    add_ln443_fu_1160_p2              | -   |        | add_ln443            | add  | fabric  | 0       |
|    add_ln450_fu_1267_p2              | -   |        | add_ln450            | add  | fabric  | 0       |
|    shift_3_fu_1325_p2                | -   |        | shift_3              | add  | fabric  | 0       |
|    sub_ln1512_1_fu_1311_p2           | -   |        | sub_ln1512_1         | sub  | fabric  | 0       |
|    add_ln461_fu_1370_p2              | -   |        | add_ln461            | add  | fabric  | 0       |
|    newexp_fu_1379_p2                 | -   |        | newexp               | sub  | fabric  | 0       |
+--------------------------------------+-----+--------+----------------------+------+---------+---------+


================================================================
== Bind Storage Report
================================================================
+---------------------------------------+------+------+--------+----------------------------------+---------+--------+---------+
| Name                                  | BRAM | URAM | Pragma | Variable                         | Storage | Impl   | Latency |
+---------------------------------------+------+------+--------+----------------------------------+---------+--------+---------+
| + guitar_effects                      | 267  | 0    |        |                                  |         |        |         |
|   compression_buffer_U                | 1    | -    |        | compression_buffer               | ram_1p  | auto   | 1       |
|   delay_buffer_U                      | 256  | -    |        | delay_buffer                     | ram_1p  | auto   | 1       |
|   wah_values_buffer_U                 | 1    | -    |        | wah_values_buffer                | ram_1p  | auto   | 1       |
|   lpf_coefficients_U                  | 1    | -    |        | lpf_coefficients                 | rom_1p  | auto   | 1       |
|  + sin_or_cos_double_s                | 8    | 0    |        |                                  |         |        |         |
|    ref_4oPi_table_256_V_U             | 8    | -    |        | ref_4oPi_table_256_V             | rom_1p  | auto   | 1       |
|    fourth_order_double_sin_cos_K0_V_U | -    | -    | pragma | fourth_order_double_sin_cos_K0_V | rom_1p  | lutram | 1       |
|    fourth_order_double_sin_cos_K1_V_U | -    | -    | pragma | fourth_order_double_sin_cos_K1_V | rom_1p  | lutram | 1       |
|    fourth_order_double_sin_cos_K2_V_U | -    | -    | pragma | fourth_order_double_sin_cos_K2_V | rom_1p  | lutram | 1       |
|    fourth_order_double_sin_cos_K3_V_U | -    | -    | pragma | fourth_order_double_sin_cos_K3_V | rom_1p  | lutram | 1       |
|    fourth_order_double_sin_cos_K4_V_U | -    | -    | pragma | fourth_order_double_sin_cos_K4_V | rom_1p  | lutram | 1       |
+---------------------------------------+------+------+--------+----------------------------------+---------+--------+---------+


================================================================
== Pragma Report
================================================================
* Valid Pragma Syntax
+-----------+-------------------------------------------+---------------------------------------------------------------------+
| Type      | Options                                   | Location                                                            |
+-----------+-------------------------------------------+---------------------------------------------------------------------+
| interface | axis port=INPUT                           | guitar_effects.cpp:40 in guitar_effects, INPUT                      |
| interface | axis port=OUTPUT                          | guitar_effects.cpp:41 in guitar_effects, OUTPUT                     |
| interface | s_axilite port=control                    | guitar_effects.cpp:42 in guitar_effects, control                    |
| interface | s_axilite port=distortion_threshold       | guitar_effects.cpp:43 in guitar_effects, distortion_threshold       |
| interface | s_axilite port=distortion_clip_factor     | guitar_effects.cpp:44 in guitar_effects, distortion_clip_factor     |
| interface | s_axilite port=compression_min_threshold  | guitar_effects.cpp:45 in guitar_effects, compression_min_threshold  |
| interface | s_axilite port=compression_max_threshold  | guitar_effects.cpp:46 in guitar_effects, compression_max_threshold  |
| interface | s_axilite port=compression_zero_threshold | guitar_effects.cpp:47 in guitar_effects, compression_zero_threshold |
| interface | s_axilite port=delay_mult                 | guitar_effects.cpp:48 in guitar_effects, delay_mult                 |
| interface | s_axilite port=delay_samples              | guitar_effects.cpp:49 in guitar_effects, delay_samples              |
| interface | s_axilite port=axilite_out                | guitar_effects.cpp:50 in guitar_effects, axilite_out                |
| interface | s_axilite port=tempo                      | guitar_effects.cpp:51 in guitar_effects, tempo                      |
| interface | ap_ctrl_none port=return                  | guitar_effects.cpp:52 in guitar_effects, return                     |
| interface | m_axi depth=2000 port=wah_coeffs          | guitar_effects.cpp:53 in guitar_effects, wah_coeffs                 |
+-----------+-------------------------------------------+---------------------------------------------------------------------+


