

================================================================
== Vitis HLS Report for 'guitar_effects_Pipeline_LPF_Loop'
================================================================
* Date:           Wed Apr 24 17:03:07 2024

* Version:        2022.1 (Build 3526262 on Mon Apr 18 15:48:16 MDT 2022)
* Project:        Guitar_Effects
* Solution:       solution1 (Vivado IP Flow Target)
* Product family: zynq
* Target device:  xc7z020-clg400-1


================================================================
== Performance Estimates
================================================================
+ Timing: 
    * Summary: 
    +--------+----------+----------+------------+
    |  Clock |  Target  | Estimated| Uncertainty|
    +--------+----------+----------+------------+
    |ap_clk  |  10.00 ns|  7.256 ns|     2.70 ns|
    +--------+----------+----------+------------+

+ Latency: 
    * Summary: 
    +---------+---------+-----------+-----------+------+------+---------+
    |  Latency (cycles) |   Latency (absolute)  |   Interval  | Pipeline|
    |   min   |   max   |    min    |    max    |  min |  max |   Type  |
    +---------+---------+-----------+-----------+------+------+---------+
    |     6635|     6635|  66.350 us|  66.350 us|  6635|  6635|       no|
    +---------+---------+-----------+-----------+------+------+---------+

    + Detail: 
        * Instance: 
        N/A

        * Loop: 
        +------------+---------+---------+----------+-----------+-----------+------+----------+
        |            |  Latency (cycles) | Iteration|  Initiation Interval  | Trip |          |
        |  Loop Name |   min   |   max   |  Latency |  achieved |   target  | Count| Pipelined|
        +------------+---------+---------+----------+-----------+-----------+------+----------+
        |- LPF_Loop  |     6633|     6633|        34|         15|         15|   441|       yes|
        +------------+---------+---------+----------+-----------+-----------+------+----------+



================================================================
== Utilization Estimates
================================================================
* Summary: 
+-----------------+---------+-----+--------+-------+-----+
|       Name      | BRAM_18K| DSP |   FF   |  LUT  | URAM|
+-----------------+---------+-----+--------+-------+-----+
|DSP              |        -|    -|       -|      -|    -|
|Expression       |        -|    -|       0|    664|    -|
|FIFO             |        -|    -|       -|      -|    -|
|Instance         |        -|    2|     545|    632|    -|
|Memory           |        1|    -|       0|      0|    -|
|Multiplexer      |        -|    -|       -|    151|    -|
|Register         |        -|    -|     330|      -|    -|
+-----------------+---------+-----+--------+-------+-----+
|Total            |        1|    2|     875|   1447|    0|
+-----------------+---------+-----+--------+-------+-----+
|Available        |      280|  220|  106400|  53200|    0|
+-----------------+---------+-----+--------+-------+-----+
|Utilization (%)  |       ~0|   ~0|      ~0|      2|    0|
+-----------------+---------+-----+--------+-------+-----+

+ Detail: 
    * Instance: 
    +-----------------------------------+--------------------------------+---------+----+-----+-----+-----+
    |              Instance             |             Module             | BRAM_18K| DSP|  FF | LUT | URAM|
    +-----------------------------------+--------------------------------+---------+----+-----+-----+-----+
    |fadd_32ns_32ns_32_5_full_dsp_1_U1  |fadd_32ns_32ns_32_5_full_dsp_1  |        0|   2|  205|  390|    0|
    |srem_11ns_10ns_9_15_1_U4           |srem_11ns_10ns_9_15_1           |        0|   0|  340|  242|    0|
    +-----------------------------------+--------------------------------+---------+----+-----+-----+-----+
    |Total                              |                                |        0|   2|  545|  632|    0|
    +-----------------------------------+--------------------------------+---------+----+-----+-----+-----+

    * DSP: 
    N/A

    * Memory: 
    +--------------------+---------------------------------------------------------------+---------+---+----+-----+------+-----+------+-------------+
    |       Memory       |                             Module                            | BRAM_18K| FF| LUT| URAM| Words| Bits| Banks| W*Bits*Banks|
    +--------------------+---------------------------------------------------------------+---------+---+----+-----+------+-----+------+-------------+
    |lpf_coefficients_U  |guitar_effects_Pipeline_LPF_Loop_lpf_coefficients_ROM_AUTO_1R  |        1|  0|   0|    0|   441|   32|     1|        14112|
    +--------------------+---------------------------------------------------------------+---------+---+----+-----+------+-----+------+-------------+
    |Total               |                                                               |        1|  0|   0|    0|   441|   32|     1|        14112|
    +--------------------+---------------------------------------------------------------+---------+---+----+-----+------+-----+------+-------------+

    * FIFO: 
    N/A

    * Expression: 
    +----------------------+----------+----+---+-----+------------+------------+
    |     Variable Name    | Operation| DSP| FF| LUT | Bitwidth P0| Bitwidth P1|
    +----------------------+----------+----+---+-----+------------+------------+
    |add_ln173_fu_153_p2   |         +|   0|  0|   14|           9|           1|
    |add_ln346_fu_226_p2   |         +|   0|  0|   14|           9|           8|
    |grp_fu_169_p0         |         +|   0|  0|   12|          11|          11|
    |result_V_1_fu_319_p2  |         -|   0|  0|   39|           1|          32|
    |sub_ln1512_fu_240_p2  |         -|   0|  0|   15|           7|           8|
    |icmp_ln173_fu_147_p2  |      icmp|   0|  0|   11|           9|           8|
    |r_V_fu_278_p2         |      lshr|   0|  0|  242|          79|          79|
    |result_V_fu_324_p3    |    select|   0|  0|   32|           1|          32|
    |ush_fu_250_p3         |    select|   0|  0|    9|           1|           9|
    |val_fu_312_p3         |    select|   0|  0|   32|           1|          32|
    |r_V_1_fu_284_p2       |       shl|   0|  0|  242|          79|          79|
    |ap_enable_pp0         |       xor|   0|  0|    2|           1|           2|
    +----------------------+----------+----+---+-----+------------+------------+
    |Total                 |          |   0|  0|  664|         208|         301|
    +----------------------+----------+----+---+-----+------------+------------+

    * Multiplexer: 
    +----------------------------------+----+-----------+-----+-----------+
    |               Name               | LUT| Input Size| Bits| Total Bits|
    +----------------------------------+----+-----------+-----+-----------+
    |ap_NS_fsm                         |  65|         16|    1|         16|
    |ap_done_int                       |   9|          2|    1|          2|
    |ap_enable_reg_pp0_iter0           |   9|          2|    1|          2|
    |ap_enable_reg_pp0_iter1           |   9|          2|    1|          2|
    |ap_enable_reg_pp0_iter2           |   9|          2|    1|          2|
    |ap_loop_exit_ready_pp0_iter1_reg  |   9|          2|    1|          2|
    |ap_sig_allocacmp_i_1              |   9|          2|    9|         18|
    |grp_fu_127_p0                     |  14|          3|   32|         96|
    |i_fu_76                           |   9|          2|    9|         18|
    |ret_fu_72                         |   9|          2|   32|         64|
    +----------------------------------+----+-----------+-----+-----------+
    |Total                             | 151|         35|   88|        222|
    +----------------------------------+----+-----------+-----+-----------+

    * Register: 
    +----------------------------------+----+----+-----+-----------+
    |               Name               | FF | LUT| Bits| Const Bits|
    +----------------------------------+----+----+-----+-----------+
    |ap_CS_fsm                         |  15|   0|   15|          0|
    |ap_done_reg                       |   1|   0|    1|          0|
    |ap_enable_reg_pp0_iter0_reg       |   1|   0|    1|          0|
    |ap_enable_reg_pp0_iter1           |   1|   0|    1|          0|
    |ap_enable_reg_pp0_iter2           |   1|   0|    1|          0|
    |ap_loop_exit_ready_pp0_iter1_reg  |   1|   0|    1|          0|
    |compression_buffer_load_reg_373   |  32|   0|   32|          0|
    |conv8_i_reg_398                   |  32|   0|   32|          0|
    |conv_i_reg_393                    |  32|   0|   32|          0|
    |dc_reg_408                        |  32|   0|   32|          0|
    |i_1_reg_354                       |   9|   0|    9|          0|
    |i_fu_76                           |   9|   0|    9|          0|
    |icmp_ln173_reg_359                |   1|   0|    1|          0|
    |icmp_ln173_reg_359_pp0_iter1_reg  |   1|   0|    1|          0|
    |isNeg_reg_423                     |   1|   0|    1|          0|
    |lpf_coefficients_load_reg_383     |  32|   0|   32|          0|
    |mul_i_reg_403                     |  32|   0|   32|          0|
    |p_Result_1_reg_418                |  23|   0|   23|          0|
    |p_Result_s_reg_413                |   1|   0|    1|          0|
    |ret_fu_72                         |  32|   0|   32|          0|
    |ush_reg_428                       |   9|   0|    9|          0|
    |val_reg_433                       |  32|   0|   32|          0|
    +----------------------------------+----+----+-----+-----------+
    |Total                             | 330|   0|  330|          0|
    +----------------------------------+----+----+-----+-----------+



================================================================
== Interface
================================================================
* Summary: 
+-----------------------------+-----+-----+------------+----------------------------------+--------------+
|          RTL Ports          | Dir | Bits|  Protocol  |           Source Object          |    C Type    |
+-----------------------------+-----+-----+------------+----------------------------------+--------------+
|ap_clk                       |   in|    1|  ap_ctrl_hs|  guitar_effects_Pipeline_LPF_Loop|  return value|
|ap_rst                       |   in|    1|  ap_ctrl_hs|  guitar_effects_Pipeline_LPF_Loop|  return value|
|ap_start                     |   in|    1|  ap_ctrl_hs|  guitar_effects_Pipeline_LPF_Loop|  return value|
|ap_done                      |  out|    1|  ap_ctrl_hs|  guitar_effects_Pipeline_LPF_Loop|  return value|
|ap_idle                      |  out|    1|  ap_ctrl_hs|  guitar_effects_Pipeline_LPF_Loop|  return value|
|ap_ready                     |  out|    1|  ap_ctrl_hs|  guitar_effects_Pipeline_LPF_Loop|  return value|
|grp_fu_589_p_din0            |  out|   32|  ap_ctrl_hs|  guitar_effects_Pipeline_LPF_Loop|  return value|
|grp_fu_589_p_din1            |  out|   32|  ap_ctrl_hs|  guitar_effects_Pipeline_LPF_Loop|  return value|
|grp_fu_589_p_dout0           |   in|   32|  ap_ctrl_hs|  guitar_effects_Pipeline_LPF_Loop|  return value|
|grp_fu_589_p_ce              |  out|    1|  ap_ctrl_hs|  guitar_effects_Pipeline_LPF_Loop|  return value|
|grp_fu_597_p_din0            |  out|   32|  ap_ctrl_hs|  guitar_effects_Pipeline_LPF_Loop|  return value|
|grp_fu_597_p_dout0           |   in|   32|  ap_ctrl_hs|  guitar_effects_Pipeline_LPF_Loop|  return value|
|grp_fu_597_p_ce              |  out|    1|  ap_ctrl_hs|  guitar_effects_Pipeline_LPF_Loop|  return value|
|sext_ln67                    |   in|   10|     ap_none|                         sext_ln67|        scalar|
|compression_buffer_address0  |  out|    9|   ap_memory|                compression_buffer|         array|
|compression_buffer_ce0       |  out|    1|   ap_memory|                compression_buffer|         array|
|compression_buffer_q0        |   in|   32|   ap_memory|                compression_buffer|         array|
|p_out                        |  out|   32|      ap_vld|                             p_out|       pointer|
|p_out_ap_vld                 |  out|    1|      ap_vld|                             p_out|       pointer|
+-----------------------------+-----+-----+------------+----------------------------------+--------------+

