

================================================================
== Vitis HLS Report for 'guitar_effects_Pipeline_WAH_LOOP'
================================================================
* Date:           Wed Apr 10 17:07:03 2024

* Version:        2022.1 (Build 3526262 on Mon Apr 18 15:48:16 MDT 2022)
* Project:        Guitar_Effects
* Solution:       solution1 (Vivado IP Flow Target)
* Product family: zynq
* Target device:  xc7z020-clg400-1


================================================================
== Performance Estimates
================================================================
+ Timing: 
    * Summary: 
    +--------+----------+----------+------------+
    |  Clock |  Target  | Estimated| Uncertainty|
    +--------+----------+----------+------------+
    |ap_clk  |  10.00 ns|  7.300 ns|     2.70 ns|
    +--------+----------+----------+------------+

+ Latency: 
    * Summary: 
    +---------+---------+----------+----------+-----+-----+---------+
    |  Latency (cycles) |  Latency (absolute) |  Interval | Pipeline|
    |   min   |   max   |    min   |    max   | min | max |   Type  |
    +---------+---------+----------+----------+-----+-----+---------+
    |      106|      106|  1.060 us|  1.060 us|  106|  106|       no|
    +---------+---------+----------+----------+-----+-----+---------+

    + Detail: 
        * Instance: 
        N/A

        * Loop: 
        +------------+---------+---------+----------+-----------+-----------+------+----------+
        |            |  Latency (cycles) | Iteration|  Initiation Interval  | Trip |          |
        |  Loop Name |   min   |   max   |  Latency |  achieved |   target  | Count| Pipelined|
        +------------+---------+---------+----------+-----------+-----------+------+----------+
        |- WAH_LOOP  |      104|      104|         6|          1|          1|   100|       yes|
        +------------+---------+---------+----------+-----------+-----------+------+----------+



================================================================
== Utilization Estimates
================================================================
* Summary: 
+-----------------+---------+-----+--------+-------+-----+
|       Name      | BRAM_18K| DSP |   FF   |  LUT  | URAM|
+-----------------+---------+-----+--------+-------+-----+
|DSP              |        -|    -|       -|      -|    -|
|Expression       |        -|    -|       0|    159|    -|
|FIFO             |        -|    -|       -|      -|    -|
|Instance         |        -|    2|     165|     50|    -|
|Memory           |        -|    -|       -|      -|    -|
|Multiplexer      |        -|    -|       -|     45|    -|
|Register         |        -|    -|     266|     32|    -|
+-----------------+---------+-----+--------+-------+-----+
|Total            |        0|    2|     431|    286|    0|
+-----------------+---------+-----+--------+-------+-----+
|Available        |      280|  220|  106400|  53200|    0|
+-----------------+---------+-----+--------+-------+-----+
|Utilization (%)  |        0|   ~0|      ~0|     ~0|    0|
+-----------------+---------+-----+--------+-------+-----+

+ Detail: 
    * Instance: 
    +------------------------+--------------------+---------+----+-----+----+-----+
    |        Instance        |       Module       | BRAM_18K| DSP|  FF | LUT| URAM|
    +------------------------+--------------------+---------+----+-----+----+-----+
    |mul_32s_16s_48_2_1_U49  |mul_32s_16s_48_2_1  |        0|   2|  165|  50|    0|
    +------------------------+--------------------+---------+----+-----+----+-----+
    |Total                   |                    |        0|   2|  165|  50|    0|
    +------------------------+--------------------+---------+----+-----+----+-----+

    * DSP: 
    N/A

    * Memory: 
    N/A

    * FIFO: 
    N/A

    * Expression: 
    +----------------------------------+----------+----+---+----+------------+------------+
    |           Variable Name          | Operation| DSP| FF| LUT| Bitwidth P0| Bitwidth P1|
    +----------------------------------+----------+----+---+----+------------+------------+
    |add_ln229_fu_123_p2               |         +|   0|  0|  14|           7|           1|
    |result_1_fu_221_p2                |         +|   0|  0|  39|          32|          32|
    |ret_V_9_fu_198_p2                 |         +|   0|  0|  23|          16|           1|
    |ap_block_pp0_stage0_01001         |       and|   0|  0|   2|           1|           1|
    |ap_block_state3_pp0_stage0_iter2  |       and|   0|  0|   2|           1|           1|
    |empty_68_fu_134_p2                |      icmp|   0|  0|  10|           7|           6|
    |icmp_ln1049_fu_193_p2             |      icmp|   0|  0|  18|          32|           1|
    |icmp_ln227_fu_117_p2              |      icmp|   0|  0|  10|           7|           6|
    |coeff_index_fu_139_p3             |    select|   0|  0|   7|           1|           1|
    |ret_V_10_fu_210_p3                |    select|   0|  0|  16|           1|          16|
    |select_ln1048_fu_203_p3           |    select|   0|  0|  16|           1|          16|
    |ap_enable_pp0                     |       xor|   0|  0|   2|           1|           2|
    +----------------------------------+----------+----+---+----+------------+------------+
    |Total                             |          |   0|  0| 159|         107|          84|
    +----------------------------------+----------+----+---+----+------------+------------+

    * Multiplexer: 
    +-------------------------+----+-----------+-----+-----------+
    |           Name          | LUT| Input Size| Bits| Total Bits|
    +-------------------------+----+-----------+-----+-----------+
    |ap_done_int              |   9|          2|    1|          2|
    |ap_enable_reg_pp0_iter3  |   9|          2|    1|          2|
    |ap_sig_allocacmp_i_7     |   9|          2|    7|         14|
    |gmem_blk_n_R             |   9|          2|    1|          2|
    |i_fu_70                  |   9|          2|    7|         14|
    +-------------------------+----+-----------+-----+-----------+
    |Total                    |  45|         10|   17|         34|
    +-------------------------+----+-----------+-----+-----------+

    * Register: 
    +----------------------------------+----+----+-----+-----------+
    |               Name               | FF | LUT| Bits| Const Bits|
    +----------------------------------+----+----+-----+-----------+
    |add_ln229_reg_259                 |   7|   0|    7|          0|
    |ap_CS_fsm                         |   1|   0|    1|          0|
    |ap_done_reg                       |   1|   0|    1|          0|
    |ap_enable_reg_pp0_iter1           |   1|   0|    1|          0|
    |ap_enable_reg_pp0_iter2           |   1|   0|    1|          0|
    |ap_enable_reg_pp0_iter3           |   1|   0|    1|          0|
    |ap_enable_reg_pp0_iter4           |   1|   0|    1|          0|
    |ap_enable_reg_pp0_iter5           |   1|   0|    1|          0|
    |ap_loop_exit_ready_pp0_iter1_reg  |   1|   0|    1|          0|
    |ap_loop_exit_ready_pp0_iter2_reg  |   1|   0|    1|          0|
    |ap_loop_exit_ready_pp0_iter3_reg  |   1|   0|    1|          0|
    |ap_loop_exit_ready_pp0_iter4_reg  |   1|   0|    1|          0|
    |gmem_addr_read_reg_275            |  16|   0|   16|          0|
    |i_fu_70                           |   7|   0|    7|          0|
    |icmp_ln227_reg_255                |   1|   0|    1|          0|
    |r_V_22_reg_290                    |  48|   0|   48|          0|
    |r_V_reg_270                       |  32|   0|   32|          0|
    |result_fu_66                      |  32|   0|   32|          0|
    |ret_V_reg_295                     |  16|   0|   16|          0|
    |trunc_ln1049_reg_302              |  32|   0|   32|          0|
    |icmp_ln227_reg_255                |  64|  32|    1|          0|
    +----------------------------------+----+----+-----+-----------+
    |Total                             | 266|  32|  203|          0|
    +----------------------------------+----+----+-----+-----------+



================================================================
== Interface
================================================================
* Summary: 
+----------------------------+-----+-----+------------+----------------------------------+--------------+
|          RTL Ports         | Dir | Bits|  Protocol  |           Source Object          |    C Type    |
+----------------------------+-----+-----+------------+----------------------------------+--------------+
|ap_clk                      |   in|    1|  ap_ctrl_hs|  guitar_effects_Pipeline_WAH_LOOP|  return value|
|ap_rst                      |   in|    1|  ap_ctrl_hs|  guitar_effects_Pipeline_WAH_LOOP|  return value|
|ap_start                    |   in|    1|  ap_ctrl_hs|  guitar_effects_Pipeline_WAH_LOOP|  return value|
|ap_done                     |  out|    1|  ap_ctrl_hs|  guitar_effects_Pipeline_WAH_LOOP|  return value|
|ap_idle                     |  out|    1|  ap_ctrl_hs|  guitar_effects_Pipeline_WAH_LOOP|  return value|
|ap_ready                    |  out|    1|  ap_ctrl_hs|  guitar_effects_Pipeline_WAH_LOOP|  return value|
|m_axi_gmem_AWVALID          |  out|    1|       m_axi|                              gmem|       pointer|
|m_axi_gmem_AWREADY          |   in|    1|       m_axi|                              gmem|       pointer|
|m_axi_gmem_AWADDR           |  out|   64|       m_axi|                              gmem|       pointer|
|m_axi_gmem_AWID             |  out|    1|       m_axi|                              gmem|       pointer|
|m_axi_gmem_AWLEN            |  out|   32|       m_axi|                              gmem|       pointer|
|m_axi_gmem_AWSIZE           |  out|    3|       m_axi|                              gmem|       pointer|
|m_axi_gmem_AWBURST          |  out|    2|       m_axi|                              gmem|       pointer|
|m_axi_gmem_AWLOCK           |  out|    2|       m_axi|                              gmem|       pointer|
|m_axi_gmem_AWCACHE          |  out|    4|       m_axi|                              gmem|       pointer|
|m_axi_gmem_AWPROT           |  out|    3|       m_axi|                              gmem|       pointer|
|m_axi_gmem_AWQOS            |  out|    4|       m_axi|                              gmem|       pointer|
|m_axi_gmem_AWREGION         |  out|    4|       m_axi|                              gmem|       pointer|
|m_axi_gmem_AWUSER           |  out|    1|       m_axi|                              gmem|       pointer|
|m_axi_gmem_WVALID           |  out|    1|       m_axi|                              gmem|       pointer|
|m_axi_gmem_WREADY           |   in|    1|       m_axi|                              gmem|       pointer|
|m_axi_gmem_WDATA            |  out|   16|       m_axi|                              gmem|       pointer|
|m_axi_gmem_WSTRB            |  out|    2|       m_axi|                              gmem|       pointer|
|m_axi_gmem_WLAST            |  out|    1|       m_axi|                              gmem|       pointer|
|m_axi_gmem_WID              |  out|    1|       m_axi|                              gmem|       pointer|
|m_axi_gmem_WUSER            |  out|    1|       m_axi|                              gmem|       pointer|
|m_axi_gmem_ARVALID          |  out|    1|       m_axi|                              gmem|       pointer|
|m_axi_gmem_ARREADY          |   in|    1|       m_axi|                              gmem|       pointer|
|m_axi_gmem_ARADDR           |  out|   64|       m_axi|                              gmem|       pointer|
|m_axi_gmem_ARID             |  out|    1|       m_axi|                              gmem|       pointer|
|m_axi_gmem_ARLEN            |  out|   32|       m_axi|                              gmem|       pointer|
|m_axi_gmem_ARSIZE           |  out|    3|       m_axi|                              gmem|       pointer|
|m_axi_gmem_ARBURST          |  out|    2|       m_axi|                              gmem|       pointer|
|m_axi_gmem_ARLOCK           |  out|    2|       m_axi|                              gmem|       pointer|
|m_axi_gmem_ARCACHE          |  out|    4|       m_axi|                              gmem|       pointer|
|m_axi_gmem_ARPROT           |  out|    3|       m_axi|                              gmem|       pointer|
|m_axi_gmem_ARQOS            |  out|    4|       m_axi|                              gmem|       pointer|
|m_axi_gmem_ARREGION         |  out|    4|       m_axi|                              gmem|       pointer|
|m_axi_gmem_ARUSER           |  out|    1|       m_axi|                              gmem|       pointer|
|m_axi_gmem_RVALID           |   in|    1|       m_axi|                              gmem|       pointer|
|m_axi_gmem_RREADY           |  out|    1|       m_axi|                              gmem|       pointer|
|m_axi_gmem_RDATA            |   in|   16|       m_axi|                              gmem|       pointer|
|m_axi_gmem_RLAST            |   in|    1|       m_axi|                              gmem|       pointer|
|m_axi_gmem_RID              |   in|    1|       m_axi|                              gmem|       pointer|
|m_axi_gmem_RFIFONUM         |   in|   10|       m_axi|                              gmem|       pointer|
|m_axi_gmem_RUSER            |   in|    1|       m_axi|                              gmem|       pointer|
|m_axi_gmem_RRESP            |   in|    2|       m_axi|                              gmem|       pointer|
|m_axi_gmem_BVALID           |   in|    1|       m_axi|                              gmem|       pointer|
|m_axi_gmem_BREADY           |  out|    1|       m_axi|                              gmem|       pointer|
|m_axi_gmem_BRESP            |   in|    2|       m_axi|                              gmem|       pointer|
|m_axi_gmem_BID              |   in|    1|       m_axi|                              gmem|       pointer|
|m_axi_gmem_BUSER            |   in|    1|       m_axi|                              gmem|       pointer|
|sext_ln227                  |   in|   63|     ap_none|                        sext_ln227|        scalar|
|wah_values_buffer_address0  |  out|    7|   ap_memory|                 wah_values_buffer|         array|
|wah_values_buffer_ce0       |  out|    1|   ap_memory|                 wah_values_buffer|         array|
|wah_values_buffer_q0        |   in|   32|   ap_memory|                 wah_values_buffer|         array|
|result_2_out                |  out|   32|      ap_vld|                      result_2_out|       pointer|
|result_2_out_ap_vld         |  out|    1|      ap_vld|                      result_2_out|       pointer|
+----------------------------+-----+-----+------------+----------------------------------+--------------+

