

================================================================
== Vitis HLS Report for 'wah'
================================================================
* Date:           Thu Apr 25 14:01:21 2024

* Version:        2022.1 (Build 3526262 on Mon Apr 18 15:48:16 MDT 2022)
* Project:        Guitar_Effects
* Solution:       solution1 (Vivado IP Flow Target)
* Product family: zynq
* Target device:  xc7z020-clg400-1


================================================================
== Performance Estimates
================================================================
+ Timing: 
    * Summary: 
    +--------+----------+----------+------------+
    |  Clock |  Target  | Estimated| Uncertainty|
    +--------+----------+----------+------------+
    |ap_clk  |  10.00 ns|  7.300 ns|     2.70 ns|
    +--------+----------+----------+------------+

+ Latency: 
    * Summary: 
    +---------+---------+----------+----------+-----+-----+---------+
    |  Latency (cycles) |  Latency (absolute) |  Interval | Pipeline|
    |   min   |   max   |    min   |    max   | min | max |   Type  |
    +---------+---------+----------+----------+-----+-----+---------+
    |      672|      672|  6.720 us|  6.720 us|  672|  672|       no|
    +---------+---------+----------+----------+-----+-----+---------+

    + Detail: 
        * Instance: 
        +----------------------------------+-----------------------+---------+---------+----------+----------+-----+-----+---------+
        |                                  |                       |  Latency (cycles) |  Latency (absolute) |  Interval | Pipeline|
        |             Instance             |         Module        |   min   |   max   |    min   |    max   | min | max |   Type  |
        +----------------------------------+-----------------------+---------+---------+----------+----------+-----+-----+---------+
        |grp_wah_Pipeline_WAH_LOOP_fu_159  |wah_Pipeline_WAH_LOOP  |      632|      632|  6.320 us|  6.320 us|  632|  632|       no|
        +----------------------------------+-----------------------+---------+---------+----------+----------+-----+-----+---------+

        * Loop: 
        N/A



================================================================
== Utilization Estimates
================================================================
* Summary: 
+-----------------+---------+-----+--------+-------+-----+
|       Name      | BRAM_18K| DSP |   FF   |  LUT  | URAM|
+-----------------+---------+-----+--------+-------+-----+
|DSP              |        -|    -|       -|      -|    -|
|Expression       |        -|    -|       0|    845|    -|
|FIFO             |        -|    -|       -|      -|    -|
|Instance         |        -|    3|    1625|   2043|    -|
|Memory           |        -|    -|       -|      -|    -|
|Multiplexer      |        -|    -|       -|    286|    -|
|Register         |        -|    -|     277|      -|    -|
+-----------------+---------+-----+--------+-------+-----+
|Total            |        0|    3|    1902|   3174|    0|
+-----------------+---------+-----+--------+-------+-----+
|Available        |      280|  220|  106400|  53200|    0|
+-----------------+---------+-----+--------+-------+-----+
|Utilization (%)  |        0|    1|       1|      5|    0|
+-----------------+---------+-----+--------+-------+-----+

+ Detail: 
    * Instance: 
    +----------------------------------+---------------------------+---------+----+-----+------+-----+
    |             Instance             |           Module          | BRAM_18K| DSP|  FF |  LUT | URAM|
    +----------------------------------+---------------------------+---------+----+-----+------+-----+
    |mul_32s_34ns_65_2_1_U24           |mul_32s_34ns_65_2_1        |        0|   3|  173|    54|    0|
    |srem_16ns_5ns_5_20_seq_1_U25      |srem_16ns_5ns_5_20_seq_1   |        0|   0|  202|   123|    0|
    |srem_32ns_8ns_32_36_seq_1_U23     |srem_32ns_8ns_32_36_seq_1  |        0|   0|  394|   238|    0|
    |grp_wah_Pipeline_WAH_LOOP_fu_159  |wah_Pipeline_WAH_LOOP      |        0|   0|  856|  1628|    0|
    +----------------------------------+---------------------------+---------+----+-----+------+-----+
    |Total                             |                           |        0|   3| 1625|  2043|    0|
    +----------------------------------+---------------------------+---------+----+-----+------+-----+

    * DSP: 
    N/A

    * Memory: 
    N/A

    * FIFO: 
    N/A

    * Expression: 
    +--------------------------+----------+----+---+-----+------------+------------+
    |       Variable Name      | Operation| DSP| FF| LUT | Bitwidth P0| Bitwidth P1|
    +--------------------------+----------+----+---+-----+------------+------------+
    |add_ln239_fu_290_p2       |         +|   0|  0|   15|           8|           7|
    |add_ln346_fu_329_p2       |         +|   0|  0|   14|           9|           8|
    |grp_fu_213_p0             |         +|   0|  0|   39|          32|           1|
    |result_V_2_fu_422_p2      |         -|   0|  0|   39|           1|          32|
    |sub_ln1512_fu_343_p2      |         -|   0|  0|   15|           7|           8|
    |sub_ln226_1_fu_238_p2     |         -|   0|  0|   72|           1|          65|
    |sub_ln226_2_fu_259_p2     |         -|   0|  0|   23|           1|          16|
    |sub_ln226_fu_193_p2       |         -|   0|  0|   39|          32|          32|
    |r_V_fu_381_p2             |      lshr|   0|  0|  242|          79|          79|
    |result_V_fu_427_p3        |    select|   0|  0|   32|           1|          32|
    |select_ln226_1_fu_265_p3  |    select|   0|  0|   16|           1|          16|
    |select_ln226_fu_253_p3    |    select|   0|  0|   16|           1|          16|
    |ush_fu_353_p3             |    select|   0|  0|    9|           1|           9|
    |val_fu_415_p3             |    select|   0|  0|   32|           1|          32|
    |r_V_1_fu_387_p2           |       shl|   0|  0|  242|          79|          79|
    +--------------------------+----------+----+---+-----+------------+------------+
    |Total                     |          |   0|  0|  845|         254|         432|
    +--------------------------+----------+----+---+-----+------------+------------+

    * Multiplexer: 
    +--------------------------------+-----+-----------+-----+-----------+
    |              Name              | LUT | Input Size| Bits| Total Bits|
    +--------------------------------+-----+-----------+-----+-----------+
    |ap_NS_fsm                       |  185|         42|    1|         42|
    |control_signal_buffer_address0  |   14|          3|    7|         21|
    |control_signal_buffer_ce0       |   14|          3|    1|          3|
    |grp_fu_533_ce                   |    9|          2|    1|          2|
    |grp_fu_537_ce                   |    9|          2|    1|          2|
    |grp_fu_541_ce                   |    9|          2|    1|          2|
    |m_axi_gmem_ARVALID              |    9|          2|    1|          2|
    |m_axi_gmem_RREADY               |    9|          2|    1|          2|
    |wah_values_buffer_address0      |   14|          3|    7|         21|
    |wah_values_buffer_ce0           |   14|          3|    1|          3|
    +--------------------------------+-----+-----------+-----+-----------+
    |Total                           |  286|         64|   22|        100|
    +--------------------------------+-----+-----------+-----+-----------+

    * Register: 
    +-----------------------------------------------+----+----+-----+-----------+
    |                      Name                     | FF | LUT| Bits| Const Bits|
    +-----------------------------------------------+----+----+-----+-----------+
    |add_ln239_reg_497                              |   8|   0|    8|          0|
    |ap_CS_fsm                                      |  41|   0|   41|          0|
    |grp_wah_Pipeline_WAH_LOOP_fu_159_ap_start_reg  |   1|   0|    1|          0|
    |isNeg_reg_517                                  |   1|   0|    1|          0|
    |mul_ln226_reg_476                              |  65|   0|   65|          0|
    |p_Result_7_reg_512                             |  23|   0|   23|          0|
    |p_Result_s_reg_507                             |   1|   0|    1|          0|
    |select_ln226_1_reg_487                         |  16|   0|   16|          0|
    |srem_ln230_reg_492                             |  32|   0|   32|          0|
    |sub_ln226_reg_455                              |  31|   0|   32|          1|
    |tmp_5_reg_481                                  |  16|   0|   16|          0|
    |tmp_reg_460                                    |   1|   0|    1|          0|
    |ush_reg_522                                    |   9|   0|    9|          0|
    |val_reg_527                                    |  32|   0|   32|          0|
    +-----------------------------------------------+----+----+-----+-----------+
    |Total                                          | 277|   0|  278|          1|
    +-----------------------------------------------+----+----+-----+-----------+



================================================================
== Interface
================================================================
* Summary: 
+--------------------------------+-----+-----+------------+-----------------------+--------------+
|            RTL Ports           | Dir | Bits|  Protocol  |     Source Object     |    C Type    |
+--------------------------------+-----+-----+------------+-----------------------+--------------+
|ap_clk                          |   in|    1|  ap_ctrl_hs|                    wah|  return value|
|ap_rst                          |   in|    1|  ap_ctrl_hs|                    wah|  return value|
|ap_start                        |   in|    1|  ap_ctrl_hs|                    wah|  return value|
|ap_done                         |  out|    1|  ap_ctrl_hs|                    wah|  return value|
|ap_idle                         |  out|    1|  ap_ctrl_hs|                    wah|  return value|
|ap_ready                        |  out|    1|  ap_ctrl_hs|                    wah|  return value|
|ap_return_0                     |  out|   32|  ap_ctrl_hs|                    wah|  return value|
|ap_return_1                     |  out|   32|  ap_ctrl_hs|                    wah|  return value|
|grp_fu_2119_p_din0              |  out|   32|  ap_ctrl_hs|                    wah|  return value|
|grp_fu_2119_p_din1              |  out|   32|  ap_ctrl_hs|                    wah|  return value|
|grp_fu_2119_p_opcode            |  out|    2|  ap_ctrl_hs|                    wah|  return value|
|grp_fu_2119_p_dout0             |   in|   32|  ap_ctrl_hs|                    wah|  return value|
|grp_fu_2119_p_ce                |  out|    1|  ap_ctrl_hs|                    wah|  return value|
|grp_fu_594_p_din0               |  out|   32|  ap_ctrl_hs|                    wah|  return value|
|grp_fu_594_p_din1               |  out|   32|  ap_ctrl_hs|                    wah|  return value|
|grp_fu_594_p_dout0              |   in|   32|  ap_ctrl_hs|                    wah|  return value|
|grp_fu_594_p_ce                 |  out|    1|  ap_ctrl_hs|                    wah|  return value|
|grp_fu_602_p_din0               |  out|   32|  ap_ctrl_hs|                    wah|  return value|
|grp_fu_602_p_dout0              |   in|   32|  ap_ctrl_hs|                    wah|  return value|
|grp_fu_602_p_ce                 |  out|    1|  ap_ctrl_hs|                    wah|  return value|
|input_r                         |   in|   32|     ap_none|                input_r|        scalar|
|p_read                          |   in|   31|     ap_none|                 p_read|        scalar|
|p_read1                         |   in|   32|     ap_none|                p_read1|        scalar|
|wah_values_buffer_address0      |  out|    7|   ap_memory|      wah_values_buffer|         array|
|wah_values_buffer_ce0           |  out|    1|   ap_memory|      wah_values_buffer|         array|
|wah_values_buffer_we0           |  out|    1|   ap_memory|      wah_values_buffer|         array|
|wah_values_buffer_d0            |  out|   32|   ap_memory|      wah_values_buffer|         array|
|wah_values_buffer_q0            |   in|   32|   ap_memory|      wah_values_buffer|         array|
|m_axi_gmem_AWVALID              |  out|    1|       m_axi|                   gmem|       pointer|
|m_axi_gmem_AWREADY              |   in|    1|       m_axi|                   gmem|       pointer|
|m_axi_gmem_AWADDR               |  out|   64|       m_axi|                   gmem|       pointer|
|m_axi_gmem_AWID                 |  out|    1|       m_axi|                   gmem|       pointer|
|m_axi_gmem_AWLEN                |  out|   32|       m_axi|                   gmem|       pointer|
|m_axi_gmem_AWSIZE               |  out|    3|       m_axi|                   gmem|       pointer|
|m_axi_gmem_AWBURST              |  out|    2|       m_axi|                   gmem|       pointer|
|m_axi_gmem_AWLOCK               |  out|    2|       m_axi|                   gmem|       pointer|
|m_axi_gmem_AWCACHE              |  out|    4|       m_axi|                   gmem|       pointer|
|m_axi_gmem_AWPROT               |  out|    3|       m_axi|                   gmem|       pointer|
|m_axi_gmem_AWQOS                |  out|    4|       m_axi|                   gmem|       pointer|
|m_axi_gmem_AWREGION             |  out|    4|       m_axi|                   gmem|       pointer|
|m_axi_gmem_AWUSER               |  out|    1|       m_axi|                   gmem|       pointer|
|m_axi_gmem_WVALID               |  out|    1|       m_axi|                   gmem|       pointer|
|m_axi_gmem_WREADY               |   in|    1|       m_axi|                   gmem|       pointer|
|m_axi_gmem_WDATA                |  out|   32|       m_axi|                   gmem|       pointer|
|m_axi_gmem_WSTRB                |  out|    4|       m_axi|                   gmem|       pointer|
|m_axi_gmem_WLAST                |  out|    1|       m_axi|                   gmem|       pointer|
|m_axi_gmem_WID                  |  out|    1|       m_axi|                   gmem|       pointer|
|m_axi_gmem_WUSER                |  out|    1|       m_axi|                   gmem|       pointer|
|m_axi_gmem_ARVALID              |  out|    1|       m_axi|                   gmem|       pointer|
|m_axi_gmem_ARREADY              |   in|    1|       m_axi|                   gmem|       pointer|
|m_axi_gmem_ARADDR               |  out|   64|       m_axi|                   gmem|       pointer|
|m_axi_gmem_ARID                 |  out|    1|       m_axi|                   gmem|       pointer|
|m_axi_gmem_ARLEN                |  out|   32|       m_axi|                   gmem|       pointer|
|m_axi_gmem_ARSIZE               |  out|    3|       m_axi|                   gmem|       pointer|
|m_axi_gmem_ARBURST              |  out|    2|       m_axi|                   gmem|       pointer|
|m_axi_gmem_ARLOCK               |  out|    2|       m_axi|                   gmem|       pointer|
|m_axi_gmem_ARCACHE              |  out|    4|       m_axi|                   gmem|       pointer|
|m_axi_gmem_ARPROT               |  out|    3|       m_axi|                   gmem|       pointer|
|m_axi_gmem_ARQOS                |  out|    4|       m_axi|                   gmem|       pointer|
|m_axi_gmem_ARREGION             |  out|    4|       m_axi|                   gmem|       pointer|
|m_axi_gmem_ARUSER               |  out|    1|       m_axi|                   gmem|       pointer|
|m_axi_gmem_RVALID               |   in|    1|       m_axi|                   gmem|       pointer|
|m_axi_gmem_RREADY               |  out|    1|       m_axi|                   gmem|       pointer|
|m_axi_gmem_RDATA                |   in|   32|       m_axi|                   gmem|       pointer|
|m_axi_gmem_RLAST                |   in|    1|       m_axi|                   gmem|       pointer|
|m_axi_gmem_RID                  |   in|    1|       m_axi|                   gmem|       pointer|
|m_axi_gmem_RFIFONUM             |   in|    9|       m_axi|                   gmem|       pointer|
|m_axi_gmem_RUSER                |   in|    1|       m_axi|                   gmem|       pointer|
|m_axi_gmem_RRESP                |   in|    2|       m_axi|                   gmem|       pointer|
|m_axi_gmem_BVALID               |   in|    1|       m_axi|                   gmem|       pointer|
|m_axi_gmem_BREADY               |  out|    1|       m_axi|                   gmem|       pointer|
|m_axi_gmem_BRESP                |   in|    2|       m_axi|                   gmem|       pointer|
|m_axi_gmem_BID                  |   in|    1|       m_axi|                   gmem|       pointer|
|m_axi_gmem_BUSER                |   in|    1|       m_axi|                   gmem|       pointer|
|bandpass_coeffs                 |   in|   64|     ap_none|        bandpass_coeffs|        scalar|
|control_signal_buffer_address0  |  out|    7|   ap_memory|  control_signal_buffer|         array|
|control_signal_buffer_ce0       |  out|    1|   ap_memory|  control_signal_buffer|         array|
|control_signal_buffer_we0       |  out|    1|   ap_memory|  control_signal_buffer|         array|
|control_signal_buffer_d0        |  out|    5|   ap_memory|  control_signal_buffer|         array|
|control_signal_buffer_q0        |   in|    5|   ap_memory|  control_signal_buffer|         array|
+--------------------------------+-----+-----+------------+-----------------------+--------------+

