

================================================================
== Vitis HLS Report for 'wah'
================================================================
* Date:           Thu Apr 25 16:16:24 2024

* Version:        2022.1 (Build 3526262 on Mon Apr 18 15:48:16 MDT 2022)
* Project:        Guitar_Effects
* Solution:       int_to_short (Vivado IP Flow Target)
* Product family: zynq
* Target device:  xc7z020-clg400-1


================================================================
== Performance Estimates
================================================================
+ Timing: 
    * Summary: 
    +--------+----------+----------+------------+
    |  Clock |  Target  | Estimated| Uncertainty|
    +--------+----------+----------+------------+
    |ap_clk  |  10.00 ns|  7.300 ns|     2.70 ns|
    +--------+----------+----------+------------+

+ Latency: 
    * Summary: 
    +---------+---------+----------+----------+-----+-----+---------+
    |  Latency (cycles) |  Latency (absolute) |  Interval | Pipeline|
    |   min   |   max   |    min   |    max   | min | max |   Type  |
    +---------+---------+----------+----------+-----+-----+---------+
    |      660|      660|  6.600 us|  6.600 us|  660|  660|       no|
    +---------+---------+----------+----------+-----+-----+---------+

    + Detail: 
        * Instance: 
        N/A

        * Loop: 
        N/A

============================================================
+ Verbose Summary: Synthesis Manager
============================================================
InlineROM: 1
ExposeGlobal: 0
============================================================
+ Verbose Summary: CDFG Model
============================================================
IsTopModel: 0
ResetActiveHigh: 1
IsCombinational: 0
IsDatapathOnly: 0
HasWiredReturn: 1
HasMFsm: 0
HasVarLatency: 1
IsPipeline: 0
IsRtlPipelined: 0
IsInstanceOverlapped: 0
IsDontTouch: 0
HasImplIP: 0
IsGatedGlobalClock: 0


============================================================
+ Verbose Summary: Schedule
============================================================
* Number of FSM states : 29
* Pipeline : 0
* Dataflow Pipeline: 0

* FSM state transitions: 
1 --> 2 
2 --> 3 
3 --> 4 
4 --> 5 
5 --> 6 
6 --> 7 
7 --> 8 
8 --> 9 
9 --> 10 
10 --> 11 
11 --> 12 
12 --> 13 
13 --> 14 
14 --> 15 
15 --> 16 
16 --> 17 
17 --> 18 
18 --> 19 
19 --> 20 
20 --> 21 
21 --> 22 
22 --> 23 
23 --> 24 
24 --> 25 
25 --> 26 
26 --> 27 
27 --> 28 
28 --> 29 
29 --> 

* FSM state operations: 

State 1 <SV = 0> <Delay = 2.55>
ST_1 : Operation 30 [1/1] (0.00ns)   --->   "%p_read_2 = read i31 @_ssdm_op_Read.ap_auto.i31, i31 %p_read"   --->   Operation 30 'read' 'p_read_2' <Predicate = true> <Delay = 0.00>
ST_1 : Operation 31 [1/1] (0.00ns)   --->   "%temp_result_loc = alloca i64 1"   --->   Operation 31 'alloca' 'temp_result_loc' <Predicate = true> <Delay = 0.00>
ST_1 : Operation 32 [1/1] (0.00ns)   --->   "%trunc_ln227 = trunc i31 %p_read_2" [guitar_effects.cpp:227]   --->   Operation 32 'trunc' 'trunc_ln227' <Predicate = true> <Delay = 0.00>
ST_1 : Operation 33 [1/1] (0.00ns)   --->   "%shl_ln = bitconcatenate i32 @_ssdm_op_BitConcatenate.i32.i28.i4, i28 %trunc_ln227, i4 0" [guitar_effects.cpp:227]   --->   Operation 33 'bitconcatenate' 'shl_ln' <Predicate = true> <Delay = 0.00>
ST_1 : Operation 34 [1/1] (0.00ns)   --->   "%shl_ln227_1 = bitconcatenate i32 @_ssdm_op_BitConcatenate.i32.i31.i1, i31 %p_read_2, i1 0" [guitar_effects.cpp:227]   --->   Operation 34 'bitconcatenate' 'shl_ln227_1' <Predicate = true> <Delay = 0.00>
ST_1 : Operation 35 [1/1] (2.55ns)   --->   "%sub_ln227 = sub i32 %shl_ln, i32 %shl_ln227_1" [guitar_effects.cpp:227]   --->   Operation 35 'sub' 'sub_ln227' <Predicate = true> <Delay = 2.55> <CoreInst = "Adder">   --->   Core 1 'Adder' <Latency = 0> <II = 1> <Delay = 2.55> <FuncUnit> <Opcode : 'add' 'sub'> <InPorts = 2> <OutPorts = 1>
ST_1 : Operation 36 [1/1] (0.00ns)   --->   "%tmp = bitselect i1 @_ssdm_op_BitSelect.i1.i32.i32, i32 %sub_ln227, i32 31" [guitar_effects.cpp:227]   --->   Operation 36 'bitselect' 'tmp' <Predicate = true> <Delay = 0.00>

State 2 <SV = 1> <Delay = 6.91>
ST_2 : Operation 37 [1/1] (0.00ns)   --->   "%sext_ln227 = sext i32 %sub_ln227" [guitar_effects.cpp:227]   --->   Operation 37 'sext' 'sext_ln227' <Predicate = true> <Delay = 0.00>
ST_2 : Operation 38 [2/2] (6.91ns)   --->   "%mul_ln227 = mul i65 %sext_ln227, i65 6382652534" [guitar_effects.cpp:227]   --->   Operation 38 'mul' 'mul_ln227' <Predicate = true> <Delay = 6.91> <CoreInst = "Multiplier">   --->   Core 3 'Multiplier' <Latency = 1> <II = 1> <Delay = 6.91> <FuncUnit> <Opcode : 'mul'> <InPorts = 2> <OutPorts = 1>

State 3 <SV = 2> <Delay = 6.91>
ST_3 : Operation 39 [1/2] (6.91ns)   --->   "%mul_ln227 = mul i65 %sext_ln227, i65 6382652534" [guitar_effects.cpp:227]   --->   Operation 39 'mul' 'mul_ln227' <Predicate = true> <Delay = 6.91> <CoreInst = "Multiplier">   --->   Core 3 'Multiplier' <Latency = 1> <II = 1> <Delay = 6.91> <FuncUnit> <Opcode : 'mul'> <InPorts = 2> <OutPorts = 1>
ST_3 : Operation 40 [1/1] (0.00ns)   --->   "%tmp_5 = partselect i16 @_ssdm_op_PartSelect.i16.i65.i32.i32, i65 %mul_ln227, i32 49, i32 64" [guitar_effects.cpp:227]   --->   Operation 40 'partselect' 'tmp_5' <Predicate = true> <Delay = 0.00>

State 4 <SV = 3> <Delay = 6.43>
ST_4 : Operation 41 [1/1] (0.00ns)   --->   "%p_read_1 = read i16 @_ssdm_op_Read.ap_auto.i16, i16 %p_read1"   --->   Operation 41 'read' 'p_read_1' <Predicate = true> <Delay = 0.00>
ST_4 : Operation 42 [1/1] (3.54ns)   --->   "%sub_ln227_1 = sub i65 0, i65 %mul_ln227" [guitar_effects.cpp:227]   --->   Operation 42 'sub' 'sub_ln227_1' <Predicate = (tmp)> <Delay = 3.54> <CoreInst = "Adder">   --->   Core 1 'Adder' <Latency = 0> <II = 1> <Delay = 3.54> <FuncUnit> <Opcode : 'add' 'sub'> <InPorts = 2> <OutPorts = 1>
ST_4 : Operation 43 [1/1] (0.00ns) (grouped into LUT with out node sub_ln227_2)   --->   "%tmp_4 = partselect i16 @_ssdm_op_PartSelect.i16.i65.i32.i32, i65 %sub_ln227_1, i32 49, i32 64" [guitar_effects.cpp:227]   --->   Operation 43 'partselect' 'tmp_4' <Predicate = (tmp)> <Delay = 0.00>
ST_4 : Operation 44 [1/1] (0.00ns) (grouped into LUT with out node sub_ln227_2)   --->   "%select_ln227 = select i1 %tmp, i16 %tmp_4, i16 %tmp_5" [guitar_effects.cpp:227]   --->   Operation 44 'select' 'select_ln227' <Predicate = (tmp)> <Delay = 0.00> <CoreInst = "Sel">   --->   Core 73 'Sel' <Latency = 0> <II = 1> <Delay = 0.80> <FuncUnit> <Opcode : 'select'> <InPorts = 3> <OutPorts = 1>
ST_4 : Operation 45 [1/1] (2.07ns) (out node of the LUT)   --->   "%sub_ln227_2 = sub i16 0, i16 %select_ln227" [guitar_effects.cpp:227]   --->   Operation 45 'sub' 'sub_ln227_2' <Predicate = (tmp)> <Delay = 2.07> <CoreInst = "Adder">   --->   Core 1 'Adder' <Latency = 0> <II = 1> <Delay = 2.07> <FuncUnit> <Opcode : 'add' 'sub'> <InPorts = 2> <OutPorts = 1>
ST_4 : Operation 46 [1/1] (0.80ns)   --->   "%select_ln227_1 = select i1 %tmp, i16 %sub_ln227_2, i16 %tmp_5" [guitar_effects.cpp:227]   --->   Operation 46 'select' 'select_ln227_1' <Predicate = true> <Delay = 0.80> <CoreInst = "Sel">   --->   Core 73 'Sel' <Latency = 0> <II = 1> <Delay = 0.80> <FuncUnit> <Opcode : 'select'> <InPorts = 3> <OutPorts = 1>
ST_4 : Operation 47 [1/1] (0.00ns)   --->   "%sext_ln231 = sext i16 %p_read_1" [guitar_effects.cpp:231]   --->   Operation 47 'sext' 'sext_ln231' <Predicate = true> <Delay = 0.00>
ST_4 : Operation 48 [1/1] (2.07ns)   --->   "%add_ln231 = add i17 %sext_ln231, i17 1" [guitar_effects.cpp:231]   --->   Operation 48 'add' 'add_ln231' <Predicate = true> <Delay = 2.07> <CoreInst = "Adder">   --->   Core 1 'Adder' <Latency = 0> <II = 1> <Delay = 2.07> <FuncUnit> <Opcode : 'add' 'sub'> <InPorts = 2> <OutPorts = 1>
ST_4 : Operation 49 [21/21] (3.68ns)   --->   "%srem_ln231 = srem i17 %add_ln231, i17 100" [guitar_effects.cpp:231]   --->   Operation 49 'srem' 'srem_ln231' <Predicate = true> <Delay = 3.68> <CoreInst = "DivnS_SEQ">   --->   Core 7 'DivnS_SEQ' <Latency = 20> <II = 8> <Delay = 3.68> <FuncUnit> <Opcode : 'sdiv' 'srem' 'udiv' 'urem'> <InPorts = 2> <OutPorts = 1>

State 5 <SV = 4> <Delay = 3.68>
ST_5 : Operation 50 [20/20] (3.64ns)   --->   "%srem_ln227 = srem i16 %select_ln227_1, i16 10" [guitar_effects.cpp:227]   --->   Operation 50 'srem' 'srem_ln227' <Predicate = true> <Delay = 3.64> <CoreInst = "DivnS_SEQ">   --->   Core 7 'DivnS_SEQ' <Latency = 19> <II = 5> <Delay = 3.64> <FuncUnit> <Opcode : 'sdiv' 'srem' 'udiv' 'urem'> <InPorts = 2> <OutPorts = 1>
ST_5 : Operation 51 [20/21] (3.68ns)   --->   "%srem_ln231 = srem i17 %add_ln231, i17 100" [guitar_effects.cpp:231]   --->   Operation 51 'srem' 'srem_ln231' <Predicate = true> <Delay = 3.68> <CoreInst = "DivnS_SEQ">   --->   Core 7 'DivnS_SEQ' <Latency = 20> <II = 8> <Delay = 3.68> <FuncUnit> <Opcode : 'sdiv' 'srem' 'udiv' 'urem'> <InPorts = 2> <OutPorts = 1>

State 6 <SV = 5> <Delay = 3.68>
ST_6 : Operation 52 [19/20] (3.64ns)   --->   "%srem_ln227 = srem i16 %select_ln227_1, i16 10" [guitar_effects.cpp:227]   --->   Operation 52 'srem' 'srem_ln227' <Predicate = true> <Delay = 3.64> <CoreInst = "DivnS_SEQ">   --->   Core 7 'DivnS_SEQ' <Latency = 19> <II = 5> <Delay = 3.64> <FuncUnit> <Opcode : 'sdiv' 'srem' 'udiv' 'urem'> <InPorts = 2> <OutPorts = 1>
ST_6 : Operation 53 [19/21] (3.68ns)   --->   "%srem_ln231 = srem i17 %add_ln231, i17 100" [guitar_effects.cpp:231]   --->   Operation 53 'srem' 'srem_ln231' <Predicate = true> <Delay = 3.68> <CoreInst = "DivnS_SEQ">   --->   Core 7 'DivnS_SEQ' <Latency = 20> <II = 8> <Delay = 3.68> <FuncUnit> <Opcode : 'sdiv' 'srem' 'udiv' 'urem'> <InPorts = 2> <OutPorts = 1>

State 7 <SV = 6> <Delay = 3.68>
ST_7 : Operation 54 [18/20] (3.64ns)   --->   "%srem_ln227 = srem i16 %select_ln227_1, i16 10" [guitar_effects.cpp:227]   --->   Operation 54 'srem' 'srem_ln227' <Predicate = true> <Delay = 3.64> <CoreInst = "DivnS_SEQ">   --->   Core 7 'DivnS_SEQ' <Latency = 19> <II = 5> <Delay = 3.64> <FuncUnit> <Opcode : 'sdiv' 'srem' 'udiv' 'urem'> <InPorts = 2> <OutPorts = 1>
ST_7 : Operation 55 [18/21] (3.68ns)   --->   "%srem_ln231 = srem i17 %add_ln231, i17 100" [guitar_effects.cpp:231]   --->   Operation 55 'srem' 'srem_ln231' <Predicate = true> <Delay = 3.68> <CoreInst = "DivnS_SEQ">   --->   Core 7 'DivnS_SEQ' <Latency = 20> <II = 8> <Delay = 3.68> <FuncUnit> <Opcode : 'sdiv' 'srem' 'udiv' 'urem'> <InPorts = 2> <OutPorts = 1>

State 8 <SV = 7> <Delay = 3.68>
ST_8 : Operation 56 [17/20] (3.64ns)   --->   "%srem_ln227 = srem i16 %select_ln227_1, i16 10" [guitar_effects.cpp:227]   --->   Operation 56 'srem' 'srem_ln227' <Predicate = true> <Delay = 3.64> <CoreInst = "DivnS_SEQ">   --->   Core 7 'DivnS_SEQ' <Latency = 19> <II = 5> <Delay = 3.64> <FuncUnit> <Opcode : 'sdiv' 'srem' 'udiv' 'urem'> <InPorts = 2> <OutPorts = 1>
ST_8 : Operation 57 [17/21] (3.68ns)   --->   "%srem_ln231 = srem i17 %add_ln231, i17 100" [guitar_effects.cpp:231]   --->   Operation 57 'srem' 'srem_ln231' <Predicate = true> <Delay = 3.68> <CoreInst = "DivnS_SEQ">   --->   Core 7 'DivnS_SEQ' <Latency = 20> <II = 8> <Delay = 3.68> <FuncUnit> <Opcode : 'sdiv' 'srem' 'udiv' 'urem'> <InPorts = 2> <OutPorts = 1>

State 9 <SV = 8> <Delay = 3.68>
ST_9 : Operation 58 [16/20] (3.64ns)   --->   "%srem_ln227 = srem i16 %select_ln227_1, i16 10" [guitar_effects.cpp:227]   --->   Operation 58 'srem' 'srem_ln227' <Predicate = true> <Delay = 3.64> <CoreInst = "DivnS_SEQ">   --->   Core 7 'DivnS_SEQ' <Latency = 19> <II = 5> <Delay = 3.64> <FuncUnit> <Opcode : 'sdiv' 'srem' 'udiv' 'urem'> <InPorts = 2> <OutPorts = 1>
ST_9 : Operation 59 [16/21] (3.68ns)   --->   "%srem_ln231 = srem i17 %add_ln231, i17 100" [guitar_effects.cpp:231]   --->   Operation 59 'srem' 'srem_ln231' <Predicate = true> <Delay = 3.68> <CoreInst = "DivnS_SEQ">   --->   Core 7 'DivnS_SEQ' <Latency = 20> <II = 8> <Delay = 3.68> <FuncUnit> <Opcode : 'sdiv' 'srem' 'udiv' 'urem'> <InPorts = 2> <OutPorts = 1>

State 10 <SV = 9> <Delay = 3.68>
ST_10 : Operation 60 [15/20] (3.64ns)   --->   "%srem_ln227 = srem i16 %select_ln227_1, i16 10" [guitar_effects.cpp:227]   --->   Operation 60 'srem' 'srem_ln227' <Predicate = true> <Delay = 3.64> <CoreInst = "DivnS_SEQ">   --->   Core 7 'DivnS_SEQ' <Latency = 19> <II = 5> <Delay = 3.64> <FuncUnit> <Opcode : 'sdiv' 'srem' 'udiv' 'urem'> <InPorts = 2> <OutPorts = 1>
ST_10 : Operation 61 [15/21] (3.68ns)   --->   "%srem_ln231 = srem i17 %add_ln231, i17 100" [guitar_effects.cpp:231]   --->   Operation 61 'srem' 'srem_ln231' <Predicate = true> <Delay = 3.68> <CoreInst = "DivnS_SEQ">   --->   Core 7 'DivnS_SEQ' <Latency = 20> <II = 8> <Delay = 3.68> <FuncUnit> <Opcode : 'sdiv' 'srem' 'udiv' 'urem'> <InPorts = 2> <OutPorts = 1>

State 11 <SV = 10> <Delay = 3.68>
ST_11 : Operation 62 [14/20] (3.64ns)   --->   "%srem_ln227 = srem i16 %select_ln227_1, i16 10" [guitar_effects.cpp:227]   --->   Operation 62 'srem' 'srem_ln227' <Predicate = true> <Delay = 3.64> <CoreInst = "DivnS_SEQ">   --->   Core 7 'DivnS_SEQ' <Latency = 19> <II = 5> <Delay = 3.64> <FuncUnit> <Opcode : 'sdiv' 'srem' 'udiv' 'urem'> <InPorts = 2> <OutPorts = 1>
ST_11 : Operation 63 [14/21] (3.68ns)   --->   "%srem_ln231 = srem i17 %add_ln231, i17 100" [guitar_effects.cpp:231]   --->   Operation 63 'srem' 'srem_ln231' <Predicate = true> <Delay = 3.68> <CoreInst = "DivnS_SEQ">   --->   Core 7 'DivnS_SEQ' <Latency = 20> <II = 8> <Delay = 3.68> <FuncUnit> <Opcode : 'sdiv' 'srem' 'udiv' 'urem'> <InPorts = 2> <OutPorts = 1>

State 12 <SV = 11> <Delay = 3.68>
ST_12 : Operation 64 [13/20] (3.64ns)   --->   "%srem_ln227 = srem i16 %select_ln227_1, i16 10" [guitar_effects.cpp:227]   --->   Operation 64 'srem' 'srem_ln227' <Predicate = true> <Delay = 3.64> <CoreInst = "DivnS_SEQ">   --->   Core 7 'DivnS_SEQ' <Latency = 19> <II = 5> <Delay = 3.64> <FuncUnit> <Opcode : 'sdiv' 'srem' 'udiv' 'urem'> <InPorts = 2> <OutPorts = 1>
ST_12 : Operation 65 [13/21] (3.68ns)   --->   "%srem_ln231 = srem i17 %add_ln231, i17 100" [guitar_effects.cpp:231]   --->   Operation 65 'srem' 'srem_ln231' <Predicate = true> <Delay = 3.68> <CoreInst = "DivnS_SEQ">   --->   Core 7 'DivnS_SEQ' <Latency = 20> <II = 8> <Delay = 3.68> <FuncUnit> <Opcode : 'sdiv' 'srem' 'udiv' 'urem'> <InPorts = 2> <OutPorts = 1>

State 13 <SV = 12> <Delay = 3.68>
ST_13 : Operation 66 [12/20] (3.64ns)   --->   "%srem_ln227 = srem i16 %select_ln227_1, i16 10" [guitar_effects.cpp:227]   --->   Operation 66 'srem' 'srem_ln227' <Predicate = true> <Delay = 3.64> <CoreInst = "DivnS_SEQ">   --->   Core 7 'DivnS_SEQ' <Latency = 19> <II = 5> <Delay = 3.64> <FuncUnit> <Opcode : 'sdiv' 'srem' 'udiv' 'urem'> <InPorts = 2> <OutPorts = 1>
ST_13 : Operation 67 [12/21] (3.68ns)   --->   "%srem_ln231 = srem i17 %add_ln231, i17 100" [guitar_effects.cpp:231]   --->   Operation 67 'srem' 'srem_ln231' <Predicate = true> <Delay = 3.68> <CoreInst = "DivnS_SEQ">   --->   Core 7 'DivnS_SEQ' <Latency = 20> <II = 8> <Delay = 3.68> <FuncUnit> <Opcode : 'sdiv' 'srem' 'udiv' 'urem'> <InPorts = 2> <OutPorts = 1>

State 14 <SV = 13> <Delay = 3.68>
ST_14 : Operation 68 [11/20] (3.64ns)   --->   "%srem_ln227 = srem i16 %select_ln227_1, i16 10" [guitar_effects.cpp:227]   --->   Operation 68 'srem' 'srem_ln227' <Predicate = true> <Delay = 3.64> <CoreInst = "DivnS_SEQ">   --->   Core 7 'DivnS_SEQ' <Latency = 19> <II = 5> <Delay = 3.64> <FuncUnit> <Opcode : 'sdiv' 'srem' 'udiv' 'urem'> <InPorts = 2> <OutPorts = 1>
ST_14 : Operation 69 [11/21] (3.68ns)   --->   "%srem_ln231 = srem i17 %add_ln231, i17 100" [guitar_effects.cpp:231]   --->   Operation 69 'srem' 'srem_ln231' <Predicate = true> <Delay = 3.68> <CoreInst = "DivnS_SEQ">   --->   Core 7 'DivnS_SEQ' <Latency = 20> <II = 8> <Delay = 3.68> <FuncUnit> <Opcode : 'sdiv' 'srem' 'udiv' 'urem'> <InPorts = 2> <OutPorts = 1>

State 15 <SV = 14> <Delay = 3.68>
ST_15 : Operation 70 [10/20] (3.64ns)   --->   "%srem_ln227 = srem i16 %select_ln227_1, i16 10" [guitar_effects.cpp:227]   --->   Operation 70 'srem' 'srem_ln227' <Predicate = true> <Delay = 3.64> <CoreInst = "DivnS_SEQ">   --->   Core 7 'DivnS_SEQ' <Latency = 19> <II = 5> <Delay = 3.64> <FuncUnit> <Opcode : 'sdiv' 'srem' 'udiv' 'urem'> <InPorts = 2> <OutPorts = 1>
ST_15 : Operation 71 [10/21] (3.68ns)   --->   "%srem_ln231 = srem i17 %add_ln231, i17 100" [guitar_effects.cpp:231]   --->   Operation 71 'srem' 'srem_ln231' <Predicate = true> <Delay = 3.68> <CoreInst = "DivnS_SEQ">   --->   Core 7 'DivnS_SEQ' <Latency = 20> <II = 8> <Delay = 3.68> <FuncUnit> <Opcode : 'sdiv' 'srem' 'udiv' 'urem'> <InPorts = 2> <OutPorts = 1>

State 16 <SV = 15> <Delay = 3.68>
ST_16 : Operation 72 [9/20] (3.64ns)   --->   "%srem_ln227 = srem i16 %select_ln227_1, i16 10" [guitar_effects.cpp:227]   --->   Operation 72 'srem' 'srem_ln227' <Predicate = true> <Delay = 3.64> <CoreInst = "DivnS_SEQ">   --->   Core 7 'DivnS_SEQ' <Latency = 19> <II = 5> <Delay = 3.64> <FuncUnit> <Opcode : 'sdiv' 'srem' 'udiv' 'urem'> <InPorts = 2> <OutPorts = 1>
ST_16 : Operation 73 [9/21] (3.68ns)   --->   "%srem_ln231 = srem i17 %add_ln231, i17 100" [guitar_effects.cpp:231]   --->   Operation 73 'srem' 'srem_ln231' <Predicate = true> <Delay = 3.68> <CoreInst = "DivnS_SEQ">   --->   Core 7 'DivnS_SEQ' <Latency = 20> <II = 8> <Delay = 3.68> <FuncUnit> <Opcode : 'sdiv' 'srem' 'udiv' 'urem'> <InPorts = 2> <OutPorts = 1>

State 17 <SV = 16> <Delay = 3.68>
ST_17 : Operation 74 [8/20] (3.64ns)   --->   "%srem_ln227 = srem i16 %select_ln227_1, i16 10" [guitar_effects.cpp:227]   --->   Operation 74 'srem' 'srem_ln227' <Predicate = true> <Delay = 3.64> <CoreInst = "DivnS_SEQ">   --->   Core 7 'DivnS_SEQ' <Latency = 19> <II = 5> <Delay = 3.64> <FuncUnit> <Opcode : 'sdiv' 'srem' 'udiv' 'urem'> <InPorts = 2> <OutPorts = 1>
ST_17 : Operation 75 [8/21] (3.68ns)   --->   "%srem_ln231 = srem i17 %add_ln231, i17 100" [guitar_effects.cpp:231]   --->   Operation 75 'srem' 'srem_ln231' <Predicate = true> <Delay = 3.68> <CoreInst = "DivnS_SEQ">   --->   Core 7 'DivnS_SEQ' <Latency = 20> <II = 8> <Delay = 3.68> <FuncUnit> <Opcode : 'sdiv' 'srem' 'udiv' 'urem'> <InPorts = 2> <OutPorts = 1>

State 18 <SV = 17> <Delay = 3.68>
ST_18 : Operation 76 [7/20] (3.64ns)   --->   "%srem_ln227 = srem i16 %select_ln227_1, i16 10" [guitar_effects.cpp:227]   --->   Operation 76 'srem' 'srem_ln227' <Predicate = true> <Delay = 3.64> <CoreInst = "DivnS_SEQ">   --->   Core 7 'DivnS_SEQ' <Latency = 19> <II = 5> <Delay = 3.64> <FuncUnit> <Opcode : 'sdiv' 'srem' 'udiv' 'urem'> <InPorts = 2> <OutPorts = 1>
ST_18 : Operation 77 [7/21] (3.68ns)   --->   "%srem_ln231 = srem i17 %add_ln231, i17 100" [guitar_effects.cpp:231]   --->   Operation 77 'srem' 'srem_ln231' <Predicate = true> <Delay = 3.68> <CoreInst = "DivnS_SEQ">   --->   Core 7 'DivnS_SEQ' <Latency = 20> <II = 8> <Delay = 3.68> <FuncUnit> <Opcode : 'sdiv' 'srem' 'udiv' 'urem'> <InPorts = 2> <OutPorts = 1>

State 19 <SV = 18> <Delay = 3.68>
ST_19 : Operation 78 [6/20] (3.64ns)   --->   "%srem_ln227 = srem i16 %select_ln227_1, i16 10" [guitar_effects.cpp:227]   --->   Operation 78 'srem' 'srem_ln227' <Predicate = true> <Delay = 3.64> <CoreInst = "DivnS_SEQ">   --->   Core 7 'DivnS_SEQ' <Latency = 19> <II = 5> <Delay = 3.64> <FuncUnit> <Opcode : 'sdiv' 'srem' 'udiv' 'urem'> <InPorts = 2> <OutPorts = 1>
ST_19 : Operation 79 [6/21] (3.68ns)   --->   "%srem_ln231 = srem i17 %add_ln231, i17 100" [guitar_effects.cpp:231]   --->   Operation 79 'srem' 'srem_ln231' <Predicate = true> <Delay = 3.68> <CoreInst = "DivnS_SEQ">   --->   Core 7 'DivnS_SEQ' <Latency = 20> <II = 8> <Delay = 3.68> <FuncUnit> <Opcode : 'sdiv' 'srem' 'udiv' 'urem'> <InPorts = 2> <OutPorts = 1>

State 20 <SV = 19> <Delay = 3.68>
ST_20 : Operation 80 [5/20] (3.64ns)   --->   "%srem_ln227 = srem i16 %select_ln227_1, i16 10" [guitar_effects.cpp:227]   --->   Operation 80 'srem' 'srem_ln227' <Predicate = true> <Delay = 3.64> <CoreInst = "DivnS_SEQ">   --->   Core 7 'DivnS_SEQ' <Latency = 19> <II = 5> <Delay = 3.64> <FuncUnit> <Opcode : 'sdiv' 'srem' 'udiv' 'urem'> <InPorts = 2> <OutPorts = 1>
ST_20 : Operation 81 [5/21] (3.68ns)   --->   "%srem_ln231 = srem i17 %add_ln231, i17 100" [guitar_effects.cpp:231]   --->   Operation 81 'srem' 'srem_ln231' <Predicate = true> <Delay = 3.68> <CoreInst = "DivnS_SEQ">   --->   Core 7 'DivnS_SEQ' <Latency = 20> <II = 8> <Delay = 3.68> <FuncUnit> <Opcode : 'sdiv' 'srem' 'udiv' 'urem'> <InPorts = 2> <OutPorts = 1>

State 21 <SV = 20> <Delay = 3.68>
ST_21 : Operation 82 [4/20] (3.64ns)   --->   "%srem_ln227 = srem i16 %select_ln227_1, i16 10" [guitar_effects.cpp:227]   --->   Operation 82 'srem' 'srem_ln227' <Predicate = true> <Delay = 3.64> <CoreInst = "DivnS_SEQ">   --->   Core 7 'DivnS_SEQ' <Latency = 19> <II = 5> <Delay = 3.64> <FuncUnit> <Opcode : 'sdiv' 'srem' 'udiv' 'urem'> <InPorts = 2> <OutPorts = 1>
ST_21 : Operation 83 [4/21] (3.68ns)   --->   "%srem_ln231 = srem i17 %add_ln231, i17 100" [guitar_effects.cpp:231]   --->   Operation 83 'srem' 'srem_ln231' <Predicate = true> <Delay = 3.68> <CoreInst = "DivnS_SEQ">   --->   Core 7 'DivnS_SEQ' <Latency = 20> <II = 8> <Delay = 3.68> <FuncUnit> <Opcode : 'sdiv' 'srem' 'udiv' 'urem'> <InPorts = 2> <OutPorts = 1>

State 22 <SV = 21> <Delay = 3.68>
ST_22 : Operation 84 [3/20] (3.64ns)   --->   "%srem_ln227 = srem i16 %select_ln227_1, i16 10" [guitar_effects.cpp:227]   --->   Operation 84 'srem' 'srem_ln227' <Predicate = true> <Delay = 3.64> <CoreInst = "DivnS_SEQ">   --->   Core 7 'DivnS_SEQ' <Latency = 19> <II = 5> <Delay = 3.64> <FuncUnit> <Opcode : 'sdiv' 'srem' 'udiv' 'urem'> <InPorts = 2> <OutPorts = 1>
ST_22 : Operation 85 [3/21] (3.68ns)   --->   "%srem_ln231 = srem i17 %add_ln231, i17 100" [guitar_effects.cpp:231]   --->   Operation 85 'srem' 'srem_ln231' <Predicate = true> <Delay = 3.68> <CoreInst = "DivnS_SEQ">   --->   Core 7 'DivnS_SEQ' <Latency = 20> <II = 8> <Delay = 3.68> <FuncUnit> <Opcode : 'sdiv' 'srem' 'udiv' 'urem'> <InPorts = 2> <OutPorts = 1>

State 23 <SV = 22> <Delay = 3.68>
ST_23 : Operation 86 [2/20] (3.64ns)   --->   "%srem_ln227 = srem i16 %select_ln227_1, i16 10" [guitar_effects.cpp:227]   --->   Operation 86 'srem' 'srem_ln227' <Predicate = true> <Delay = 3.64> <CoreInst = "DivnS_SEQ">   --->   Core 7 'DivnS_SEQ' <Latency = 19> <II = 5> <Delay = 3.64> <FuncUnit> <Opcode : 'sdiv' 'srem' 'udiv' 'urem'> <InPorts = 2> <OutPorts = 1>
ST_23 : Operation 87 [2/21] (3.68ns)   --->   "%srem_ln231 = srem i17 %add_ln231, i17 100" [guitar_effects.cpp:231]   --->   Operation 87 'srem' 'srem_ln231' <Predicate = true> <Delay = 3.68> <CoreInst = "DivnS_SEQ">   --->   Core 7 'DivnS_SEQ' <Latency = 20> <II = 8> <Delay = 3.68> <FuncUnit> <Opcode : 'sdiv' 'srem' 'udiv' 'urem'> <InPorts = 2> <OutPorts = 1>

State 24 <SV = 23> <Delay = 5.97>
ST_24 : Operation 88 [1/1] (0.00ns)   --->   "%input_read = read i16 @_ssdm_op_Read.ap_auto.i16, i16 %input_r"   --->   Operation 88 'read' 'input_read' <Predicate = true> <Delay = 0.00>
ST_24 : Operation 89 [1/1] (0.00ns)   --->   "%zext_ln225 = zext i16 %p_read_1" [guitar_effects.cpp:225]   --->   Operation 89 'zext' 'zext_ln225' <Predicate = true> <Delay = 0.00>
ST_24 : Operation 90 [1/1] (0.00ns)   --->   "%wah_values_buffer_addr = getelementptr i16 %wah_values_buffer, i64 0, i64 %zext_ln225" [guitar_effects.cpp:225]   --->   Operation 90 'getelementptr' 'wah_values_buffer_addr' <Predicate = true> <Delay = 0.00>
ST_24 : Operation 91 [1/1] (3.25ns)   --->   "%store_ln225 = store i16 %input_read, i7 %wah_values_buffer_addr" [guitar_effects.cpp:225]   --->   Operation 91 'store' 'store_ln225' <Predicate = true> <Delay = 3.25> <CoreInst = "RAM">   --->   Core 82 'RAM' <Latency = 1> <II = 1> <Delay = 3.25> <Storage> <Opcode : 'load' 'store'> <Ports = 2> <Width = 16> <Depth = 100> <RAM>
ST_24 : Operation 92 [1/20] (3.64ns)   --->   "%srem_ln227 = srem i16 %select_ln227_1, i16 10" [guitar_effects.cpp:227]   --->   Operation 92 'srem' 'srem_ln227' <Predicate = true> <Delay = 3.64> <CoreInst = "DivnS_SEQ">   --->   Core 7 'DivnS_SEQ' <Latency = 19> <II = 5> <Delay = 3.64> <FuncUnit> <Opcode : 'sdiv' 'srem' 'udiv' 'urem'> <InPorts = 2> <OutPorts = 1>
ST_24 : Operation 93 [1/1] (0.00ns)   --->   "%control_signal = trunc i5 %srem_ln227" [guitar_effects.cpp:227]   --->   Operation 93 'trunc' 'control_signal' <Predicate = true> <Delay = 0.00>
ST_24 : Operation 94 [1/1] (0.00ns)   --->   "%control_signal_buffer_addr = getelementptr i5 %control_signal_buffer, i64 0, i64 %zext_ln225" [guitar_effects.cpp:229]   --->   Operation 94 'getelementptr' 'control_signal_buffer_addr' <Predicate = true> <Delay = 0.00>
ST_24 : Operation 95 [1/1] (2.32ns)   --->   "%store_ln229 = store i5 %control_signal, i7 %control_signal_buffer_addr" [guitar_effects.cpp:229]   --->   Operation 95 'store' 'store_ln229' <Predicate = true> <Delay = 2.32> <CoreInst = "RAM">   --->   Core 82 'RAM' <Latency = 1> <II = 1> <Delay = 2.32> <Storage> <Opcode : 'load' 'store'> <Ports = 2> <Width = 5> <Depth = 100> <RAM>
ST_24 : Operation 96 [1/21] (3.68ns)   --->   "%srem_ln231 = srem i17 %add_ln231, i17 100" [guitar_effects.cpp:231]   --->   Operation 96 'srem' 'srem_ln231' <Predicate = true> <Delay = 3.68> <CoreInst = "DivnS_SEQ">   --->   Core 7 'DivnS_SEQ' <Latency = 20> <II = 8> <Delay = 3.68> <FuncUnit> <Opcode : 'sdiv' 'srem' 'udiv' 'urem'> <InPorts = 2> <OutPorts = 1>
ST_24 : Operation 97 [1/1] (0.00ns)   --->   "%trunc_ln231 = trunc i8 %srem_ln231" [guitar_effects.cpp:231]   --->   Operation 97 'trunc' 'trunc_ln231' <Predicate = true> <Delay = 0.00>
ST_24 : Operation 98 [1/1] (1.91ns)   --->   "%add_ln240 = add i8 %trunc_ln231, i8 100" [guitar_effects.cpp:240]   --->   Operation 98 'add' 'add_ln240' <Predicate = true> <Delay = 1.91> <CoreInst = "Adder">   --->   Core 1 'Adder' <Latency = 0> <II = 1> <Delay = 1.91> <FuncUnit> <Opcode : 'add' 'sub'> <InPorts = 2> <OutPorts = 1>

State 25 <SV = 24> <Delay = 5.65>
ST_25 : Operation 99 [1/1] (0.00ns)   --->   "%bandpass_coeffs_read = read i64 @_ssdm_op_Read.ap_auto.i64, i64 %bandpass_coeffs"   --->   Operation 99 'read' 'bandpass_coeffs_read' <Predicate = true> <Delay = 0.00>
ST_25 : Operation 100 [2/2] (5.65ns)   --->   "%call_ln240 = call void @wah_Pipeline_WAH_LOOP, i8 %add_ln240, i16 %wah_values_buffer, i5 %control_signal_buffer, i64 %bandpass_coeffs_read, i32 %gmem, i32 %temp_result_loc" [guitar_effects.cpp:240]   --->   Operation 100 'call' 'call_ln240' <Predicate = true> <Delay = 5.65> <CoreType = "Generic">   --->   Core 0 '' <Latency = 0> <II = 1> <Delay = 1.00> <Generic> <Opcode : >

State 26 <SV = 25> <Delay = 0.00>
ST_26 : Operation 101 [1/2] (0.00ns)   --->   "%call_ln240 = call void @wah_Pipeline_WAH_LOOP, i8 %add_ln240, i16 %wah_values_buffer, i5 %control_signal_buffer, i64 %bandpass_coeffs_read, i32 %gmem, i32 %temp_result_loc" [guitar_effects.cpp:240]   --->   Operation 101 'call' 'call_ln240' <Predicate = true> <Delay = 0.00> <CoreType = "Generic">   --->   Core 0 '' <Latency = 0> <II = 1> <Delay = 1.00> <Generic> <Opcode : >

State 27 <SV = 26> <Delay = 2.88>
ST_27 : Operation 102 [1/1] (0.00ns)   --->   "%temp_result_loc_load = load i32 %temp_result_loc"   --->   Operation 102 'load' 'temp_result_loc_load' <Predicate = true> <Delay = 0.00>
ST_27 : Operation 103 [1/1] (0.00ns)   --->   "%data_V = bitcast i32 %temp_result_loc_load" [r:/ci/prod/2022.1/rdi_builds/continuous/2022_04_18_3526262/src/shared/hls/clib/src/hls\utils/x_hls_utils.h:317]   --->   Operation 103 'bitcast' 'data_V' <Predicate = true> <Delay = 0.00>
ST_27 : Operation 104 [1/1] (0.00ns)   --->   "%p_Result_s = bitselect i1 @_ssdm_op_BitSelect.i1.i32.i32, i32 %data_V, i32 31"   --->   Operation 104 'bitselect' 'p_Result_s' <Predicate = true> <Delay = 0.00>
ST_27 : Operation 105 [1/1] (0.00ns)   --->   "%xs_exp_V = partselect i8 @_ssdm_op_PartSelect.i8.i32.i32.i32, i32 %data_V, i32 23, i32 30"   --->   Operation 105 'partselect' 'xs_exp_V' <Predicate = true> <Delay = 0.00>
ST_27 : Operation 106 [1/1] (0.00ns)   --->   "%p_Result_7 = trunc i32 %data_V"   --->   Operation 106 'trunc' 'p_Result_7' <Predicate = true> <Delay = 0.00>
ST_27 : Operation 107 [1/1] (0.00ns)   --->   "%zext_ln346 = zext i8 %xs_exp_V" [r:/ci/prod/2022.1/rdi_builds/continuous/2022_04_18_3526262/src/shared/hls/clib/src/hls\utils/x_hls_utils.h:346]   --->   Operation 107 'zext' 'zext_ln346' <Predicate = true> <Delay = 0.00>
ST_27 : Operation 108 [1/1] (1.91ns)   --->   "%add_ln346 = add i9 %zext_ln346, i9 385" [r:/ci/prod/2022.1/rdi_builds/continuous/2022_04_18_3526262/src/shared/hls/clib/src/hls\utils/x_hls_utils.h:346]   --->   Operation 108 'add' 'add_ln346' <Predicate = true> <Delay = 1.91> <CoreInst = "Adder">   --->   Core 1 'Adder' <Latency = 0> <II = 1> <Delay = 1.91> <FuncUnit> <Opcode : 'add' 'sub'> <InPorts = 2> <OutPorts = 1>
ST_27 : Operation 109 [1/1] (0.00ns)   --->   "%isNeg = bitselect i1 @_ssdm_op_BitSelect.i1.i9.i32, i9 %add_ln346, i32 8"   --->   Operation 109 'bitselect' 'isNeg' <Predicate = true> <Delay = 0.00>
ST_27 : Operation 110 [1/1] (1.91ns)   --->   "%sub_ln1512 = sub i8 127, i8 %xs_exp_V"   --->   Operation 110 'sub' 'sub_ln1512' <Predicate = true> <Delay = 1.91> <CoreInst = "Adder">   --->   Core 1 'Adder' <Latency = 0> <II = 1> <Delay = 1.91> <FuncUnit> <Opcode : 'add' 'sub'> <InPorts = 2> <OutPorts = 1>
ST_27 : Operation 111 [1/1] (0.00ns)   --->   "%sext_ln1512 = sext i8 %sub_ln1512"   --->   Operation 111 'sext' 'sext_ln1512' <Predicate = true> <Delay = 0.00>
ST_27 : Operation 112 [1/1] (0.96ns)   --->   "%ush = select i1 %isNeg, i9 %sext_ln1512, i9 %add_ln346"   --->   Operation 112 'select' 'ush' <Predicate = true> <Delay = 0.96> <CoreInst = "Sel">   --->   Core 73 'Sel' <Latency = 0> <II = 1> <Delay = 0.96> <FuncUnit> <Opcode : 'select'> <InPorts = 3> <OutPorts = 1>

State 28 <SV = 27> <Delay = 4.42>
ST_28 : Operation 113 [1/1] (0.00ns)   --->   "%mantissa = bitconcatenate i25 @_ssdm_op_BitConcatenate.i25.i1.i23.i1, i1 1, i23 %p_Result_7, i1 0" [r:/ci/prod/2022.1/rdi_builds/continuous/2022_04_18_3526262/src/shared/hls/clib/hlsmath/include/FloatingPoint\hls_case_IEEE754.h:15]   --->   Operation 113 'bitconcatenate' 'mantissa' <Predicate = true> <Delay = 0.00>
ST_28 : Operation 114 [1/1] (0.00ns)   --->   "%zext_ln15 = zext i25 %mantissa" [r:/ci/prod/2022.1/rdi_builds/continuous/2022_04_18_3526262/src/shared/hls/clib/hlsmath/include/FloatingPoint\hls_case_IEEE754.h:15]   --->   Operation 114 'zext' 'zext_ln15' <Predicate = true> <Delay = 0.00>
ST_28 : Operation 115 [1/1] (0.00ns)   --->   "%sext_ln1488 = sext i9 %ush"   --->   Operation 115 'sext' 'sext_ln1488' <Predicate = true> <Delay = 0.00>
ST_28 : Operation 116 [1/1] (0.00ns)   --->   "%zext_ln1488 = zext i32 %sext_ln1488"   --->   Operation 116 'zext' 'zext_ln1488' <Predicate = true> <Delay = 0.00>
ST_28 : Operation 117 [1/1] (0.00ns) (grouped into LUT with out node val)   --->   "%r_V = lshr i63 %zext_ln15, i63 %zext_ln1488"   --->   Operation 117 'lshr' 'r_V' <Predicate = (isNeg)> <Delay = 0.00> <CoreInst = "Shifter">   --->   Core 75 'Shifter' <Latency = 0> <II = 1> <Delay = 4.42> <FuncUnit> <Opcode : 'shl' 'lshr' 'ashr'> <InPorts = 2> <OutPorts = 1>
ST_28 : Operation 118 [1/1] (0.00ns) (grouped into LUT with out node val)   --->   "%r_V_1 = shl i63 %zext_ln15, i63 %zext_ln1488"   --->   Operation 118 'shl' 'r_V_1' <Predicate = (!isNeg)> <Delay = 0.00> <CoreInst = "Shifter">   --->   Core 75 'Shifter' <Latency = 0> <II = 1> <Delay = 4.42> <FuncUnit> <Opcode : 'shl' 'lshr' 'ashr'> <InPorts = 2> <OutPorts = 1>
ST_28 : Operation 119 [1/1] (0.00ns) (grouped into LUT with out node val)   --->   "%tmp_10 = bitselect i1 @_ssdm_op_BitSelect.i1.i63.i32, i63 %r_V, i32 24"   --->   Operation 119 'bitselect' 'tmp_10' <Predicate = (isNeg)> <Delay = 0.00>
ST_28 : Operation 120 [1/1] (0.00ns) (grouped into LUT with out node val)   --->   "%zext_ln818 = zext i1 %tmp_10"   --->   Operation 120 'zext' 'zext_ln818' <Predicate = (isNeg)> <Delay = 0.00>
ST_28 : Operation 121 [1/1] (0.00ns) (grouped into LUT with out node val)   --->   "%tmp_8 = partselect i16 @_ssdm_op_PartSelect.i16.i63.i32.i32, i63 %r_V_1, i32 24, i32 39"   --->   Operation 121 'partselect' 'tmp_8' <Predicate = (!isNeg)> <Delay = 0.00>
ST_28 : Operation 122 [1/1] (4.42ns) (out node of the LUT)   --->   "%val = select i1 %isNeg, i16 %zext_ln818, i16 %tmp_8"   --->   Operation 122 'select' 'val' <Predicate = true> <Delay = 4.42> <CoreInst = "Sel">   --->   Core 73 'Sel' <Latency = 0> <II = 1> <Delay = 0.80> <FuncUnit> <Opcode : 'select'> <InPorts = 3> <OutPorts = 1>

State 29 <SV = 28> <Delay = 2.88>
ST_29 : Operation 123 [1/1] (0.00ns)   --->   "%specinterface_ln0 = specinterface void @_ssdm_op_SpecInterface, i32 %gmem, void @empty, i32 0, i32 0, void @empty_0, i32 0, i32 1000, void @empty_1, void @empty_2, void @empty_0, i32 16, i32 16, i32 16, i32 16, void @empty_0, void @empty_0, i32 4294967295, i32 0"   --->   Operation 123 'specinterface' 'specinterface_ln0' <Predicate = true> <Delay = 0.00>
ST_29 : Operation 124 [1/1] (0.00ns)   --->   "%sext_ln231_1 = sext i8 %trunc_ln231" [guitar_effects.cpp:231]   --->   Operation 124 'sext' 'sext_ln231_1' <Predicate = true> <Delay = 0.00>
ST_29 : Operation 125 [1/1] (2.07ns)   --->   "%result_V_2 = sub i16 0, i16 %val"   --->   Operation 125 'sub' 'result_V_2' <Predicate = (p_Result_s)> <Delay = 2.07> <CoreInst = "Adder">   --->   Core 1 'Adder' <Latency = 0> <II = 1> <Delay = 2.07> <FuncUnit> <Opcode : 'add' 'sub'> <InPorts = 2> <OutPorts = 1>
ST_29 : Operation 126 [1/1] (0.80ns)   --->   "%result_V = select i1 %p_Result_s, i16 %result_V_2, i16 %val" [r:/ci/prod/2022.1/rdi_builds/continuous/2022_04_18_3526262/src/shared/hls/clib/hlsmath/include/FloatingPoint\hls_case_IEEE754.h:59]   --->   Operation 126 'select' 'result_V' <Predicate = true> <Delay = 0.80> <CoreInst = "Sel">   --->   Core 73 'Sel' <Latency = 0> <II = 1> <Delay = 0.80> <FuncUnit> <Opcode : 'select'> <InPorts = 3> <OutPorts = 1>
ST_29 : Operation 127 [1/1] (0.00ns)   --->   "%newret = insertvalue i32 <undef>, i16 %result_V" [r:/ci/prod/2022.1/rdi_builds/continuous/2022_04_18_3526262/src/shared/hls/clib/hlsmath/include/FloatingPoint\hls_case_IEEE754.h:59]   --->   Operation 127 'insertvalue' 'newret' <Predicate = true> <Delay = 0.00>
ST_29 : Operation 128 [1/1] (0.00ns)   --->   "%newret2 = insertvalue i32 %newret, i16 %sext_ln231_1" [r:/ci/prod/2022.1/rdi_builds/continuous/2022_04_18_3526262/src/shared/hls/clib/hlsmath/include/FloatingPoint\hls_case_IEEE754.h:59]   --->   Operation 128 'insertvalue' 'newret2' <Predicate = true> <Delay = 0.00>
ST_29 : Operation 129 [1/1] (0.00ns)   --->   "%ret_ln59 = ret i32 %newret2" [r:/ci/prod/2022.1/rdi_builds/continuous/2022_04_18_3526262/src/shared/hls/clib/hlsmath/include/FloatingPoint\hls_case_IEEE754.h:59]   --->   Operation 129 'ret' 'ret_ln59' <Predicate = true> <Delay = 0.00>


============================================================
+ Verbose Summary: Timing violations
============================================================
Target clock period: 10ns, clock uncertainty: 2.7ns.

 <State 1>: 2.55ns
The critical path consists of the following:
	wire read operation ('p_read_2') on port 'p_read' [10]  (0 ns)
	'sub' operation ('sub_ln227', guitar_effects.cpp:227) [20]  (2.55 ns)

 <State 2>: 6.91ns
The critical path consists of the following:
	'mul' operation ('mul_ln227', guitar_effects.cpp:227) [22]  (6.91 ns)

 <State 3>: 6.91ns
The critical path consists of the following:
	'mul' operation ('mul_ln227', guitar_effects.cpp:227) [22]  (6.91 ns)

 <State 4>: 6.43ns
The critical path consists of the following:
	'sub' operation ('sub_ln227_1', guitar_effects.cpp:227) [23]  (3.55 ns)
	'select' operation ('select_ln227', guitar_effects.cpp:227) [27]  (0 ns)
	'sub' operation ('sub_ln227_2', guitar_effects.cpp:227) [28]  (2.08 ns)
	'select' operation ('select_ln227_1', guitar_effects.cpp:227) [29]  (0.805 ns)

 <State 5>: 3.68ns
The critical path consists of the following:
	'srem' operation ('srem_ln231', guitar_effects.cpp:231) [36]  (3.68 ns)

 <State 6>: 3.68ns
The critical path consists of the following:
	'srem' operation ('srem_ln231', guitar_effects.cpp:231) [36]  (3.68 ns)

 <State 7>: 3.68ns
The critical path consists of the following:
	'srem' operation ('srem_ln231', guitar_effects.cpp:231) [36]  (3.68 ns)

 <State 8>: 3.68ns
The critical path consists of the following:
	'srem' operation ('srem_ln231', guitar_effects.cpp:231) [36]  (3.68 ns)

 <State 9>: 3.68ns
The critical path consists of the following:
	'srem' operation ('srem_ln231', guitar_effects.cpp:231) [36]  (3.68 ns)

 <State 10>: 3.68ns
The critical path consists of the following:
	'srem' operation ('srem_ln231', guitar_effects.cpp:231) [36]  (3.68 ns)

 <State 11>: 3.68ns
The critical path consists of the following:
	'srem' operation ('srem_ln231', guitar_effects.cpp:231) [36]  (3.68 ns)

 <State 12>: 3.68ns
The critical path consists of the following:
	'srem' operation ('srem_ln231', guitar_effects.cpp:231) [36]  (3.68 ns)

 <State 13>: 3.68ns
The critical path consists of the following:
	'srem' operation ('srem_ln231', guitar_effects.cpp:231) [36]  (3.68 ns)

 <State 14>: 3.68ns
The critical path consists of the following:
	'srem' operation ('srem_ln231', guitar_effects.cpp:231) [36]  (3.68 ns)

 <State 15>: 3.68ns
The critical path consists of the following:
	'srem' operation ('srem_ln231', guitar_effects.cpp:231) [36]  (3.68 ns)

 <State 16>: 3.68ns
The critical path consists of the following:
	'srem' operation ('srem_ln231', guitar_effects.cpp:231) [36]  (3.68 ns)

 <State 17>: 3.68ns
The critical path consists of the following:
	'srem' operation ('srem_ln231', guitar_effects.cpp:231) [36]  (3.68 ns)

 <State 18>: 3.68ns
The critical path consists of the following:
	'srem' operation ('srem_ln231', guitar_effects.cpp:231) [36]  (3.68 ns)

 <State 19>: 3.68ns
The critical path consists of the following:
	'srem' operation ('srem_ln231', guitar_effects.cpp:231) [36]  (3.68 ns)

 <State 20>: 3.68ns
The critical path consists of the following:
	'srem' operation ('srem_ln231', guitar_effects.cpp:231) [36]  (3.68 ns)

 <State 21>: 3.68ns
The critical path consists of the following:
	'srem' operation ('srem_ln231', guitar_effects.cpp:231) [36]  (3.68 ns)

 <State 22>: 3.68ns
The critical path consists of the following:
	'srem' operation ('srem_ln231', guitar_effects.cpp:231) [36]  (3.68 ns)

 <State 23>: 3.68ns
The critical path consists of the following:
	'srem' operation ('srem_ln231', guitar_effects.cpp:231) [36]  (3.68 ns)

 <State 24>: 5.97ns
The critical path consists of the following:
	'srem' operation ('srem_ln227', guitar_effects.cpp:227) [30]  (3.65 ns)
	'store' operation ('store_ln229', guitar_effects.cpp:229) of variable 'control_signal', guitar_effects.cpp:227 on array 'control_signal_buffer' [33]  (2.32 ns)

 <State 25>: 5.66ns
The critical path consists of the following:
	wire read operation ('bandpass_coeffs_read') on port 'bandpass_coeffs' [8]  (0 ns)
	'call' operation ('call_ln240', guitar_effects.cpp:240) to 'wah_Pipeline_WAH_LOOP' [40]  (5.66 ns)

 <State 26>: 0ns
The critical path consists of the following:

 <State 27>: 2.88ns
The critical path consists of the following:
	'load' operation ('temp_result_loc_load') on local variable 'temp_result_loc' [41]  (0 ns)
	'add' operation ('sh', r:/ci/prod/2022.1/rdi_builds/continuous/2022_04_18_3526262/src/shared/hls/clib/src/hls\utils/x_hls_utils.h:346) [49]  (1.92 ns)
	'select' operation ('ush') [53]  (0.968 ns)

 <State 28>: 4.42ns
The critical path consists of the following:
	'lshr' operation ('r.V') [56]  (0 ns)
	'select' operation ('val') [61]  (4.42 ns)

 <State 29>: 2.88ns
The critical path consists of the following:
	'sub' operation ('result.V') [62]  (2.08 ns)
	'select' operation ('result.V', r:/ci/prod/2022.1/rdi_builds/continuous/2022_04_18_3526262/src/shared/hls/clib/hlsmath/include/FloatingPoint\hls_case_IEEE754.h:59) [63]  (0.805 ns)


============================================================
+ Verbose Summary: Binding
============================================================
N/A
* FSMD analyzer results:
  - Output states:
 - Input state : 
  - Chain level:
	State 1
	State 2
	State 3
	State 4
	State 5
	State 6
	State 7
	State 8
	State 9
	State 10
	State 11
	State 12
	State 13
	State 14
	State 15
	State 16
	State 17
	State 18
	State 19
	State 20
	State 21
	State 22
	State 23
	State 24
	State 25
	State 26
	State 27
	State 28
	State 29


============================================================
+ Verbose Summary: Datapath Resource usage 
============================================================
N/A
