Copyright 1986-2022 Xilinx, Inc. All Rights Reserved.
-------------------------------------------------------------------------------------------------------------------------------------------------------------
| Tool Version : Vivado v.2022.1 (win64) Build 3526262 Mon Apr 18 15:48:16 MDT 2022
| Date         : Wed Mar 27 20:37:25 2024
| Host         : WFXA4BB6DB88619 running 64-bit major release  (build 9200)
| Command      : report_utilization -file dma_axis_ip_example_equalizer_0_0_utilization_synth.rpt -pb dma_axis_ip_example_equalizer_0_0_utilization_synth.pb
| Design       : dma_axis_ip_example_equalizer_0_0
| Device       : xc7z020clg400-1
| Speed File   : -1
| Design State : Synthesized
-------------------------------------------------------------------------------------------------------------------------------------------------------------

Utilization Design Information

Table of Contents
-----------------
1. Slice Logic
1.1 Summary of Registers by Type
2. Memory
3. DSP
4. IO and GT Specific
5. Clocking
6. Specific Feature
7. Primitives
8. Black Boxes
9. Instantiated Netlists

1. Slice Logic
--------------

+----------------------------+------+-------+------------+-----------+-------+
|          Site Type         | Used | Fixed | Prohibited | Available | Util% |
+----------------------------+------+-------+------------+-----------+-------+
| Slice LUTs*                | 1637 |     0 |          0 |     53200 |  3.08 |
|   LUT as Logic             | 1474 |     0 |          0 |     53200 |  2.77 |
|   LUT as Memory            |  163 |     0 |          0 |     17400 |  0.94 |
|     LUT as Distributed RAM |    0 |     0 |            |           |       |
|     LUT as Shift Register  |  163 |     0 |            |           |       |
| Slice Registers            | 2442 |     0 |          0 |    106400 |  2.30 |
|   Register as Flip Flop    | 2442 |     0 |          0 |    106400 |  2.30 |
|   Register as Latch        |    0 |     0 |          0 |    106400 |  0.00 |
| F7 Muxes                   |   62 |     0 |          0 |     26600 |  0.23 |
| F8 Muxes                   |    0 |     0 |          0 |     13300 |  0.00 |
+----------------------------+------+-------+------------+-----------+-------+
* Warning! The Final LUT count, after physical optimizations and full implementation, is typically lower. Run opt_design after synthesis, if not already completed, for a more realistic count.


1.1 Summary of Registers by Type
--------------------------------

+-------+--------------+-------------+--------------+
| Total | Clock Enable | Synchronous | Asynchronous |
+-------+--------------+-------------+--------------+
| 0     |            _ |           - |            - |
| 0     |            _ |           - |          Set |
| 0     |            _ |           - |        Reset |
| 0     |            _ |         Set |            - |
| 0     |            _ |       Reset |            - |
| 0     |          Yes |           - |            - |
| 0     |          Yes |           - |          Set |
| 0     |          Yes |           - |        Reset |
| 3     |          Yes |         Set |            - |
| 2439  |          Yes |       Reset |            - |
+-------+--------------+-------------+--------------+


2. Memory
---------

+-------------------+------+-------+------------+-----------+-------+
|     Site Type     | Used | Fixed | Prohibited | Available | Util% |
+-------------------+------+-------+------------+-----------+-------+
| Block RAM Tile    |    2 |     0 |          0 |       140 |  1.43 |
|   RAMB36/FIFO*    |    0 |     0 |          0 |       140 |  0.00 |
|   RAMB18          |    4 |     0 |          0 |       280 |  1.43 |
|     RAMB18E1 only |    4 |       |            |           |       |
+-------------------+------+-------+------------+-----------+-------+
* Note: Each Block RAM Tile only has one FIFO logic available and therefore can accommodate only one FIFO36E1 or one FIFO18E1. However, if a FIFO18E1 occupies a Block RAM Tile, that tile can still accommodate a RAMB18E1


3. DSP
------

+----------------+------+-------+------------+-----------+-------+
|    Site Type   | Used | Fixed | Prohibited | Available | Util% |
+----------------+------+-------+------------+-----------+-------+
| DSPs           |    9 |     0 |          0 |       220 |  4.09 |
|   DSP48E1 only |    9 |       |            |           |       |
+----------------+------+-------+------------+-----------+-------+


4. IO and GT Specific
---------------------

+-----------------------------+------+-------+------------+-----------+-------+
|          Site Type          | Used | Fixed | Prohibited | Available | Util% |
+-----------------------------+------+-------+------------+-----------+-------+
| Bonded IOB                  |    0 |     0 |          0 |       125 |  0.00 |
| Bonded IPADs                |    0 |     0 |          0 |         2 |  0.00 |
| Bonded IOPADs               |    0 |     0 |          0 |       130 |  0.00 |
| PHY_CONTROL                 |    0 |     0 |          0 |         4 |  0.00 |
| PHASER_REF                  |    0 |     0 |          0 |         4 |  0.00 |
| OUT_FIFO                    |    0 |     0 |          0 |        16 |  0.00 |
| IN_FIFO                     |    0 |     0 |          0 |        16 |  0.00 |
| IDELAYCTRL                  |    0 |     0 |          0 |         4 |  0.00 |
| IBUFDS                      |    0 |     0 |          0 |       121 |  0.00 |
| PHASER_OUT/PHASER_OUT_PHY   |    0 |     0 |          0 |        16 |  0.00 |
| PHASER_IN/PHASER_IN_PHY     |    0 |     0 |          0 |        16 |  0.00 |
| IDELAYE2/IDELAYE2_FINEDELAY |    0 |     0 |          0 |       200 |  0.00 |
| ILOGIC                      |    0 |     0 |          0 |       125 |  0.00 |
| OLOGIC                      |    0 |     0 |          0 |       125 |  0.00 |
+-----------------------------+------+-------+------------+-----------+-------+


5. Clocking
-----------

+------------+------+-------+------------+-----------+-------+
|  Site Type | Used | Fixed | Prohibited | Available | Util% |
+------------+------+-------+------------+-----------+-------+
| BUFGCTRL   |    0 |     0 |          0 |        32 |  0.00 |
| BUFIO      |    0 |     0 |          0 |        16 |  0.00 |
| MMCME2_ADV |    0 |     0 |          0 |         4 |  0.00 |
| PLLE2_ADV  |    0 |     0 |          0 |         4 |  0.00 |
| BUFMRCE    |    0 |     0 |          0 |         8 |  0.00 |
| BUFHCE     |    0 |     0 |          0 |        72 |  0.00 |
| BUFR       |    0 |     0 |          0 |        16 |  0.00 |
+------------+------+-------+------------+-----------+-------+


6. Specific Feature
-------------------

+-------------+------+-------+------------+-----------+-------+
|  Site Type  | Used | Fixed | Prohibited | Available | Util% |
+-------------+------+-------+------------+-----------+-------+
| BSCANE2     |    0 |     0 |          0 |         4 |  0.00 |
| CAPTUREE2   |    0 |     0 |          0 |         1 |  0.00 |
| DNA_PORT    |    0 |     0 |          0 |         1 |  0.00 |
| EFUSE_USR   |    0 |     0 |          0 |         1 |  0.00 |
| FRAME_ECCE2 |    0 |     0 |          0 |         1 |  0.00 |
| ICAPE2      |    0 |     0 |          0 |         2 |  0.00 |
| STARTUPE2   |    0 |     0 |          0 |         1 |  0.00 |
| XADC        |    0 |     0 |          0 |         1 |  0.00 |
+-------------+------+-------+------------+-----------+-------+


7. Primitives
-------------

+----------+------+---------------------+
| Ref Name | Used | Functional Category |
+----------+------+---------------------+
| FDRE     | 2439 |        Flop & Latch |
| LUT3     |  720 |                 LUT |
| LUT2     |  324 |                 LUT |
| LUT6     |  321 |                 LUT |
| LUT4     |  224 |                 LUT |
| LUT5     |  168 |                 LUT |
| CARRY4   |  164 |          CarryLogic |
| SRL16E   |  163 |  Distributed Memory |
| MUXF7    |   62 |               MuxFx |
| LUT1     |   10 |                 LUT |
| DSP48E1  |    9 |    Block Arithmetic |
| RAMB18E1 |    4 |        Block Memory |
| FDSE     |    3 |        Flop & Latch |
+----------+------+---------------------+


8. Black Boxes
--------------

+----------+------+
| Ref Name | Used |
+----------+------+


9. Instantiated Netlists
------------------------

+----------+------+
| Ref Name | Used |
+----------+------+


