
*** Running vivado
    with args -log dma_axis_ip_example_equalizer_0_0.vds -m64 -product Vivado -mode batch -messageDb vivado.pb -notrace -source dma_axis_ip_example_equalizer_0_0.tcl



****** Vivado v2022.1 (64-bit)
  **** SW Build 3526262 on Mon Apr 18 15:48:16 MDT 2022
  **** IP Build 3524634 on Mon Apr 18 20:55:01 MDT 2022
    ** Copyright 1986-2022 Xilinx, Inc. All Rights Reserved.

source dma_axis_ip_example_equalizer_0_0.tcl -notrace
INFO: [IP_Flow 19-234] Refreshing IP repositories
INFO: [IP_Flow 19-1700] Loaded user IP repository 'c:/EECE4632FinalProject/Audio_Equalizer_Vitis'.
INFO: [IP_Flow 19-2313] Loaded Vivado IP repository 'C:/Xilinx/Vivado/2022.1/data/ip'.
WARNING: [IP_Flow 19-4995] The host OS only allows 260 characters in a normal path. The IP cache path is more than 80 characters. If you experience issues with IP caching, please consider changing the IP cache to a location with a shorter path. Alternately consider using the OS subst command to map part of the path to a drive letter. 
Current IP cache path is c:/EECE4632FinalProject/Audio_Equalizer_Vivado/Audio_Equalizer_2/project_1.cache/ip 
Command: synth_design -top dma_axis_ip_example_equalizer_0_0 -part xc7z020clg400-1 -incremental_mode off -mode out_of_context
Starting synth_design
Attempting to get a license for feature 'Synthesis' and/or device 'xc7z020'
INFO: [Common 17-349] Got license for feature 'Synthesis' and/or device 'xc7z020'
INFO: [Device 21-403] Loading part xc7z020clg400-1
INFO: [Synth 8-7079] Multithreading enabled for synth_design using a maximum of 2 processes.
INFO: [Synth 8-7078] Launching helper process for spawning children vivado processes
INFO: [Synth 8-7075] Helper process launched with PID 6384
WARNING: [Synth 8-9501] generate block is allowed only inside loop and conditional generate in SystemVerilog mode [C:/Xilinx/Vivado/2022.1/data/ip/xpm/xpm_fifo/hdl/xpm_fifo.sv:4023]
---------------------------------------------------------------------------------
Starting RTL Elaboration : Time (s): cpu = 00:00:08 ; elapsed = 00:00:17 . Memory (MB): peak = 1676.457 ; gain = 0.000
---------------------------------------------------------------------------------
INFO: [Synth 8-6157] synthesizing module 'dma_axis_ip_example_equalizer_0_0' [c:/EECE4632FinalProject/Audio_Equalizer_Vivado/Audio_Equalizer_2/project_1.gen/sources_1/bd/dma_axis_ip_example/ip/dma_axis_ip_example_equalizer_0_0/synth/dma_axis_ip_example_equalizer_0_0.v:53]
INFO: [Synth 8-6157] synthesizing module 'equalizer' [c:/EECE4632FinalProject/Audio_Equalizer_Vivado/Audio_Equalizer_2/project_1.gen/sources_1/bd/dma_axis_ip_example/ipshared/64f5/hdl/verilog/equalizer.v:10]
INFO: [Synth 8-6157] synthesizing module 'equalizer_lowfreq_shift_reg_RAM_AUTO_1R1W' [c:/EECE4632FinalProject/Audio_Equalizer_Vivado/Audio_Equalizer_2/project_1.gen/sources_1/bd/dma_axis_ip_example/ipshared/64f5/hdl/verilog/equalizer_lowfreq_shift_reg_RAM_AUTO_1R1W.v:7]
INFO: [Synth 8-3876] $readmem data file './equalizer_lowfreq_shift_reg_RAM_AUTO_1R1W.dat' is read successfully [c:/EECE4632FinalProject/Audio_Equalizer_Vivado/Audio_Equalizer_2/project_1.gen/sources_1/bd/dma_axis_ip_example/ipshared/64f5/hdl/verilog/equalizer_lowfreq_shift_reg_RAM_AUTO_1R1W.v:26]
INFO: [Synth 8-6155] done synthesizing module 'equalizer_lowfreq_shift_reg_RAM_AUTO_1R1W' (0#1) [c:/EECE4632FinalProject/Audio_Equalizer_Vivado/Audio_Equalizer_2/project_1.gen/sources_1/bd/dma_axis_ip_example/ipshared/64f5/hdl/verilog/equalizer_lowfreq_shift_reg_RAM_AUTO_1R1W.v:7]
INFO: [Synth 8-6157] synthesizing module 'equalizer_equalizer_Pipeline_Lowfreq_Shift_Accumulate_Loop' [c:/EECE4632FinalProject/Audio_Equalizer_Vivado/Audio_Equalizer_2/project_1.gen/sources_1/bd/dma_axis_ip_example/ipshared/64f5/hdl/verilog/equalizer_equalizer_Pipeline_Lowfreq_Shift_Accumulate_Loop.v:10]
INFO: [Synth 8-6157] synthesizing module 'equalizer_flow_control_loop_pipe_sequential_init' [c:/EECE4632FinalProject/Audio_Equalizer_Vivado/Audio_Equalizer_2/project_1.gen/sources_1/bd/dma_axis_ip_example/ipshared/64f5/hdl/verilog/equalizer_flow_control_loop_pipe_sequential_init.v:9]
INFO: [Synth 8-6155] done synthesizing module 'equalizer_flow_control_loop_pipe_sequential_init' (0#1) [c:/EECE4632FinalProject/Audio_Equalizer_Vivado/Audio_Equalizer_2/project_1.gen/sources_1/bd/dma_axis_ip_example/ipshared/64f5/hdl/verilog/equalizer_flow_control_loop_pipe_sequential_init.v:9]
INFO: [Synth 8-6155] done synthesizing module 'equalizer_equalizer_Pipeline_Lowfreq_Shift_Accumulate_Loop' (0#1) [c:/EECE4632FinalProject/Audio_Equalizer_Vivado/Audio_Equalizer_2/project_1.gen/sources_1/bd/dma_axis_ip_example/ipshared/64f5/hdl/verilog/equalizer_equalizer_Pipeline_Lowfreq_Shift_Accumulate_Loop.v:10]
INFO: [Synth 8-6157] synthesizing module 'equalizer_equalizer_Pipeline_Midfreq_Shift_Accumulate_Loop' [c:/EECE4632FinalProject/Audio_Equalizer_Vivado/Audio_Equalizer_2/project_1.gen/sources_1/bd/dma_axis_ip_example/ipshared/64f5/hdl/verilog/equalizer_equalizer_Pipeline_Midfreq_Shift_Accumulate_Loop.v:10]
INFO: [Synth 8-6155] done synthesizing module 'equalizer_equalizer_Pipeline_Midfreq_Shift_Accumulate_Loop' (0#1) [c:/EECE4632FinalProject/Audio_Equalizer_Vivado/Audio_Equalizer_2/project_1.gen/sources_1/bd/dma_axis_ip_example/ipshared/64f5/hdl/verilog/equalizer_equalizer_Pipeline_Midfreq_Shift_Accumulate_Loop.v:10]
INFO: [Synth 8-6157] synthesizing module 'equalizer_equalizer_Pipeline_Highfreq_Shift_Accumulate_Loop' [c:/EECE4632FinalProject/Audio_Equalizer_Vivado/Audio_Equalizer_2/project_1.gen/sources_1/bd/dma_axis_ip_example/ipshared/64f5/hdl/verilog/equalizer_equalizer_Pipeline_Highfreq_Shift_Accumulate_Loop.v:10]
INFO: [Synth 8-6155] done synthesizing module 'equalizer_equalizer_Pipeline_Highfreq_Shift_Accumulate_Loop' (0#1) [c:/EECE4632FinalProject/Audio_Equalizer_Vivado/Audio_Equalizer_2/project_1.gen/sources_1/bd/dma_axis_ip_example/ipshared/64f5/hdl/verilog/equalizer_equalizer_Pipeline_Highfreq_Shift_Accumulate_Loop.v:10]
INFO: [Synth 8-6157] synthesizing module 'equalizer_control_s_axi' [c:/EECE4632FinalProject/Audio_Equalizer_Vivado/Audio_Equalizer_2/project_1.gen/sources_1/bd/dma_axis_ip_example/ipshared/64f5/hdl/verilog/equalizer_control_s_axi.v:7]
INFO: [Synth 8-155] case statement is not full and has no default [c:/EECE4632FinalProject/Audio_Equalizer_Vivado/Audio_Equalizer_2/project_1.gen/sources_1/bd/dma_axis_ip_example/ipshared/64f5/hdl/verilog/equalizer_control_s_axi.v:185]
INFO: [Synth 8-6155] done synthesizing module 'equalizer_control_s_axi' (0#1) [c:/EECE4632FinalProject/Audio_Equalizer_Vivado/Audio_Equalizer_2/project_1.gen/sources_1/bd/dma_axis_ip_example/ipshared/64f5/hdl/verilog/equalizer_control_s_axi.v:7]
INFO: [Synth 8-6157] synthesizing module 'equalizer_gmem_m_axi' [c:/EECE4632FinalProject/Audio_Equalizer_Vivado/Audio_Equalizer_2/project_1.gen/sources_1/bd/dma_axis_ip_example/ipshared/64f5/hdl/verilog/equalizer_gmem_m_axi.v:11]
INFO: [Synth 8-6157] synthesizing module 'equalizer_gmem_m_axi_store' [c:/EECE4632FinalProject/Audio_Equalizer_Vivado/Audio_Equalizer_2/project_1.gen/sources_1/bd/dma_axis_ip_example/ipshared/64f5/hdl/verilog/equalizer_gmem_m_axi.v:780]
INFO: [Synth 8-6157] synthesizing module 'equalizer_gmem_m_axi_fifo' [c:/EECE4632FinalProject/Audio_Equalizer_Vivado/Audio_Equalizer_2/project_1.gen/sources_1/bd/dma_axis_ip_example/ipshared/64f5/hdl/verilog/equalizer_gmem_m_axi.v:2686]
INFO: [Synth 8-6157] synthesizing module 'equalizer_gmem_m_axi_srl' [c:/EECE4632FinalProject/Audio_Equalizer_Vivado/Audio_Equalizer_2/project_1.gen/sources_1/bd/dma_axis_ip_example/ipshared/64f5/hdl/verilog/equalizer_gmem_m_axi.v:2864]
INFO: [Synth 8-6155] done synthesizing module 'equalizer_gmem_m_axi_srl' (0#1) [c:/EECE4632FinalProject/Audio_Equalizer_Vivado/Audio_Equalizer_2/project_1.gen/sources_1/bd/dma_axis_ip_example/ipshared/64f5/hdl/verilog/equalizer_gmem_m_axi.v:2864]
INFO: [Synth 8-6155] done synthesizing module 'equalizer_gmem_m_axi_fifo' (0#1) [c:/EECE4632FinalProject/Audio_Equalizer_Vivado/Audio_Equalizer_2/project_1.gen/sources_1/bd/dma_axis_ip_example/ipshared/64f5/hdl/verilog/equalizer_gmem_m_axi.v:2686]
INFO: [Synth 8-6157] synthesizing module 'equalizer_gmem_m_axi_fifo__parameterized0' [c:/EECE4632FinalProject/Audio_Equalizer_Vivado/Audio_Equalizer_2/project_1.gen/sources_1/bd/dma_axis_ip_example/ipshared/64f5/hdl/verilog/equalizer_gmem_m_axi.v:2686]
INFO: [Synth 8-6157] synthesizing module 'equalizer_gmem_m_axi_mem' [c:/EECE4632FinalProject/Audio_Equalizer_Vivado/Audio_Equalizer_2/project_1.gen/sources_1/bd/dma_axis_ip_example/ipshared/64f5/hdl/verilog/equalizer_gmem_m_axi.v:2918]
INFO: [Synth 8-6155] done synthesizing module 'equalizer_gmem_m_axi_mem' (0#1) [c:/EECE4632FinalProject/Audio_Equalizer_Vivado/Audio_Equalizer_2/project_1.gen/sources_1/bd/dma_axis_ip_example/ipshared/64f5/hdl/verilog/equalizer_gmem_m_axi.v:2918]
INFO: [Synth 8-6155] done synthesizing module 'equalizer_gmem_m_axi_fifo__parameterized0' (0#1) [c:/EECE4632FinalProject/Audio_Equalizer_Vivado/Audio_Equalizer_2/project_1.gen/sources_1/bd/dma_axis_ip_example/ipshared/64f5/hdl/verilog/equalizer_gmem_m_axi.v:2686]
INFO: [Synth 8-6157] synthesizing module 'equalizer_gmem_m_axi_fifo__parameterized1' [c:/EECE4632FinalProject/Audio_Equalizer_Vivado/Audio_Equalizer_2/project_1.gen/sources_1/bd/dma_axis_ip_example/ipshared/64f5/hdl/verilog/equalizer_gmem_m_axi.v:2686]
INFO: [Synth 8-6157] synthesizing module 'equalizer_gmem_m_axi_srl__parameterized0' [c:/EECE4632FinalProject/Audio_Equalizer_Vivado/Audio_Equalizer_2/project_1.gen/sources_1/bd/dma_axis_ip_example/ipshared/64f5/hdl/verilog/equalizer_gmem_m_axi.v:2864]
INFO: [Synth 8-6155] done synthesizing module 'equalizer_gmem_m_axi_srl__parameterized0' (0#1) [c:/EECE4632FinalProject/Audio_Equalizer_Vivado/Audio_Equalizer_2/project_1.gen/sources_1/bd/dma_axis_ip_example/ipshared/64f5/hdl/verilog/equalizer_gmem_m_axi.v:2864]
INFO: [Synth 8-6155] done synthesizing module 'equalizer_gmem_m_axi_fifo__parameterized1' (0#1) [c:/EECE4632FinalProject/Audio_Equalizer_Vivado/Audio_Equalizer_2/project_1.gen/sources_1/bd/dma_axis_ip_example/ipshared/64f5/hdl/verilog/equalizer_gmem_m_axi.v:2686]
INFO: [Synth 8-6157] synthesizing module 'equalizer_gmem_m_axi_fifo__parameterized2' [c:/EECE4632FinalProject/Audio_Equalizer_Vivado/Audio_Equalizer_2/project_1.gen/sources_1/bd/dma_axis_ip_example/ipshared/64f5/hdl/verilog/equalizer_gmem_m_axi.v:2686]
INFO: [Synth 8-6157] synthesizing module 'equalizer_gmem_m_axi_srl__parameterized1' [c:/EECE4632FinalProject/Audio_Equalizer_Vivado/Audio_Equalizer_2/project_1.gen/sources_1/bd/dma_axis_ip_example/ipshared/64f5/hdl/verilog/equalizer_gmem_m_axi.v:2864]
INFO: [Synth 8-6155] done synthesizing module 'equalizer_gmem_m_axi_srl__parameterized1' (0#1) [c:/EECE4632FinalProject/Audio_Equalizer_Vivado/Audio_Equalizer_2/project_1.gen/sources_1/bd/dma_axis_ip_example/ipshared/64f5/hdl/verilog/equalizer_gmem_m_axi.v:2864]
INFO: [Synth 8-6155] done synthesizing module 'equalizer_gmem_m_axi_fifo__parameterized2' (0#1) [c:/EECE4632FinalProject/Audio_Equalizer_Vivado/Audio_Equalizer_2/project_1.gen/sources_1/bd/dma_axis_ip_example/ipshared/64f5/hdl/verilog/equalizer_gmem_m_axi.v:2686]
INFO: [Synth 8-6155] done synthesizing module 'equalizer_gmem_m_axi_store' (0#1) [c:/EECE4632FinalProject/Audio_Equalizer_Vivado/Audio_Equalizer_2/project_1.gen/sources_1/bd/dma_axis_ip_example/ipshared/64f5/hdl/verilog/equalizer_gmem_m_axi.v:780]
INFO: [Synth 8-6157] synthesizing module 'equalizer_gmem_m_axi_load' [c:/EECE4632FinalProject/Audio_Equalizer_Vivado/Audio_Equalizer_2/project_1.gen/sources_1/bd/dma_axis_ip_example/ipshared/64f5/hdl/verilog/equalizer_gmem_m_axi.v:324]
INFO: [Synth 8-6157] synthesizing module 'equalizer_gmem_m_axi_fifo__parameterized3' [c:/EECE4632FinalProject/Audio_Equalizer_Vivado/Audio_Equalizer_2/project_1.gen/sources_1/bd/dma_axis_ip_example/ipshared/64f5/hdl/verilog/equalizer_gmem_m_axi.v:2686]
INFO: [Synth 8-6157] synthesizing module 'equalizer_gmem_m_axi_mem__parameterized0' [c:/EECE4632FinalProject/Audio_Equalizer_Vivado/Audio_Equalizer_2/project_1.gen/sources_1/bd/dma_axis_ip_example/ipshared/64f5/hdl/verilog/equalizer_gmem_m_axi.v:2918]
INFO: [Synth 8-6155] done synthesizing module 'equalizer_gmem_m_axi_mem__parameterized0' (0#1) [c:/EECE4632FinalProject/Audio_Equalizer_Vivado/Audio_Equalizer_2/project_1.gen/sources_1/bd/dma_axis_ip_example/ipshared/64f5/hdl/verilog/equalizer_gmem_m_axi.v:2918]
INFO: [Synth 8-6155] done synthesizing module 'equalizer_gmem_m_axi_fifo__parameterized3' (0#1) [c:/EECE4632FinalProject/Audio_Equalizer_Vivado/Audio_Equalizer_2/project_1.gen/sources_1/bd/dma_axis_ip_example/ipshared/64f5/hdl/verilog/equalizer_gmem_m_axi.v:2686]
INFO: [Synth 8-6155] done synthesizing module 'equalizer_gmem_m_axi_load' (0#1) [c:/EECE4632FinalProject/Audio_Equalizer_Vivado/Audio_Equalizer_2/project_1.gen/sources_1/bd/dma_axis_ip_example/ipshared/64f5/hdl/verilog/equalizer_gmem_m_axi.v:324]
INFO: [Synth 8-6157] synthesizing module 'equalizer_gmem_m_axi_write' [c:/EECE4632FinalProject/Audio_Equalizer_Vivado/Audio_Equalizer_2/project_1.gen/sources_1/bd/dma_axis_ip_example/ipshared/64f5/hdl/verilog/equalizer_gmem_m_axi.v:1852]
INFO: [Synth 8-6157] synthesizing module 'equalizer_gmem_m_axi_reg_slice' [c:/EECE4632FinalProject/Audio_Equalizer_Vivado/Audio_Equalizer_2/project_1.gen/sources_1/bd/dma_axis_ip_example/ipshared/64f5/hdl/verilog/equalizer_gmem_m_axi.v:2584]
INFO: [Synth 8-6155] done synthesizing module 'equalizer_gmem_m_axi_reg_slice' (0#1) [c:/EECE4632FinalProject/Audio_Equalizer_Vivado/Audio_Equalizer_2/project_1.gen/sources_1/bd/dma_axis_ip_example/ipshared/64f5/hdl/verilog/equalizer_gmem_m_axi.v:2584]
INFO: [Synth 8-6157] synthesizing module 'equalizer_gmem_m_axi_fifo__parameterized4' [c:/EECE4632FinalProject/Audio_Equalizer_Vivado/Audio_Equalizer_2/project_1.gen/sources_1/bd/dma_axis_ip_example/ipshared/64f5/hdl/verilog/equalizer_gmem_m_axi.v:2686]
INFO: [Synth 8-6157] synthesizing module 'equalizer_gmem_m_axi_srl__parameterized2' [c:/EECE4632FinalProject/Audio_Equalizer_Vivado/Audio_Equalizer_2/project_1.gen/sources_1/bd/dma_axis_ip_example/ipshared/64f5/hdl/verilog/equalizer_gmem_m_axi.v:2864]
INFO: [Synth 8-6155] done synthesizing module 'equalizer_gmem_m_axi_srl__parameterized2' (0#1) [c:/EECE4632FinalProject/Audio_Equalizer_Vivado/Audio_Equalizer_2/project_1.gen/sources_1/bd/dma_axis_ip_example/ipshared/64f5/hdl/verilog/equalizer_gmem_m_axi.v:2864]
INFO: [Synth 8-6155] done synthesizing module 'equalizer_gmem_m_axi_fifo__parameterized4' (0#1) [c:/EECE4632FinalProject/Audio_Equalizer_Vivado/Audio_Equalizer_2/project_1.gen/sources_1/bd/dma_axis_ip_example/ipshared/64f5/hdl/verilog/equalizer_gmem_m_axi.v:2686]
INFO: [Synth 8-6157] synthesizing module 'equalizer_gmem_m_axi_throttle' [c:/EECE4632FinalProject/Audio_Equalizer_Vivado/Audio_Equalizer_2/project_1.gen/sources_1/bd/dma_axis_ip_example/ipshared/64f5/hdl/verilog/equalizer_gmem_m_axi.v:2360]
INFO: [Synth 8-6157] synthesizing module 'equalizer_gmem_m_axi_reg_slice__parameterized0' [c:/EECE4632FinalProject/Audio_Equalizer_Vivado/Audio_Equalizer_2/project_1.gen/sources_1/bd/dma_axis_ip_example/ipshared/64f5/hdl/verilog/equalizer_gmem_m_axi.v:2584]
INFO: [Synth 8-6155] done synthesizing module 'equalizer_gmem_m_axi_reg_slice__parameterized0' (0#1) [c:/EECE4632FinalProject/Audio_Equalizer_Vivado/Audio_Equalizer_2/project_1.gen/sources_1/bd/dma_axis_ip_example/ipshared/64f5/hdl/verilog/equalizer_gmem_m_axi.v:2584]
INFO: [Synth 8-6157] synthesizing module 'equalizer_gmem_m_axi_fifo__parameterized5' [c:/EECE4632FinalProject/Audio_Equalizer_Vivado/Audio_Equalizer_2/project_1.gen/sources_1/bd/dma_axis_ip_example/ipshared/64f5/hdl/verilog/equalizer_gmem_m_axi.v:2686]
INFO: [Synth 8-6157] synthesizing module 'equalizer_gmem_m_axi_srl__parameterized3' [c:/EECE4632FinalProject/Audio_Equalizer_Vivado/Audio_Equalizer_2/project_1.gen/sources_1/bd/dma_axis_ip_example/ipshared/64f5/hdl/verilog/equalizer_gmem_m_axi.v:2864]
INFO: [Synth 8-6155] done synthesizing module 'equalizer_gmem_m_axi_srl__parameterized3' (0#1) [c:/EECE4632FinalProject/Audio_Equalizer_Vivado/Audio_Equalizer_2/project_1.gen/sources_1/bd/dma_axis_ip_example/ipshared/64f5/hdl/verilog/equalizer_gmem_m_axi.v:2864]
INFO: [Synth 8-6155] done synthesizing module 'equalizer_gmem_m_axi_fifo__parameterized5' (0#1) [c:/EECE4632FinalProject/Audio_Equalizer_Vivado/Audio_Equalizer_2/project_1.gen/sources_1/bd/dma_axis_ip_example/ipshared/64f5/hdl/verilog/equalizer_gmem_m_axi.v:2686]
INFO: [Synth 8-6157] synthesizing module 'equalizer_gmem_m_axi_fifo__parameterized6' [c:/EECE4632FinalProject/Audio_Equalizer_Vivado/Audio_Equalizer_2/project_1.gen/sources_1/bd/dma_axis_ip_example/ipshared/64f5/hdl/verilog/equalizer_gmem_m_axi.v:2686]
INFO: [Synth 8-6157] synthesizing module 'equalizer_gmem_m_axi_srl__parameterized4' [c:/EECE4632FinalProject/Audio_Equalizer_Vivado/Audio_Equalizer_2/project_1.gen/sources_1/bd/dma_axis_ip_example/ipshared/64f5/hdl/verilog/equalizer_gmem_m_axi.v:2864]
INFO: [Synth 8-6155] done synthesizing module 'equalizer_gmem_m_axi_srl__parameterized4' (0#1) [c:/EECE4632FinalProject/Audio_Equalizer_Vivado/Audio_Equalizer_2/project_1.gen/sources_1/bd/dma_axis_ip_example/ipshared/64f5/hdl/verilog/equalizer_gmem_m_axi.v:2864]
INFO: [Synth 8-6155] done synthesizing module 'equalizer_gmem_m_axi_fifo__parameterized6' (0#1) [c:/EECE4632FinalProject/Audio_Equalizer_Vivado/Audio_Equalizer_2/project_1.gen/sources_1/bd/dma_axis_ip_example/ipshared/64f5/hdl/verilog/equalizer_gmem_m_axi.v:2686]
INFO: [Synth 8-6155] done synthesizing module 'equalizer_gmem_m_axi_throttle' (0#1) [c:/EECE4632FinalProject/Audio_Equalizer_Vivado/Audio_Equalizer_2/project_1.gen/sources_1/bd/dma_axis_ip_example/ipshared/64f5/hdl/verilog/equalizer_gmem_m_axi.v:2360]
INFO: [Synth 8-6157] synthesizing module 'equalizer_gmem_m_axi_reg_slice__parameterized1' [c:/EECE4632FinalProject/Audio_Equalizer_Vivado/Audio_Equalizer_2/project_1.gen/sources_1/bd/dma_axis_ip_example/ipshared/64f5/hdl/verilog/equalizer_gmem_m_axi.v:2584]
INFO: [Synth 8-6155] done synthesizing module 'equalizer_gmem_m_axi_reg_slice__parameterized1' (0#1) [c:/EECE4632FinalProject/Audio_Equalizer_Vivado/Audio_Equalizer_2/project_1.gen/sources_1/bd/dma_axis_ip_example/ipshared/64f5/hdl/verilog/equalizer_gmem_m_axi.v:2584]
WARNING: [Synth 8-589] replacing case/wildcard equality operator === with logical equality operator == [c:/EECE4632FinalProject/Audio_Equalizer_Vivado/Audio_Equalizer_2/project_1.gen/sources_1/bd/dma_axis_ip_example/ipshared/64f5/hdl/verilog/equalizer_gmem_m_axi.v:2352]
WARNING: [Synth 8-589] replacing case/wildcard equality operator === with logical equality operator == [c:/EECE4632FinalProject/Audio_Equalizer_Vivado/Audio_Equalizer_2/project_1.gen/sources_1/bd/dma_axis_ip_example/ipshared/64f5/hdl/verilog/equalizer_gmem_m_axi.v:2355]
INFO: [Synth 8-6155] done synthesizing module 'equalizer_gmem_m_axi_write' (0#1) [c:/EECE4632FinalProject/Audio_Equalizer_Vivado/Audio_Equalizer_2/project_1.gen/sources_1/bd/dma_axis_ip_example/ipshared/64f5/hdl/verilog/equalizer_gmem_m_axi.v:1852]
INFO: [Synth 8-6157] synthesizing module 'equalizer_gmem_m_axi_read' [c:/EECE4632FinalProject/Audio_Equalizer_Vivado/Audio_Equalizer_2/project_1.gen/sources_1/bd/dma_axis_ip_example/ipshared/64f5/hdl/verilog/equalizer_gmem_m_axi.v:1468]
INFO: [Synth 8-6157] synthesizing module 'equalizer_gmem_m_axi_reg_slice__parameterized2' [c:/EECE4632FinalProject/Audio_Equalizer_Vivado/Audio_Equalizer_2/project_1.gen/sources_1/bd/dma_axis_ip_example/ipshared/64f5/hdl/verilog/equalizer_gmem_m_axi.v:2584]
INFO: [Synth 8-6155] done synthesizing module 'equalizer_gmem_m_axi_reg_slice__parameterized2' (0#1) [c:/EECE4632FinalProject/Audio_Equalizer_Vivado/Audio_Equalizer_2/project_1.gen/sources_1/bd/dma_axis_ip_example/ipshared/64f5/hdl/verilog/equalizer_gmem_m_axi.v:2584]
WARNING: [Synth 8-589] replacing case/wildcard equality operator === with logical equality operator == [c:/EECE4632FinalProject/Audio_Equalizer_Vivado/Audio_Equalizer_2/project_1.gen/sources_1/bd/dma_axis_ip_example/ipshared/64f5/hdl/verilog/equalizer_gmem_m_axi.v:1844]
INFO: [Synth 8-6155] done synthesizing module 'equalizer_gmem_m_axi_read' (0#1) [c:/EECE4632FinalProject/Audio_Equalizer_Vivado/Audio_Equalizer_2/project_1.gen/sources_1/bd/dma_axis_ip_example/ipshared/64f5/hdl/verilog/equalizer_gmem_m_axi.v:1468]
INFO: [Synth 8-6155] done synthesizing module 'equalizer_gmem_m_axi' (0#1) [c:/EECE4632FinalProject/Audio_Equalizer_Vivado/Audio_Equalizer_2/project_1.gen/sources_1/bd/dma_axis_ip_example/ipshared/64f5/hdl/verilog/equalizer_gmem_m_axi.v:11]
INFO: [Synth 8-6157] synthesizing module 'equalizer_mul_32s_32s_32_2_1' [c:/EECE4632FinalProject/Audio_Equalizer_Vivado/Audio_Equalizer_2/project_1.gen/sources_1/bd/dma_axis_ip_example/ipshared/64f5/hdl/verilog/equalizer_mul_32s_32s_32_2_1.v:9]
INFO: [Synth 8-6155] done synthesizing module 'equalizer_mul_32s_32s_32_2_1' (0#1) [c:/EECE4632FinalProject/Audio_Equalizer_Vivado/Audio_Equalizer_2/project_1.gen/sources_1/bd/dma_axis_ip_example/ipshared/64f5/hdl/verilog/equalizer_mul_32s_32s_32_2_1.v:9]
INFO: [Synth 8-6157] synthesizing module 'equalizer_regslice_both' [c:/EECE4632FinalProject/Audio_Equalizer_Vivado/Audio_Equalizer_2/project_1.gen/sources_1/bd/dma_axis_ip_example/ipshared/64f5/hdl/verilog/equalizer_regslice_both.v:9]
INFO: [Synth 8-6155] done synthesizing module 'equalizer_regslice_both' (0#1) [c:/EECE4632FinalProject/Audio_Equalizer_Vivado/Audio_Equalizer_2/project_1.gen/sources_1/bd/dma_axis_ip_example/ipshared/64f5/hdl/verilog/equalizer_regslice_both.v:9]
INFO: [Synth 8-6157] synthesizing module 'equalizer_regslice_both__parameterized0' [c:/EECE4632FinalProject/Audio_Equalizer_Vivado/Audio_Equalizer_2/project_1.gen/sources_1/bd/dma_axis_ip_example/ipshared/64f5/hdl/verilog/equalizer_regslice_both.v:9]
INFO: [Synth 8-6155] done synthesizing module 'equalizer_regslice_both__parameterized0' (0#1) [c:/EECE4632FinalProject/Audio_Equalizer_Vivado/Audio_Equalizer_2/project_1.gen/sources_1/bd/dma_axis_ip_example/ipshared/64f5/hdl/verilog/equalizer_regslice_both.v:9]
INFO: [Synth 8-6157] synthesizing module 'equalizer_regslice_both__parameterized1' [c:/EECE4632FinalProject/Audio_Equalizer_Vivado/Audio_Equalizer_2/project_1.gen/sources_1/bd/dma_axis_ip_example/ipshared/64f5/hdl/verilog/equalizer_regslice_both.v:9]
INFO: [Synth 8-6155] done synthesizing module 'equalizer_regslice_both__parameterized1' (0#1) [c:/EECE4632FinalProject/Audio_Equalizer_Vivado/Audio_Equalizer_2/project_1.gen/sources_1/bd/dma_axis_ip_example/ipshared/64f5/hdl/verilog/equalizer_regslice_both.v:9]
INFO: [Synth 8-6157] synthesizing module 'equalizer_regslice_both__parameterized2' [c:/EECE4632FinalProject/Audio_Equalizer_Vivado/Audio_Equalizer_2/project_1.gen/sources_1/bd/dma_axis_ip_example/ipshared/64f5/hdl/verilog/equalizer_regslice_both.v:9]
INFO: [Synth 8-6155] done synthesizing module 'equalizer_regslice_both__parameterized2' (0#1) [c:/EECE4632FinalProject/Audio_Equalizer_Vivado/Audio_Equalizer_2/project_1.gen/sources_1/bd/dma_axis_ip_example/ipshared/64f5/hdl/verilog/equalizer_regslice_both.v:9]
INFO: [Synth 8-6157] synthesizing module 'equalizer_regslice_both__parameterized3' [c:/EECE4632FinalProject/Audio_Equalizer_Vivado/Audio_Equalizer_2/project_1.gen/sources_1/bd/dma_axis_ip_example/ipshared/64f5/hdl/verilog/equalizer_regslice_both.v:9]
INFO: [Synth 8-6155] done synthesizing module 'equalizer_regslice_both__parameterized3' (0#1) [c:/EECE4632FinalProject/Audio_Equalizer_Vivado/Audio_Equalizer_2/project_1.gen/sources_1/bd/dma_axis_ip_example/ipshared/64f5/hdl/verilog/equalizer_regslice_both.v:9]
INFO: [Synth 8-6157] synthesizing module 'equalizer_regslice_both__parameterized4' [c:/EECE4632FinalProject/Audio_Equalizer_Vivado/Audio_Equalizer_2/project_1.gen/sources_1/bd/dma_axis_ip_example/ipshared/64f5/hdl/verilog/equalizer_regslice_both.v:9]
INFO: [Synth 8-6155] done synthesizing module 'equalizer_regslice_both__parameterized4' (0#1) [c:/EECE4632FinalProject/Audio_Equalizer_Vivado/Audio_Equalizer_2/project_1.gen/sources_1/bd/dma_axis_ip_example/ipshared/64f5/hdl/verilog/equalizer_regslice_both.v:9]
INFO: [Synth 8-6155] done synthesizing module 'equalizer' (0#1) [c:/EECE4632FinalProject/Audio_Equalizer_Vivado/Audio_Equalizer_2/project_1.gen/sources_1/bd/dma_axis_ip_example/ipshared/64f5/hdl/verilog/equalizer.v:10]
INFO: [Synth 8-6155] done synthesizing module 'dma_axis_ip_example_equalizer_0_0' (0#1) [c:/EECE4632FinalProject/Audio_Equalizer_Vivado/Audio_Equalizer_2/project_1.gen/sources_1/bd/dma_axis_ip_example/ip/dma_axis_ip_example_equalizer_0_0/synth/dma_axis_ip_example_equalizer_0_0.v:53]
WARNING: [Synth 8-7129] Port reset in module equalizer_mul_32s_32s_32_2_1 is either unconnected or has no load
WARNING: [Synth 8-7129] Port in_BUS_RID[0] in module equalizer_gmem_m_axi_read is either unconnected or has no load
WARNING: [Synth 8-7129] Port in_BUS_RRESP[1] in module equalizer_gmem_m_axi_read is either unconnected or has no load
WARNING: [Synth 8-7129] Port in_BUS_RRESP[0] in module equalizer_gmem_m_axi_read is either unconnected or has no load
WARNING: [Synth 8-7129] Port in_BUS_RUSER[0] in module equalizer_gmem_m_axi_read is either unconnected or has no load
WARNING: [Synth 8-7129] Port in_BUS_BID[0] in module equalizer_gmem_m_axi_write is either unconnected or has no load
WARNING: [Synth 8-7129] Port in_BUS_BRESP[1] in module equalizer_gmem_m_axi_write is either unconnected or has no load
WARNING: [Synth 8-7129] Port in_BUS_BRESP[0] in module equalizer_gmem_m_axi_write is either unconnected or has no load
WARNING: [Synth 8-7129] Port in_BUS_BUSER[0] in module equalizer_gmem_m_axi_write is either unconnected or has no load
WARNING: [Synth 8-7129] Port raddr[2] in module equalizer_gmem_m_axi_srl is either unconnected or has no load
WARNING: [Synth 8-7129] Port raddr[2] in module equalizer_gmem_m_axi_srl__parameterized1 is either unconnected or has no load
WARNING: [Synth 8-7129] Port m_axi_gmem_AWREADY in module equalizer_equalizer_Pipeline_Highfreq_Shift_Accumulate_Loop is either unconnected or has no load
WARNING: [Synth 8-7129] Port m_axi_gmem_WREADY in module equalizer_equalizer_Pipeline_Highfreq_Shift_Accumulate_Loop is either unconnected or has no load
WARNING: [Synth 8-7129] Port m_axi_gmem_RLAST in module equalizer_equalizer_Pipeline_Highfreq_Shift_Accumulate_Loop is either unconnected or has no load
WARNING: [Synth 8-7129] Port m_axi_gmem_RID[0] in module equalizer_equalizer_Pipeline_Highfreq_Shift_Accumulate_Loop is either unconnected or has no load
WARNING: [Synth 8-7129] Port m_axi_gmem_RFIFONUM[8] in module equalizer_equalizer_Pipeline_Highfreq_Shift_Accumulate_Loop is either unconnected or has no load
WARNING: [Synth 8-7129] Port m_axi_gmem_RFIFONUM[7] in module equalizer_equalizer_Pipeline_Highfreq_Shift_Accumulate_Loop is either unconnected or has no load
WARNING: [Synth 8-7129] Port m_axi_gmem_RFIFONUM[6] in module equalizer_equalizer_Pipeline_Highfreq_Shift_Accumulate_Loop is either unconnected or has no load
WARNING: [Synth 8-7129] Port m_axi_gmem_RFIFONUM[5] in module equalizer_equalizer_Pipeline_Highfreq_Shift_Accumulate_Loop is either unconnected or has no load
WARNING: [Synth 8-7129] Port m_axi_gmem_RFIFONUM[4] in module equalizer_equalizer_Pipeline_Highfreq_Shift_Accumulate_Loop is either unconnected or has no load
WARNING: [Synth 8-7129] Port m_axi_gmem_RFIFONUM[3] in module equalizer_equalizer_Pipeline_Highfreq_Shift_Accumulate_Loop is either unconnected or has no load
WARNING: [Synth 8-7129] Port m_axi_gmem_RFIFONUM[2] in module equalizer_equalizer_Pipeline_Highfreq_Shift_Accumulate_Loop is either unconnected or has no load
WARNING: [Synth 8-7129] Port m_axi_gmem_RFIFONUM[1] in module equalizer_equalizer_Pipeline_Highfreq_Shift_Accumulate_Loop is either unconnected or has no load
WARNING: [Synth 8-7129] Port m_axi_gmem_RFIFONUM[0] in module equalizer_equalizer_Pipeline_Highfreq_Shift_Accumulate_Loop is either unconnected or has no load
WARNING: [Synth 8-7129] Port m_axi_gmem_RUSER[0] in module equalizer_equalizer_Pipeline_Highfreq_Shift_Accumulate_Loop is either unconnected or has no load
WARNING: [Synth 8-7129] Port m_axi_gmem_RRESP[1] in module equalizer_equalizer_Pipeline_Highfreq_Shift_Accumulate_Loop is either unconnected or has no load
WARNING: [Synth 8-7129] Port m_axi_gmem_RRESP[0] in module equalizer_equalizer_Pipeline_Highfreq_Shift_Accumulate_Loop is either unconnected or has no load
WARNING: [Synth 8-7129] Port m_axi_gmem_BVALID in module equalizer_equalizer_Pipeline_Highfreq_Shift_Accumulate_Loop is either unconnected or has no load
WARNING: [Synth 8-7129] Port m_axi_gmem_BRESP[1] in module equalizer_equalizer_Pipeline_Highfreq_Shift_Accumulate_Loop is either unconnected or has no load
WARNING: [Synth 8-7129] Port m_axi_gmem_BRESP[0] in module equalizer_equalizer_Pipeline_Highfreq_Shift_Accumulate_Loop is either unconnected or has no load
WARNING: [Synth 8-7129] Port m_axi_gmem_BID[0] in module equalizer_equalizer_Pipeline_Highfreq_Shift_Accumulate_Loop is either unconnected or has no load
WARNING: [Synth 8-7129] Port m_axi_gmem_BUSER[0] in module equalizer_equalizer_Pipeline_Highfreq_Shift_Accumulate_Loop is either unconnected or has no load
WARNING: [Synth 8-7129] Port m_axi_gmem_AWREADY in module equalizer_equalizer_Pipeline_Midfreq_Shift_Accumulate_Loop is either unconnected or has no load
WARNING: [Synth 8-7129] Port m_axi_gmem_WREADY in module equalizer_equalizer_Pipeline_Midfreq_Shift_Accumulate_Loop is either unconnected or has no load
WARNING: [Synth 8-7129] Port m_axi_gmem_RLAST in module equalizer_equalizer_Pipeline_Midfreq_Shift_Accumulate_Loop is either unconnected or has no load
WARNING: [Synth 8-7129] Port m_axi_gmem_RID[0] in module equalizer_equalizer_Pipeline_Midfreq_Shift_Accumulate_Loop is either unconnected or has no load
WARNING: [Synth 8-7129] Port m_axi_gmem_RFIFONUM[8] in module equalizer_equalizer_Pipeline_Midfreq_Shift_Accumulate_Loop is either unconnected or has no load
WARNING: [Synth 8-7129] Port m_axi_gmem_RFIFONUM[7] in module equalizer_equalizer_Pipeline_Midfreq_Shift_Accumulate_Loop is either unconnected or has no load
WARNING: [Synth 8-7129] Port m_axi_gmem_RFIFONUM[6] in module equalizer_equalizer_Pipeline_Midfreq_Shift_Accumulate_Loop is either unconnected or has no load
WARNING: [Synth 8-7129] Port m_axi_gmem_RFIFONUM[5] in module equalizer_equalizer_Pipeline_Midfreq_Shift_Accumulate_Loop is either unconnected or has no load
WARNING: [Synth 8-7129] Port m_axi_gmem_RFIFONUM[4] in module equalizer_equalizer_Pipeline_Midfreq_Shift_Accumulate_Loop is either unconnected or has no load
WARNING: [Synth 8-7129] Port m_axi_gmem_RFIFONUM[3] in module equalizer_equalizer_Pipeline_Midfreq_Shift_Accumulate_Loop is either unconnected or has no load
WARNING: [Synth 8-7129] Port m_axi_gmem_RFIFONUM[2] in module equalizer_equalizer_Pipeline_Midfreq_Shift_Accumulate_Loop is either unconnected or has no load
WARNING: [Synth 8-7129] Port m_axi_gmem_RFIFONUM[1] in module equalizer_equalizer_Pipeline_Midfreq_Shift_Accumulate_Loop is either unconnected or has no load
WARNING: [Synth 8-7129] Port m_axi_gmem_RFIFONUM[0] in module equalizer_equalizer_Pipeline_Midfreq_Shift_Accumulate_Loop is either unconnected or has no load
WARNING: [Synth 8-7129] Port m_axi_gmem_RUSER[0] in module equalizer_equalizer_Pipeline_Midfreq_Shift_Accumulate_Loop is either unconnected or has no load
WARNING: [Synth 8-7129] Port m_axi_gmem_RRESP[1] in module equalizer_equalizer_Pipeline_Midfreq_Shift_Accumulate_Loop is either unconnected or has no load
WARNING: [Synth 8-7129] Port m_axi_gmem_RRESP[0] in module equalizer_equalizer_Pipeline_Midfreq_Shift_Accumulate_Loop is either unconnected or has no load
WARNING: [Synth 8-7129] Port m_axi_gmem_BVALID in module equalizer_equalizer_Pipeline_Midfreq_Shift_Accumulate_Loop is either unconnected or has no load
WARNING: [Synth 8-7129] Port m_axi_gmem_BRESP[1] in module equalizer_equalizer_Pipeline_Midfreq_Shift_Accumulate_Loop is either unconnected or has no load
WARNING: [Synth 8-7129] Port m_axi_gmem_BRESP[0] in module equalizer_equalizer_Pipeline_Midfreq_Shift_Accumulate_Loop is either unconnected or has no load
WARNING: [Synth 8-7129] Port m_axi_gmem_BID[0] in module equalizer_equalizer_Pipeline_Midfreq_Shift_Accumulate_Loop is either unconnected or has no load
WARNING: [Synth 8-7129] Port m_axi_gmem_BUSER[0] in module equalizer_equalizer_Pipeline_Midfreq_Shift_Accumulate_Loop is either unconnected or has no load
WARNING: [Synth 8-7129] Port m_axi_gmem_AWREADY in module equalizer_equalizer_Pipeline_Lowfreq_Shift_Accumulate_Loop is either unconnected or has no load
WARNING: [Synth 8-7129] Port m_axi_gmem_WREADY in module equalizer_equalizer_Pipeline_Lowfreq_Shift_Accumulate_Loop is either unconnected or has no load
WARNING: [Synth 8-7129] Port m_axi_gmem_RLAST in module equalizer_equalizer_Pipeline_Lowfreq_Shift_Accumulate_Loop is either unconnected or has no load
WARNING: [Synth 8-7129] Port m_axi_gmem_RID[0] in module equalizer_equalizer_Pipeline_Lowfreq_Shift_Accumulate_Loop is either unconnected or has no load
WARNING: [Synth 8-7129] Port m_axi_gmem_RFIFONUM[8] in module equalizer_equalizer_Pipeline_Lowfreq_Shift_Accumulate_Loop is either unconnected or has no load
WARNING: [Synth 8-7129] Port m_axi_gmem_RFIFONUM[7] in module equalizer_equalizer_Pipeline_Lowfreq_Shift_Accumulate_Loop is either unconnected or has no load
WARNING: [Synth 8-7129] Port m_axi_gmem_RFIFONUM[6] in module equalizer_equalizer_Pipeline_Lowfreq_Shift_Accumulate_Loop is either unconnected or has no load
WARNING: [Synth 8-7129] Port m_axi_gmem_RFIFONUM[5] in module equalizer_equalizer_Pipeline_Lowfreq_Shift_Accumulate_Loop is either unconnected or has no load
WARNING: [Synth 8-7129] Port m_axi_gmem_RFIFONUM[4] in module equalizer_equalizer_Pipeline_Lowfreq_Shift_Accumulate_Loop is either unconnected or has no load
WARNING: [Synth 8-7129] Port m_axi_gmem_RFIFONUM[3] in module equalizer_equalizer_Pipeline_Lowfreq_Shift_Accumulate_Loop is either unconnected or has no load
WARNING: [Synth 8-7129] Port m_axi_gmem_RFIFONUM[2] in module equalizer_equalizer_Pipeline_Lowfreq_Shift_Accumulate_Loop is either unconnected or has no load
WARNING: [Synth 8-7129] Port m_axi_gmem_RFIFONUM[1] in module equalizer_equalizer_Pipeline_Lowfreq_Shift_Accumulate_Loop is either unconnected or has no load
WARNING: [Synth 8-7129] Port m_axi_gmem_RFIFONUM[0] in module equalizer_equalizer_Pipeline_Lowfreq_Shift_Accumulate_Loop is either unconnected or has no load
WARNING: [Synth 8-7129] Port m_axi_gmem_RUSER[0] in module equalizer_equalizer_Pipeline_Lowfreq_Shift_Accumulate_Loop is either unconnected or has no load
WARNING: [Synth 8-7129] Port m_axi_gmem_RRESP[1] in module equalizer_equalizer_Pipeline_Lowfreq_Shift_Accumulate_Loop is either unconnected or has no load
WARNING: [Synth 8-7129] Port m_axi_gmem_RRESP[0] in module equalizer_equalizer_Pipeline_Lowfreq_Shift_Accumulate_Loop is either unconnected or has no load
WARNING: [Synth 8-7129] Port m_axi_gmem_BVALID in module equalizer_equalizer_Pipeline_Lowfreq_Shift_Accumulate_Loop is either unconnected or has no load
WARNING: [Synth 8-7129] Port m_axi_gmem_BRESP[1] in module equalizer_equalizer_Pipeline_Lowfreq_Shift_Accumulate_Loop is either unconnected or has no load
WARNING: [Synth 8-7129] Port m_axi_gmem_BRESP[0] in module equalizer_equalizer_Pipeline_Lowfreq_Shift_Accumulate_Loop is either unconnected or has no load
WARNING: [Synth 8-7129] Port m_axi_gmem_BID[0] in module equalizer_equalizer_Pipeline_Lowfreq_Shift_Accumulate_Loop is either unconnected or has no load
WARNING: [Synth 8-7129] Port m_axi_gmem_BUSER[0] in module equalizer_equalizer_Pipeline_Lowfreq_Shift_Accumulate_Loop is either unconnected or has no load
WARNING: [Synth 8-7129] Port reset in module equalizer_lowfreq_shift_reg_RAM_AUTO_1R1W is either unconnected or has no load
---------------------------------------------------------------------------------
Finished RTL Elaboration : Time (s): cpu = 00:00:12 ; elapsed = 00:00:21 . Memory (MB): peak = 1687.000 ; gain = 10.543
---------------------------------------------------------------------------------
---------------------------------------------------------------------------------
Start Handling Custom Attributes
---------------------------------------------------------------------------------
---------------------------------------------------------------------------------
Finished Handling Custom Attributes : Time (s): cpu = 00:00:12 ; elapsed = 00:00:22 . Memory (MB): peak = 1687.000 ; gain = 10.543
---------------------------------------------------------------------------------
---------------------------------------------------------------------------------
Finished RTL Optimization Phase 1 : Time (s): cpu = 00:00:12 ; elapsed = 00:00:22 . Memory (MB): peak = 1687.000 ; gain = 10.543
---------------------------------------------------------------------------------
Netlist sorting complete. Time (s): cpu = 00:00:00 ; elapsed = 00:00:00.184 . Memory (MB): peak = 1687.000 ; gain = 0.000
INFO: [Project 1-570] Preparing netlist for logic optimization

Processing XDC Constraints
Initializing timing engine
Parsing XDC File [c:/EECE4632FinalProject/Audio_Equalizer_Vivado/Audio_Equalizer_2/project_1.gen/sources_1/bd/dma_axis_ip_example/ip/dma_axis_ip_example_equalizer_0_0/constraints/equalizer_ooc.xdc] for cell 'inst'
Finished Parsing XDC File [c:/EECE4632FinalProject/Audio_Equalizer_Vivado/Audio_Equalizer_2/project_1.gen/sources_1/bd/dma_axis_ip_example/ip/dma_axis_ip_example_equalizer_0_0/constraints/equalizer_ooc.xdc] for cell 'inst'
Parsing XDC File [C:/EECE4632FinalProject/Audio_Equalizer_Vivado/Audio_Equalizer_2/project_1.runs/dma_axis_ip_example_equalizer_0_0_synth_1/dont_touch.xdc]
Finished Parsing XDC File [C:/EECE4632FinalProject/Audio_Equalizer_Vivado/Audio_Equalizer_2/project_1.runs/dma_axis_ip_example_equalizer_0_0_synth_1/dont_touch.xdc]
Completed Processing XDC Constraints

Netlist sorting complete. Time (s): cpu = 00:00:00 ; elapsed = 00:00:00.003 . Memory (MB): peak = 1771.434 ; gain = 0.000
INFO: [Project 1-111] Unisim Transformation Summary:
No Unisim elements were transformed.

Constraint Validation Runtime : Time (s): cpu = 00:00:00 ; elapsed = 00:00:00.152 . Memory (MB): peak = 1774.125 ; gain = 2.691
INFO: [Designutils 20-5008] Incremental synthesis strategy off
---------------------------------------------------------------------------------
Finished Constraint Validation : Time (s): cpu = 00:00:23 ; elapsed = 00:00:33 . Memory (MB): peak = 1774.125 ; gain = 97.668
---------------------------------------------------------------------------------
---------------------------------------------------------------------------------
Start Loading Part and Timing Information
---------------------------------------------------------------------------------
Loading part: xc7z020clg400-1
---------------------------------------------------------------------------------
Finished Loading Part and Timing Information : Time (s): cpu = 00:00:23 ; elapsed = 00:00:33 . Memory (MB): peak = 1774.125 ; gain = 97.668
---------------------------------------------------------------------------------
---------------------------------------------------------------------------------
Start Applying 'set_property' XDC Constraints
---------------------------------------------------------------------------------
Applied set_property KEEP_HIERARCHY = SOFT for inst. (constraint file  C:/EECE4632FinalProject/Audio_Equalizer_Vivado/Audio_Equalizer_2/project_1.runs/dma_axis_ip_example_equalizer_0_0_synth_1/dont_touch.xdc, line 9).
---------------------------------------------------------------------------------
Finished applying 'set_property' XDC Constraints : Time (s): cpu = 00:00:23 ; elapsed = 00:00:33 . Memory (MB): peak = 1774.125 ; gain = 97.668
---------------------------------------------------------------------------------
INFO: [Synth 8-802] inferred FSM for state register 'wstate_reg' in module 'equalizer_control_s_axi'
INFO: [Synth 8-802] inferred FSM for state register 'rstate_reg' in module 'equalizer_control_s_axi'
INFO: [Synth 8-802] inferred FSM for state register 'state_reg' in module 'equalizer_gmem_m_axi_reg_slice'
INFO: [Synth 8-802] inferred FSM for state register 'state_reg' in module 'equalizer_gmem_m_axi_reg_slice__parameterized0'
INFO: [Synth 8-802] inferred FSM for state register 'state_reg' in module 'equalizer_gmem_m_axi_reg_slice__parameterized1'
INFO: [Synth 8-802] inferred FSM for state register 'state_reg' in module 'equalizer_gmem_m_axi_reg_slice__parameterized2'
INFO: [Synth 8-4490] FSM extraction disabled for register 'ap_CS_fsm_reg' through user attribute
---------------------------------------------------------------------------------------------------
                   State |                     New Encoding |                Previous Encoding 
---------------------------------------------------------------------------------------------------
                  iSTATE |                             0001 |                               11
*
                  WRIDLE |                             0010 |                               00
                  WRDATA |                             0100 |                               01
                  WRRESP |                             1000 |                               10
---------------------------------------------------------------------------------------------------
INFO: [Synth 8-3354] encoded FSM with state register 'wstate_reg' using encoding 'one-hot' in module 'equalizer_control_s_axi'
---------------------------------------------------------------------------------------------------
                   State |                     New Encoding |                Previous Encoding 
---------------------------------------------------------------------------------------------------
                  iSTATE |                              001 |                               10
*
                  RDIDLE |                              010 |                               00
                  RDDATA |                              100 |                               01
---------------------------------------------------------------------------------------------------
INFO: [Synth 8-3354] encoded FSM with state register 'rstate_reg' using encoding 'one-hot' in module 'equalizer_control_s_axi'
INFO: [Synth 8-7082] The signal mem_reg is implemented as Block RAM but is better mapped onto distributed LUT RAM for the following reason(s): The depth (4 address bits) is shallow. Please use attribute (* ram_style = "distributed" *) to instruct Vivado to infer distributed LUT RAM.
---------------------------------------------------------------------------------------------------
                   State |                     New Encoding |                Previous Encoding 
---------------------------------------------------------------------------------------------------
                    ZERO |                               00 |                               10
                     ONE |                               10 |                               11
                     TWO |                               01 |                               01
---------------------------------------------------------------------------------------------------
INFO: [Synth 8-3354] encoded FSM with state register 'state_reg' using encoding 'sequential' in module 'equalizer_gmem_m_axi_reg_slice'
---------------------------------------------------------------------------------------------------
                   State |                     New Encoding |                Previous Encoding 
---------------------------------------------------------------------------------------------------
                    ZERO |                               00 |                               10
                     ONE |                               10 |                               11
                     TWO |                               01 |                               01
---------------------------------------------------------------------------------------------------
INFO: [Synth 8-3354] encoded FSM with state register 'state_reg' using encoding 'sequential' in module 'equalizer_gmem_m_axi_reg_slice__parameterized0'
---------------------------------------------------------------------------------------------------
                   State |                     New Encoding |                Previous Encoding 
---------------------------------------------------------------------------------------------------
                    ZERO |                               00 |                               10
                     ONE |                               10 |                               11
                     TWO |                               01 |                               01
---------------------------------------------------------------------------------------------------
INFO: [Synth 8-3354] encoded FSM with state register 'state_reg' using encoding 'sequential' in module 'equalizer_gmem_m_axi_reg_slice__parameterized1'
---------------------------------------------------------------------------------------------------
                   State |                     New Encoding |                Previous Encoding 
---------------------------------------------------------------------------------------------------
                    ZERO |                               00 |                               10
                     ONE |                               10 |                               11
                     TWO |                               01 |                               01
---------------------------------------------------------------------------------------------------
INFO: [Synth 8-3354] encoded FSM with state register 'state_reg' using encoding 'sequential' in module 'equalizer_gmem_m_axi_reg_slice__parameterized2'
---------------------------------------------------------------------------------
Finished RTL Optimization Phase 2 : Time (s): cpu = 00:00:25 ; elapsed = 00:00:35 . Memory (MB): peak = 1774.125 ; gain = 97.668
---------------------------------------------------------------------------------
---------------------------------------------------------------------------------
Start RTL Component Statistics 
---------------------------------------------------------------------------------
Detailed RTL Component Info : 
+---Adders : 
	   2 Input   64 Bit       Adders := 7     
	   2 Input   52 Bit       Adders := 2     
	   2 Input   32 Bit       Adders := 5     
	   2 Input   12 Bit       Adders := 2     
	   2 Input    9 Bit       Adders := 4     
	   2 Input    8 Bit       Adders := 3     
	   2 Input    7 Bit       Adders := 6     
	   2 Input    6 Bit       Adders := 2     
	   2 Input    5 Bit       Adders := 17    
	   2 Input    4 Bit       Adders := 15    
	   2 Input    3 Bit       Adders := 6     
+---Registers : 
	               96 Bit    Registers := 6     
	               72 Bit    Registers := 3     
	               64 Bit    Registers := 13    
	               63 Bit    Registers := 6     
	               52 Bit    Registers := 2     
	               37 Bit    Registers := 1     
	               36 Bit    Registers := 1     
	               34 Bit    Registers := 2     
	               33 Bit    Registers := 2     
	               32 Bit    Registers := 58    
	               10 Bit    Registers := 4     
	                9 Bit    Registers := 1     
	                8 Bit    Registers := 6     
	                7 Bit    Registers := 6     
	                6 Bit    Registers := 8     
	                5 Bit    Registers := 14    
	                4 Bit    Registers := 23    
	                3 Bit    Registers := 3     
	                2 Bit    Registers := 24    
	                1 Bit    Registers := 203   
+---Multipliers : 
	              32x32  Multipliers := 3     
+---RAMs : 
	               8K Bit	(255 X 34 bit)          RAMs := 1     
	               1K Bit	(33 X 32 bit)          RAMs := 3     
	              540 Bit	(15 X 36 bit)          RAMs := 1     
+---Muxes : 
	   2 Input   96 Bit        Muxes := 2     
	   2 Input   72 Bit        Muxes := 1     
	   2 Input   64 Bit        Muxes := 8     
	   2 Input   52 Bit        Muxes := 2     
	   2 Input   34 Bit        Muxes := 2     
	  35 Input   34 Bit        Muxes := 1     
	   2 Input   33 Bit        Muxes := 1     
	   2 Input   32 Bit        Muxes := 16    
	   2 Input   31 Bit        Muxes := 1     
	   2 Input   24 Bit        Muxes := 1     
	   2 Input   23 Bit        Muxes := 1     
	   2 Input   21 Bit        Muxes := 1     
	   2 Input   14 Bit        Muxes := 1     
	   2 Input   13 Bit        Muxes := 1     
	   4 Input   12 Bit        Muxes := 2     
	   2 Input   11 Bit        Muxes := 1     
	   2 Input   10 Bit        Muxes := 4     
	   2 Input    9 Bit        Muxes := 2     
	   2 Input    8 Bit        Muxes := 6     
	   4 Input    8 Bit        Muxes := 2     
	   2 Input    7 Bit        Muxes := 6     
	   2 Input    6 Bit        Muxes := 5     
	   2 Input    5 Bit        Muxes := 19    
	   4 Input    4 Bit        Muxes := 1     
	   2 Input    4 Bit        Muxes := 21    
	   3 Input    3 Bit        Muxes := 1     
	   2 Input    3 Bit        Muxes := 6     
	   2 Input    2 Bit        Muxes := 79    
	   3 Input    2 Bit        Muxes := 15    
	   4 Input    2 Bit        Muxes := 19    
	   2 Input    1 Bit        Muxes := 131   
---------------------------------------------------------------------------------
Finished RTL Component Statistics 
---------------------------------------------------------------------------------
---------------------------------------------------------------------------------
Start Part Resource Summary
---------------------------------------------------------------------------------
Part Resources:
DSPs: 220 (col length:60)
BRAMs: 280 (col length: RAMB18 60 RAMB36 30)
---------------------------------------------------------------------------------
Finished Part Resource Summary
---------------------------------------------------------------------------------
---------------------------------------------------------------------------------
Start Cross Boundary and Area Optimization
---------------------------------------------------------------------------------
WARNING: [Synth 8-7080] Parallel synthesis criteria is not met
DSP Report: Generating DSP mul_32s_32s_32_2_1_U18/tmp_product, operation Mode is: A*B.
DSP Report: operator mul_32s_32s_32_2_1_U18/tmp_product is absorbed into DSP mul_32s_32s_32_2_1_U18/tmp_product.
DSP Report: operator mul_32s_32s_32_2_1_U18/tmp_product is absorbed into DSP mul_32s_32s_32_2_1_U18/tmp_product.
DSP Report: Generating DSP mul_32s_32s_32_2_1_U18/dout_reg, operation Mode is: (PCIN>>17)+A*B.
DSP Report: register mul_32s_32s_32_2_1_U18/dout_reg is absorbed into DSP mul_32s_32s_32_2_1_U18/dout_reg.
DSP Report: operator mul_32s_32s_32_2_1_U18/tmp_product is absorbed into DSP mul_32s_32s_32_2_1_U18/dout_reg.
DSP Report: operator mul_32s_32s_32_2_1_U18/tmp_product is absorbed into DSP mul_32s_32s_32_2_1_U18/dout_reg.
DSP Report: Generating DSP mul_32s_32s_32_2_1_U18/tmp_product, operation Mode is: A*B.
DSP Report: operator mul_32s_32s_32_2_1_U18/tmp_product is absorbed into DSP mul_32s_32s_32_2_1_U18/tmp_product.
DSP Report: operator mul_32s_32s_32_2_1_U18/tmp_product is absorbed into DSP mul_32s_32s_32_2_1_U18/tmp_product.
DSP Report: Generating DSP mul_32s_32s_32_2_1_U18/dout_reg, operation Mode is: (PCIN>>17)+A*B.
DSP Report: register mul_32s_32s_32_2_1_U18/dout_reg is absorbed into DSP mul_32s_32s_32_2_1_U18/dout_reg.
DSP Report: operator mul_32s_32s_32_2_1_U18/tmp_product is absorbed into DSP mul_32s_32s_32_2_1_U18/dout_reg.
DSP Report: operator mul_32s_32s_32_2_1_U18/tmp_product is absorbed into DSP mul_32s_32s_32_2_1_U18/dout_reg.
DSP Report: Generating DSP mul_32s_32s_32_2_1_U16/tmp_product, operation Mode is: A*B.
DSP Report: operator mul_32s_32s_32_2_1_U16/tmp_product is absorbed into DSP mul_32s_32s_32_2_1_U16/tmp_product.
DSP Report: operator mul_32s_32s_32_2_1_U16/tmp_product is absorbed into DSP mul_32s_32s_32_2_1_U16/tmp_product.
DSP Report: Generating DSP mul_32s_32s_32_2_1_U16/dout_reg, operation Mode is: (PCIN>>17)+A*B.
DSP Report: register mul_32s_32s_32_2_1_U16/dout_reg is absorbed into DSP mul_32s_32s_32_2_1_U16/dout_reg.
DSP Report: operator mul_32s_32s_32_2_1_U16/tmp_product is absorbed into DSP mul_32s_32s_32_2_1_U16/dout_reg.
DSP Report: operator mul_32s_32s_32_2_1_U16/tmp_product is absorbed into DSP mul_32s_32s_32_2_1_U16/dout_reg.
DSP Report: Generating DSP mul_32s_32s_32_2_1_U16/tmp_product, operation Mode is: A2*B.
DSP Report: register mul_32s_32s_32_2_1_U16/tmp_product is absorbed into DSP mul_32s_32s_32_2_1_U16/tmp_product.
DSP Report: operator mul_32s_32s_32_2_1_U16/tmp_product is absorbed into DSP mul_32s_32s_32_2_1_U16/tmp_product.
DSP Report: operator mul_32s_32s_32_2_1_U16/tmp_product is absorbed into DSP mul_32s_32s_32_2_1_U16/tmp_product.
DSP Report: Generating DSP mul_32s_32s_32_2_1_U16/dout_reg, operation Mode is: (PCIN>>17)+A2*B.
DSP Report: register mul_32s_32s_32_2_1_U16/dout_reg is absorbed into DSP mul_32s_32s_32_2_1_U16/dout_reg.
DSP Report: register mul_32s_32s_32_2_1_U16/dout_reg is absorbed into DSP mul_32s_32s_32_2_1_U16/dout_reg.
DSP Report: operator mul_32s_32s_32_2_1_U16/tmp_product is absorbed into DSP mul_32s_32s_32_2_1_U16/dout_reg.
DSP Report: operator mul_32s_32s_32_2_1_U16/tmp_product is absorbed into DSP mul_32s_32s_32_2_1_U16/dout_reg.
DSP Report: Generating DSP mul_32s_32s_32_2_1_U17/tmp_product, operation Mode is: A2*B.
DSP Report: register mul_32s_32s_32_2_1_U17/tmp_product is absorbed into DSP mul_32s_32s_32_2_1_U17/tmp_product.
DSP Report: operator mul_32s_32s_32_2_1_U17/tmp_product is absorbed into DSP mul_32s_32s_32_2_1_U17/tmp_product.
DSP Report: operator mul_32s_32s_32_2_1_U17/tmp_product is absorbed into DSP mul_32s_32s_32_2_1_U17/tmp_product.
DSP Report: Generating DSP mul_32s_32s_32_2_1_U17/dout_reg, operation Mode is: (PCIN>>17)+A*B2.
DSP Report: register lowfreq_accumulate_reg_498_reg is absorbed into DSP mul_32s_32s_32_2_1_U17/dout_reg.
DSP Report: register mul_32s_32s_32_2_1_U17/dout_reg is absorbed into DSP mul_32s_32s_32_2_1_U17/dout_reg.
DSP Report: operator mul_32s_32s_32_2_1_U17/tmp_product is absorbed into DSP mul_32s_32s_32_2_1_U17/dout_reg.
DSP Report: operator mul_32s_32s_32_2_1_U17/tmp_product is absorbed into DSP mul_32s_32s_32_2_1_U17/dout_reg.
DSP Report: Generating DSP mul_32s_32s_32_2_1_U17/tmp_product, operation Mode is: A2*B2.
DSP Report: register mul_32s_32s_32_2_1_U17/tmp_product is absorbed into DSP mul_32s_32s_32_2_1_U17/tmp_product.
DSP Report: register mul_32s_32s_32_2_1_U17/tmp_product is absorbed into DSP mul_32s_32s_32_2_1_U17/tmp_product.
DSP Report: operator mul_32s_32s_32_2_1_U17/tmp_product is absorbed into DSP mul_32s_32s_32_2_1_U17/tmp_product.
DSP Report: operator mul_32s_32s_32_2_1_U17/tmp_product is absorbed into DSP mul_32s_32s_32_2_1_U17/tmp_product.
DSP Report: Generating DSP mul_32s_32s_32_2_1_U17/dout_reg, operation Mode is: (PCIN>>17)+A2*B2.
DSP Report: register lowfreq_accumulate_reg_498_reg is absorbed into DSP mul_32s_32s_32_2_1_U17/dout_reg.
DSP Report: register mul_32s_32s_32_2_1_U17/dout_reg is absorbed into DSP mul_32s_32s_32_2_1_U17/dout_reg.
DSP Report: register mul_32s_32s_32_2_1_U17/dout_reg is absorbed into DSP mul_32s_32s_32_2_1_U17/dout_reg.
DSP Report: operator mul_32s_32s_32_2_1_U17/tmp_product is absorbed into DSP mul_32s_32s_32_2_1_U17/dout_reg.
DSP Report: operator mul_32s_32s_32_2_1_U17/tmp_product is absorbed into DSP mul_32s_32s_32_2_1_U17/dout_reg.
WARNING: [Synth 8-7129] Port in_BUS_RID[0] in module equalizer_gmem_m_axi_read is either unconnected or has no load
WARNING: [Synth 8-7129] Port in_BUS_RRESP[1] in module equalizer_gmem_m_axi_read is either unconnected or has no load
WARNING: [Synth 8-7129] Port in_BUS_RRESP[0] in module equalizer_gmem_m_axi_read is either unconnected or has no load
WARNING: [Synth 8-7129] Port in_BUS_RUSER[0] in module equalizer_gmem_m_axi_read is either unconnected or has no load
WARNING: [Synth 8-7129] Port in_BUS_BID[0] in module equalizer_gmem_m_axi_write is either unconnected or has no load
WARNING: [Synth 8-7129] Port in_BUS_BRESP[1] in module equalizer_gmem_m_axi_write is either unconnected or has no load
WARNING: [Synth 8-7129] Port in_BUS_BRESP[0] in module equalizer_gmem_m_axi_write is either unconnected or has no load
WARNING: [Synth 8-7129] Port in_BUS_BUSER[0] in module equalizer_gmem_m_axi_write is either unconnected or has no load
WARNING: [Synth 8-7129] Port m_axi_gmem_AWREADY in module equalizer_equalizer_Pipeline_Highfreq_Shift_Accumulate_Loop is either unconnected or has no load
WARNING: [Synth 8-7129] Port m_axi_gmem_WREADY in module equalizer_equalizer_Pipeline_Highfreq_Shift_Accumulate_Loop is either unconnected or has no load
WARNING: [Synth 8-7129] Port m_axi_gmem_RLAST in module equalizer_equalizer_Pipeline_Highfreq_Shift_Accumulate_Loop is either unconnected or has no load
WARNING: [Synth 8-7129] Port m_axi_gmem_RID[0] in module equalizer_equalizer_Pipeline_Highfreq_Shift_Accumulate_Loop is either unconnected or has no load
WARNING: [Synth 8-7129] Port m_axi_gmem_RFIFONUM[8] in module equalizer_equalizer_Pipeline_Highfreq_Shift_Accumulate_Loop is either unconnected or has no load
WARNING: [Synth 8-7129] Port m_axi_gmem_RFIFONUM[7] in module equalizer_equalizer_Pipeline_Highfreq_Shift_Accumulate_Loop is either unconnected or has no load
WARNING: [Synth 8-7129] Port m_axi_gmem_RFIFONUM[6] in module equalizer_equalizer_Pipeline_Highfreq_Shift_Accumulate_Loop is either unconnected or has no load
WARNING: [Synth 8-7129] Port m_axi_gmem_RFIFONUM[5] in module equalizer_equalizer_Pipeline_Highfreq_Shift_Accumulate_Loop is either unconnected or has no load
WARNING: [Synth 8-7129] Port m_axi_gmem_RFIFONUM[4] in module equalizer_equalizer_Pipeline_Highfreq_Shift_Accumulate_Loop is either unconnected or has no load
WARNING: [Synth 8-7129] Port m_axi_gmem_RFIFONUM[3] in module equalizer_equalizer_Pipeline_Highfreq_Shift_Accumulate_Loop is either unconnected or has no load
WARNING: [Synth 8-7129] Port m_axi_gmem_RFIFONUM[2] in module equalizer_equalizer_Pipeline_Highfreq_Shift_Accumulate_Loop is either unconnected or has no load
WARNING: [Synth 8-7129] Port m_axi_gmem_RFIFONUM[1] in module equalizer_equalizer_Pipeline_Highfreq_Shift_Accumulate_Loop is either unconnected or has no load
WARNING: [Synth 8-7129] Port m_axi_gmem_RFIFONUM[0] in module equalizer_equalizer_Pipeline_Highfreq_Shift_Accumulate_Loop is either unconnected or has no load
WARNING: [Synth 8-7129] Port m_axi_gmem_RUSER[0] in module equalizer_equalizer_Pipeline_Highfreq_Shift_Accumulate_Loop is either unconnected or has no load
WARNING: [Synth 8-7129] Port m_axi_gmem_RRESP[1] in module equalizer_equalizer_Pipeline_Highfreq_Shift_Accumulate_Loop is either unconnected or has no load
WARNING: [Synth 8-7129] Port m_axi_gmem_RRESP[0] in module equalizer_equalizer_Pipeline_Highfreq_Shift_Accumulate_Loop is either unconnected or has no load
WARNING: [Synth 8-7129] Port m_axi_gmem_BVALID in module equalizer_equalizer_Pipeline_Highfreq_Shift_Accumulate_Loop is either unconnected or has no load
INFO: [Common 17-14] Message 'Synth 8-7129' appears 100 times and further instances of the messages will be disabled. Use the Tcl command set_msg_config to change the current settings.
INFO: [Synth 8-5784] Optimized 36 bits of RAM "store_unit/buff_wdata/U_fifo_mem/mem_reg" due to constant propagation. Old ram width 36 bits, new ram width 0 bits.
WARNING: [Synth 8-5785] Removed RAM "store_unit/buff_wdata/U_fifo_mem/mem_reg" due to constant propagation. Write data stuck at zero 
WARNING: [Synth 8-3332] Sequential element (FSM_onehot_wstate_reg[0]) is unused and will be removed from module equalizer_control_s_axi.
WARNING: [Synth 8-3332] Sequential element (FSM_onehot_rstate_reg[0]) is unused and will be removed from module equalizer_control_s_axi.
WARNING: [Synth 8-3332] Sequential element (bus_write/rs_wreq/FSM_sequential_state_reg[1]) is unused and will be removed from module equalizer_gmem_m_axi.
WARNING: [Synth 8-3332] Sequential element (bus_write/rs_wreq/FSM_sequential_state_reg[0]) is unused and will be removed from module equalizer_gmem_m_axi.
WARNING: [Synth 8-3332] Sequential element (bus_write/wreq_throttle/rs_req/FSM_sequential_state_reg[1]) is unused and will be removed from module equalizer_gmem_m_axi.
WARNING: [Synth 8-3332] Sequential element (bus_write/wreq_throttle/rs_req/FSM_sequential_state_reg[0]) is unused and will be removed from module equalizer_gmem_m_axi.
WARNING: [Synth 8-3332] Sequential element (mul_32s_32s_32_2_1_U18/dout_reg[47]) is unused and will be removed from module equalizer.
WARNING: [Synth 8-3332] Sequential element (mul_32s_32s_32_2_1_U18/dout_reg[46]) is unused and will be removed from module equalizer.
WARNING: [Synth 8-3332] Sequential element (mul_32s_32s_32_2_1_U18/dout_reg[45]) is unused and will be removed from module equalizer.
WARNING: [Synth 8-3332] Sequential element (mul_32s_32s_32_2_1_U18/dout_reg[44]) is unused and will be removed from module equalizer.
WARNING: [Synth 8-3332] Sequential element (mul_32s_32s_32_2_1_U18/dout_reg[43]) is unused and will be removed from module equalizer.
WARNING: [Synth 8-3332] Sequential element (mul_32s_32s_32_2_1_U18/dout_reg[42]) is unused and will be removed from module equalizer.
WARNING: [Synth 8-3332] Sequential element (mul_32s_32s_32_2_1_U18/dout_reg[41]) is unused and will be removed from module equalizer.
WARNING: [Synth 8-3332] Sequential element (mul_32s_32s_32_2_1_U18/dout_reg[40]) is unused and will be removed from module equalizer.
WARNING: [Synth 8-3332] Sequential element (mul_32s_32s_32_2_1_U18/dout_reg[39]) is unused and will be removed from module equalizer.
WARNING: [Synth 8-3332] Sequential element (mul_32s_32s_32_2_1_U18/dout_reg[38]) is unused and will be removed from module equalizer.
WARNING: [Synth 8-3332] Sequential element (mul_32s_32s_32_2_1_U18/dout_reg[37]) is unused and will be removed from module equalizer.
WARNING: [Synth 8-3332] Sequential element (mul_32s_32s_32_2_1_U18/dout_reg[36]) is unused and will be removed from module equalizer.
WARNING: [Synth 8-3332] Sequential element (mul_32s_32s_32_2_1_U18/dout_reg[35]) is unused and will be removed from module equalizer.
WARNING: [Synth 8-3332] Sequential element (mul_32s_32s_32_2_1_U18/dout_reg[34]) is unused and will be removed from module equalizer.
WARNING: [Synth 8-3332] Sequential element (mul_32s_32s_32_2_1_U18/dout_reg[33]) is unused and will be removed from module equalizer.
WARNING: [Synth 8-3332] Sequential element (mul_32s_32s_32_2_1_U18/dout_reg[32]) is unused and will be removed from module equalizer.
WARNING: [Synth 8-3332] Sequential element (mul_32s_32s_32_2_1_U18/dout_reg[31]) is unused and will be removed from module equalizer.
WARNING: [Synth 8-3332] Sequential element (mul_32s_32s_32_2_1_U18/dout_reg[30]) is unused and will be removed from module equalizer.
WARNING: [Synth 8-3332] Sequential element (mul_32s_32s_32_2_1_U18/dout_reg[29]) is unused and will be removed from module equalizer.
WARNING: [Synth 8-3332] Sequential element (mul_32s_32s_32_2_1_U18/dout_reg[28]) is unused and will be removed from module equalizer.
WARNING: [Synth 8-3332] Sequential element (mul_32s_32s_32_2_1_U18/dout_reg[27]) is unused and will be removed from module equalizer.
WARNING: [Synth 8-3332] Sequential element (mul_32s_32s_32_2_1_U18/dout_reg[26]) is unused and will be removed from module equalizer.
WARNING: [Synth 8-3332] Sequential element (mul_32s_32s_32_2_1_U18/dout_reg[25]) is unused and will be removed from module equalizer.
WARNING: [Synth 8-3332] Sequential element (mul_32s_32s_32_2_1_U18/dout_reg[24]) is unused and will be removed from module equalizer.
WARNING: [Synth 8-3332] Sequential element (mul_32s_32s_32_2_1_U18/dout_reg[23]) is unused and will be removed from module equalizer.
WARNING: [Synth 8-3332] Sequential element (mul_32s_32s_32_2_1_U18/dout_reg[22]) is unused and will be removed from module equalizer.
WARNING: [Synth 8-3332] Sequential element (mul_32s_32s_32_2_1_U18/dout_reg[21]) is unused and will be removed from module equalizer.
WARNING: [Synth 8-3332] Sequential element (mul_32s_32s_32_2_1_U18/dout_reg[20]) is unused and will be removed from module equalizer.
WARNING: [Synth 8-3332] Sequential element (mul_32s_32s_32_2_1_U18/dout_reg[19]) is unused and will be removed from module equalizer.
WARNING: [Synth 8-3332] Sequential element (mul_32s_32s_32_2_1_U18/dout_reg[18]) is unused and will be removed from module equalizer.
WARNING: [Synth 8-3332] Sequential element (mul_32s_32s_32_2_1_U18/dout_reg[17]) is unused and will be removed from module equalizer.
WARNING: [Synth 8-3332] Sequential element (mul_32s_32s_32_2_1_U18/dout_reg[16]) is unused and will be removed from module equalizer.
WARNING: [Synth 8-3332] Sequential element (mul_32s_32s_32_2_1_U18/dout_reg[15]) is unused and will be removed from module equalizer.
WARNING: [Synth 8-3332] Sequential element (mul_32s_32s_32_2_1_U18/dout_reg[47]__0) is unused and will be removed from module equalizer.
WARNING: [Synth 8-3332] Sequential element (mul_32s_32s_32_2_1_U18/dout_reg[46]__0) is unused and will be removed from module equalizer.
WARNING: [Synth 8-3332] Sequential element (mul_32s_32s_32_2_1_U18/dout_reg[45]__0) is unused and will be removed from module equalizer.
WARNING: [Synth 8-3332] Sequential element (mul_32s_32s_32_2_1_U18/dout_reg[44]__0) is unused and will be removed from module equalizer.
WARNING: [Synth 8-3332] Sequential element (mul_32s_32s_32_2_1_U18/dout_reg[43]__0) is unused and will be removed from module equalizer.
WARNING: [Synth 8-3332] Sequential element (mul_32s_32s_32_2_1_U18/dout_reg[42]__0) is unused and will be removed from module equalizer.
WARNING: [Synth 8-3332] Sequential element (mul_32s_32s_32_2_1_U18/dout_reg[41]__0) is unused and will be removed from module equalizer.
WARNING: [Synth 8-3332] Sequential element (mul_32s_32s_32_2_1_U18/dout_reg[40]__0) is unused and will be removed from module equalizer.
WARNING: [Synth 8-3332] Sequential element (mul_32s_32s_32_2_1_U18/dout_reg[39]__0) is unused and will be removed from module equalizer.
WARNING: [Synth 8-3332] Sequential element (mul_32s_32s_32_2_1_U18/dout_reg[38]__0) is unused and will be removed from module equalizer.
WARNING: [Synth 8-3332] Sequential element (mul_32s_32s_32_2_1_U18/dout_reg[37]__0) is unused and will be removed from module equalizer.
WARNING: [Synth 8-3332] Sequential element (mul_32s_32s_32_2_1_U18/dout_reg[36]__0) is unused and will be removed from module equalizer.
WARNING: [Synth 8-3332] Sequential element (mul_32s_32s_32_2_1_U18/dout_reg[35]__0) is unused and will be removed from module equalizer.
WARNING: [Synth 8-3332] Sequential element (mul_32s_32s_32_2_1_U18/dout_reg[34]__0) is unused and will be removed from module equalizer.
WARNING: [Synth 8-3332] Sequential element (mul_32s_32s_32_2_1_U18/dout_reg[33]__0) is unused and will be removed from module equalizer.
WARNING: [Synth 8-3332] Sequential element (mul_32s_32s_32_2_1_U18/dout_reg[32]__0) is unused and will be removed from module equalizer.
WARNING: [Synth 8-3332] Sequential element (mul_32s_32s_32_2_1_U18/dout_reg[31]__0) is unused and will be removed from module equalizer.
WARNING: [Synth 8-3332] Sequential element (mul_32s_32s_32_2_1_U18/dout_reg[30]__0) is unused and will be removed from module equalizer.
WARNING: [Synth 8-3332] Sequential element (mul_32s_32s_32_2_1_U18/dout_reg[29]__0) is unused and will be removed from module equalizer.
WARNING: [Synth 8-3332] Sequential element (mul_32s_32s_32_2_1_U18/dout_reg[28]__0) is unused and will be removed from module equalizer.
WARNING: [Synth 8-3332] Sequential element (mul_32s_32s_32_2_1_U18/dout_reg[27]__0) is unused and will be removed from module equalizer.
WARNING: [Synth 8-3332] Sequential element (mul_32s_32s_32_2_1_U18/dout_reg[26]__0) is unused and will be removed from module equalizer.
WARNING: [Synth 8-3332] Sequential element (mul_32s_32s_32_2_1_U18/dout_reg[25]__0) is unused and will be removed from module equalizer.
WARNING: [Synth 8-3332] Sequential element (mul_32s_32s_32_2_1_U18/dout_reg[24]__0) is unused and will be removed from module equalizer.
WARNING: [Synth 8-3332] Sequential element (mul_32s_32s_32_2_1_U18/dout_reg[23]__0) is unused and will be removed from module equalizer.
WARNING: [Synth 8-3332] Sequential element (mul_32s_32s_32_2_1_U18/dout_reg[22]__0) is unused and will be removed from module equalizer.
WARNING: [Synth 8-3332] Sequential element (mul_32s_32s_32_2_1_U18/dout_reg[21]__0) is unused and will be removed from module equalizer.
WARNING: [Synth 8-3332] Sequential element (mul_32s_32s_32_2_1_U18/dout_reg[20]__0) is unused and will be removed from module equalizer.
WARNING: [Synth 8-3332] Sequential element (mul_32s_32s_32_2_1_U18/dout_reg[19]__0) is unused and will be removed from module equalizer.
WARNING: [Synth 8-3332] Sequential element (mul_32s_32s_32_2_1_U18/dout_reg[18]__0) is unused and will be removed from module equalizer.
WARNING: [Synth 8-3332] Sequential element (mul_32s_32s_32_2_1_U18/dout_reg[17]__0) is unused and will be removed from module equalizer.
WARNING: [Synth 8-3332] Sequential element (mul_32s_32s_32_2_1_U16/dout_reg[47]) is unused and will be removed from module equalizer.
WARNING: [Synth 8-3332] Sequential element (mul_32s_32s_32_2_1_U16/dout_reg[46]) is unused and will be removed from module equalizer.
WARNING: [Synth 8-3332] Sequential element (mul_32s_32s_32_2_1_U16/dout_reg[45]) is unused and will be removed from module equalizer.
WARNING: [Synth 8-3332] Sequential element (mul_32s_32s_32_2_1_U16/dout_reg[44]) is unused and will be removed from module equalizer.
WARNING: [Synth 8-3332] Sequential element (mul_32s_32s_32_2_1_U16/dout_reg[43]) is unused and will be removed from module equalizer.
WARNING: [Synth 8-3332] Sequential element (mul_32s_32s_32_2_1_U16/dout_reg[42]) is unused and will be removed from module equalizer.
WARNING: [Synth 8-3332] Sequential element (mul_32s_32s_32_2_1_U16/dout_reg[41]) is unused and will be removed from module equalizer.
WARNING: [Synth 8-3332] Sequential element (mul_32s_32s_32_2_1_U16/dout_reg[40]) is unused and will be removed from module equalizer.
WARNING: [Synth 8-3332] Sequential element (mul_32s_32s_32_2_1_U16/dout_reg[39]) is unused and will be removed from module equalizer.
WARNING: [Synth 8-3332] Sequential element (mul_32s_32s_32_2_1_U16/dout_reg[38]) is unused and will be removed from module equalizer.
WARNING: [Synth 8-3332] Sequential element (mul_32s_32s_32_2_1_U16/dout_reg[37]) is unused and will be removed from module equalizer.
WARNING: [Synth 8-3332] Sequential element (mul_32s_32s_32_2_1_U16/dout_reg[36]) is unused and will be removed from module equalizer.
WARNING: [Synth 8-3332] Sequential element (mul_32s_32s_32_2_1_U16/dout_reg[35]) is unused and will be removed from module equalizer.
WARNING: [Synth 8-3332] Sequential element (mul_32s_32s_32_2_1_U16/dout_reg[34]) is unused and will be removed from module equalizer.
WARNING: [Synth 8-3332] Sequential element (mul_32s_32s_32_2_1_U16/dout_reg[33]) is unused and will be removed from module equalizer.
WARNING: [Synth 8-3332] Sequential element (mul_32s_32s_32_2_1_U16/dout_reg[32]) is unused and will be removed from module equalizer.
WARNING: [Synth 8-3332] Sequential element (mul_32s_32s_32_2_1_U16/dout_reg[31]) is unused and will be removed from module equalizer.
WARNING: [Synth 8-3332] Sequential element (mul_32s_32s_32_2_1_U16/dout_reg[30]) is unused and will be removed from module equalizer.
WARNING: [Synth 8-3332] Sequential element (mul_32s_32s_32_2_1_U16/dout_reg[29]) is unused and will be removed from module equalizer.
WARNING: [Synth 8-3332] Sequential element (mul_32s_32s_32_2_1_U16/dout_reg[28]) is unused and will be removed from module equalizer.
WARNING: [Synth 8-3332] Sequential element (mul_32s_32s_32_2_1_U16/dout_reg[27]) is unused and will be removed from module equalizer.
WARNING: [Synth 8-3332] Sequential element (mul_32s_32s_32_2_1_U16/dout_reg[26]) is unused and will be removed from module equalizer.
WARNING: [Synth 8-3332] Sequential element (mul_32s_32s_32_2_1_U16/dout_reg[25]) is unused and will be removed from module equalizer.
WARNING: [Synth 8-3332] Sequential element (mul_32s_32s_32_2_1_U16/dout_reg[24]) is unused and will be removed from module equalizer.
WARNING: [Synth 8-3332] Sequential element (mul_32s_32s_32_2_1_U16/dout_reg[23]) is unused and will be removed from module equalizer.
WARNING: [Synth 8-3332] Sequential element (mul_32s_32s_32_2_1_U16/dout_reg[22]) is unused and will be removed from module equalizer.
WARNING: [Synth 8-3332] Sequential element (mul_32s_32s_32_2_1_U16/dout_reg[21]) is unused and will be removed from module equalizer.
WARNING: [Synth 8-3332] Sequential element (mul_32s_32s_32_2_1_U16/dout_reg[20]) is unused and will be removed from module equalizer.
WARNING: [Synth 8-3332] Sequential element (mul_32s_32s_32_2_1_U16/dout_reg[19]) is unused and will be removed from module equalizer.
WARNING: [Synth 8-3332] Sequential element (mul_32s_32s_32_2_1_U16/dout_reg[18]) is unused and will be removed from module equalizer.
INFO: [Common 17-14] Message 'Synth 8-3332' appears 100 times and further instances of the messages will be disabled. Use the Tcl command set_msg_config to change the current settings.
---------------------------------------------------------------------------------
Finished Cross Boundary and Area Optimization : Time (s): cpu = 00:00:40 ; elapsed = 00:00:50 . Memory (MB): peak = 1774.125 ; gain = 97.668
---------------------------------------------------------------------------------
---------------------------------------------------------------------------------
Start ROM, RAM, DSP, Shift Register and Retiming Reporting
---------------------------------------------------------------------------------

Block RAM: Preliminary Mapping Report (see note below)
+------------------+-----------------------------------------+------------------------+---+---+------------------------+---+---+------------------+--------+--------+
|Module Name       | RTL Object                              | PORT A (Depth x Width) | W | R | PORT B (Depth x Width) | W | R | Ports driving FF | RAMB18 | RAMB36 | 
+------------------+-----------------------------------------+------------------------+---+---+------------------------+---+---+------------------+--------+--------+
|inst              | lowfreq_shift_reg_U/ram_reg             | 33 x 32(READ_FIRST)    | W |   | 33 x 32(WRITE_FIRST)   |   | R | Port A and B     | 1      | 0      | 
|inst              | midfreq_shift_reg_U/ram_reg             | 33 x 32(READ_FIRST)    | W |   | 33 x 32(WRITE_FIRST)   |   | R | Port A and B     | 1      | 0      | 
|inst              | highfreq_shift_reg_U/ram_reg            | 33 x 32(READ_FIRST)    | W |   | 33 x 32(WRITE_FIRST)   |   | R | Port A and B     | 1      | 0      | 
|inst/gmem_m_axi_U | load_unit/buff_rdata/U_fifo_mem/mem_reg | 255 x 34(READ_FIRST)   | W |   | 255 x 34(WRITE_FIRST)  |   | R | Port A and B     | 1      | 0      | 
+------------------+-----------------------------------------+------------------------+---+---+------------------------+---+---+------------------+--------+--------+

Note: The table above is a preliminary report that shows the Block RAMs at the current stage of the synthesis flow. Some Block RAMs may be reimplemented as non Block RAM primitives later in the synthesis flow. Multiple instantiated Block RAMs are reported only once. 

DSP: Preliminary Mapping Report (see note below. The ' indicates corresponding REG is set)
+------------+------------------+--------+--------+--------+--------+--------+------+------+------+------+-------+------+------+
|Module Name | DSP Mapping      | A Size | B Size | C Size | D Size | P Size | AREG | BREG | CREG | DREG | ADREG | MREG | PREG | 
+------------+------------------+--------+--------+--------+--------+--------+------+------+------+------+-------+------+------+
|equalizer   | A*B              | 18     | 15     | -      | -      | 48     | 0    | 0    | -    | -    | -     | 0    | 0    | 
|equalizer   | (PCIN>>17)+A*B   | 15     | 15     | -      | -      | 48     | 0    | 0    | -    | -    | -     | 0    | 1    | 
|equalizer   | A*B              | 18     | 18     | -      | -      | 48     | 0    | 0    | -    | -    | -     | 0    | 0    | 
|equalizer   | (PCIN>>17)+A*B   | 18     | 15     | -      | -      | 48     | 0    | 0    | -    | -    | -     | 0    | 1    | 
|equalizer   | A*B              | 18     | 15     | -      | -      | 48     | 0    | 0    | -    | -    | -     | 0    | 0    | 
|equalizer   | (PCIN>>17)+A*B   | 15     | 15     | -      | -      | 48     | 0    | 0    | -    | -    | -     | 0    | 1    | 
|equalizer   | A2*B             | 18     | 18     | -      | -      | 48     | 1    | 0    | -    | -    | -     | 0    | 0    | 
|equalizer   | (PCIN>>17)+A2*B  | 18     | 15     | -      | -      | 48     | 1    | 0    | -    | -    | -     | 0    | 1    | 
|equalizer   | A2*B             | 18     | 15     | -      | -      | 48     | 1    | 0    | -    | -    | -     | 0    | 0    | 
|equalizer   | (PCIN>>17)+A*B2  | 15     | 15     | -      | -      | 48     | 0    | 1    | -    | -    | -     | 0    | 1    | 
|equalizer   | A2*B2            | 18     | 18     | -      | -      | 48     | 1    | 1    | -    | -    | -     | 0    | 0    | 
|equalizer   | (PCIN>>17)+A2*B2 | 18     | 15     | -      | -      | 48     | 1    | 1    | -    | -    | -     | 0    | 1    | 
+------------+------------------+--------+--------+--------+--------+--------+------+------+------+------+-------+------+------+

Note: The table above is a preliminary report that shows the DSPs inferred at the current stage of the synthesis flow. Some DSP may be reimplemented as non DSP primitives later in the synthesis flow. Multiple instantiated DSPs are reported only once.
---------------------------------------------------------------------------------
Finished ROM, RAM, DSP, Shift Register and Retiming Reporting
---------------------------------------------------------------------------------
---------------------------------------------------------------------------------
Start Applying XDC Timing Constraints
---------------------------------------------------------------------------------
---------------------------------------------------------------------------------
Finished Applying XDC Timing Constraints : Time (s): cpu = 00:00:50 ; elapsed = 00:01:00 . Memory (MB): peak = 1774.125 ; gain = 97.668
---------------------------------------------------------------------------------
---------------------------------------------------------------------------------
Start Timing Optimization
---------------------------------------------------------------------------------
---------------------------------------------------------------------------------
Finished Timing Optimization : Time (s): cpu = 00:00:53 ; elapsed = 00:01:03 . Memory (MB): peak = 1807.445 ; gain = 130.988
---------------------------------------------------------------------------------
---------------------------------------------------------------------------------
Start ROM, RAM, DSP, Shift Register and Retiming Reporting
---------------------------------------------------------------------------------

Block RAM: Final Mapping Report
+------------------+-----------------------------------------+------------------------+---+---+------------------------+---+---+------------------+--------+--------+
|Module Name       | RTL Object                              | PORT A (Depth x Width) | W | R | PORT B (Depth x Width) | W | R | Ports driving FF | RAMB18 | RAMB36 | 
+------------------+-----------------------------------------+------------------------+---+---+------------------------+---+---+------------------+--------+--------+
|inst              | lowfreq_shift_reg_U/ram_reg             | 33 x 32(READ_FIRST)    | W |   | 33 x 32(WRITE_FIRST)   |   | R | Port A and B     | 1      | 0      | 
|inst              | midfreq_shift_reg_U/ram_reg             | 33 x 32(READ_FIRST)    | W |   | 33 x 32(WRITE_FIRST)   |   | R | Port A and B     | 1      | 0      | 
|inst              | highfreq_shift_reg_U/ram_reg            | 33 x 32(READ_FIRST)    | W |   | 33 x 32(WRITE_FIRST)   |   | R | Port A and B     | 1      | 0      | 
|inst/gmem_m_axi_U | load_unit/buff_rdata/U_fifo_mem/mem_reg | 255 x 34(READ_FIRST)   | W |   | 255 x 34(WRITE_FIRST)  |   | R | Port A and B     | 1      | 0      | 
+------------------+-----------------------------------------+------------------------+---+---+------------------------+---+---+------------------+--------+--------+

---------------------------------------------------------------------------------
Finished ROM, RAM, DSP, Shift Register and Retiming Reporting
---------------------------------------------------------------------------------
---------------------------------------------------------------------------------
Start Technology Mapping
---------------------------------------------------------------------------------
INFO: [Synth 8-7052] The timing for the instance inst/lowfreq_shift_reg_U/ram_reg (implemented as a Block RAM) might be sub-optimal as no optional output register could be merged into the ram block. Providing additional output register may help in improving timing.
INFO: [Synth 8-7052] The timing for the instance inst/midfreq_shift_reg_U/ram_reg (implemented as a Block RAM) might be sub-optimal as no optional output register could be merged into the ram block. Providing additional output register may help in improving timing.
INFO: [Synth 8-7052] The timing for the instance inst/highfreq_shift_reg_U/ram_reg (implemented as a Block RAM) might be sub-optimal as no optional output register could be merged into the ram block. Providing additional output register may help in improving timing.
INFO: [Synth 8-7052] The timing for the instance inst/gmem_m_axi_U/load_unit/buff_rdata/U_fifo_mem/mem_reg (implemented as a Block RAM) might be sub-optimal as no optional output register could be merged into the ram block. Providing additional output register may help in improving timing.
---------------------------------------------------------------------------------
Finished Technology Mapping : Time (s): cpu = 00:00:55 ; elapsed = 00:01:05 . Memory (MB): peak = 1817.473 ; gain = 141.016
---------------------------------------------------------------------------------
---------------------------------------------------------------------------------
Start IO Insertion
---------------------------------------------------------------------------------
---------------------------------------------------------------------------------
Start Flattening Before IO Insertion
---------------------------------------------------------------------------------
---------------------------------------------------------------------------------
Finished Flattening Before IO Insertion
---------------------------------------------------------------------------------
---------------------------------------------------------------------------------
Start Final Netlist Cleanup
---------------------------------------------------------------------------------
---------------------------------------------------------------------------------
Finished Final Netlist Cleanup
---------------------------------------------------------------------------------
---------------------------------------------------------------------------------
Finished IO Insertion : Time (s): cpu = 00:01:00 ; elapsed = 00:01:11 . Memory (MB): peak = 1817.473 ; gain = 141.016
---------------------------------------------------------------------------------
---------------------------------------------------------------------------------
Start Renaming Generated Instances
---------------------------------------------------------------------------------
---------------------------------------------------------------------------------
Finished Renaming Generated Instances : Time (s): cpu = 00:01:00 ; elapsed = 00:01:11 . Memory (MB): peak = 1817.473 ; gain = 141.016
---------------------------------------------------------------------------------
---------------------------------------------------------------------------------
Start Rebuilding User Hierarchy
---------------------------------------------------------------------------------
---------------------------------------------------------------------------------
Finished Rebuilding User Hierarchy : Time (s): cpu = 00:01:01 ; elapsed = 00:01:11 . Memory (MB): peak = 1817.473 ; gain = 141.016
---------------------------------------------------------------------------------
---------------------------------------------------------------------------------
Start Renaming Generated Ports
---------------------------------------------------------------------------------
---------------------------------------------------------------------------------
Finished Renaming Generated Ports : Time (s): cpu = 00:01:01 ; elapsed = 00:01:11 . Memory (MB): peak = 1817.473 ; gain = 141.016
---------------------------------------------------------------------------------
---------------------------------------------------------------------------------
Start Handling Custom Attributes
---------------------------------------------------------------------------------
---------------------------------------------------------------------------------
Finished Handling Custom Attributes : Time (s): cpu = 00:01:01 ; elapsed = 00:01:11 . Memory (MB): peak = 1817.473 ; gain = 141.016
---------------------------------------------------------------------------------
---------------------------------------------------------------------------------
Start Renaming Generated Nets
---------------------------------------------------------------------------------
---------------------------------------------------------------------------------
Finished Renaming Generated Nets : Time (s): cpu = 00:01:01 ; elapsed = 00:01:11 . Memory (MB): peak = 1817.473 ; gain = 141.016
---------------------------------------------------------------------------------
---------------------------------------------------------------------------------
Start ROM, RAM, DSP, Shift Register and Retiming Reporting
---------------------------------------------------------------------------------

Static Shift Register Report:
+------------+--------------------------------------------------------------------------------------------------------------------+--------+-------+--------------+--------------------+-------------------+--------+---------+
|Module Name | RTL Name                                                                                                           | Length | Width | Reset Signal | Pull out first Reg | Pull out last Reg | SRL16E | SRLC32E | 
+------------+--------------------------------------------------------------------------------------------------------------------+--------+-------+--------------+--------------------+-------------------+--------+---------+
|equalizer   | grp_equalizer_Pipeline_Lowfreq_Shift_Accumulate_Loop_fu_243/lowfreq_shift_reg_load_reg_268_pp0_iter8_reg_reg[31]   | 7      | 32    | NO           | NO                 | YES               | 32     | 0       | 
|equalizer   | grp_equalizer_Pipeline_Lowfreq_Shift_Accumulate_Loop_fu_243/ap_loop_exit_ready_pp0_iter10_reg_reg                  | 10     | 1     | NO           | NO                 | YES               | 1      | 0       | 
|equalizer   | grp_equalizer_Pipeline_Midfreq_Shift_Accumulate_Loop_fu_254/midfreq_shift_reg_load_reg_268_pp0_iter8_reg_reg[31]   | 7      | 32    | NO           | NO                 | YES               | 32     | 0       | 
|equalizer   | grp_equalizer_Pipeline_Midfreq_Shift_Accumulate_Loop_fu_254/ap_loop_exit_ready_pp0_iter10_reg_reg                  | 10     | 1     | NO           | NO                 | YES               | 1      | 0       | 
|equalizer   | grp_equalizer_Pipeline_Highfreq_Shift_Accumulate_Loop_fu_264/highfreq_shift_reg_load_reg_268_pp0_iter8_reg_reg[31] | 7      | 32    | NO           | NO                 | YES               | 32     | 0       | 
|equalizer   | grp_equalizer_Pipeline_Highfreq_Shift_Accumulate_Loop_fu_264/ap_loop_exit_ready_pp0_iter10_reg_reg                 | 10     | 1     | NO           | NO                 | YES               | 1      | 0       | 
+------------+--------------------------------------------------------------------------------------------------------------------+--------+-------+--------------+--------------------+-------------------+--------+---------+


Dynamic Shift Register Report:
+------------+-------------+--------+------------+--------+---------+--------+--------+--------+
|Module Name | RTL Name    | Length | Data Width | SRL16E | SRLC32E | Mux F7 | Mux F8 | Mux F9 | 
+------------+-------------+--------+------------+--------+---------+--------+--------+--------+
|dsrl        | mem_reg[3]  | 96     | 96         | 96     | 0       | 0      | 0      | 0      | 
|dsrl__1     | mem_reg[14] | 1      | 1          | 1      | 0       | 0      | 0      | 0      | 
|dsrl__2     | mem_reg[3]  | 1      | 1          | 1      | 0       | 0      | 0      | 0      | 
|dsrl__3     | mem_reg[14] | 8      | 8          | 8      | 0       | 0      | 0      | 0      | 
|dsrl__4     | mem_reg[14] | 72     | 72         | 72     | 0       | 0      | 0      | 0      | 
|dsrl__5     | mem_reg[14] | 37     | 37         | 37     | 0       | 0      | 0      | 0      | 
+------------+-------------+--------+------------+--------+---------+--------+--------+--------+

---------------------------------------------------------------------------------
Finished ROM, RAM, DSP, Shift Register and Retiming Reporting
---------------------------------------------------------------------------------
---------------------------------------------------------------------------------
Start Writing Synthesis Report
---------------------------------------------------------------------------------

DSP Final Report (the ' indicates corresponding REG is set)
+------------+-------------------+--------+--------+--------+--------+--------+------+------+------+------+-------+------+------+
|Module Name | DSP Mapping       | A Size | B Size | C Size | D Size | P Size | AREG | BREG | CREG | DREG | ADREG | MREG | PREG | 
+------------+-------------------+--------+--------+--------+--------+--------+------+------+------+------+-------+------+------+
|equalizer   | (A'*B')'          | 17     | 18     | -      | -      | 48     | 1    | 1    | -    | -    | -     | 0    | 1    | 
|equalizer   | A'*B'             | 17     | 17     | -      | -      | 48     | 1    | 1    | -    | -    | -     | 0    | 0    | 
|equalizer   | (PCIN>>17+A'*B')' | 17     | 18     | -      | -      | 48     | 1    | 1    | -    | -    | -     | 0    | 1    | 
|equalizer   | (A'*B')'          | 17     | 18     | -      | -      | 48     | 1    | 1    | -    | -    | -     | 0    | 1    | 
|equalizer   | A'*B'             | 17     | 17     | -      | -      | 48     | 1    | 1    | -    | -    | -     | 0    | 0    | 
|equalizer   | (PCIN>>17+A'*B')' | 17     | 18     | -      | -      | 48     | 1    | 1    | -    | -    | -     | 0    | 1    | 
|equalizer   | (A*B)'            | 17     | 18     | -      | -      | 48     | 0    | 0    | -    | -    | -     | 0    | 1    | 
|equalizer   | A*B               | 17     | 17     | -      | -      | 48     | 0    | 0    | -    | -    | -     | 0    | 0    | 
|equalizer   | (PCIN>>17+A*B)'   | 0      | 18     | -      | -      | 48     | 0    | 0    | -    | -    | -     | 0    | 1    | 
+------------+-------------------+--------+--------+--------+--------+--------+------+------+------+------+-------+------+------+


Report BlackBoxes: 
+-+--------------+----------+
| |BlackBox name |Instances |
+-+--------------+----------+
+-+--------------+----------+

Report Cell Usage: 
+------+---------+------+
|      |Cell     |Count |
+------+---------+------+
|1     |CARRY4   |   164|
|2     |DSP48E1  |     9|
|6     |LUT1     |    10|
|7     |LUT2     |   324|
|8     |LUT3     |   720|
|9     |LUT4     |   224|
|10    |LUT5     |   168|
|11    |LUT6     |   321|
|12    |MUXF7    |    62|
|13    |RAMB18E1 |     4|
|15    |SRL16E   |   163|
|16    |FDRE     |  2439|
|17    |FDSE     |     3|
+------+---------+------+
---------------------------------------------------------------------------------
Finished Writing Synthesis Report : Time (s): cpu = 00:01:01 ; elapsed = 00:01:11 . Memory (MB): peak = 1817.473 ; gain = 141.016
---------------------------------------------------------------------------------
Synthesis finished with 0 errors, 0 critical warnings and 271 warnings.
Synthesis Optimization Runtime : Time (s): cpu = 00:00:45 ; elapsed = 00:01:07 . Memory (MB): peak = 1817.473 ; gain = 53.891
Synthesis Optimization Complete : Time (s): cpu = 00:01:01 ; elapsed = 00:01:11 . Memory (MB): peak = 1817.473 ; gain = 141.016
INFO: [Project 1-571] Translating synthesized netlist
Netlist sorting complete. Time (s): cpu = 00:00:01 ; elapsed = 00:00:00.083 . Memory (MB): peak = 1820.320 ; gain = 0.000
INFO: [Netlist 29-17] Analyzing 239 Unisim elements for replacement
INFO: [Netlist 29-28] Unisim Transformation completed in 0 CPU seconds
INFO: [Project 1-570] Preparing netlist for logic optimization
INFO: [Opt 31-138] Pushed 0 inverter(s) to 0 load pin(s).
Netlist sorting complete. Time (s): cpu = 00:00:00 ; elapsed = 00:00:00.001 . Memory (MB): peak = 1823.996 ; gain = 0.000
INFO: [Project 1-111] Unisim Transformation Summary:
No Unisim elements were transformed.

Synth Design complete, checksum: ff655f5a
INFO: [Common 17-83] Releasing license: Synthesis
123 Infos, 207 Warnings, 0 Critical Warnings and 0 Errors encountered.
synth_design completed successfully
synth_design: Time (s): cpu = 00:01:08 ; elapsed = 00:01:22 . Memory (MB): peak = 1823.996 ; gain = 147.539
INFO: [Common 17-1381] The checkpoint 'C:/EECE4632FinalProject/Audio_Equalizer_Vivado/Audio_Equalizer_2/project_1.runs/dma_axis_ip_example_equalizer_0_0_synth_1/dma_axis_ip_example_equalizer_0_0.dcp' has been generated.
INFO: [Coretcl 2-1648] Added synthesis output to IP cache for IP dma_axis_ip_example_equalizer_0_0, cache-ID = 7475638cb9d2f293
INFO: [Coretcl 2-1174] Renamed 42 cell refs.
INFO: [Common 17-1381] The checkpoint 'C:/EECE4632FinalProject/Audio_Equalizer_Vivado/Audio_Equalizer_2/project_1.runs/dma_axis_ip_example_equalizer_0_0_synth_1/dma_axis_ip_example_equalizer_0_0.dcp' has been generated.
INFO: [runtcl-4] Executing : report_utilization -file dma_axis_ip_example_equalizer_0_0_utilization_synth.rpt -pb dma_axis_ip_example_equalizer_0_0_utilization_synth.pb
INFO: [Common 17-206] Exiting Vivado at Wed Mar 27 20:37:26 2024...
