

================================================================
== Vitis HLS Report for 'equalizer_Pipeline_Shift_Accumulate_Loop'
================================================================
* Date:           Fri Apr 26 02:45:21 2024

* Version:        2022.1 (Build 3526262 on Mon Apr 18 15:48:16 MDT 2022)
* Project:        equalizer
* Solution:       solution15 (Vivado IP Flow Target)
* Product family: zynq
* Target device:  xc7z020-clg400-1


================================================================
== Performance Estimates
================================================================
+ Timing: 
    * Summary: 
    +--------+----------+----------+------------+
    |  Clock |  Target  | Estimated| Uncertainty|
    +--------+----------+----------+------------+
    |ap_clk  |  10.00 ns|  7.300 ns|     2.70 ns|
    +--------+----------+----------+------------+

+ Latency: 
    * Summary: 
    +---------+---------+----------+----------+-----+-----+---------+
    |  Latency (cycles) |  Latency (absolute) |  Interval | Pipeline|
    |   min   |   max   |    min   |    max   | min | max |   Type  |
    +---------+---------+----------+----------+-----+-----+---------+
    |      111|      111|  1.110 us|  1.110 us|  111|  111|       no|
    +---------+---------+----------+----------+-----+-----+---------+

    + Detail: 
        * Instance: 
        N/A

        * Loop: 
        +-------------------------+---------+---------+----------+-----------+-----------+------+----------+
        |                         |  Latency (cycles) | Iteration|  Initiation Interval  | Trip |          |
        |        Loop Name        |   min   |   max   |  Latency |  achieved |   target  | Count| Pipelined|
        +-------------------------+---------+---------+----------+-----------+-----------+------+----------+
        |- Shift_Accumulate_Loop  |      109|      109|        13|          1|          1|    98|       yes|
        +-------------------------+---------+---------+----------+-----------+-----------+------+----------+



================================================================
== Utilization Estimates
================================================================
* Summary: 
+-----------------+---------+-----+--------+-------+-----+
|       Name      | BRAM_18K| DSP |   FF   |  LUT  | URAM|
+-----------------+---------+-----+--------+-------+-----+
|DSP              |        -|    1|       -|      -|    -|
|Expression       |        -|    -|       0|    105|    -|
|FIFO             |        -|    -|       -|      -|    -|
|Instance         |        -|    -|       -|      -|    -|
|Memory           |        -|    -|       -|      -|    -|
|Multiplexer      |        -|    -|       -|     72|    -|
|Register         |        -|    -|     296|     64|    -|
+-----------------+---------+-----+--------+-------+-----+
|Total            |        0|    1|     296|    241|    0|
+-----------------+---------+-----+--------+-------+-----+
|Available        |      280|  220|  106400|  53200|    0|
+-----------------+---------+-----+--------+-------+-----+
|Utilization (%)  |        0|   ~0|      ~0|     ~0|    0|
+-----------------+---------+-----+--------+-------+-----+

+ Detail: 
    * Instance: 
    N/A

    * DSP: 
    +-----------------------------------+--------------------------------+--------------+
    |              Instance             |             Module             |  Expression  |
    +-----------------------------------+--------------------------------+--------------+
    |mac_muladd_16s_16s_32ns_32_4_1_U1  |mac_muladd_16s_16s_32ns_32_4_1  |  i0 * i1 + i2|
    +-----------------------------------+--------------------------------+--------------+

    * Memory: 
    N/A

    * FIFO: 
    N/A

    * Expression: 
    +----------------------------------+----------+----+---+----+------------+------------+
    |           Variable Name          | Operation| DSP| FF| LUT| Bitwidth P0| Bitwidth P1|
    +----------------------------------+----------+----+---+----+------------+------------+
    |add_ln70_fu_142_p2                |         +|   0|  0|  14|           7|           2|
    |add_ln73_fu_165_p2                |         +|   0|  0|  71|          64|          64|
    |ap_block_pp0_stage0_01001         |       and|   0|  0|   2|           1|           1|
    |ap_block_state2_io                |       and|   0|  0|   2|           1|           1|
    |ap_block_state9_pp0_stage0_iter8  |       and|   0|  0|   2|           1|           1|
    |icmp_ln70_fu_136_p2               |      icmp|   0|  0|  10|           7|           1|
    |ap_block_pp0_stage0_11001         |        or|   0|  0|   2|           1|           1|
    |ap_enable_pp0                     |       xor|   0|  0|   2|           1|           2|
    +----------------------------------+----------+----+---+----+------------+------------+
    |Total                             |          |   0|  0| 105|          83|          73|
    +----------------------------------+----------+----+---+----+------------+------------+

    * Multiplexer: 
    +-------------------------------+----+-----------+-----+-----------+
    |              Name             | LUT| Input Size| Bits| Total Bits|
    +-------------------------------+----+-----------+-----+-----------+
    |accumulate_fu_64               |   9|          2|   32|         64|
    |ap_done_int                    |   9|          2|    1|          2|
    |ap_enable_reg_pp0_iter12       |   9|          2|    1|          2|
    |ap_sig_allocacmp_accumulate_1  |   9|          2|   32|         64|
    |ap_sig_allocacmp_i_2           |   9|          2|    7|         14|
    |gmem_blk_n_AR                  |   9|          2|    1|          2|
    |gmem_blk_n_R                   |   9|          2|    1|          2|
    |i_fu_68                        |   9|          2|    7|         14|
    +-------------------------------+----+-----------+-----+-----------+
    |Total                          |  72|         16|   82|        164|
    +-------------------------------+----+-----------+-----+-----------+

    * Register: 
    +-----------------------------------+----+----+-----+-----------+
    |                Name               | FF | LUT| Bits| Const Bits|
    +-----------------------------------+----+----+-----+-----------+
    |accumulate_fu_64                   |  32|   0|   32|          0|
    |ap_CS_fsm                          |   1|   0|    1|          0|
    |ap_done_reg                        |   1|   0|    1|          0|
    |ap_enable_reg_pp0_iter1            |   1|   0|    1|          0|
    |ap_enable_reg_pp0_iter10           |   1|   0|    1|          0|
    |ap_enable_reg_pp0_iter11           |   1|   0|    1|          0|
    |ap_enable_reg_pp0_iter12           |   1|   0|    1|          0|
    |ap_enable_reg_pp0_iter2            |   1|   0|    1|          0|
    |ap_enable_reg_pp0_iter3            |   1|   0|    1|          0|
    |ap_enable_reg_pp0_iter4            |   1|   0|    1|          0|
    |ap_enable_reg_pp0_iter5            |   1|   0|    1|          0|
    |ap_enable_reg_pp0_iter6            |   1|   0|    1|          0|
    |ap_enable_reg_pp0_iter7            |   1|   0|    1|          0|
    |ap_enable_reg_pp0_iter8            |   1|   0|    1|          0|
    |ap_enable_reg_pp0_iter9            |   1|   0|    1|          0|
    |ap_loop_exit_ready_pp0_iter10_reg  |   1|   0|    1|          0|
    |ap_loop_exit_ready_pp0_iter11_reg  |   1|   0|    1|          0|
    |ap_loop_exit_ready_pp0_iter1_reg   |   1|   0|    1|          0|
    |ap_loop_exit_ready_pp0_iter2_reg   |   1|   0|    1|          0|
    |ap_loop_exit_ready_pp0_iter3_reg   |   1|   0|    1|          0|
    |ap_loop_exit_ready_pp0_iter4_reg   |   1|   0|    1|          0|
    |ap_loop_exit_ready_pp0_iter5_reg   |   1|   0|    1|          0|
    |ap_loop_exit_ready_pp0_iter6_reg   |   1|   0|    1|          0|
    |ap_loop_exit_ready_pp0_iter7_reg   |   1|   0|    1|          0|
    |ap_loop_exit_ready_pp0_iter8_reg   |   1|   0|    1|          0|
    |ap_loop_exit_ready_pp0_iter9_reg   |   1|   0|    1|          0|
    |gmem_addr_read_reg_266             |  16|   0|   16|          0|
    |gmem_addr_reg_255                  |  64|   0|   64|          0|
    |i_2_reg_241                        |   7|   0|    7|          0|
    |i_fu_68                            |   7|   0|    7|          0|
    |icmp_ln70_reg_246                  |   1|   0|    1|          0|
    |signal_shift_reg_load_reg_261      |  16|   0|   16|          0|
    |icmp_ln70_reg_246                  |  64|  32|    1|          0|
    |signal_shift_reg_load_reg_261      |  64|  32|   16|          0|
    +-----------------------------------+----+----+-----+-----------+
    |Total                              | 296|  64|  185|          0|
    +-----------------------------------+----+----+-----+-----------+



================================================================
== Interface
================================================================
* Summary: 
+---------------------------+-----+-----+------------+------------------------------------------+--------------+
|         RTL Ports         | Dir | Bits|  Protocol  |               Source Object              |    C Type    |
+---------------------------+-----+-----+------------+------------------------------------------+--------------+
|ap_clk                     |   in|    1|  ap_ctrl_hs|  equalizer_Pipeline_Shift_Accumulate_Loop|  return value|
|ap_rst                     |   in|    1|  ap_ctrl_hs|  equalizer_Pipeline_Shift_Accumulate_Loop|  return value|
|ap_start                   |   in|    1|  ap_ctrl_hs|  equalizer_Pipeline_Shift_Accumulate_Loop|  return value|
|ap_done                    |  out|    1|  ap_ctrl_hs|  equalizer_Pipeline_Shift_Accumulate_Loop|  return value|
|ap_idle                    |  out|    1|  ap_ctrl_hs|  equalizer_Pipeline_Shift_Accumulate_Loop|  return value|
|ap_ready                   |  out|    1|  ap_ctrl_hs|  equalizer_Pipeline_Shift_Accumulate_Loop|  return value|
|m_axi_gmem_AWVALID         |  out|    1|       m_axi|                                      gmem|       pointer|
|m_axi_gmem_AWREADY         |   in|    1|       m_axi|                                      gmem|       pointer|
|m_axi_gmem_AWADDR          |  out|   64|       m_axi|                                      gmem|       pointer|
|m_axi_gmem_AWID            |  out|    1|       m_axi|                                      gmem|       pointer|
|m_axi_gmem_AWLEN           |  out|   32|       m_axi|                                      gmem|       pointer|
|m_axi_gmem_AWSIZE          |  out|    3|       m_axi|                                      gmem|       pointer|
|m_axi_gmem_AWBURST         |  out|    2|       m_axi|                                      gmem|       pointer|
|m_axi_gmem_AWLOCK          |  out|    2|       m_axi|                                      gmem|       pointer|
|m_axi_gmem_AWCACHE         |  out|    4|       m_axi|                                      gmem|       pointer|
|m_axi_gmem_AWPROT          |  out|    3|       m_axi|                                      gmem|       pointer|
|m_axi_gmem_AWQOS           |  out|    4|       m_axi|                                      gmem|       pointer|
|m_axi_gmem_AWREGION        |  out|    4|       m_axi|                                      gmem|       pointer|
|m_axi_gmem_AWUSER          |  out|    1|       m_axi|                                      gmem|       pointer|
|m_axi_gmem_WVALID          |  out|    1|       m_axi|                                      gmem|       pointer|
|m_axi_gmem_WREADY          |   in|    1|       m_axi|                                      gmem|       pointer|
|m_axi_gmem_WDATA           |  out|   16|       m_axi|                                      gmem|       pointer|
|m_axi_gmem_WSTRB           |  out|    2|       m_axi|                                      gmem|       pointer|
|m_axi_gmem_WLAST           |  out|    1|       m_axi|                                      gmem|       pointer|
|m_axi_gmem_WID             |  out|    1|       m_axi|                                      gmem|       pointer|
|m_axi_gmem_WUSER           |  out|    1|       m_axi|                                      gmem|       pointer|
|m_axi_gmem_ARVALID         |  out|    1|       m_axi|                                      gmem|       pointer|
|m_axi_gmem_ARREADY         |   in|    1|       m_axi|                                      gmem|       pointer|
|m_axi_gmem_ARADDR          |  out|   64|       m_axi|                                      gmem|       pointer|
|m_axi_gmem_ARID            |  out|    1|       m_axi|                                      gmem|       pointer|
|m_axi_gmem_ARLEN           |  out|   32|       m_axi|                                      gmem|       pointer|
|m_axi_gmem_ARSIZE          |  out|    3|       m_axi|                                      gmem|       pointer|
|m_axi_gmem_ARBURST         |  out|    2|       m_axi|                                      gmem|       pointer|
|m_axi_gmem_ARLOCK          |  out|    2|       m_axi|                                      gmem|       pointer|
|m_axi_gmem_ARCACHE         |  out|    4|       m_axi|                                      gmem|       pointer|
|m_axi_gmem_ARPROT          |  out|    3|       m_axi|                                      gmem|       pointer|
|m_axi_gmem_ARQOS           |  out|    4|       m_axi|                                      gmem|       pointer|
|m_axi_gmem_ARREGION        |  out|    4|       m_axi|                                      gmem|       pointer|
|m_axi_gmem_ARUSER          |  out|    1|       m_axi|                                      gmem|       pointer|
|m_axi_gmem_RVALID          |   in|    1|       m_axi|                                      gmem|       pointer|
|m_axi_gmem_RREADY          |  out|    1|       m_axi|                                      gmem|       pointer|
|m_axi_gmem_RDATA           |   in|   16|       m_axi|                                      gmem|       pointer|
|m_axi_gmem_RLAST           |   in|    1|       m_axi|                                      gmem|       pointer|
|m_axi_gmem_RID             |   in|    1|       m_axi|                                      gmem|       pointer|
|m_axi_gmem_RFIFONUM        |   in|   10|       m_axi|                                      gmem|       pointer|
|m_axi_gmem_RUSER           |   in|    1|       m_axi|                                      gmem|       pointer|
|m_axi_gmem_RRESP           |   in|    2|       m_axi|                                      gmem|       pointer|
|m_axi_gmem_BVALID          |   in|    1|       m_axi|                                      gmem|       pointer|
|m_axi_gmem_BREADY          |  out|    1|       m_axi|                                      gmem|       pointer|
|m_axi_gmem_BRESP           |   in|    2|       m_axi|                                      gmem|       pointer|
|m_axi_gmem_BID             |   in|    1|       m_axi|                                      gmem|       pointer|
|m_axi_gmem_BUSER           |   in|    1|       m_axi|                                      gmem|       pointer|
|coefs                      |   in|   64|     ap_none|                                     coefs|        scalar|
|accumulate_out             |  out|   16|      ap_vld|                            accumulate_out|       pointer|
|accumulate_out_ap_vld      |  out|    1|      ap_vld|                            accumulate_out|       pointer|
|signal_shift_reg_address0  |  out|    7|   ap_memory|                          signal_shift_reg|         array|
|signal_shift_reg_ce0       |  out|    1|   ap_memory|                          signal_shift_reg|         array|
|signal_shift_reg_we0       |  out|    1|   ap_memory|                          signal_shift_reg|         array|
|signal_shift_reg_d0        |  out|   16|   ap_memory|                          signal_shift_reg|         array|
|signal_shift_reg_address1  |  out|    7|   ap_memory|                          signal_shift_reg|         array|
|signal_shift_reg_ce1       |  out|    1|   ap_memory|                          signal_shift_reg|         array|
|signal_shift_reg_q1        |   in|   16|   ap_memory|                          signal_shift_reg|         array|
+---------------------------+-----+-----+------------+------------------------------------------+--------------+

============================================================
+ Verbose Summary: Synthesis Manager
============================================================
InlineROM: 1
ExposeGlobal: 0
============================================================
+ Verbose Summary: CDFG Model
============================================================
IsTopModel: 0
ResetActiveHigh: 1
IsCombinational: 2
IsDatapathOnly: 2
HasWiredReturn: 1
HasMFsm: 2
HasVarLatency: 1
IsPipeline: 0
IsRtlPipelined: 0
IsInstanceOverlapped: 0
IsDontTouch: 0
HasImplIP: 0
IsGatedGlobalClock: 0

+ Individual pipeline summary: 
  * Pipeline-0: initiation interval (II) = 1, depth = 13


============================================================
+ Verbose Summary: Schedule
============================================================
* Number of FSM states : 13
* Pipeline : 1
  Pipeline-0 : II = 1, D = 13, States = { 1 2 3 4 5 6 7 8 9 10 11 12 13 }
* Dataflow Pipeline: 0

* FSM state transitions: 
1 --> 2 
2 --> 3 
3 --> 4 
4 --> 5 
5 --> 6 
6 --> 7 
7 --> 8 
8 --> 9 
9 --> 10 
10 --> 11 
11 --> 12 
12 --> 13 
13 --> 

* FSM state operations: 

State 1 <SV = 0> <Delay = 5.12>
ST_1 : Operation 16 [1/1] (0.00ns)   --->   "%accumulate = alloca i32 1"   --->   Operation 16 'alloca' 'accumulate' <Predicate = true> <Delay = 0.00>
ST_1 : Operation 17 [1/1] (0.00ns)   --->   "%i = alloca i32 1"   --->   Operation 17 'alloca' 'i' <Predicate = true> <Delay = 0.00>
ST_1 : Operation 18 [1/1] (0.00ns)   --->   "%specinterface_ln0 = specinterface void @_ssdm_op_SpecInterface, i16 %gmem, void @empty, i32 0, i32 0, void @empty_0, i32 0, i32 99, void @empty_1, void @empty_2, void @empty_0, i32 16, i32 16, i32 16, i32 16, void @empty_0, void @empty_0, i32 4294967295, i32 0"   --->   Operation 18 'specinterface' 'specinterface_ln0' <Predicate = true> <Delay = 0.00>
ST_1 : Operation 19 [1/1] (0.00ns)   --->   "%coefs_read = read i64 @_ssdm_op_Read.ap_auto.i64, i64 %coefs"   --->   Operation 19 'read' 'coefs_read' <Predicate = true> <Delay = 0.00>
ST_1 : Operation 20 [1/1] (1.58ns)   --->   "%store_ln0 = store i7 98, i7 %i"   --->   Operation 20 'store' 'store_ln0' <Predicate = true> <Delay = 1.58>
ST_1 : Operation 21 [1/1] (1.58ns)   --->   "%store_ln0 = store i32 0, i32 %accumulate"   --->   Operation 21 'store' 'store_ln0' <Predicate = true> <Delay = 1.58>
ST_1 : Operation 22 [1/1] (0.00ns)   --->   "%br_ln0 = br void %for.inc47"   --->   Operation 22 'br' 'br_ln0' <Predicate = true> <Delay = 0.00>
ST_1 : Operation 23 [1/1] (0.00ns)   --->   "%i_2 = load i7 %i" [equalizer.cpp:70]   --->   Operation 23 'load' 'i_2' <Predicate = true> <Delay = 0.00>
ST_1 : Operation 24 [1/1] (1.48ns)   --->   "%icmp_ln70 = icmp_eq  i7 %i_2, i7 0" [equalizer.cpp:70]   --->   Operation 24 'icmp' 'icmp_ln70' <Predicate = true> <Delay = 1.48> <CoreInst = "Cmp">   --->   Core 9 'Cmp' <Latency = 0> <II = 1> <Delay = 1.48> <FuncUnit> <Opcode : 'icmp'> <InPorts = 2> <OutPorts = 1>
ST_1 : Operation 25 [1/1] (0.00ns)   --->   "%br_ln70 = br i1 %icmp_ln70, void %for.inc47.split, void %for.end49.exitStub" [equalizer.cpp:70]   --->   Operation 25 'br' 'br_ln70' <Predicate = true> <Delay = 0.00>
ST_1 : Operation 26 [1/1] (1.87ns)   --->   "%add_ln70 = add i7 %i_2, i7 127" [equalizer.cpp:70]   --->   Operation 26 'add' 'add_ln70' <Predicate = (!icmp_ln70)> <Delay = 1.87> <CoreInst = "Adder">   --->   Core 1 'Adder' <Latency = 0> <II = 1> <Delay = 1.87> <FuncUnit> <Opcode : 'add' 'sub'> <InPorts = 2> <OutPorts = 1>
ST_1 : Operation 27 [1/1] (0.00ns)   --->   "%zext_ln72 = zext i7 %add_ln70" [equalizer.cpp:72]   --->   Operation 27 'zext' 'zext_ln72' <Predicate = (!icmp_ln70)> <Delay = 0.00>
ST_1 : Operation 28 [1/1] (0.00ns)   --->   "%signal_shift_reg_addr = getelementptr i16 %signal_shift_reg, i64 0, i64 %zext_ln72" [equalizer.cpp:72]   --->   Operation 28 'getelementptr' 'signal_shift_reg_addr' <Predicate = (!icmp_ln70)> <Delay = 0.00>
ST_1 : Operation 29 [2/2] (3.25ns)   --->   "%signal_shift_reg_load = load i7 %signal_shift_reg_addr" [equalizer.cpp:72]   --->   Operation 29 'load' 'signal_shift_reg_load' <Predicate = (!icmp_ln70)> <Delay = 3.25> <CoreInst = "RAM">   --->   Core 82 'RAM' <Latency = 1> <II = 1> <Delay = 3.25> <Storage> <Opcode : 'load' 'store'> <Ports = 2> <Width = 16> <Depth = 99> <RAM>
ST_1 : Operation 30 [1/1] (0.00ns)   --->   "%shl_ln = bitconcatenate i8 @_ssdm_op_BitConcatenate.i8.i7.i1, i7 %i_2, i1 0" [equalizer.cpp:73]   --->   Operation 30 'bitconcatenate' 'shl_ln' <Predicate = (!icmp_ln70)> <Delay = 0.00>
ST_1 : Operation 31 [1/1] (0.00ns)   --->   "%zext_ln73 = zext i8 %shl_ln" [equalizer.cpp:73]   --->   Operation 31 'zext' 'zext_ln73' <Predicate = (!icmp_ln70)> <Delay = 0.00>
ST_1 : Operation 32 [1/1] (3.52ns)   --->   "%add_ln73 = add i64 %zext_ln73, i64 %coefs_read" [equalizer.cpp:73]   --->   Operation 32 'add' 'add_ln73' <Predicate = (!icmp_ln70)> <Delay = 3.52> <CoreInst = "Adder">   --->   Core 1 'Adder' <Latency = 0> <II = 1> <Delay = 3.52> <FuncUnit> <Opcode : 'add' 'sub'> <InPorts = 2> <OutPorts = 1>
ST_1 : Operation 33 [1/1] (0.00ns)   --->   "%trunc_ln2 = partselect i63 @_ssdm_op_PartSelect.i63.i64.i32.i32, i64 %add_ln73, i32 1, i32 63" [equalizer.cpp:73]   --->   Operation 33 'partselect' 'trunc_ln2' <Predicate = (!icmp_ln70)> <Delay = 0.00>
ST_1 : Operation 34 [1/1] (0.00ns)   --->   "%sext_ln73_2 = sext i63 %trunc_ln2" [equalizer.cpp:73]   --->   Operation 34 'sext' 'sext_ln73_2' <Predicate = (!icmp_ln70)> <Delay = 0.00>
ST_1 : Operation 35 [1/1] (0.00ns)   --->   "%gmem_addr = getelementptr i16 %gmem, i64 %sext_ln73_2" [equalizer.cpp:73]   --->   Operation 35 'getelementptr' 'gmem_addr' <Predicate = (!icmp_ln70)> <Delay = 0.00>
ST_1 : Operation 36 [1/1] (1.58ns)   --->   "%store_ln70 = store i7 %add_ln70, i7 %i" [equalizer.cpp:70]   --->   Operation 36 'store' 'store_ln70' <Predicate = (!icmp_ln70)> <Delay = 1.58>

State 2 <SV = 1> <Delay = 7.30>
ST_2 : Operation 37 [1/1] (0.00ns)   --->   "%zext_ln70 = zext i7 %i_2" [equalizer.cpp:70]   --->   Operation 37 'zext' 'zext_ln70' <Predicate = (!icmp_ln70)> <Delay = 0.00>
ST_2 : Operation 38 [1/2] (3.25ns)   --->   "%signal_shift_reg_load = load i7 %signal_shift_reg_addr" [equalizer.cpp:72]   --->   Operation 38 'load' 'signal_shift_reg_load' <Predicate = (!icmp_ln70)> <Delay = 3.25> <CoreInst = "RAM">   --->   Core 82 'RAM' <Latency = 1> <II = 1> <Delay = 3.25> <Storage> <Opcode : 'load' 'store'> <Ports = 2> <Width = 16> <Depth = 99> <RAM>
ST_2 : Operation 39 [1/1] (0.00ns)   --->   "%signal_shift_reg_addr_1 = getelementptr i16 %signal_shift_reg, i64 0, i64 %zext_ln70" [equalizer.cpp:72]   --->   Operation 39 'getelementptr' 'signal_shift_reg_addr_1' <Predicate = (!icmp_ln70)> <Delay = 0.00>
ST_2 : Operation 40 [1/1] (3.25ns)   --->   "%store_ln72 = store i16 %signal_shift_reg_load, i7 %signal_shift_reg_addr_1" [equalizer.cpp:72]   --->   Operation 40 'store' 'store_ln72' <Predicate = (!icmp_ln70)> <Delay = 3.25> <CoreInst = "RAM">   --->   Core 82 'RAM' <Latency = 1> <II = 1> <Delay = 3.25> <Storage> <Opcode : 'load' 'store'> <Ports = 2> <Width = 16> <Depth = 99> <RAM>
ST_2 : Operation 41 [7/7] (7.30ns)   --->   "%gmem_load_req = readreq i1 @_ssdm_op_ReadReq.m_axi.i16P1A, i64 %gmem_addr, i32 1" [equalizer.cpp:73]   --->   Operation 41 'readreq' 'gmem_load_req' <Predicate = (!icmp_ln70)> <Delay = 7.30> <CoreInst = "m_axi">   --->   Core 113 'm_axi' <Latency = 0> <II = 1> <Delay = 1.00> <Adapter> <Opcode : 'read' 'write' 'readreq' 'writereq' 'writeresp'>

State 3 <SV = 2> <Delay = 7.30>
ST_3 : Operation 42 [6/7] (7.30ns)   --->   "%gmem_load_req = readreq i1 @_ssdm_op_ReadReq.m_axi.i16P1A, i64 %gmem_addr, i32 1" [equalizer.cpp:73]   --->   Operation 42 'readreq' 'gmem_load_req' <Predicate = (!icmp_ln70)> <Delay = 7.30> <CoreInst = "m_axi">   --->   Core 113 'm_axi' <Latency = 0> <II = 1> <Delay = 1.00> <Adapter> <Opcode : 'read' 'write' 'readreq' 'writereq' 'writeresp'>

State 4 <SV = 3> <Delay = 7.30>
ST_4 : Operation 43 [5/7] (7.30ns)   --->   "%gmem_load_req = readreq i1 @_ssdm_op_ReadReq.m_axi.i16P1A, i64 %gmem_addr, i32 1" [equalizer.cpp:73]   --->   Operation 43 'readreq' 'gmem_load_req' <Predicate = (!icmp_ln70)> <Delay = 7.30> <CoreInst = "m_axi">   --->   Core 113 'm_axi' <Latency = 0> <II = 1> <Delay = 1.00> <Adapter> <Opcode : 'read' 'write' 'readreq' 'writereq' 'writeresp'>

State 5 <SV = 4> <Delay = 7.30>
ST_5 : Operation 44 [4/7] (7.30ns)   --->   "%gmem_load_req = readreq i1 @_ssdm_op_ReadReq.m_axi.i16P1A, i64 %gmem_addr, i32 1" [equalizer.cpp:73]   --->   Operation 44 'readreq' 'gmem_load_req' <Predicate = (!icmp_ln70)> <Delay = 7.30> <CoreInst = "m_axi">   --->   Core 113 'm_axi' <Latency = 0> <II = 1> <Delay = 1.00> <Adapter> <Opcode : 'read' 'write' 'readreq' 'writereq' 'writeresp'>

State 6 <SV = 5> <Delay = 7.30>
ST_6 : Operation 45 [3/7] (7.30ns)   --->   "%gmem_load_req = readreq i1 @_ssdm_op_ReadReq.m_axi.i16P1A, i64 %gmem_addr, i32 1" [equalizer.cpp:73]   --->   Operation 45 'readreq' 'gmem_load_req' <Predicate = (!icmp_ln70)> <Delay = 7.30> <CoreInst = "m_axi">   --->   Core 113 'm_axi' <Latency = 0> <II = 1> <Delay = 1.00> <Adapter> <Opcode : 'read' 'write' 'readreq' 'writereq' 'writeresp'>

State 7 <SV = 6> <Delay = 7.30>
ST_7 : Operation 46 [2/7] (7.30ns)   --->   "%gmem_load_req = readreq i1 @_ssdm_op_ReadReq.m_axi.i16P1A, i64 %gmem_addr, i32 1" [equalizer.cpp:73]   --->   Operation 46 'readreq' 'gmem_load_req' <Predicate = (!icmp_ln70)> <Delay = 7.30> <CoreInst = "m_axi">   --->   Core 113 'm_axi' <Latency = 0> <II = 1> <Delay = 1.00> <Adapter> <Opcode : 'read' 'write' 'readreq' 'writereq' 'writeresp'>

State 8 <SV = 7> <Delay = 7.30>
ST_8 : Operation 47 [1/7] (7.30ns)   --->   "%gmem_load_req = readreq i1 @_ssdm_op_ReadReq.m_axi.i16P1A, i64 %gmem_addr, i32 1" [equalizer.cpp:73]   --->   Operation 47 'readreq' 'gmem_load_req' <Predicate = (!icmp_ln70)> <Delay = 7.30> <CoreInst = "m_axi">   --->   Core 113 'm_axi' <Latency = 0> <II = 1> <Delay = 1.00> <Adapter> <Opcode : 'read' 'write' 'readreq' 'writereq' 'writeresp'>

State 9 <SV = 8> <Delay = 7.30>
ST_9 : Operation 48 [1/1] (7.30ns)   --->   "%gmem_addr_read = read i16 @_ssdm_op_Read.m_axi.i16P1A, i64 %gmem_addr" [equalizer.cpp:73]   --->   Operation 48 'read' 'gmem_addr_read' <Predicate = (!icmp_ln70)> <Delay = 7.30> <CoreInst = "m_axi">   --->   Core 113 'm_axi' <Latency = 0> <II = 1> <Delay = 1.00> <Adapter> <Opcode : 'read' 'write' 'readreq' 'writereq' 'writeresp'>

State 10 <SV = 9> <Delay = 1.05>
ST_10 : Operation 49 [1/1] (0.00ns)   --->   "%sext_ln73 = sext i16 %signal_shift_reg_load" [equalizer.cpp:73]   --->   Operation 49 'sext' 'sext_ln73' <Predicate = (!icmp_ln70)> <Delay = 0.00>
ST_10 : Operation 50 [1/1] (0.00ns)   --->   "%sext_ln73_1 = sext i16 %gmem_addr_read" [equalizer.cpp:73]   --->   Operation 50 'sext' 'sext_ln73_1' <Predicate = (!icmp_ln70)> <Delay = 0.00>
ST_10 : Operation 51 [3/3] (1.05ns) (grouped into DSP with root node accumulate_2)   --->   "%mul_ln73 = mul i32 %sext_ln73_1, i32 %sext_ln73" [equalizer.cpp:73]   --->   Operation 51 'mul' 'mul_ln73' <Predicate = (!icmp_ln70)> <Delay = 1.05> <CoreInst = "DSP48">   --->   Core 119 'DSP48' <Latency = 3> <II = 1> <Delay = 2.15> <IPBlock> <Opcode : 'mul' 'add' 'sub' 'select'> <InPorts = 0> <OutPorts = 1> <Sync> <CReg>

State 11 <SV = 10> <Delay = 1.05>
ST_11 : Operation 52 [2/3] (1.05ns) (grouped into DSP with root node accumulate_2)   --->   "%mul_ln73 = mul i32 %sext_ln73_1, i32 %sext_ln73" [equalizer.cpp:73]   --->   Operation 52 'mul' 'mul_ln73' <Predicate = (!icmp_ln70)> <Delay = 1.05> <CoreInst = "DSP48">   --->   Core 119 'DSP48' <Latency = 3> <II = 1> <Delay = 2.15> <IPBlock> <Opcode : 'mul' 'add' 'sub' 'select'> <InPorts = 0> <OutPorts = 1> <Sync> <CReg>

State 12 <SV = 11> <Delay = 2.10>
ST_12 : Operation 53 [1/1] (0.00ns)   --->   "%accumulate_1 = load i32 %accumulate"   --->   Operation 53 'load' 'accumulate_1' <Predicate = true> <Delay = 0.00>
ST_12 : Operation 54 [1/1] (0.00ns)   --->   "%empty = trunc i32 %accumulate_1"   --->   Operation 54 'trunc' 'empty' <Predicate = true> <Delay = 0.00>
ST_12 : Operation 55 [1/1] (0.00ns)   --->   "%specbitsmap_ln0 = specbitsmap void @_ssdm_op_SpecBitsMap, i16 %gmem"   --->   Operation 55 'specbitsmap' 'specbitsmap_ln0' <Predicate = true> <Delay = 0.00>
ST_12 : Operation 56 [1/1] (0.00ns)   --->   "%empty_23 = speclooptripcount i32 @_ssdm_op_SpecLoopTripCount, i64 98, i64 98, i64 98"   --->   Operation 56 'speclooptripcount' 'empty_23' <Predicate = true> <Delay = 0.00>
ST_12 : Operation 57 [1/3] (0.00ns) (grouped into DSP with root node accumulate_2)   --->   "%mul_ln73 = mul i32 %sext_ln73_1, i32 %sext_ln73" [equalizer.cpp:73]   --->   Operation 57 'mul' 'mul_ln73' <Predicate = (!icmp_ln70)> <Delay = 0.00> <CoreInst = "DSP48">   --->   Core 119 'DSP48' <Latency = 3> <II = 1> <Delay = 2.15> <IPBlock> <Opcode : 'mul' 'add' 'sub' 'select'> <InPorts = 0> <OutPorts = 1> <Sync> <CReg>
ST_12 : Operation 58 [2/2] (2.10ns) (root node of the DSP)   --->   "%accumulate_2 = add i32 %mul_ln73, i32 %accumulate_1" [equalizer.cpp:73]   --->   Operation 58 'add' 'accumulate_2' <Predicate = (!icmp_ln70)> <Delay = 2.10> <CoreInst = "DSP48">   --->   Core 119 'DSP48' <Latency = 3> <II = 1> <Delay = 2.15> <IPBlock> <Opcode : 'mul' 'add' 'sub' 'select'> <InPorts = 0> <OutPorts = 1> <Sync> <CReg>
ST_12 : Operation 64 [1/1] (0.00ns)   --->   "%write_ln0 = write void @_ssdm_op_Write.ap_auto.i16P0A, i16 %accumulate_out, i16 %empty"   --->   Operation 64 'write' 'write_ln0' <Predicate = (icmp_ln70)> <Delay = 0.00>
ST_12 : Operation 65 [1/1] (0.00ns)   --->   "%ret_ln0 = ret"   --->   Operation 65 'ret' 'ret_ln0' <Predicate = (icmp_ln70)> <Delay = 0.00>

State 13 <SV = 12> <Delay = 3.68>
ST_13 : Operation 59 [1/1] (0.00ns)   --->   "%specpipeline_ln71 = specpipeline void @_ssdm_op_SpecPipeline, i32 4294967295, i32 0, i32 0, i32 0, void @empty_0" [equalizer.cpp:71]   --->   Operation 59 'specpipeline' 'specpipeline_ln71' <Predicate = true> <Delay = 0.00>
ST_13 : Operation 60 [1/1] (0.00ns)   --->   "%specloopname_ln12 = specloopname void @_ssdm_op_SpecLoopName, void @empty_12" [equalizer.cpp:12]   --->   Operation 60 'specloopname' 'specloopname_ln12' <Predicate = true> <Delay = 0.00>
ST_13 : Operation 61 [1/2] (2.10ns) (root node of the DSP)   --->   "%accumulate_2 = add i32 %mul_ln73, i32 %accumulate_1" [equalizer.cpp:73]   --->   Operation 61 'add' 'accumulate_2' <Predicate = true> <Delay = 2.10> <CoreInst = "DSP48">   --->   Core 119 'DSP48' <Latency = 3> <II = 1> <Delay = 2.15> <IPBlock> <Opcode : 'mul' 'add' 'sub' 'select'> <InPorts = 0> <OutPorts = 1> <Sync> <CReg>
ST_13 : Operation 62 [1/1] (1.58ns)   --->   "%store_ln70 = store i32 %accumulate_2, i32 %accumulate" [equalizer.cpp:70]   --->   Operation 62 'store' 'store_ln70' <Predicate = true> <Delay = 1.58>
ST_13 : Operation 63 [1/1] (0.00ns)   --->   "%br_ln70 = br void %for.inc47" [equalizer.cpp:70]   --->   Operation 63 'br' 'br_ln70' <Predicate = true> <Delay = 0.00>


============================================================
+ Verbose Summary: Binding
============================================================
STG Binding: 
---------------- STG Properties BEGIN ----------------
- Is combinational: 0
- Is one-state seq: 0
- Is datapath-only: 0
- Is pipelined: 0
- Is top level: 0
Port [ Return ] is wired: 1; IO mode=ap_ctrl_hs:ce=0
Port [ gmem]:  wired=1; compound=1; hidden=0; nouse=0; global=0; static=0; extern=0; dir=0; type=4; pingpong=0; private_global=0; IO mode=m_axi:ce=0
Port [ coefs]:  wired=1; compound=0; hidden=0; nouse=0; global=0; static=0; extern=0; dir=0; type=0; pingpong=0; private_global=0; IO mode=ap_none:ce=0
Port [ accumulate_out]:  wired=1; compound=0; hidden=0; nouse=0; global=0; static=0; extern=0; dir=1; type=0; pingpong=0; private_global=0; IO mode=ap_vld:ce=0
Port [ signal_shift_reg]:  wired=1; compound=1; hidden=0; nouse=0; global=1; static=1; extern=0; dir=2; type=1; pingpong=0; private_global=0; MemPort=[01]; IO mode=ap_memory:ce=0
---------------- STG Properties END ------------------

---------------- Datapath Model BEGIN ----------------

<LifeTime>
<method=bitvector/>
accumulate              (alloca           ) [ 01111111111111]
i                       (alloca           ) [ 01000000000000]
specinterface_ln0       (specinterface    ) [ 00000000000000]
coefs_read              (read             ) [ 00000000000000]
store_ln0               (store            ) [ 00000000000000]
store_ln0               (store            ) [ 00000000000000]
br_ln0                  (br               ) [ 00000000000000]
i_2                     (load             ) [ 01100000000000]
icmp_ln70               (icmp             ) [ 01111111111110]
br_ln70                 (br               ) [ 00000000000000]
add_ln70                (add              ) [ 00000000000000]
zext_ln72               (zext             ) [ 00000000000000]
signal_shift_reg_addr   (getelementptr    ) [ 01100000000000]
shl_ln                  (bitconcatenate   ) [ 00000000000000]
zext_ln73               (zext             ) [ 00000000000000]
add_ln73                (add              ) [ 00000000000000]
trunc_ln2               (partselect       ) [ 00000000000000]
sext_ln73_2             (sext             ) [ 00000000000000]
gmem_addr               (getelementptr    ) [ 01111111110000]
store_ln70              (store            ) [ 00000000000000]
zext_ln70               (zext             ) [ 00000000000000]
signal_shift_reg_load   (load             ) [ 01011111111000]
signal_shift_reg_addr_1 (getelementptr    ) [ 00000000000000]
store_ln72              (store            ) [ 00000000000000]
gmem_load_req           (readreq          ) [ 00000000000000]
gmem_addr_read          (read             ) [ 01000000001000]
sext_ln73               (sext             ) [ 01000000000110]
sext_ln73_1             (sext             ) [ 01000000000110]
accumulate_1            (load             ) [ 01000000000001]
empty                   (trunc            ) [ 00000000000000]
specbitsmap_ln0         (specbitsmap      ) [ 00000000000000]
empty_23                (speclooptripcount) [ 00000000000000]
mul_ln73                (mul              ) [ 01000000000001]
specpipeline_ln71       (specpipeline     ) [ 00000000000000]
specloopname_ln12       (specloopname     ) [ 00000000000000]
accumulate_2            (add              ) [ 00000000000000]
store_ln70              (store            ) [ 00000000000000]
br_ln70                 (br               ) [ 00000000000000]
write_ln0               (write            ) [ 00000000000000]
ret_ln0                 (ret              ) [ 00000000000000]
</LifeTime>

<model>

<comp_list>
<comp id="0" class="1000" name="gmem">
<pin_list>
<pin id="1" dir="1" index="0" bw="1" slack="0"/>
</pin_list>
<bind>
<StgValue><ssdm name="gmem"/></StgValue>
</bind>
</comp>

<comp id="2" class="1000" name="coefs">
<pin_list>
<pin id="3" dir="1" index="0" bw="1" slack="0"/>
</pin_list>
<bind>
<StgValue><ssdm name="coefs"/></StgValue>
</bind>
</comp>

<comp id="4" class="1000" name="accumulate_out">
<pin_list>
<pin id="5" dir="1" index="0" bw="1" slack="0"/>
</pin_list>
<bind>
<StgValue><ssdm name="accumulate_out"/></StgValue>
</bind>
</comp>

<comp id="6" class="1000" name="signal_shift_reg">
<pin_list>
<pin id="7" dir="1" index="0" bw="1" slack="0"/>
</pin_list>
<bind>
<StgValue><ssdm name="signal_shift_reg"/><MemPortTyVec>0 1 </MemPortTyVec>
</StgValue>
</bind>
</comp>

<comp id="8" class="1001" name="const_8">
<pin_list>
<pin id="9" dir="1" index="0" bw="1" slack="0"/>
</pin_list>
<bind>
<StgValue><ssdm name=""/></StgValue>
</bind>
</comp>

<comp id="10" class="1001" name="const_10">
<pin_list>
<pin id="11" dir="1" index="0" bw="1" slack="2147483647"/>
</pin_list>
<bind>
<StgValue><ssdm name="_ssdm_op_SpecInterface"/></StgValue>
</bind>
</comp>

<comp id="12" class="1001" name="const_12">
<pin_list>
<pin id="13" dir="1" index="0" bw="1" slack="2147483647"/>
</pin_list>
<bind>
<StgValue><ssdm name="empty"/></StgValue>
</bind>
</comp>

<comp id="14" class="1001" name="const_14">
<pin_list>
<pin id="15" dir="1" index="0" bw="1" slack="0"/>
</pin_list>
<bind>
<StgValue><ssdm name=""/></StgValue>
</bind>
</comp>

<comp id="16" class="1001" name="const_16">
<pin_list>
<pin id="17" dir="1" index="0" bw="1" slack="2147483647"/>
</pin_list>
<bind>
<StgValue><ssdm name="empty_0"/></StgValue>
</bind>
</comp>

<comp id="18" class="1001" name="const_18">
<pin_list>
<pin id="19" dir="1" index="0" bw="1" slack="2147483647"/>
</pin_list>
<bind>
<StgValue><ssdm name=""/></StgValue>
</bind>
</comp>

<comp id="20" class="1001" name="const_20">
<pin_list>
<pin id="21" dir="1" index="0" bw="1" slack="2147483647"/>
</pin_list>
<bind>
<StgValue><ssdm name="empty_1"/></StgValue>
</bind>
</comp>

<comp id="22" class="1001" name="const_22">
<pin_list>
<pin id="23" dir="1" index="0" bw="1" slack="2147483647"/>
</pin_list>
<bind>
<StgValue><ssdm name="empty_2"/></StgValue>
</bind>
</comp>

<comp id="24" class="1001" name="const_24">
<pin_list>
<pin id="25" dir="1" index="0" bw="1" slack="2147483647"/>
</pin_list>
<bind>
<StgValue><ssdm name=""/></StgValue>
</bind>
</comp>

<comp id="26" class="1001" name="const_26">
<pin_list>
<pin id="27" dir="1" index="0" bw="1" slack="2147483647"/>
</pin_list>
<bind>
<StgValue><ssdm name=""/></StgValue>
</bind>
</comp>

<comp id="28" class="1001" name="const_28">
<pin_list>
<pin id="29" dir="1" index="0" bw="1" slack="0"/>
</pin_list>
<bind>
<StgValue><ssdm name="_ssdm_op_Read.ap_auto.i64"/></StgValue>
</bind>
</comp>

<comp id="30" class="1001" name="const_30">
<pin_list>
<pin id="31" dir="1" index="0" bw="1" slack="0"/>
</pin_list>
<bind>
<StgValue><ssdm name=""/></StgValue>
</bind>
</comp>

<comp id="32" class="1001" name="const_32">
<pin_list>
<pin id="33" dir="1" index="0" bw="1" slack="0"/>
</pin_list>
<bind>
<StgValue><ssdm name=""/></StgValue>
</bind>
</comp>

<comp id="34" class="1001" name="const_34">
<pin_list>
<pin id="35" dir="1" index="0" bw="1" slack="0"/>
</pin_list>
<bind>
<StgValue><ssdm name=""/></StgValue>
</bind>
</comp>

<comp id="36" class="1001" name="const_36">
<pin_list>
<pin id="37" dir="1" index="0" bw="1" slack="0"/>
</pin_list>
<bind>
<StgValue><ssdm name=""/></StgValue>
</bind>
</comp>

<comp id="38" class="1001" name="const_38">
<pin_list>
<pin id="39" dir="1" index="0" bw="1" slack="0"/>
</pin_list>
<bind>
<StgValue><ssdm name="_ssdm_op_BitConcatenate.i8.i7.i1"/></StgValue>
</bind>
</comp>

<comp id="40" class="1001" name="const_40">
<pin_list>
<pin id="41" dir="1" index="0" bw="1" slack="0"/>
</pin_list>
<bind>
<StgValue><ssdm name=""/></StgValue>
</bind>
</comp>

<comp id="42" class="1001" name="const_42">
<pin_list>
<pin id="43" dir="1" index="0" bw="1" slack="0"/>
</pin_list>
<bind>
<StgValue><ssdm name="_ssdm_op_PartSelect.i63.i64.i32.i32"/></StgValue>
</bind>
</comp>

<comp id="44" class="1001" name="const_44">
<pin_list>
<pin id="45" dir="1" index="0" bw="1" slack="0"/>
</pin_list>
<bind>
<StgValue><ssdm name=""/></StgValue>
</bind>
</comp>

<comp id="46" class="1001" name="const_46">
<pin_list>
<pin id="47" dir="1" index="0" bw="1" slack="0"/>
</pin_list>
<bind>
<StgValue><ssdm name="_ssdm_op_ReadReq.m_axi.i16P1A"/></StgValue>
</bind>
</comp>

<comp id="48" class="1001" name="const_48">
<pin_list>
<pin id="49" dir="1" index="0" bw="1" slack="0"/>
</pin_list>
<bind>
<StgValue><ssdm name="_ssdm_op_Read.m_axi.i16P1A"/></StgValue>
</bind>
</comp>

<comp id="50" class="1001" name="const_50">
<pin_list>
<pin id="51" dir="1" index="0" bw="1" slack="2147483647"/>
</pin_list>
<bind>
<StgValue><ssdm name="_ssdm_op_SpecBitsMap"/></StgValue>
</bind>
</comp>

<comp id="52" class="1001" name="const_52">
<pin_list>
<pin id="53" dir="1" index="0" bw="1" slack="2147483647"/>
</pin_list>
<bind>
<StgValue><ssdm name="_ssdm_op_SpecLoopTripCount"/></StgValue>
</bind>
</comp>

<comp id="54" class="1001" name="const_54">
<pin_list>
<pin id="55" dir="1" index="0" bw="1" slack="2147483647"/>
</pin_list>
<bind>
<StgValue><ssdm name=""/></StgValue>
</bind>
</comp>

<comp id="56" class="1001" name="const_56">
<pin_list>
<pin id="57" dir="1" index="0" bw="1" slack="2147483647"/>
</pin_list>
<bind>
<StgValue><ssdm name="_ssdm_op_SpecPipeline"/></StgValue>
</bind>
</comp>

<comp id="58" class="1001" name="const_58">
<pin_list>
<pin id="59" dir="1" index="0" bw="1" slack="2147483647"/>
</pin_list>
<bind>
<StgValue><ssdm name="_ssdm_op_SpecLoopName"/></StgValue>
</bind>
</comp>

<comp id="60" class="1001" name="const_60">
<pin_list>
<pin id="61" dir="1" index="0" bw="1" slack="2147483647"/>
</pin_list>
<bind>
<StgValue><ssdm name="empty_12"/></StgValue>
</bind>
</comp>

<comp id="62" class="1001" name="const_62">
<pin_list>
<pin id="63" dir="1" index="0" bw="1" slack="0"/>
</pin_list>
<bind>
<StgValue><ssdm name="_ssdm_op_Write.ap_auto.i16P0A"/></StgValue>
</bind>
</comp>

<comp id="64" class="1004" name="accumulate_fu_64">
<pin_list>
<pin id="65" dir="0" index="0" bw="1" slack="0"/>
<pin id="66" dir="1" index="1" bw="32" slack="0"/>
</pin_list>
<bind>
<opcode="alloca(26) " fcode="alloca"/>
<opset="accumulate/1 "/>
</bind>
</comp>

<comp id="68" class="1004" name="i_fu_68">
<pin_list>
<pin id="69" dir="0" index="0" bw="1" slack="0"/>
<pin id="70" dir="1" index="1" bw="7" slack="0"/>
</pin_list>
<bind>
<opcode="alloca(26) " fcode="alloca"/>
<opset="i/1 "/>
</bind>
</comp>

<comp id="72" class="1004" name="coefs_read_read_fu_72">
<pin_list>
<pin id="73" dir="0" index="0" bw="64" slack="0"/>
<pin id="74" dir="0" index="1" bw="64" slack="0"/>
<pin id="75" dir="1" index="2" bw="64" slack="0"/>
</pin_list>
<bind>
<opcode="read(1150) " fcode="read"/>
<opset="coefs_read/1 "/>
</bind>
</comp>

<comp id="78" class="1004" name="grp_readreq_fu_78">
<pin_list>
<pin id="79" dir="0" index="0" bw="1" slack="0"/>
<pin id="80" dir="0" index="1" bw="16" slack="1"/>
<pin id="81" dir="0" index="2" bw="1" slack="0"/>
<pin id="82" dir="1" index="3" bw="1" slack="2147483647"/>
</pin_list>
<bind>
<opcode="readreq(1154) " fcode="readreq"/>
<opset="gmem_load_req/2 "/>
</bind>
</comp>

<comp id="85" class="1004" name="gmem_addr_read_read_fu_85">
<pin_list>
<pin id="86" dir="0" index="0" bw="16" slack="0"/>
<pin id="87" dir="0" index="1" bw="16" slack="8"/>
<pin id="88" dir="1" index="2" bw="16" slack="1"/>
</pin_list>
<bind>
<opcode="read(1150) " fcode="read"/>
<opset="gmem_addr_read/9 "/>
</bind>
</comp>

<comp id="90" class="1004" name="write_ln0_write_fu_90">
<pin_list>
<pin id="91" dir="0" index="0" bw="0" slack="0"/>
<pin id="92" dir="0" index="1" bw="16" slack="0"/>
<pin id="93" dir="0" index="2" bw="16" slack="0"/>
<pin id="94" dir="1" index="3" bw="0" slack="2147483647"/>
</pin_list>
<bind>
<opcode="write(1151) " fcode="write"/>
<opset="write_ln0/12 "/>
</bind>
</comp>

<comp id="97" class="1004" name="signal_shift_reg_addr_gep_fu_97">
<pin_list>
<pin id="98" dir="0" index="0" bw="16" slack="0"/>
<pin id="99" dir="0" index="1" bw="1" slack="0"/>
<pin id="100" dir="0" index="2" bw="7" slack="0"/>
<pin id="101" dir="1" index="3" bw="7" slack="0"/>
</pin_list>
<bind>
<opcode="getelementptr(29) " fcode="getelementptr"/>
<opset="signal_shift_reg_addr/1 "/>
</bind>
</comp>

<comp id="104" class="1004" name="grp_access_fu_104">
<pin_list>
<pin id="105" dir="0" index="0" bw="7" slack="0"/>
<pin id="106" dir="0" index="1" bw="16" slack="0"/>
<pin id="107" dir="0" index="2" bw="0" slack="0"/>
<pin id="109" dir="0" index="4" bw="7" slack="2147483647"/>
<pin id="110" dir="0" index="5" bw="16" slack="2147483647"/>
<pin id="111" dir="0" index="6" bw="0" slack="2147483647"/>
<pin id="108" dir="1" index="3" bw="16" slack="2147483647"/>
<pin id="112" dir="1" index="7" bw="16" slack="0"/>
</pin_list>
<bind>
<opcode="load(27) store(28) " fcode="store"/>
<opset="signal_shift_reg_load/1 store_ln72/2 "/>
</bind>
</comp>

<comp id="114" class="1004" name="signal_shift_reg_addr_1_gep_fu_114">
<pin_list>
<pin id="115" dir="0" index="0" bw="16" slack="0"/>
<pin id="116" dir="0" index="1" bw="1" slack="0"/>
<pin id="117" dir="0" index="2" bw="7" slack="0"/>
<pin id="118" dir="1" index="3" bw="7" slack="0"/>
</pin_list>
<bind>
<opcode="getelementptr(29) " fcode="getelementptr"/>
<opset="signal_shift_reg_addr_1/2 "/>
</bind>
</comp>

<comp id="123" class="1004" name="store_ln0_store_fu_123">
<pin_list>
<pin id="124" dir="0" index="0" bw="6" slack="0"/>
<pin id="125" dir="0" index="1" bw="7" slack="0"/>
<pin id="126" dir="1" index="2" bw="0" slack="2147483647"/>
</pin_list>
<bind>
<opcode="store(28) " fcode="store"/>
<opset="store_ln0/1 "/>
</bind>
</comp>

<comp id="128" class="1004" name="store_ln0_store_fu_128">
<pin_list>
<pin id="129" dir="0" index="0" bw="1" slack="0"/>
<pin id="130" dir="0" index="1" bw="32" slack="0"/>
<pin id="131" dir="1" index="2" bw="0" slack="2147483647"/>
</pin_list>
<bind>
<opcode="store(28) " fcode="store"/>
<opset="store_ln0/1 "/>
</bind>
</comp>

<comp id="133" class="1004" name="i_2_load_fu_133">
<pin_list>
<pin id="134" dir="0" index="0" bw="7" slack="0"/>
<pin id="135" dir="1" index="1" bw="7" slack="0"/>
</pin_list>
<bind>
<opcode="load(27) " fcode="load"/>
<opset="i_2/1 "/>
</bind>
</comp>

<comp id="136" class="1004" name="icmp_ln70_fu_136">
<pin_list>
<pin id="137" dir="0" index="0" bw="7" slack="0"/>
<pin id="138" dir="0" index="1" bw="7" slack="0"/>
<pin id="139" dir="1" index="2" bw="1" slack="1"/>
</pin_list>
<bind>
<opcode="icmp(45) " fcode="icmp"/>
<opset="icmp_ln70/1 "/>
</bind>
</comp>

<comp id="142" class="1004" name="add_ln70_fu_142">
<pin_list>
<pin id="143" dir="0" index="0" bw="7" slack="0"/>
<pin id="144" dir="0" index="1" bw="1" slack="0"/>
<pin id="145" dir="1" index="2" bw="7" slack="0"/>
</pin_list>
<bind>
<opcode="add(8) " fcode="add"/>
<opset="add_ln70/1 "/>
</bind>
</comp>

<comp id="148" class="1004" name="zext_ln72_fu_148">
<pin_list>
<pin id="149" dir="0" index="0" bw="7" slack="0"/>
<pin id="150" dir="1" index="1" bw="64" slack="0"/>
</pin_list>
<bind>
<opcode="zext(34) " fcode="zext"/>
<opset="zext_ln72/1 "/>
</bind>
</comp>

<comp id="153" class="1004" name="shl_ln_fu_153">
<pin_list>
<pin id="154" dir="0" index="0" bw="8" slack="0"/>
<pin id="155" dir="0" index="1" bw="7" slack="0"/>
<pin id="156" dir="0" index="2" bw="1" slack="0"/>
<pin id="157" dir="1" index="3" bw="8" slack="0"/>
</pin_list>
<bind>
<opcode="bitconcatenate(1004) " fcode="bitconcatenate"/>
<opset="shl_ln/1 "/>
</bind>
</comp>

<comp id="161" class="1004" name="zext_ln73_fu_161">
<pin_list>
<pin id="162" dir="0" index="0" bw="8" slack="0"/>
<pin id="163" dir="1" index="1" bw="64" slack="0"/>
</pin_list>
<bind>
<opcode="zext(34) " fcode="zext"/>
<opset="zext_ln73/1 "/>
</bind>
</comp>

<comp id="165" class="1004" name="add_ln73_fu_165">
<pin_list>
<pin id="166" dir="0" index="0" bw="8" slack="0"/>
<pin id="167" dir="0" index="1" bw="64" slack="0"/>
<pin id="168" dir="1" index="2" bw="64" slack="0"/>
</pin_list>
<bind>
<opcode="add(8) " fcode="add"/>
<opset="add_ln73/1 "/>
</bind>
</comp>

<comp id="171" class="1004" name="trunc_ln2_fu_171">
<pin_list>
<pin id="172" dir="0" index="0" bw="63" slack="0"/>
<pin id="173" dir="0" index="1" bw="64" slack="0"/>
<pin id="174" dir="0" index="2" bw="1" slack="0"/>
<pin id="175" dir="0" index="3" bw="7" slack="0"/>
<pin id="176" dir="1" index="4" bw="63" slack="0"/>
</pin_list>
<bind>
<opcode="partselect(1002) " fcode="partselect"/>
<opset="trunc_ln2/1 "/>
</bind>
</comp>

<comp id="181" class="1004" name="sext_ln73_2_fu_181">
<pin_list>
<pin id="182" dir="0" index="0" bw="63" slack="0"/>
<pin id="183" dir="1" index="1" bw="64" slack="0"/>
</pin_list>
<bind>
<opcode="sext(35) " fcode="sext"/>
<opset="sext_ln73_2/1 "/>
</bind>
</comp>

<comp id="185" class="1004" name="gmem_addr_fu_185">
<pin_list>
<pin id="186" dir="0" index="0" bw="64" slack="0"/>
<pin id="187" dir="0" index="1" bw="64" slack="0"/>
<pin id="188" dir="1" index="2" bw="64" slack="1"/>
</pin_list>
<bind>
<opcode="getelementptr(29) " fcode="getelementptr"/>
<opset="gmem_addr/1 "/>
</bind>
</comp>

<comp id="191" class="1004" name="store_ln70_store_fu_191">
<pin_list>
<pin id="192" dir="0" index="0" bw="7" slack="0"/>
<pin id="193" dir="0" index="1" bw="7" slack="0"/>
<pin id="194" dir="1" index="2" bw="0" slack="2147483647"/>
</pin_list>
<bind>
<opcode="store(28) " fcode="store"/>
<opset="store_ln70/1 "/>
</bind>
</comp>

<comp id="196" class="1004" name="zext_ln70_fu_196">
<pin_list>
<pin id="197" dir="0" index="0" bw="7" slack="1"/>
<pin id="198" dir="1" index="1" bw="64" slack="0"/>
</pin_list>
<bind>
<opcode="zext(34) " fcode="zext"/>
<opset="zext_ln70/2 "/>
</bind>
</comp>

<comp id="200" class="1004" name="sext_ln73_fu_200">
<pin_list>
<pin id="201" dir="0" index="0" bw="16" slack="8"/>
<pin id="202" dir="1" index="1" bw="32" slack="0"/>
</pin_list>
<bind>
<opcode="sext(35) " fcode="sext"/>
<opset="sext_ln73/10 "/>
</bind>
</comp>

<comp id="203" class="1004" name="sext_ln73_1_fu_203">
<pin_list>
<pin id="204" dir="0" index="0" bw="16" slack="1"/>
<pin id="205" dir="1" index="1" bw="32" slack="0"/>
</pin_list>
<bind>
<opcode="sext(35) " fcode="sext"/>
<opset="sext_ln73_1/10 "/>
</bind>
</comp>

<comp id="206" class="1004" name="accumulate_1_load_fu_206">
<pin_list>
<pin id="207" dir="0" index="0" bw="32" slack="11"/>
<pin id="208" dir="1" index="1" bw="32" slack="0"/>
</pin_list>
<bind>
<opcode="load(27) " fcode="load"/>
<opset="accumulate_1/12 "/>
</bind>
</comp>

<comp id="209" class="1004" name="empty_fu_209">
<pin_list>
<pin id="210" dir="0" index="0" bw="32" slack="0"/>
<pin id="211" dir="1" index="1" bw="16" slack="0"/>
</pin_list>
<bind>
<opcode="trunc(33) " fcode="trunc"/>
<opset="empty/12 "/>
</bind>
</comp>

<comp id="214" class="1004" name="store_ln70_store_fu_214">
<pin_list>
<pin id="215" dir="0" index="0" bw="32" slack="0"/>
<pin id="216" dir="0" index="1" bw="32" slack="12"/>
<pin id="217" dir="1" index="2" bw="0" slack="2147483647"/>
</pin_list>
<bind>
<opcode="store(28) " fcode="store"/>
<opset="store_ln70/13 "/>
</bind>
</comp>

<comp id="218" class="1007" name="grp_fu_218">
<pin_list>
<pin id="219" dir="0" index="0" bw="16" slack="0"/>
<pin id="220" dir="0" index="1" bw="16" slack="0"/>
<pin id="221" dir="0" index="2" bw="32" slack="0"/>
<pin id="222" dir="1" index="3" bw="32" slack="0"/>
</pin_list>
<bind>
<opcode="muladd(1172) " fcode="muladd"/>
<opset="mul_ln73/10 accumulate_2/12 "/>
</bind>
</comp>

<comp id="227" class="1005" name="accumulate_reg_227">
<pin_list>
<pin id="228" dir="0" index="0" bw="32" slack="0"/>
<pin id="229" dir="1" index="1" bw="32" slack="0"/>
</pin_list>
<bind>
<opset="accumulate "/>
</bind>
</comp>

<comp id="234" class="1005" name="i_reg_234">
<pin_list>
<pin id="235" dir="0" index="0" bw="7" slack="0"/>
<pin id="236" dir="1" index="1" bw="7" slack="0"/>
</pin_list>
<bind>
<opset="i "/>
</bind>
</comp>

<comp id="241" class="1005" name="i_2_reg_241">
<pin_list>
<pin id="242" dir="0" index="0" bw="7" slack="1"/>
<pin id="243" dir="1" index="1" bw="7" slack="1"/>
</pin_list>
<bind>
<opset="i_2 "/>
</bind>
</comp>

<comp id="246" class="1005" name="icmp_ln70_reg_246">
<pin_list>
<pin id="247" dir="0" index="0" bw="1" slack="1"/>
<pin id="248" dir="1" index="1" bw="1" slack="2147483647"/>
</pin_list>
<bind>
<opset="icmp_ln70 "/>
</bind>
</comp>

<comp id="250" class="1005" name="signal_shift_reg_addr_reg_250">
<pin_list>
<pin id="251" dir="0" index="0" bw="7" slack="1"/>
<pin id="252" dir="1" index="1" bw="7" slack="1"/>
</pin_list>
<bind>
<opset="signal_shift_reg_addr "/>
</bind>
</comp>

<comp id="255" class="1005" name="gmem_addr_reg_255">
<pin_list>
<pin id="256" dir="0" index="0" bw="16" slack="1"/>
<pin id="257" dir="1" index="1" bw="16" slack="1"/>
</pin_list>
<bind>
<opset="gmem_addr "/>
</bind>
</comp>

<comp id="261" class="1005" name="signal_shift_reg_load_reg_261">
<pin_list>
<pin id="262" dir="0" index="0" bw="16" slack="8"/>
<pin id="263" dir="1" index="1" bw="16" slack="8"/>
</pin_list>
<bind>
<opset="signal_shift_reg_load "/>
</bind>
</comp>

<comp id="266" class="1005" name="gmem_addr_read_reg_266">
<pin_list>
<pin id="267" dir="0" index="0" bw="16" slack="1"/>
<pin id="268" dir="1" index="1" bw="16" slack="1"/>
</pin_list>
<bind>
<opset="gmem_addr_read "/>
</bind>
</comp>

<comp id="271" class="1005" name="sext_ln73_reg_271">
<pin_list>
<pin id="272" dir="0" index="0" bw="32" slack="1"/>
<pin id="273" dir="1" index="1" bw="32" slack="1"/>
</pin_list>
<bind>
<opset="sext_ln73 "/>
</bind>
</comp>

<comp id="276" class="1005" name="sext_ln73_1_reg_276">
<pin_list>
<pin id="277" dir="0" index="0" bw="32" slack="1"/>
<pin id="278" dir="1" index="1" bw="32" slack="1"/>
</pin_list>
<bind>
<opset="sext_ln73_1 "/>
</bind>
</comp>

<comp id="281" class="1005" name="accumulate_1_reg_281">
<pin_list>
<pin id="282" dir="0" index="0" bw="32" slack="1"/>
<pin id="283" dir="1" index="1" bw="32" slack="1"/>
</pin_list>
<bind>
<opset="accumulate_1 "/>
</bind>
</comp>

</comp_list>

<net_list>
<net id="67"><net_src comp="8" pin="0"/><net_sink comp="64" pin=0"/></net>

<net id="71"><net_src comp="8" pin="0"/><net_sink comp="68" pin=0"/></net>

<net id="76"><net_src comp="28" pin="0"/><net_sink comp="72" pin=0"/></net>

<net id="77"><net_src comp="2" pin="0"/><net_sink comp="72" pin=1"/></net>

<net id="83"><net_src comp="46" pin="0"/><net_sink comp="78" pin=0"/></net>

<net id="84"><net_src comp="8" pin="0"/><net_sink comp="78" pin=2"/></net>

<net id="89"><net_src comp="48" pin="0"/><net_sink comp="85" pin=0"/></net>

<net id="95"><net_src comp="62" pin="0"/><net_sink comp="90" pin=0"/></net>

<net id="96"><net_src comp="4" pin="0"/><net_sink comp="90" pin=1"/></net>

<net id="102"><net_src comp="6" pin="0"/><net_sink comp="97" pin=0"/></net>

<net id="103"><net_src comp="36" pin="0"/><net_sink comp="97" pin=1"/></net>

<net id="113"><net_src comp="97" pin="3"/><net_sink comp="104" pin=2"/></net>

<net id="119"><net_src comp="6" pin="0"/><net_sink comp="114" pin=0"/></net>

<net id="120"><net_src comp="36" pin="0"/><net_sink comp="114" pin=1"/></net>

<net id="121"><net_src comp="104" pin="7"/><net_sink comp="104" pin=1"/></net>

<net id="122"><net_src comp="114" pin="3"/><net_sink comp="104" pin=0"/></net>

<net id="127"><net_src comp="30" pin="0"/><net_sink comp="123" pin=0"/></net>

<net id="132"><net_src comp="14" pin="0"/><net_sink comp="128" pin=0"/></net>

<net id="140"><net_src comp="133" pin="1"/><net_sink comp="136" pin=0"/></net>

<net id="141"><net_src comp="32" pin="0"/><net_sink comp="136" pin=1"/></net>

<net id="146"><net_src comp="133" pin="1"/><net_sink comp="142" pin=0"/></net>

<net id="147"><net_src comp="34" pin="0"/><net_sink comp="142" pin=1"/></net>

<net id="151"><net_src comp="142" pin="2"/><net_sink comp="148" pin=0"/></net>

<net id="152"><net_src comp="148" pin="1"/><net_sink comp="97" pin=2"/></net>

<net id="158"><net_src comp="38" pin="0"/><net_sink comp="153" pin=0"/></net>

<net id="159"><net_src comp="133" pin="1"/><net_sink comp="153" pin=1"/></net>

<net id="160"><net_src comp="40" pin="0"/><net_sink comp="153" pin=2"/></net>

<net id="164"><net_src comp="153" pin="3"/><net_sink comp="161" pin=0"/></net>

<net id="169"><net_src comp="161" pin="1"/><net_sink comp="165" pin=0"/></net>

<net id="170"><net_src comp="72" pin="2"/><net_sink comp="165" pin=1"/></net>

<net id="177"><net_src comp="42" pin="0"/><net_sink comp="171" pin=0"/></net>

<net id="178"><net_src comp="165" pin="2"/><net_sink comp="171" pin=1"/></net>

<net id="179"><net_src comp="8" pin="0"/><net_sink comp="171" pin=2"/></net>

<net id="180"><net_src comp="44" pin="0"/><net_sink comp="171" pin=3"/></net>

<net id="184"><net_src comp="171" pin="4"/><net_sink comp="181" pin=0"/></net>

<net id="189"><net_src comp="0" pin="0"/><net_sink comp="185" pin=0"/></net>

<net id="190"><net_src comp="181" pin="1"/><net_sink comp="185" pin=1"/></net>

<net id="195"><net_src comp="142" pin="2"/><net_sink comp="191" pin=0"/></net>

<net id="199"><net_src comp="196" pin="1"/><net_sink comp="114" pin=2"/></net>

<net id="212"><net_src comp="206" pin="1"/><net_sink comp="209" pin=0"/></net>

<net id="213"><net_src comp="209" pin="1"/><net_sink comp="90" pin=2"/></net>

<net id="223"><net_src comp="203" pin="1"/><net_sink comp="218" pin=0"/></net>

<net id="224"><net_src comp="200" pin="1"/><net_sink comp="218" pin=1"/></net>

<net id="225"><net_src comp="206" pin="1"/><net_sink comp="218" pin=2"/></net>

<net id="226"><net_src comp="218" pin="3"/><net_sink comp="214" pin=0"/></net>

<net id="230"><net_src comp="64" pin="1"/><net_sink comp="227" pin=0"/></net>

<net id="231"><net_src comp="227" pin="1"/><net_sink comp="128" pin=1"/></net>

<net id="232"><net_src comp="227" pin="1"/><net_sink comp="206" pin=0"/></net>

<net id="233"><net_src comp="227" pin="1"/><net_sink comp="214" pin=1"/></net>

<net id="237"><net_src comp="68" pin="1"/><net_sink comp="234" pin=0"/></net>

<net id="238"><net_src comp="234" pin="1"/><net_sink comp="123" pin=1"/></net>

<net id="239"><net_src comp="234" pin="1"/><net_sink comp="133" pin=0"/></net>

<net id="240"><net_src comp="234" pin="1"/><net_sink comp="191" pin=1"/></net>

<net id="244"><net_src comp="133" pin="1"/><net_sink comp="241" pin=0"/></net>

<net id="245"><net_src comp="241" pin="1"/><net_sink comp="196" pin=0"/></net>

<net id="249"><net_src comp="136" pin="2"/><net_sink comp="246" pin=0"/></net>

<net id="253"><net_src comp="97" pin="3"/><net_sink comp="250" pin=0"/></net>

<net id="254"><net_src comp="250" pin="1"/><net_sink comp="104" pin=2"/></net>

<net id="258"><net_src comp="185" pin="2"/><net_sink comp="255" pin=0"/></net>

<net id="259"><net_src comp="255" pin="1"/><net_sink comp="78" pin=1"/></net>

<net id="260"><net_src comp="255" pin="1"/><net_sink comp="85" pin=1"/></net>

<net id="264"><net_src comp="104" pin="7"/><net_sink comp="261" pin=0"/></net>

<net id="265"><net_src comp="261" pin="1"/><net_sink comp="200" pin=0"/></net>

<net id="269"><net_src comp="85" pin="2"/><net_sink comp="266" pin=0"/></net>

<net id="270"><net_src comp="266" pin="1"/><net_sink comp="203" pin=0"/></net>

<net id="274"><net_src comp="200" pin="1"/><net_sink comp="271" pin=0"/></net>

<net id="275"><net_src comp="271" pin="1"/><net_sink comp="218" pin=1"/></net>

<net id="279"><net_src comp="203" pin="1"/><net_sink comp="276" pin=0"/></net>

<net id="280"><net_src comp="276" pin="1"/><net_sink comp="218" pin=0"/></net>

<net id="284"><net_src comp="206" pin="1"/><net_sink comp="281" pin=0"/></net>

<net id="285"><net_src comp="281" pin="1"/><net_sink comp="218" pin=1"/></net>

</net_list>

</model> 
---------------- Datapath Model END ------------------

* FSMD analyzer results:
  - Output states:
	Port: gmem | {}
	Port: accumulate_out | {12 }
	Port: signal_shift_reg | {2 }
 - Input state : 
	Port: equalizer_Pipeline_Shift_Accumulate_Loop : gmem | {2 3 4 5 6 7 8 9 }
	Port: equalizer_Pipeline_Shift_Accumulate_Loop : coefs | {1 }
	Port: equalizer_Pipeline_Shift_Accumulate_Loop : signal_shift_reg | {1 2 }
  - Chain level:
	State 1
		store_ln0 : 1
		store_ln0 : 1
		i_2 : 1
		icmp_ln70 : 2
		br_ln70 : 3
		add_ln70 : 2
		zext_ln72 : 3
		signal_shift_reg_addr : 4
		signal_shift_reg_load : 5
		shl_ln : 2
		zext_ln73 : 3
		add_ln73 : 4
		trunc_ln2 : 5
		sext_ln73_2 : 6
		gmem_addr : 7
		store_ln70 : 3
	State 2
		signal_shift_reg_addr_1 : 1
		store_ln72 : 2
	State 3
	State 4
	State 5
	State 6
	State 7
	State 8
	State 9
	State 10
		mul_ln73 : 1
	State 11
	State 12
		empty : 1
		accumulate_2 : 1
		write_ln0 : 2
	State 13
		store_ln70 : 1


============================================================
+ Verbose Summary: Datapath Resource usage 
============================================================

* Functional unit list:
|----------|---------------------------|---------|---------|---------|
| Operation|      Functional Unit      |   DSP   |    FF   |   LUT   |
|----------|---------------------------|---------|---------|---------|
|    add   |      add_ln70_fu_142      |    0    |    0    |    14   |
|          |      add_ln73_fu_165      |    0    |    0    |    71   |
|----------|---------------------------|---------|---------|---------|
|   icmp   |      icmp_ln70_fu_136     |    0    |    0    |    10   |
|----------|---------------------------|---------|---------|---------|
|  muladd  |         grp_fu_218        |    1    |    0    |    0    |
|----------|---------------------------|---------|---------|---------|
|   read   |   coefs_read_read_fu_72   |    0    |    0    |    0    |
|          | gmem_addr_read_read_fu_85 |    0    |    0    |    0    |
|----------|---------------------------|---------|---------|---------|
|  readreq |     grp_readreq_fu_78     |    0    |    0    |    0    |
|----------|---------------------------|---------|---------|---------|
|   write  |   write_ln0_write_fu_90   |    0    |    0    |    0    |
|----------|---------------------------|---------|---------|---------|
|          |      zext_ln72_fu_148     |    0    |    0    |    0    |
|   zext   |      zext_ln73_fu_161     |    0    |    0    |    0    |
|          |      zext_ln70_fu_196     |    0    |    0    |    0    |
|----------|---------------------------|---------|---------|---------|
|bitconcatenate|       shl_ln_fu_153       |    0    |    0    |    0    |
|----------|---------------------------|---------|---------|---------|
|partselect|      trunc_ln2_fu_171     |    0    |    0    |    0    |
|----------|---------------------------|---------|---------|---------|
|          |     sext_ln73_2_fu_181    |    0    |    0    |    0    |
|   sext   |      sext_ln73_fu_200     |    0    |    0    |    0    |
|          |     sext_ln73_1_fu_203    |    0    |    0    |    0    |
|----------|---------------------------|---------|---------|---------|
|   trunc  |        empty_fu_209       |    0    |    0    |    0    |
|----------|---------------------------|---------|---------|---------|
|   Total  |                           |    1    |    0    |    95   |
|----------|---------------------------|---------|---------|---------|

Memories:
N/A

* Register list:
+-----------------------------+--------+
|                             |   FF   |
+-----------------------------+--------+
|     accumulate_1_reg_281    |   32   |
|      accumulate_reg_227     |   32   |
|    gmem_addr_read_reg_266   |   16   |
|      gmem_addr_reg_255      |   16   |
|         i_2_reg_241         |    7   |
|          i_reg_234          |    7   |
|      icmp_ln70_reg_246      |    1   |
|     sext_ln73_1_reg_276     |   32   |
|      sext_ln73_reg_271      |   32   |
|signal_shift_reg_addr_reg_250|    7   |
|signal_shift_reg_load_reg_261|   16   |
+-----------------------------+--------+
|            Total            |   198  |
+-----------------------------+--------+

* Multiplexer (MUX) list: 
|-------------------|------|------|------|--------||---------||---------|
|        Comp       |  Pin | Size |  BW  | S x BW ||  Delay  ||   LUT   |
|-------------------|------|------|------|--------||---------||---------|
| grp_access_fu_104 |  p2  |   2  |   0  |    0   ||    9    |
|     grp_fu_218    |  p0  |   2  |  16  |   32   ||    9    |
|     grp_fu_218    |  p1  |   3  |  16  |   48   ||    14   |
|-------------------|------|------|------|--------||---------||---------|
|       Total       |      |      |      |   80   ||  4.8833 ||    32   |
|-------------------|------|------|------|--------||---------||---------|



* Summary:
+-----------+--------+--------+--------+--------+
|           |   DSP  |  Delay |   FF   |   LUT  |
+-----------+--------+--------+--------+--------+
|  Function |    1   |    -   |    0   |   95   |
|   Memory  |    -   |    -   |    -   |    -   |
|Multiplexer|    -   |    4   |    -   |   32   |
|  Register |    -   |    -   |   198  |    -   |
+-----------+--------+--------+--------+--------+
|   Total   |    1   |    4   |   198  |   127  |
+-----------+--------+--------+--------+--------+
