

================================================================
== Vitis HLS Report for 'equalizer_Pipeline_VITIS_LOOP_48_1'
================================================================
* Date:           Fri Apr 26 02:45:22 2024

* Version:        2022.1 (Build 3526262 on Mon Apr 18 15:48:16 MDT 2022)
* Project:        equalizer
* Solution:       solution15 (Vivado IP Flow Target)
* Product family: zynq
* Target device:  xc7z020-clg400-1


================================================================
== Performance Estimates
================================================================
+ Timing: 
    * Summary: 
    +--------+----------+----------+------------+
    |  Clock |  Target  | Estimated| Uncertainty|
    +--------+----------+----------+------------+
    |ap_clk  |  10.00 ns|  7.300 ns|     2.70 ns|
    +--------+----------+----------+------------+

+ Latency: 
    * Summary: 
    +---------+---------+----------+----------+-----+-----+---------+
    |  Latency (cycles) |  Latency (absolute) |  Interval | Pipeline|
    |   min   |   max   |    min   |    max   | min | max |   Type  |
    +---------+---------+----------+----------+-----+-----+---------+
    |      116|      116|  1.160 us|  1.160 us|  116|  116|       no|
    +---------+---------+----------+----------+-----+-----+---------+

    + Detail: 
        * Instance: 
        N/A

        * Loop: 
        +-------------------+---------+---------+----------+-----------+-----------+------+----------+
        |                   |  Latency (cycles) | Iteration|  Initiation Interval  | Trip |          |
        |     Loop Name     |   min   |   max   |  Latency |  achieved |   target  | Count| Pipelined|
        +-------------------+---------+---------+----------+-----------+-----------+------+----------+
        |- VITIS_LOOP_48_1  |      114|      114|        17|          1|          1|    99|       yes|
        +-------------------+---------+---------+----------+-----------+-----------+------+----------+



================================================================
== Utilization Estimates
================================================================
* Summary: 
+-----------------+---------+-----+--------+-------+-----+
|       Name      | BRAM_18K| DSP |   FF   |  LUT  | URAM|
+-----------------+---------+-----+--------+-------+-----+
|DSP              |        -|    1|       -|      -|    -|
|Expression       |        -|    -|       0|    103|    -|
|FIFO             |        -|    -|       -|      -|    -|
|Instance         |        -|    -|       -|      -|    -|
|Memory           |        -|    -|       -|      -|    -|
|Multiplexer      |        -|    -|       -|     90|    -|
|Register         |        -|    -|     280|     64|    -|
+-----------------+---------+-----+--------+-------+-----+
|Total            |        0|    1|     280|    257|    0|
+-----------------+---------+-----+--------+-------+-----+
|Available        |      280|  220|  106400|  53200|    0|
+-----------------+---------+-----+--------+-------+-----+
|Utilization (%)  |        0|   ~0|      ~0|     ~0|    0|
+-----------------+---------+-----+--------+-------+-----+

+ Detail: 
    * Instance: 
    N/A

    * DSP: 
    +-----------------------------------+--------------------------------+--------------+
    |              Instance             |             Module             |  Expression  |
    +-----------------------------------+--------------------------------+--------------+
    |mac_muladd_16s_16s_16ns_16_4_1_U9  |mac_muladd_16s_16s_16ns_16_4_1  |  i0 + i1 * i2|
    +-----------------------------------+--------------------------------+--------------+

    * Memory: 
    N/A

    * FIFO: 
    N/A

    * Expression: 
    +----------------------------------+----------+----+---+----+------------+------------+
    |           Variable Name          | Operation| DSP| FF| LUT| Bitwidth P0| Bitwidth P1|
    +----------------------------------+----------+----+---+----+------------+------------+
    |add_ln48_fu_158_p2                |         +|   0|  0|  14|           7|           1|
    |add_ln52_fu_180_p2                |         +|   0|  0|  71|          64|          64|
    |ap_block_state1_pp0_stage0_iter0  |       and|   0|  0|   2|           1|           1|
    |icmp_ln48_fu_152_p2               |      icmp|   0|  0|  10|           7|           6|
    |ap_block_pp0_stage0_01001         |        or|   0|  0|   2|           1|           1|
    |ap_block_pp0_stage0_11001         |        or|   0|  0|   2|           1|           1|
    |ap_enable_pp0                     |       xor|   0|  0|   2|           1|           2|
    +----------------------------------+----------+----+---+----+------------+------------+
    |Total                             |          |   0|  0| 103|          82|          76|
    +----------------------------------+----------+----+---+----+------------+------------+

    * Multiplexer: 
    +-------------------------+----+-----------+-----+-----------+
    |           Name          | LUT| Input Size| Bits| Total Bits|
    +-------------------------+----+-----------+-----+-----------+
    |ap_done_int              |   9|          2|    1|          2|
    |ap_enable_reg_pp0_iter1  |   9|          2|    1|          2|
    |ap_sig_allocacmp_i_1     |   9|          2|    7|         14|
    |gmem_blk_n_AR            |   9|          2|    1|          2|
    |gmem_blk_n_AW            |   9|          2|    1|          2|
    |gmem_blk_n_B             |   9|          2|    1|          2|
    |gmem_blk_n_R             |   9|          2|    1|          2|
    |gmem_blk_n_W             |   9|          2|    1|          2|
    |i_fu_88                  |   9|          2|    7|         14|
    |input_r_TDATA_blk_n      |   9|          2|    1|          2|
    +-------------------------+----+-----------+-----+-----------+
    |Total                    |  90|         20|   22|         44|
    +-------------------------+----+-----------+-----+-----------+

    * Register: 
    +-----------------------------------+----+----+-----+-----------+
    |                Name               | FF | LUT| Bits| Const Bits|
    +-----------------------------------+----+----+-----+-----------+
    |add_ln52_1_reg_249                 |  16|   0|   16|          0|
    |ap_CS_fsm                          |   1|   0|    1|          0|
    |ap_done_reg                        |   1|   0|    1|          0|
    |ap_enable_reg_pp0_iter1            |   1|   0|    1|          0|
    |ap_enable_reg_pp0_iter10           |   1|   0|    1|          0|
    |ap_enable_reg_pp0_iter11           |   1|   0|    1|          0|
    |ap_enable_reg_pp0_iter12           |   1|   0|    1|          0|
    |ap_enable_reg_pp0_iter13           |   1|   0|    1|          0|
    |ap_enable_reg_pp0_iter14           |   1|   0|    1|          0|
    |ap_enable_reg_pp0_iter15           |   1|   0|    1|          0|
    |ap_enable_reg_pp0_iter16           |   1|   0|    1|          0|
    |ap_enable_reg_pp0_iter2            |   1|   0|    1|          0|
    |ap_enable_reg_pp0_iter3            |   1|   0|    1|          0|
    |ap_enable_reg_pp0_iter4            |   1|   0|    1|          0|
    |ap_enable_reg_pp0_iter5            |   1|   0|    1|          0|
    |ap_enable_reg_pp0_iter6            |   1|   0|    1|          0|
    |ap_enable_reg_pp0_iter7            |   1|   0|    1|          0|
    |ap_enable_reg_pp0_iter8            |   1|   0|    1|          0|
    |ap_enable_reg_pp0_iter9            |   1|   0|    1|          0|
    |ap_loop_exit_ready_pp0_iter10_reg  |   1|   0|    1|          0|
    |ap_loop_exit_ready_pp0_iter11_reg  |   1|   0|    1|          0|
    |ap_loop_exit_ready_pp0_iter12_reg  |   1|   0|    1|          0|
    |ap_loop_exit_ready_pp0_iter13_reg  |   1|   0|    1|          0|
    |ap_loop_exit_ready_pp0_iter14_reg  |   1|   0|    1|          0|
    |ap_loop_exit_ready_pp0_iter15_reg  |   1|   0|    1|          0|
    |ap_loop_exit_ready_pp0_iter1_reg   |   1|   0|    1|          0|
    |ap_loop_exit_ready_pp0_iter2_reg   |   1|   0|    1|          0|
    |ap_loop_exit_ready_pp0_iter3_reg   |   1|   0|    1|          0|
    |ap_loop_exit_ready_pp0_iter4_reg   |   1|   0|    1|          0|
    |ap_loop_exit_ready_pp0_iter5_reg   |   1|   0|    1|          0|
    |ap_loop_exit_ready_pp0_iter6_reg   |   1|   0|    1|          0|
    |ap_loop_exit_ready_pp0_iter7_reg   |   1|   0|    1|          0|
    |ap_loop_exit_ready_pp0_iter8_reg   |   1|   0|    1|          0|
    |ap_loop_exit_ready_pp0_iter9_reg   |   1|   0|    1|          0|
    |gmem_addr_read_reg_244             |  16|   0|   16|          0|
    |gmem_addr_reg_237                  |  64|   0|   64|          0|
    |i_fu_88                            |   7|   0|    7|          0|
    |tmp_data_V_reg_232                 |  16|   0|   16|          0|
    |gmem_addr_reg_237                  |  64|  32|   64|          0|
    |tmp_data_V_reg_232                 |  64|  32|   16|          0|
    +-----------------------------------+----+----+-----+-----------+
    |Total                              | 280|  64|  232|          0|
    +-----------------------------------+----+----+-----+-----------+



================================================================
== Interface
================================================================
* Summary: 
+---------------------+-----+-----+------------+------------------------------------+--------------+
|      RTL Ports      | Dir | Bits|  Protocol  |            Source Object           |    C Type    |
+---------------------+-----+-----+------------+------------------------------------+--------------+
|ap_clk               |   in|    1|  ap_ctrl_hs|  equalizer_Pipeline_VITIS_LOOP_48_1|  return value|
|ap_rst               |   in|    1|  ap_ctrl_hs|  equalizer_Pipeline_VITIS_LOOP_48_1|  return value|
|ap_start             |   in|    1|  ap_ctrl_hs|  equalizer_Pipeline_VITIS_LOOP_48_1|  return value|
|ap_done              |  out|    1|  ap_ctrl_hs|  equalizer_Pipeline_VITIS_LOOP_48_1|  return value|
|ap_idle              |  out|    1|  ap_ctrl_hs|  equalizer_Pipeline_VITIS_LOOP_48_1|  return value|
|ap_ready             |  out|    1|  ap_ctrl_hs|  equalizer_Pipeline_VITIS_LOOP_48_1|  return value|
|input_r_TVALID       |   in|    1|        axis|                    input_r_V_data_V|       pointer|
|input_r_TDATA        |   in|   16|        axis|                    input_r_V_data_V|       pointer|
|m_axi_gmem_AWVALID   |  out|    1|       m_axi|                                gmem|       pointer|
|m_axi_gmem_AWREADY   |   in|    1|       m_axi|                                gmem|       pointer|
|m_axi_gmem_AWADDR    |  out|   64|       m_axi|                                gmem|       pointer|
|m_axi_gmem_AWID      |  out|    1|       m_axi|                                gmem|       pointer|
|m_axi_gmem_AWLEN     |  out|   32|       m_axi|                                gmem|       pointer|
|m_axi_gmem_AWSIZE    |  out|    3|       m_axi|                                gmem|       pointer|
|m_axi_gmem_AWBURST   |  out|    2|       m_axi|                                gmem|       pointer|
|m_axi_gmem_AWLOCK    |  out|    2|       m_axi|                                gmem|       pointer|
|m_axi_gmem_AWCACHE   |  out|    4|       m_axi|                                gmem|       pointer|
|m_axi_gmem_AWPROT    |  out|    3|       m_axi|                                gmem|       pointer|
|m_axi_gmem_AWQOS     |  out|    4|       m_axi|                                gmem|       pointer|
|m_axi_gmem_AWREGION  |  out|    4|       m_axi|                                gmem|       pointer|
|m_axi_gmem_AWUSER    |  out|    1|       m_axi|                                gmem|       pointer|
|m_axi_gmem_WVALID    |  out|    1|       m_axi|                                gmem|       pointer|
|m_axi_gmem_WREADY    |   in|    1|       m_axi|                                gmem|       pointer|
|m_axi_gmem_WDATA     |  out|   16|       m_axi|                                gmem|       pointer|
|m_axi_gmem_WSTRB     |  out|    2|       m_axi|                                gmem|       pointer|
|m_axi_gmem_WLAST     |  out|    1|       m_axi|                                gmem|       pointer|
|m_axi_gmem_WID       |  out|    1|       m_axi|                                gmem|       pointer|
|m_axi_gmem_WUSER     |  out|    1|       m_axi|                                gmem|       pointer|
|m_axi_gmem_ARVALID   |  out|    1|       m_axi|                                gmem|       pointer|
|m_axi_gmem_ARREADY   |   in|    1|       m_axi|                                gmem|       pointer|
|m_axi_gmem_ARADDR    |  out|   64|       m_axi|                                gmem|       pointer|
|m_axi_gmem_ARID      |  out|    1|       m_axi|                                gmem|       pointer|
|m_axi_gmem_ARLEN     |  out|   32|       m_axi|                                gmem|       pointer|
|m_axi_gmem_ARSIZE    |  out|    3|       m_axi|                                gmem|       pointer|
|m_axi_gmem_ARBURST   |  out|    2|       m_axi|                                gmem|       pointer|
|m_axi_gmem_ARLOCK    |  out|    2|       m_axi|                                gmem|       pointer|
|m_axi_gmem_ARCACHE   |  out|    4|       m_axi|                                gmem|       pointer|
|m_axi_gmem_ARPROT    |  out|    3|       m_axi|                                gmem|       pointer|
|m_axi_gmem_ARQOS     |  out|    4|       m_axi|                                gmem|       pointer|
|m_axi_gmem_ARREGION  |  out|    4|       m_axi|                                gmem|       pointer|
|m_axi_gmem_ARUSER    |  out|    1|       m_axi|                                gmem|       pointer|
|m_axi_gmem_RVALID    |   in|    1|       m_axi|                                gmem|       pointer|
|m_axi_gmem_RREADY    |  out|    1|       m_axi|                                gmem|       pointer|
|m_axi_gmem_RDATA     |   in|   16|       m_axi|                                gmem|       pointer|
|m_axi_gmem_RLAST     |   in|    1|       m_axi|                                gmem|       pointer|
|m_axi_gmem_RID       |   in|    1|       m_axi|                                gmem|       pointer|
|m_axi_gmem_RFIFONUM  |   in|   10|       m_axi|                                gmem|       pointer|
|m_axi_gmem_RUSER     |   in|    1|       m_axi|                                gmem|       pointer|
|m_axi_gmem_RRESP     |   in|    2|       m_axi|                                gmem|       pointer|
|m_axi_gmem_BVALID    |   in|    1|       m_axi|                                gmem|       pointer|
|m_axi_gmem_BREADY    |  out|    1|       m_axi|                                gmem|       pointer|
|m_axi_gmem_BRESP     |   in|    2|       m_axi|                                gmem|       pointer|
|m_axi_gmem_BID       |   in|    1|       m_axi|                                gmem|       pointer|
|m_axi_gmem_BUSER     |   in|    1|       m_axi|                                gmem|       pointer|
|input_r_TREADY       |  out|    1|        axis|                    input_r_V_dest_V|       pointer|
|input_r_TDEST        |   in|    1|        axis|                    input_r_V_dest_V|       pointer|
|input_r_TKEEP        |   in|    2|        axis|                    input_r_V_keep_V|       pointer|
|input_r_TSTRB        |   in|    2|        axis|                    input_r_V_strb_V|       pointer|
|input_r_TUSER        |   in|    1|        axis|                    input_r_V_user_V|       pointer|
|input_r_TLAST        |   in|    1|        axis|                    input_r_V_last_V|       pointer|
|input_r_TID          |   in|    1|        axis|                      input_r_V_id_V|       pointer|
|coef_scale           |   in|   16|     ap_none|                          coef_scale|        scalar|
|coefs                |   in|   64|     ap_none|                               coefs|        scalar|
+---------------------+-----+-----+------------+------------------------------------+--------------+

============================================================
+ Verbose Summary: Synthesis Manager
============================================================
InlineROM: 1
ExposeGlobal: 0
============================================================
+ Verbose Summary: CDFG Model
============================================================
IsTopModel: 0
ResetActiveHigh: 1
IsCombinational: 2
IsDatapathOnly: 2
HasWiredReturn: 1
HasMFsm: 2
HasVarLatency: 1
IsPipeline: 0
IsRtlPipelined: 0
IsInstanceOverlapped: 0
IsDontTouch: 0
HasImplIP: 0
IsGatedGlobalClock: 0

+ Individual pipeline summary: 
  * Pipeline-0: initiation interval (II) = 1, depth = 17


============================================================
+ Verbose Summary: Schedule
============================================================
* Number of FSM states : 17
* Pipeline : 1
  Pipeline-0 : II = 1, D = 17, States = { 1 2 3 4 5 6 7 8 9 10 11 12 13 14 15 16 17 }
* Dataflow Pipeline: 0

* FSM state transitions: 
1 --> 2 
2 --> 3 
3 --> 4 
4 --> 5 
5 --> 6 
6 --> 7 
7 --> 8 
8 --> 9 
9 --> 10 
10 --> 11 
11 --> 12 
12 --> 13 
13 --> 14 
14 --> 15 
15 --> 16 
16 --> 17 
17 --> 

* FSM state operations: 

State 1 <SV = 0> <Delay = 3.52>
ST_1 : Operation 20 [1/1] (0.00ns)   --->   "%i = alloca i32 1"   --->   Operation 20 'alloca' 'i' <Predicate = true> <Delay = 0.00>
ST_1 : Operation 21 [1/1] (0.00ns)   --->   "%specinterface_ln0 = specinterface void @_ssdm_op_SpecInterface, i1 %input_r_V_dest_V, i1 %input_r_V_id_V, i1 %input_r_V_last_V, i1 %input_r_V_user_V, i2 %input_r_V_strb_V, i2 %input_r_V_keep_V, i16 %input_r_V_data_V, void @empty_3, i32 0, i32 0, void @empty_4, i32 0, i32 0, void @empty_0, void @empty_0, void @empty_0, i32 0, i32 0, i32 0, i32 0, void @empty_0, void @empty_0, i32 4294967295, i32 0"   --->   Operation 21 'specinterface' 'specinterface_ln0' <Predicate = true> <Delay = 0.00>
ST_1 : Operation 22 [1/1] (0.00ns)   --->   "%specinterface_ln0 = specinterface void @_ssdm_op_SpecInterface, i16 %gmem, void @empty, i32 0, i32 0, void @empty_0, i32 0, i32 99, void @empty_1, void @empty_2, void @empty_0, i32 16, i32 16, i32 16, i32 16, void @empty_0, void @empty_0, i32 4294967295, i32 0"   --->   Operation 22 'specinterface' 'specinterface_ln0' <Predicate = true> <Delay = 0.00>
ST_1 : Operation 23 [1/1] (0.00ns)   --->   "%coefs_read = read i64 @_ssdm_op_Read.ap_auto.i64, i64 %coefs"   --->   Operation 23 'read' 'coefs_read' <Predicate = true> <Delay = 0.00>
ST_1 : Operation 24 [1/1] (0.00ns)   --->   "%coef_scale_read = read i16 @_ssdm_op_Read.ap_auto.i16, i16 %coef_scale"   --->   Operation 24 'read' 'coef_scale_read' <Predicate = true> <Delay = 0.00>
ST_1 : Operation 25 [1/1] (1.58ns)   --->   "%store_ln0 = store i7 0, i7 %i"   --->   Operation 25 'store' 'store_ln0' <Predicate = true> <Delay = 1.58>
ST_1 : Operation 26 [1/1] (0.00ns)   --->   "%br_ln0 = br void %for.inc20"   --->   Operation 26 'br' 'br_ln0' <Predicate = true> <Delay = 0.00>
ST_1 : Operation 27 [1/1] (0.00ns)   --->   "%i_1 = load i7 %i" [equalizer.cpp:48]   --->   Operation 27 'load' 'i_1' <Predicate = true> <Delay = 0.00>
ST_1 : Operation 28 [1/1] (0.00ns)   --->   "%specbitsmap_ln0 = specbitsmap void @_ssdm_op_SpecBitsMap, i16 %gmem"   --->   Operation 28 'specbitsmap' 'specbitsmap_ln0' <Predicate = true> <Delay = 0.00>
ST_1 : Operation 29 [1/1] (1.48ns)   --->   "%icmp_ln48 = icmp_eq  i7 %i_1, i7 99" [equalizer.cpp:48]   --->   Operation 29 'icmp' 'icmp_ln48' <Predicate = true> <Delay = 1.48> <CoreInst = "Cmp">   --->   Core 9 'Cmp' <Latency = 0> <II = 1> <Delay = 1.48> <FuncUnit> <Opcode : 'icmp'> <InPorts = 2> <OutPorts = 1>
ST_1 : Operation 30 [1/1] (0.00ns)   --->   "%empty = speclooptripcount i32 @_ssdm_op_SpecLoopTripCount, i64 99, i64 99, i64 99"   --->   Operation 30 'speclooptripcount' 'empty' <Predicate = true> <Delay = 0.00>
ST_1 : Operation 31 [1/1] (1.87ns)   --->   "%add_ln48 = add i7 %i_1, i7 1" [equalizer.cpp:48]   --->   Operation 31 'add' 'add_ln48' <Predicate = true> <Delay = 1.87> <CoreInst = "Adder">   --->   Core 1 'Adder' <Latency = 0> <II = 1> <Delay = 1.87> <FuncUnit> <Opcode : 'add' 'sub'> <InPorts = 2> <OutPorts = 1>
ST_1 : Operation 32 [1/1] (0.00ns)   --->   "%br_ln48 = br i1 %icmp_ln48, void %for.inc20.split, void %for.inc22.exitStub" [equalizer.cpp:48]   --->   Operation 32 'br' 'br_ln48' <Predicate = true> <Delay = 0.00>
ST_1 : Operation 33 [1/1] (0.00ns)   --->   "%empty_22 = read i24 @_ssdm_op_Read.axis.volatile.i16P0A.i2P0A.i2P0A.i1P0A.i1P0A.i1P0A.i1P0A, i16 %input_r_V_data_V, i2 %input_r_V_keep_V, i2 %input_r_V_strb_V, i1 %input_r_V_user_V, i1 %input_r_V_last_V, i1 %input_r_V_id_V, i1 %input_r_V_dest_V"   --->   Operation 33 'read' 'empty_22' <Predicate = (!icmp_ln48)> <Delay = 0.00> <CoreInst = "axis">   --->   Core 115 'axis' <Latency = 0> <II = 1> <Delay = 1.00> <Adapter> <Opcode : >
ST_1 : Operation 34 [1/1] (0.00ns)   --->   "%tmp_data_V = extractvalue i24 %empty_22"   --->   Operation 34 'extractvalue' 'tmp_data_V' <Predicate = (!icmp_ln48)> <Delay = 0.00>
ST_1 : Operation 35 [1/1] (0.00ns)   --->   "%shl_ln2 = bitconcatenate i8 @_ssdm_op_BitConcatenate.i8.i7.i1, i7 %i_1, i1 0" [equalizer.cpp:52]   --->   Operation 35 'bitconcatenate' 'shl_ln2' <Predicate = (!icmp_ln48)> <Delay = 0.00>
ST_1 : Operation 36 [1/1] (0.00ns)   --->   "%zext_ln52 = zext i8 %shl_ln2" [equalizer.cpp:52]   --->   Operation 36 'zext' 'zext_ln52' <Predicate = (!icmp_ln48)> <Delay = 0.00>
ST_1 : Operation 37 [1/1] (3.52ns)   --->   "%add_ln52 = add i64 %zext_ln52, i64 %coefs_read" [equalizer.cpp:52]   --->   Operation 37 'add' 'add_ln52' <Predicate = (!icmp_ln48)> <Delay = 3.52> <CoreInst = "Adder">   --->   Core 1 'Adder' <Latency = 0> <II = 1> <Delay = 3.52> <FuncUnit> <Opcode : 'add' 'sub'> <InPorts = 2> <OutPorts = 1>
ST_1 : Operation 38 [1/1] (0.00ns)   --->   "%trunc_ln4 = partselect i63 @_ssdm_op_PartSelect.i63.i64.i32.i32, i64 %add_ln52, i32 1, i32 63" [equalizer.cpp:52]   --->   Operation 38 'partselect' 'trunc_ln4' <Predicate = (!icmp_ln48)> <Delay = 0.00>
ST_1 : Operation 39 [1/1] (0.00ns)   --->   "%sext_ln52 = sext i63 %trunc_ln4" [equalizer.cpp:52]   --->   Operation 39 'sext' 'sext_ln52' <Predicate = (!icmp_ln48)> <Delay = 0.00>
ST_1 : Operation 40 [1/1] (0.00ns)   --->   "%gmem_addr = getelementptr i16 %gmem, i64 %sext_ln52" [equalizer.cpp:52]   --->   Operation 40 'getelementptr' 'gmem_addr' <Predicate = (!icmp_ln48)> <Delay = 0.00>
ST_1 : Operation 41 [1/1] (1.58ns)   --->   "%store_ln48 = store i7 %add_ln48, i7 %i" [equalizer.cpp:48]   --->   Operation 41 'store' 'store_ln48' <Predicate = (!icmp_ln48)> <Delay = 1.58>

State 2 <SV = 1> <Delay = 7.30>
ST_2 : Operation 42 [7/7] (7.30ns)   --->   "%gmem_load_2_req = readreq i1 @_ssdm_op_ReadReq.m_axi.i16P1A, i64 %gmem_addr, i32 1" [equalizer.cpp:52]   --->   Operation 42 'readreq' 'gmem_load_2_req' <Predicate = true> <Delay = 7.30> <CoreInst = "m_axi">   --->   Core 113 'm_axi' <Latency = 0> <II = 1> <Delay = 1.00> <Adapter> <Opcode : 'read' 'write' 'readreq' 'writereq' 'writeresp'>

State 3 <SV = 2> <Delay = 7.30>
ST_3 : Operation 43 [6/7] (7.30ns)   --->   "%gmem_load_2_req = readreq i1 @_ssdm_op_ReadReq.m_axi.i16P1A, i64 %gmem_addr, i32 1" [equalizer.cpp:52]   --->   Operation 43 'readreq' 'gmem_load_2_req' <Predicate = true> <Delay = 7.30> <CoreInst = "m_axi">   --->   Core 113 'm_axi' <Latency = 0> <II = 1> <Delay = 1.00> <Adapter> <Opcode : 'read' 'write' 'readreq' 'writereq' 'writeresp'>

State 4 <SV = 3> <Delay = 7.30>
ST_4 : Operation 44 [5/7] (7.30ns)   --->   "%gmem_load_2_req = readreq i1 @_ssdm_op_ReadReq.m_axi.i16P1A, i64 %gmem_addr, i32 1" [equalizer.cpp:52]   --->   Operation 44 'readreq' 'gmem_load_2_req' <Predicate = true> <Delay = 7.30> <CoreInst = "m_axi">   --->   Core 113 'm_axi' <Latency = 0> <II = 1> <Delay = 1.00> <Adapter> <Opcode : 'read' 'write' 'readreq' 'writereq' 'writeresp'>

State 5 <SV = 4> <Delay = 7.30>
ST_5 : Operation 45 [4/7] (7.30ns)   --->   "%gmem_load_2_req = readreq i1 @_ssdm_op_ReadReq.m_axi.i16P1A, i64 %gmem_addr, i32 1" [equalizer.cpp:52]   --->   Operation 45 'readreq' 'gmem_load_2_req' <Predicate = true> <Delay = 7.30> <CoreInst = "m_axi">   --->   Core 113 'm_axi' <Latency = 0> <II = 1> <Delay = 1.00> <Adapter> <Opcode : 'read' 'write' 'readreq' 'writereq' 'writeresp'>

State 6 <SV = 5> <Delay = 7.30>
ST_6 : Operation 46 [3/7] (7.30ns)   --->   "%gmem_load_2_req = readreq i1 @_ssdm_op_ReadReq.m_axi.i16P1A, i64 %gmem_addr, i32 1" [equalizer.cpp:52]   --->   Operation 46 'readreq' 'gmem_load_2_req' <Predicate = true> <Delay = 7.30> <CoreInst = "m_axi">   --->   Core 113 'm_axi' <Latency = 0> <II = 1> <Delay = 1.00> <Adapter> <Opcode : 'read' 'write' 'readreq' 'writereq' 'writeresp'>

State 7 <SV = 6> <Delay = 7.30>
ST_7 : Operation 47 [2/7] (7.30ns)   --->   "%gmem_load_2_req = readreq i1 @_ssdm_op_ReadReq.m_axi.i16P1A, i64 %gmem_addr, i32 1" [equalizer.cpp:52]   --->   Operation 47 'readreq' 'gmem_load_2_req' <Predicate = true> <Delay = 7.30> <CoreInst = "m_axi">   --->   Core 113 'm_axi' <Latency = 0> <II = 1> <Delay = 1.00> <Adapter> <Opcode : 'read' 'write' 'readreq' 'writereq' 'writeresp'>

State 8 <SV = 7> <Delay = 7.30>
ST_8 : Operation 48 [3/3] (1.05ns) (grouped into DSP with root node add_ln52_1)   --->   "%mul_ln52 = mul i16 %tmp_data_V, i16 %coef_scale_read" [equalizer.cpp:52]   --->   Operation 48 'mul' 'mul_ln52' <Predicate = true> <Delay = 1.05> <CoreInst = "DSP48">   --->   Core 119 'DSP48' <Latency = 3> <II = 1> <Delay = 2.15> <IPBlock> <Opcode : 'mul' 'add' 'sub' 'select'> <InPorts = 0> <OutPorts = 1> <Sync> <CReg>
ST_8 : Operation 49 [1/7] (7.30ns)   --->   "%gmem_load_2_req = readreq i1 @_ssdm_op_ReadReq.m_axi.i16P1A, i64 %gmem_addr, i32 1" [equalizer.cpp:52]   --->   Operation 49 'readreq' 'gmem_load_2_req' <Predicate = true> <Delay = 7.30> <CoreInst = "m_axi">   --->   Core 113 'm_axi' <Latency = 0> <II = 1> <Delay = 1.00> <Adapter> <Opcode : 'read' 'write' 'readreq' 'writereq' 'writeresp'>

State 9 <SV = 8> <Delay = 7.30>
ST_9 : Operation 50 [2/3] (1.05ns) (grouped into DSP with root node add_ln52_1)   --->   "%mul_ln52 = mul i16 %tmp_data_V, i16 %coef_scale_read" [equalizer.cpp:52]   --->   Operation 50 'mul' 'mul_ln52' <Predicate = true> <Delay = 1.05> <CoreInst = "DSP48">   --->   Core 119 'DSP48' <Latency = 3> <II = 1> <Delay = 2.15> <IPBlock> <Opcode : 'mul' 'add' 'sub' 'select'> <InPorts = 0> <OutPorts = 1> <Sync> <CReg>
ST_9 : Operation 51 [1/1] (7.30ns)   --->   "%gmem_addr_read = read i16 @_ssdm_op_Read.m_axi.i16P1A, i64 %gmem_addr" [equalizer.cpp:52]   --->   Operation 51 'read' 'gmem_addr_read' <Predicate = true> <Delay = 7.30> <CoreInst = "m_axi">   --->   Core 113 'm_axi' <Latency = 0> <II = 1> <Delay = 1.00> <Adapter> <Opcode : 'read' 'write' 'readreq' 'writereq' 'writeresp'>

State 10 <SV = 9> <Delay = 2.10>
ST_10 : Operation 52 [1/3] (0.00ns) (grouped into DSP with root node add_ln52_1)   --->   "%mul_ln52 = mul i16 %tmp_data_V, i16 %coef_scale_read" [equalizer.cpp:52]   --->   Operation 52 'mul' 'mul_ln52' <Predicate = true> <Delay = 0.00> <CoreInst = "DSP48">   --->   Core 119 'DSP48' <Latency = 3> <II = 1> <Delay = 2.15> <IPBlock> <Opcode : 'mul' 'add' 'sub' 'select'> <InPorts = 0> <OutPorts = 1> <Sync> <CReg>
ST_10 : Operation 53 [2/2] (2.10ns) (root node of the DSP)   --->   "%add_ln52_1 = add i16 %gmem_addr_read, i16 %mul_ln52" [equalizer.cpp:52]   --->   Operation 53 'add' 'add_ln52_1' <Predicate = true> <Delay = 2.10> <CoreInst = "DSP48">   --->   Core 119 'DSP48' <Latency = 3> <II = 1> <Delay = 2.15> <IPBlock> <Opcode : 'mul' 'add' 'sub' 'select'> <InPorts = 0> <OutPorts = 1> <Sync> <CReg>

State 11 <SV = 10> <Delay = 7.30>
ST_11 : Operation 54 [1/2] (2.10ns) (root node of the DSP)   --->   "%add_ln52_1 = add i16 %gmem_addr_read, i16 %mul_ln52" [equalizer.cpp:52]   --->   Operation 54 'add' 'add_ln52_1' <Predicate = true> <Delay = 2.10> <CoreInst = "DSP48">   --->   Core 119 'DSP48' <Latency = 3> <II = 1> <Delay = 2.15> <IPBlock> <Opcode : 'mul' 'add' 'sub' 'select'> <InPorts = 0> <OutPorts = 1> <Sync> <CReg>
ST_11 : Operation 55 [1/1] (7.30ns)   --->   "%gmem_addr_3_req = writereq i1 @_ssdm_op_WriteReq.m_axi.i16P1A, i64 %gmem_addr, i32 1" [equalizer.cpp:52]   --->   Operation 55 'writereq' 'gmem_addr_3_req' <Predicate = true> <Delay = 7.30> <CoreInst = "m_axi">   --->   Core 113 'm_axi' <Latency = 0> <II = 1> <Delay = 1.00> <Adapter> <Opcode : 'read' 'write' 'readreq' 'writereq' 'writeresp'>

State 12 <SV = 11> <Delay = 7.30>
ST_12 : Operation 56 [1/1] (7.30ns)   --->   "%write_ln52 = write void @_ssdm_op_Write.m_axi.i16P1A, i64 %gmem_addr, i16 %add_ln52_1, i2 3" [equalizer.cpp:52]   --->   Operation 56 'write' 'write_ln52' <Predicate = true> <Delay = 7.30> <CoreInst = "m_axi">   --->   Core 113 'm_axi' <Latency = 0> <II = 1> <Delay = 1.00> <Adapter> <Opcode : 'read' 'write' 'readreq' 'writereq' 'writeresp'>

State 13 <SV = 12> <Delay = 7.30>
ST_13 : Operation 57 [5/5] (7.30ns)   --->   "%gmem_addr_3_resp = writeresp i1 @_ssdm_op_WriteResp.m_axi.i16P1A, i64 %gmem_addr" [equalizer.cpp:52]   --->   Operation 57 'writeresp' 'gmem_addr_3_resp' <Predicate = true> <Delay = 7.30> <CoreInst = "m_axi">   --->   Core 113 'm_axi' <Latency = 0> <II = 1> <Delay = 1.00> <Adapter> <Opcode : 'read' 'write' 'readreq' 'writereq' 'writeresp'>

State 14 <SV = 13> <Delay = 7.30>
ST_14 : Operation 58 [4/5] (7.30ns)   --->   "%gmem_addr_3_resp = writeresp i1 @_ssdm_op_WriteResp.m_axi.i16P1A, i64 %gmem_addr" [equalizer.cpp:52]   --->   Operation 58 'writeresp' 'gmem_addr_3_resp' <Predicate = true> <Delay = 7.30> <CoreInst = "m_axi">   --->   Core 113 'm_axi' <Latency = 0> <II = 1> <Delay = 1.00> <Adapter> <Opcode : 'read' 'write' 'readreq' 'writereq' 'writeresp'>

State 15 <SV = 14> <Delay = 7.30>
ST_15 : Operation 59 [3/5] (7.30ns)   --->   "%gmem_addr_3_resp = writeresp i1 @_ssdm_op_WriteResp.m_axi.i16P1A, i64 %gmem_addr" [equalizer.cpp:52]   --->   Operation 59 'writeresp' 'gmem_addr_3_resp' <Predicate = true> <Delay = 7.30> <CoreInst = "m_axi">   --->   Core 113 'm_axi' <Latency = 0> <II = 1> <Delay = 1.00> <Adapter> <Opcode : 'read' 'write' 'readreq' 'writereq' 'writeresp'>

State 16 <SV = 15> <Delay = 7.30>
ST_16 : Operation 60 [2/5] (7.30ns)   --->   "%gmem_addr_3_resp = writeresp i1 @_ssdm_op_WriteResp.m_axi.i16P1A, i64 %gmem_addr" [equalizer.cpp:52]   --->   Operation 60 'writeresp' 'gmem_addr_3_resp' <Predicate = true> <Delay = 7.30> <CoreInst = "m_axi">   --->   Core 113 'm_axi' <Latency = 0> <II = 1> <Delay = 1.00> <Adapter> <Opcode : 'read' 'write' 'readreq' 'writereq' 'writeresp'>
ST_16 : Operation 65 [1/1] (0.00ns)   --->   "%ret_ln0 = ret"   --->   Operation 65 'ret' 'ret_ln0' <Predicate = (icmp_ln48)> <Delay = 0.00>

State 17 <SV = 16> <Delay = 7.30>
ST_17 : Operation 61 [1/1] (0.00ns)   --->   "%specpipeline_ln49 = specpipeline void @_ssdm_op_SpecPipeline, i32 4294967295, i32 0, i32 0, i32 0, void @empty_0" [equalizer.cpp:49]   --->   Operation 61 'specpipeline' 'specpipeline_ln49' <Predicate = true> <Delay = 0.00>
ST_17 : Operation 62 [1/1] (0.00ns)   --->   "%specloopname_ln0 = specloopname void @_ssdm_op_SpecLoopName, void @empty_14"   --->   Operation 62 'specloopname' 'specloopname_ln0' <Predicate = true> <Delay = 0.00>
ST_17 : Operation 63 [1/5] (7.30ns)   --->   "%gmem_addr_3_resp = writeresp i1 @_ssdm_op_WriteResp.m_axi.i16P1A, i64 %gmem_addr" [equalizer.cpp:52]   --->   Operation 63 'writeresp' 'gmem_addr_3_resp' <Predicate = true> <Delay = 7.30> <CoreInst = "m_axi">   --->   Core 113 'm_axi' <Latency = 0> <II = 1> <Delay = 1.00> <Adapter> <Opcode : 'read' 'write' 'readreq' 'writereq' 'writeresp'>
ST_17 : Operation 64 [1/1] (0.00ns)   --->   "%br_ln48 = br void %for.inc20" [equalizer.cpp:48]   --->   Operation 64 'br' 'br_ln48' <Predicate = true> <Delay = 0.00>


============================================================
+ Verbose Summary: Binding
============================================================
STG Binding: 
---------------- STG Properties BEGIN ----------------
- Is combinational: 0
- Is one-state seq: 0
- Is datapath-only: 0
- Is pipelined: 0
- Is top level: 0
Port [ Return ] is wired: 1; IO mode=ap_ctrl_hs:ce=0
Port [ gmem]:  wired=1; compound=1; hidden=0; nouse=0; global=0; static=0; extern=0; dir=2; type=4; pingpong=0; private_global=0; IO mode=m_axi:ce=0
Port [ input_r_V_data_V]:  wired=1; compound=1; hidden=0; nouse=0; global=0; static=0; extern=0; dir=0; type=0; pingpong=0; private_global=0; IO mode=axis:ce=0
Port [ input_r_V_keep_V]:  wired=1; compound=1; hidden=0; nouse=0; global=0; static=0; extern=0; dir=0; type=0; pingpong=0; private_global=0; IO mode=axis:ce=0
Port [ input_r_V_strb_V]:  wired=1; compound=1; hidden=0; nouse=0; global=0; static=0; extern=0; dir=0; type=0; pingpong=0; private_global=0; IO mode=axis:ce=0
Port [ input_r_V_user_V]:  wired=1; compound=1; hidden=0; nouse=0; global=0; static=0; extern=0; dir=0; type=0; pingpong=0; private_global=0; IO mode=axis:ce=0
Port [ input_r_V_last_V]:  wired=1; compound=1; hidden=0; nouse=0; global=0; static=0; extern=0; dir=0; type=0; pingpong=0; private_global=0; IO mode=axis:ce=0
Port [ input_r_V_id_V]:  wired=1; compound=1; hidden=0; nouse=0; global=0; static=0; extern=0; dir=0; type=0; pingpong=0; private_global=0; IO mode=axis:ce=0
Port [ input_r_V_dest_V]:  wired=1; compound=1; hidden=0; nouse=0; global=0; static=0; extern=0; dir=0; type=0; pingpong=0; private_global=0; IO mode=axis:ce=0
Port [ coef_scale]:  wired=1; compound=0; hidden=0; nouse=0; global=0; static=0; extern=0; dir=0; type=0; pingpong=0; private_global=0; IO mode=ap_none:ce=0
Port [ coefs]:  wired=1; compound=0; hidden=0; nouse=0; global=0; static=0; extern=0; dir=0; type=0; pingpong=0; private_global=0; IO mode=ap_none:ce=0
---------------- STG Properties END ------------------

---------------- Datapath Model BEGIN ----------------

<LifeTime>
<method=bitvector/>
i                 (alloca           ) [ 010000000000000000]
specinterface_ln0 (specinterface    ) [ 000000000000000000]
specinterface_ln0 (specinterface    ) [ 000000000000000000]
coefs_read        (read             ) [ 000000000000000000]
coef_scale_read   (read             ) [ 011111111110000000]
store_ln0         (store            ) [ 000000000000000000]
br_ln0            (br               ) [ 000000000000000000]
i_1               (load             ) [ 000000000000000000]
specbitsmap_ln0   (specbitsmap      ) [ 000000000000000000]
icmp_ln48         (icmp             ) [ 011111111111111110]
empty             (speclooptripcount) [ 000000000000000000]
add_ln48          (add              ) [ 000000000000000000]
br_ln48           (br               ) [ 000000000000000000]
empty_22          (read             ) [ 000000000000000000]
tmp_data_V        (extractvalue     ) [ 011111111110000000]
shl_ln2           (bitconcatenate   ) [ 000000000000000000]
zext_ln52         (zext             ) [ 000000000000000000]
add_ln52          (add              ) [ 000000000000000000]
trunc_ln4         (partselect       ) [ 000000000000000000]
sext_ln52         (sext             ) [ 000000000000000000]
gmem_addr         (getelementptr    ) [ 011111111111111111]
store_ln48        (store            ) [ 000000000000000000]
gmem_load_2_req   (readreq          ) [ 000000000000000000]
gmem_addr_read    (read             ) [ 010000000011000000]
mul_ln52          (mul              ) [ 010000000001000000]
add_ln52_1        (add              ) [ 010000000000100000]
gmem_addr_3_req   (writereq         ) [ 000000000000000000]
write_ln52        (write            ) [ 000000000000000000]
specpipeline_ln49 (specpipeline     ) [ 000000000000000000]
specloopname_ln0  (specloopname     ) [ 000000000000000000]
gmem_addr_3_resp  (writeresp        ) [ 000000000000000000]
br_ln48           (br               ) [ 000000000000000000]
ret_ln0           (ret              ) [ 000000000000000000]
</LifeTime>

<model>

<comp_list>
<comp id="0" class="1000" name="gmem">
<pin_list>
<pin id="1" dir="1" index="0" bw="1" slack="0"/>
</pin_list>
<bind>
<StgValue><ssdm name="gmem"/></StgValue>
</bind>
</comp>

<comp id="2" class="1000" name="input_r_V_data_V">
<pin_list>
<pin id="3" dir="1" index="0" bw="1" slack="0"/>
</pin_list>
<bind>
<StgValue><ssdm name="input_r_V_data_V"/></StgValue>
</bind>
</comp>

<comp id="4" class="1000" name="input_r_V_keep_V">
<pin_list>
<pin id="5" dir="1" index="0" bw="1" slack="0"/>
</pin_list>
<bind>
<StgValue><ssdm name="input_r_V_keep_V"/></StgValue>
</bind>
</comp>

<comp id="6" class="1000" name="input_r_V_strb_V">
<pin_list>
<pin id="7" dir="1" index="0" bw="1" slack="0"/>
</pin_list>
<bind>
<StgValue><ssdm name="input_r_V_strb_V"/></StgValue>
</bind>
</comp>

<comp id="8" class="1000" name="input_r_V_user_V">
<pin_list>
<pin id="9" dir="1" index="0" bw="1" slack="0"/>
</pin_list>
<bind>
<StgValue><ssdm name="input_r_V_user_V"/></StgValue>
</bind>
</comp>

<comp id="10" class="1000" name="input_r_V_last_V">
<pin_list>
<pin id="11" dir="1" index="0" bw="1" slack="0"/>
</pin_list>
<bind>
<StgValue><ssdm name="input_r_V_last_V"/></StgValue>
</bind>
</comp>

<comp id="12" class="1000" name="input_r_V_id_V">
<pin_list>
<pin id="13" dir="1" index="0" bw="1" slack="0"/>
</pin_list>
<bind>
<StgValue><ssdm name="input_r_V_id_V"/></StgValue>
</bind>
</comp>

<comp id="14" class="1000" name="input_r_V_dest_V">
<pin_list>
<pin id="15" dir="1" index="0" bw="1" slack="0"/>
</pin_list>
<bind>
<StgValue><ssdm name="input_r_V_dest_V"/></StgValue>
</bind>
</comp>

<comp id="16" class="1000" name="coef_scale">
<pin_list>
<pin id="17" dir="1" index="0" bw="1" slack="0"/>
</pin_list>
<bind>
<StgValue><ssdm name="coef_scale"/></StgValue>
</bind>
</comp>

<comp id="18" class="1000" name="coefs">
<pin_list>
<pin id="19" dir="1" index="0" bw="1" slack="0"/>
</pin_list>
<bind>
<StgValue><ssdm name="coefs"/></StgValue>
</bind>
</comp>

<comp id="20" class="1001" name="const_20">
<pin_list>
<pin id="21" dir="1" index="0" bw="1" slack="0"/>
</pin_list>
<bind>
<StgValue><ssdm name=""/></StgValue>
</bind>
</comp>

<comp id="22" class="1001" name="const_22">
<pin_list>
<pin id="23" dir="1" index="0" bw="1" slack="2147483647"/>
</pin_list>
<bind>
<StgValue><ssdm name="_ssdm_op_SpecInterface"/></StgValue>
</bind>
</comp>

<comp id="24" class="1001" name="const_24">
<pin_list>
<pin id="25" dir="1" index="0" bw="1" slack="2147483647"/>
</pin_list>
<bind>
<StgValue><ssdm name="empty_3"/></StgValue>
</bind>
</comp>

<comp id="26" class="1001" name="const_26">
<pin_list>
<pin id="27" dir="1" index="0" bw="1" slack="2147483647"/>
</pin_list>
<bind>
<StgValue><ssdm name=""/></StgValue>
</bind>
</comp>

<comp id="28" class="1001" name="const_28">
<pin_list>
<pin id="29" dir="1" index="0" bw="1" slack="2147483647"/>
</pin_list>
<bind>
<StgValue><ssdm name="empty_4"/></StgValue>
</bind>
</comp>

<comp id="30" class="1001" name="const_30">
<pin_list>
<pin id="31" dir="1" index="0" bw="1" slack="2147483647"/>
</pin_list>
<bind>
<StgValue><ssdm name="empty_0"/></StgValue>
</bind>
</comp>

<comp id="32" class="1001" name="const_32">
<pin_list>
<pin id="33" dir="1" index="0" bw="1" slack="2147483647"/>
</pin_list>
<bind>
<StgValue><ssdm name=""/></StgValue>
</bind>
</comp>

<comp id="34" class="1001" name="const_34">
<pin_list>
<pin id="35" dir="1" index="0" bw="1" slack="2147483647"/>
</pin_list>
<bind>
<StgValue><ssdm name="empty"/></StgValue>
</bind>
</comp>

<comp id="36" class="1001" name="const_36">
<pin_list>
<pin id="37" dir="1" index="0" bw="1" slack="2147483647"/>
</pin_list>
<bind>
<StgValue><ssdm name=""/></StgValue>
</bind>
</comp>

<comp id="38" class="1001" name="const_38">
<pin_list>
<pin id="39" dir="1" index="0" bw="1" slack="2147483647"/>
</pin_list>
<bind>
<StgValue><ssdm name="empty_1"/></StgValue>
</bind>
</comp>

<comp id="40" class="1001" name="const_40">
<pin_list>
<pin id="41" dir="1" index="0" bw="1" slack="2147483647"/>
</pin_list>
<bind>
<StgValue><ssdm name="empty_2"/></StgValue>
</bind>
</comp>

<comp id="42" class="1001" name="const_42">
<pin_list>
<pin id="43" dir="1" index="0" bw="1" slack="2147483647"/>
</pin_list>
<bind>
<StgValue><ssdm name=""/></StgValue>
</bind>
</comp>

<comp id="44" class="1001" name="const_44">
<pin_list>
<pin id="45" dir="1" index="0" bw="1" slack="0"/>
</pin_list>
<bind>
<StgValue><ssdm name="_ssdm_op_Read.ap_auto.i64"/></StgValue>
</bind>
</comp>

<comp id="46" class="1001" name="const_46">
<pin_list>
<pin id="47" dir="1" index="0" bw="1" slack="0"/>
</pin_list>
<bind>
<StgValue><ssdm name="_ssdm_op_Read.ap_auto.i16"/></StgValue>
</bind>
</comp>

<comp id="48" class="1001" name="const_48">
<pin_list>
<pin id="49" dir="1" index="0" bw="1" slack="0"/>
</pin_list>
<bind>
<StgValue><ssdm name=""/></StgValue>
</bind>
</comp>

<comp id="50" class="1001" name="const_50">
<pin_list>
<pin id="51" dir="1" index="0" bw="1" slack="2147483647"/>
</pin_list>
<bind>
<StgValue><ssdm name="_ssdm_op_SpecBitsMap"/></StgValue>
</bind>
</comp>

<comp id="52" class="1001" name="const_52">
<pin_list>
<pin id="53" dir="1" index="0" bw="1" slack="0"/>
</pin_list>
<bind>
<StgValue><ssdm name=""/></StgValue>
</bind>
</comp>

<comp id="54" class="1001" name="const_54">
<pin_list>
<pin id="55" dir="1" index="0" bw="1" slack="2147483647"/>
</pin_list>
<bind>
<StgValue><ssdm name="_ssdm_op_SpecLoopTripCount"/></StgValue>
</bind>
</comp>

<comp id="56" class="1001" name="const_56">
<pin_list>
<pin id="57" dir="1" index="0" bw="1" slack="2147483647"/>
</pin_list>
<bind>
<StgValue><ssdm name=""/></StgValue>
</bind>
</comp>

<comp id="58" class="1001" name="const_58">
<pin_list>
<pin id="59" dir="1" index="0" bw="1" slack="0"/>
</pin_list>
<bind>
<StgValue><ssdm name=""/></StgValue>
</bind>
</comp>

<comp id="60" class="1001" name="const_60">
<pin_list>
<pin id="61" dir="1" index="0" bw="1" slack="0"/>
</pin_list>
<bind>
<StgValue><ssdm name="_ssdm_op_Read.axis.volatile.i16P0A.i2P0A.i2P0A.i1P0A.i1P0A.i1P0A.i1P0A"/></StgValue>
</bind>
</comp>

<comp id="62" class="1001" name="const_62">
<pin_list>
<pin id="63" dir="1" index="0" bw="1" slack="0"/>
</pin_list>
<bind>
<StgValue><ssdm name="_ssdm_op_BitConcatenate.i8.i7.i1"/></StgValue>
</bind>
</comp>

<comp id="64" class="1001" name="const_64">
<pin_list>
<pin id="65" dir="1" index="0" bw="1" slack="0"/>
</pin_list>
<bind>
<StgValue><ssdm name=""/></StgValue>
</bind>
</comp>

<comp id="66" class="1001" name="const_66">
<pin_list>
<pin id="67" dir="1" index="0" bw="1" slack="0"/>
</pin_list>
<bind>
<StgValue><ssdm name="_ssdm_op_PartSelect.i63.i64.i32.i32"/></StgValue>
</bind>
</comp>

<comp id="68" class="1001" name="const_68">
<pin_list>
<pin id="69" dir="1" index="0" bw="1" slack="0"/>
</pin_list>
<bind>
<StgValue><ssdm name=""/></StgValue>
</bind>
</comp>

<comp id="70" class="1001" name="const_70">
<pin_list>
<pin id="71" dir="1" index="0" bw="1" slack="0"/>
</pin_list>
<bind>
<StgValue><ssdm name="_ssdm_op_ReadReq.m_axi.i16P1A"/></StgValue>
</bind>
</comp>

<comp id="72" class="1001" name="const_72">
<pin_list>
<pin id="73" dir="1" index="0" bw="1" slack="0"/>
</pin_list>
<bind>
<StgValue><ssdm name="_ssdm_op_Read.m_axi.i16P1A"/></StgValue>
</bind>
</comp>

<comp id="74" class="1001" name="const_74">
<pin_list>
<pin id="75" dir="1" index="0" bw="1" slack="0"/>
</pin_list>
<bind>
<StgValue><ssdm name="_ssdm_op_WriteReq.m_axi.i16P1A"/></StgValue>
</bind>
</comp>

<comp id="76" class="1001" name="const_76">
<pin_list>
<pin id="77" dir="1" index="0" bw="1" slack="0"/>
</pin_list>
<bind>
<StgValue><ssdm name="_ssdm_op_Write.m_axi.i16P1A"/></StgValue>
</bind>
</comp>

<comp id="78" class="1001" name="const_78">
<pin_list>
<pin id="79" dir="1" index="0" bw="1" slack="0"/>
</pin_list>
<bind>
<StgValue><ssdm name=""/></StgValue>
</bind>
</comp>

<comp id="80" class="1001" name="const_80">
<pin_list>
<pin id="81" dir="1" index="0" bw="1" slack="0"/>
</pin_list>
<bind>
<StgValue><ssdm name="_ssdm_op_WriteResp.m_axi.i16P1A"/></StgValue>
</bind>
</comp>

<comp id="82" class="1001" name="const_82">
<pin_list>
<pin id="83" dir="1" index="0" bw="1" slack="2147483647"/>
</pin_list>
<bind>
<StgValue><ssdm name="_ssdm_op_SpecPipeline"/></StgValue>
</bind>
</comp>

<comp id="84" class="1001" name="const_84">
<pin_list>
<pin id="85" dir="1" index="0" bw="1" slack="2147483647"/>
</pin_list>
<bind>
<StgValue><ssdm name="_ssdm_op_SpecLoopName"/></StgValue>
</bind>
</comp>

<comp id="86" class="1001" name="const_86">
<pin_list>
<pin id="87" dir="1" index="0" bw="1" slack="2147483647"/>
</pin_list>
<bind>
<StgValue><ssdm name="empty_14"/></StgValue>
</bind>
</comp>

<comp id="88" class="1004" name="i_fu_88">
<pin_list>
<pin id="89" dir="0" index="0" bw="1" slack="0"/>
<pin id="90" dir="1" index="1" bw="7" slack="0"/>
</pin_list>
<bind>
<opcode="alloca(26) " fcode="alloca"/>
<opset="i/1 "/>
</bind>
</comp>

<comp id="92" class="1004" name="coefs_read_read_fu_92">
<pin_list>
<pin id="93" dir="0" index="0" bw="64" slack="0"/>
<pin id="94" dir="0" index="1" bw="64" slack="0"/>
<pin id="95" dir="1" index="2" bw="64" slack="0"/>
</pin_list>
<bind>
<opcode="read(1150) " fcode="read"/>
<opset="coefs_read/1 "/>
</bind>
</comp>

<comp id="98" class="1004" name="coef_scale_read_read_fu_98">
<pin_list>
<pin id="99" dir="0" index="0" bw="16" slack="0"/>
<pin id="100" dir="0" index="1" bw="16" slack="0"/>
<pin id="101" dir="1" index="2" bw="16" slack="7"/>
</pin_list>
<bind>
<opcode="read(1150) " fcode="read"/>
<opset="coef_scale_read/1 "/>
</bind>
</comp>

<comp id="104" class="1004" name="empty_22_read_fu_104">
<pin_list>
<pin id="105" dir="0" index="0" bw="24" slack="0"/>
<pin id="106" dir="0" index="1" bw="16" slack="0"/>
<pin id="107" dir="0" index="2" bw="2" slack="0"/>
<pin id="108" dir="0" index="3" bw="2" slack="0"/>
<pin id="109" dir="0" index="4" bw="1" slack="0"/>
<pin id="110" dir="0" index="5" bw="1" slack="0"/>
<pin id="111" dir="0" index="6" bw="1" slack="0"/>
<pin id="112" dir="0" index="7" bw="1" slack="0"/>
<pin id="113" dir="1" index="8" bw="24" slack="0"/>
</pin_list>
<bind>
<opcode="read(1150) " fcode="read"/>
<opset="empty_22/1 "/>
</bind>
</comp>

<comp id="122" class="1004" name="grp_writeresp_fu_122">
<pin_list>
<pin id="123" dir="0" index="0" bw="1" slack="0"/>
<pin id="124" dir="0" index="1" bw="16" slack="1"/>
<pin id="125" dir="0" index="2" bw="1" slack="0"/>
<pin id="126" dir="1" index="3" bw="1" slack="2147483647"/>
</pin_list>
<bind>
<opcode="readreq(1154) writereq(1155) writeresp(1158) " fcode="writeresp"/>
<opset="gmem_load_2_req/2 gmem_addr_3_req/11 gmem_addr_3_resp/13 "/>
</bind>
</comp>

<comp id="129" class="1004" name="gmem_addr_read_read_fu_129">
<pin_list>
<pin id="130" dir="0" index="0" bw="16" slack="0"/>
<pin id="131" dir="0" index="1" bw="16" slack="8"/>
<pin id="132" dir="1" index="2" bw="16" slack="1"/>
</pin_list>
<bind>
<opcode="read(1150) " fcode="read"/>
<opset="gmem_addr_read/9 "/>
</bind>
</comp>

<comp id="135" class="1004" name="write_ln52_write_fu_135">
<pin_list>
<pin id="136" dir="0" index="0" bw="0" slack="0"/>
<pin id="137" dir="0" index="1" bw="16" slack="11"/>
<pin id="138" dir="0" index="2" bw="16" slack="1"/>
<pin id="139" dir="0" index="3" bw="1" slack="0"/>
<pin id="140" dir="1" index="4" bw="0" slack="2147483647"/>
</pin_list>
<bind>
<opcode="write(1151) " fcode="write"/>
<opset="write_ln52/12 "/>
</bind>
</comp>

<comp id="144" class="1004" name="store_ln0_store_fu_144">
<pin_list>
<pin id="145" dir="0" index="0" bw="1" slack="0"/>
<pin id="146" dir="0" index="1" bw="7" slack="0"/>
<pin id="147" dir="1" index="2" bw="0" slack="2147483647"/>
</pin_list>
<bind>
<opcode="store(28) " fcode="store"/>
<opset="store_ln0/1 "/>
</bind>
</comp>

<comp id="149" class="1004" name="i_1_load_fu_149">
<pin_list>
<pin id="150" dir="0" index="0" bw="7" slack="0"/>
<pin id="151" dir="1" index="1" bw="7" slack="0"/>
</pin_list>
<bind>
<opcode="load(27) " fcode="load"/>
<opset="i_1/1 "/>
</bind>
</comp>

<comp id="152" class="1004" name="icmp_ln48_fu_152">
<pin_list>
<pin id="153" dir="0" index="0" bw="7" slack="0"/>
<pin id="154" dir="0" index="1" bw="7" slack="0"/>
<pin id="155" dir="1" index="2" bw="1" slack="15"/>
</pin_list>
<bind>
<opcode="icmp(45) " fcode="icmp"/>
<opset="icmp_ln48/1 "/>
</bind>
</comp>

<comp id="158" class="1004" name="add_ln48_fu_158">
<pin_list>
<pin id="159" dir="0" index="0" bw="7" slack="0"/>
<pin id="160" dir="0" index="1" bw="1" slack="0"/>
<pin id="161" dir="1" index="2" bw="7" slack="0"/>
</pin_list>
<bind>
<opcode="add(8) " fcode="add"/>
<opset="add_ln48/1 "/>
</bind>
</comp>

<comp id="164" class="1004" name="tmp_data_V_fu_164">
<pin_list>
<pin id="165" dir="0" index="0" bw="24" slack="0"/>
<pin id="166" dir="1" index="1" bw="16" slack="7"/>
</pin_list>
<bind>
<opcode="extractvalue(56) " fcode="extractvalue"/>
<opset="tmp_data_V/1 "/>
</bind>
</comp>

<comp id="168" class="1004" name="shl_ln2_fu_168">
<pin_list>
<pin id="169" dir="0" index="0" bw="8" slack="0"/>
<pin id="170" dir="0" index="1" bw="7" slack="0"/>
<pin id="171" dir="0" index="2" bw="1" slack="0"/>
<pin id="172" dir="1" index="3" bw="8" slack="0"/>
</pin_list>
<bind>
<opcode="bitconcatenate(1004) " fcode="bitconcatenate"/>
<opset="shl_ln2/1 "/>
</bind>
</comp>

<comp id="176" class="1004" name="zext_ln52_fu_176">
<pin_list>
<pin id="177" dir="0" index="0" bw="8" slack="0"/>
<pin id="178" dir="1" index="1" bw="64" slack="0"/>
</pin_list>
<bind>
<opcode="zext(34) " fcode="zext"/>
<opset="zext_ln52/1 "/>
</bind>
</comp>

<comp id="180" class="1004" name="add_ln52_fu_180">
<pin_list>
<pin id="181" dir="0" index="0" bw="8" slack="0"/>
<pin id="182" dir="0" index="1" bw="64" slack="0"/>
<pin id="183" dir="1" index="2" bw="64" slack="0"/>
</pin_list>
<bind>
<opcode="add(8) " fcode="add"/>
<opset="add_ln52/1 "/>
</bind>
</comp>

<comp id="186" class="1004" name="trunc_ln4_fu_186">
<pin_list>
<pin id="187" dir="0" index="0" bw="63" slack="0"/>
<pin id="188" dir="0" index="1" bw="64" slack="0"/>
<pin id="189" dir="0" index="2" bw="1" slack="0"/>
<pin id="190" dir="0" index="3" bw="7" slack="0"/>
<pin id="191" dir="1" index="4" bw="63" slack="0"/>
</pin_list>
<bind>
<opcode="partselect(1002) " fcode="partselect"/>
<opset="trunc_ln4/1 "/>
</bind>
</comp>

<comp id="196" class="1004" name="sext_ln52_fu_196">
<pin_list>
<pin id="197" dir="0" index="0" bw="63" slack="0"/>
<pin id="198" dir="1" index="1" bw="64" slack="0"/>
</pin_list>
<bind>
<opcode="sext(35) " fcode="sext"/>
<opset="sext_ln52/1 "/>
</bind>
</comp>

<comp id="200" class="1004" name="gmem_addr_fu_200">
<pin_list>
<pin id="201" dir="0" index="0" bw="64" slack="0"/>
<pin id="202" dir="0" index="1" bw="64" slack="0"/>
<pin id="203" dir="1" index="2" bw="64" slack="1"/>
</pin_list>
<bind>
<opcode="getelementptr(29) " fcode="getelementptr"/>
<opset="gmem_addr/1 "/>
</bind>
</comp>

<comp id="206" class="1004" name="store_ln48_store_fu_206">
<pin_list>
<pin id="207" dir="0" index="0" bw="7" slack="0"/>
<pin id="208" dir="0" index="1" bw="7" slack="0"/>
<pin id="209" dir="1" index="2" bw="0" slack="2147483647"/>
</pin_list>
<bind>
<opcode="store(28) " fcode="store"/>
<opset="store_ln48/1 "/>
</bind>
</comp>

<comp id="211" class="1007" name="grp_fu_211">
<pin_list>
<pin id="212" dir="0" index="0" bw="16" slack="1"/>
<pin id="213" dir="0" index="1" bw="16" slack="7"/>
<pin id="214" dir="0" index="2" bw="16" slack="2147483647"/>
<pin id="215" dir="1" index="3" bw="16" slack="1"/>
</pin_list>
<bind>
<opcode="muladd(1172) " fcode="muladd"/>
<opset="mul_ln52/8 add_ln52_1/10 "/>
</bind>
</comp>

<comp id="216" class="1005" name="i_reg_216">
<pin_list>
<pin id="217" dir="0" index="0" bw="7" slack="0"/>
<pin id="218" dir="1" index="1" bw="7" slack="0"/>
</pin_list>
<bind>
<opset="i "/>
</bind>
</comp>

<comp id="223" class="1005" name="coef_scale_read_reg_223">
<pin_list>
<pin id="224" dir="0" index="0" bw="16" slack="7"/>
<pin id="225" dir="1" index="1" bw="16" slack="7"/>
</pin_list>
<bind>
<opset="coef_scale_read "/>
</bind>
</comp>

<comp id="228" class="1005" name="icmp_ln48_reg_228">
<pin_list>
<pin id="229" dir="0" index="0" bw="1" slack="15"/>
<pin id="230" dir="1" index="1" bw="1" slack="2147483647"/>
</pin_list>
<bind>
<opset="icmp_ln48 "/>
</bind>
</comp>

<comp id="232" class="1005" name="tmp_data_V_reg_232">
<pin_list>
<pin id="233" dir="0" index="0" bw="16" slack="7"/>
<pin id="234" dir="1" index="1" bw="16" slack="7"/>
</pin_list>
<bind>
<opset="tmp_data_V "/>
</bind>
</comp>

<comp id="237" class="1005" name="gmem_addr_reg_237">
<pin_list>
<pin id="238" dir="0" index="0" bw="16" slack="1"/>
<pin id="239" dir="1" index="1" bw="16" slack="1"/>
</pin_list>
<bind>
<opset="gmem_addr "/>
</bind>
</comp>

<comp id="244" class="1005" name="gmem_addr_read_reg_244">
<pin_list>
<pin id="245" dir="0" index="0" bw="16" slack="1"/>
<pin id="246" dir="1" index="1" bw="16" slack="1"/>
</pin_list>
<bind>
<opset="gmem_addr_read "/>
</bind>
</comp>

<comp id="249" class="1005" name="add_ln52_1_reg_249">
<pin_list>
<pin id="250" dir="0" index="0" bw="16" slack="1"/>
<pin id="251" dir="1" index="1" bw="16" slack="1"/>
</pin_list>
<bind>
<opset="add_ln52_1 "/>
</bind>
</comp>

</comp_list>

<net_list>
<net id="91"><net_src comp="20" pin="0"/><net_sink comp="88" pin=0"/></net>

<net id="96"><net_src comp="44" pin="0"/><net_sink comp="92" pin=0"/></net>

<net id="97"><net_src comp="18" pin="0"/><net_sink comp="92" pin=1"/></net>

<net id="102"><net_src comp="46" pin="0"/><net_sink comp="98" pin=0"/></net>

<net id="103"><net_src comp="16" pin="0"/><net_sink comp="98" pin=1"/></net>

<net id="114"><net_src comp="60" pin="0"/><net_sink comp="104" pin=0"/></net>

<net id="115"><net_src comp="2" pin="0"/><net_sink comp="104" pin=1"/></net>

<net id="116"><net_src comp="4" pin="0"/><net_sink comp="104" pin=2"/></net>

<net id="117"><net_src comp="6" pin="0"/><net_sink comp="104" pin=3"/></net>

<net id="118"><net_src comp="8" pin="0"/><net_sink comp="104" pin=4"/></net>

<net id="119"><net_src comp="10" pin="0"/><net_sink comp="104" pin=5"/></net>

<net id="120"><net_src comp="12" pin="0"/><net_sink comp="104" pin=6"/></net>

<net id="121"><net_src comp="14" pin="0"/><net_sink comp="104" pin=7"/></net>

<net id="127"><net_src comp="70" pin="0"/><net_sink comp="122" pin=0"/></net>

<net id="128"><net_src comp="20" pin="0"/><net_sink comp="122" pin=2"/></net>

<net id="133"><net_src comp="72" pin="0"/><net_sink comp="129" pin=0"/></net>

<net id="134"><net_src comp="74" pin="0"/><net_sink comp="122" pin=0"/></net>

<net id="141"><net_src comp="76" pin="0"/><net_sink comp="135" pin=0"/></net>

<net id="142"><net_src comp="78" pin="0"/><net_sink comp="135" pin=3"/></net>

<net id="143"><net_src comp="80" pin="0"/><net_sink comp="122" pin=0"/></net>

<net id="148"><net_src comp="48" pin="0"/><net_sink comp="144" pin=0"/></net>

<net id="156"><net_src comp="149" pin="1"/><net_sink comp="152" pin=0"/></net>

<net id="157"><net_src comp="52" pin="0"/><net_sink comp="152" pin=1"/></net>

<net id="162"><net_src comp="149" pin="1"/><net_sink comp="158" pin=0"/></net>

<net id="163"><net_src comp="58" pin="0"/><net_sink comp="158" pin=1"/></net>

<net id="167"><net_src comp="104" pin="8"/><net_sink comp="164" pin=0"/></net>

<net id="173"><net_src comp="62" pin="0"/><net_sink comp="168" pin=0"/></net>

<net id="174"><net_src comp="149" pin="1"/><net_sink comp="168" pin=1"/></net>

<net id="175"><net_src comp="64" pin="0"/><net_sink comp="168" pin=2"/></net>

<net id="179"><net_src comp="168" pin="3"/><net_sink comp="176" pin=0"/></net>

<net id="184"><net_src comp="176" pin="1"/><net_sink comp="180" pin=0"/></net>

<net id="185"><net_src comp="92" pin="2"/><net_sink comp="180" pin=1"/></net>

<net id="192"><net_src comp="66" pin="0"/><net_sink comp="186" pin=0"/></net>

<net id="193"><net_src comp="180" pin="2"/><net_sink comp="186" pin=1"/></net>

<net id="194"><net_src comp="20" pin="0"/><net_sink comp="186" pin=2"/></net>

<net id="195"><net_src comp="68" pin="0"/><net_sink comp="186" pin=3"/></net>

<net id="199"><net_src comp="186" pin="4"/><net_sink comp="196" pin=0"/></net>

<net id="204"><net_src comp="0" pin="0"/><net_sink comp="200" pin=0"/></net>

<net id="205"><net_src comp="196" pin="1"/><net_sink comp="200" pin=1"/></net>

<net id="210"><net_src comp="158" pin="2"/><net_sink comp="206" pin=0"/></net>

<net id="219"><net_src comp="88" pin="1"/><net_sink comp="216" pin=0"/></net>

<net id="220"><net_src comp="216" pin="1"/><net_sink comp="144" pin=1"/></net>

<net id="221"><net_src comp="216" pin="1"/><net_sink comp="149" pin=0"/></net>

<net id="222"><net_src comp="216" pin="1"/><net_sink comp="206" pin=1"/></net>

<net id="226"><net_src comp="98" pin="2"/><net_sink comp="223" pin=0"/></net>

<net id="227"><net_src comp="223" pin="1"/><net_sink comp="211" pin=1"/></net>

<net id="231"><net_src comp="152" pin="2"/><net_sink comp="228" pin=0"/></net>

<net id="235"><net_src comp="164" pin="1"/><net_sink comp="232" pin=0"/></net>

<net id="236"><net_src comp="232" pin="1"/><net_sink comp="211" pin=0"/></net>

<net id="240"><net_src comp="200" pin="2"/><net_sink comp="237" pin=0"/></net>

<net id="241"><net_src comp="237" pin="1"/><net_sink comp="122" pin=1"/></net>

<net id="242"><net_src comp="237" pin="1"/><net_sink comp="129" pin=1"/></net>

<net id="243"><net_src comp="237" pin="1"/><net_sink comp="135" pin=1"/></net>

<net id="247"><net_src comp="129" pin="2"/><net_sink comp="244" pin=0"/></net>

<net id="248"><net_src comp="244" pin="1"/><net_sink comp="211" pin=0"/></net>

<net id="252"><net_src comp="211" pin="3"/><net_sink comp="249" pin=0"/></net>

<net id="253"><net_src comp="249" pin="1"/><net_sink comp="135" pin=2"/></net>

</net_list>

</model> 
---------------- Datapath Model END ------------------

* FSMD analyzer results:
  - Output states:
	Port: gmem | {11 12 13 14 15 16 17 }
	Port: input_r_V_data_V | {}
	Port: input_r_V_keep_V | {}
	Port: input_r_V_strb_V | {}
	Port: input_r_V_user_V | {}
	Port: input_r_V_last_V | {}
	Port: input_r_V_id_V | {}
	Port: input_r_V_dest_V | {}
 - Input state : 
	Port: equalizer_Pipeline_VITIS_LOOP_48_1 : gmem | {2 3 4 5 6 7 8 9 }
	Port: equalizer_Pipeline_VITIS_LOOP_48_1 : input_r_V_data_V | {1 }
	Port: equalizer_Pipeline_VITIS_LOOP_48_1 : input_r_V_keep_V | {1 }
	Port: equalizer_Pipeline_VITIS_LOOP_48_1 : input_r_V_strb_V | {1 }
	Port: equalizer_Pipeline_VITIS_LOOP_48_1 : input_r_V_user_V | {1 }
	Port: equalizer_Pipeline_VITIS_LOOP_48_1 : input_r_V_last_V | {1 }
	Port: equalizer_Pipeline_VITIS_LOOP_48_1 : input_r_V_id_V | {1 }
	Port: equalizer_Pipeline_VITIS_LOOP_48_1 : input_r_V_dest_V | {1 }
	Port: equalizer_Pipeline_VITIS_LOOP_48_1 : coef_scale | {1 }
	Port: equalizer_Pipeline_VITIS_LOOP_48_1 : coefs | {1 }
  - Chain level:
	State 1
		store_ln0 : 1
		i_1 : 1
		icmp_ln48 : 2
		add_ln48 : 2
		br_ln48 : 3
		shl_ln2 : 2
		zext_ln52 : 3
		add_ln52 : 4
		trunc_ln4 : 5
		sext_ln52 : 6
		gmem_addr : 7
		store_ln48 : 3
	State 2
	State 3
	State 4
	State 5
	State 6
	State 7
	State 8
	State 9
	State 10
		add_ln52_1 : 1
	State 11
	State 12
	State 13
	State 14
	State 15
	State 16
	State 17


============================================================
+ Verbose Summary: Datapath Resource usage 
============================================================

* Functional unit list:
|----------|----------------------------|---------|---------|---------|
| Operation|       Functional Unit      |   DSP   |    FF   |   LUT   |
|----------|----------------------------|---------|---------|---------|
|    add   |       add_ln48_fu_158      |    0    |    0    |    14   |
|          |       add_ln52_fu_180      |    0    |    0    |    71   |
|----------|----------------------------|---------|---------|---------|
|   icmp   |      icmp_ln48_fu_152      |    0    |    0    |    10   |
|----------|----------------------------|---------|---------|---------|
|  muladd  |         grp_fu_211         |    1    |    0    |    0    |
|----------|----------------------------|---------|---------|---------|
|          |    coefs_read_read_fu_92   |    0    |    0    |    0    |
|   read   | coef_scale_read_read_fu_98 |    0    |    0    |    0    |
|          |    empty_22_read_fu_104    |    0    |    0    |    0    |
|          | gmem_addr_read_read_fu_129 |    0    |    0    |    0    |
|----------|----------------------------|---------|---------|---------|
| writeresp|    grp_writeresp_fu_122    |    0    |    0    |    0    |
|----------|----------------------------|---------|---------|---------|
|   write  |   write_ln52_write_fu_135  |    0    |    0    |    0    |
|----------|----------------------------|---------|---------|---------|
|extractvalue|      tmp_data_V_fu_164     |    0    |    0    |    0    |
|----------|----------------------------|---------|---------|---------|
|bitconcatenate|       shl_ln2_fu_168       |    0    |    0    |    0    |
|----------|----------------------------|---------|---------|---------|
|   zext   |      zext_ln52_fu_176      |    0    |    0    |    0    |
|----------|----------------------------|---------|---------|---------|
|partselect|      trunc_ln4_fu_186      |    0    |    0    |    0    |
|----------|----------------------------|---------|---------|---------|
|   sext   |      sext_ln52_fu_196      |    0    |    0    |    0    |
|----------|----------------------------|---------|---------|---------|
|   Total  |                            |    1    |    0    |    95   |
|----------|----------------------------|---------|---------|---------|

Memories:
N/A

* Register list:
+-----------------------+--------+
|                       |   FF   |
+-----------------------+--------+
|   add_ln52_1_reg_249  |   16   |
|coef_scale_read_reg_223|   16   |
| gmem_addr_read_reg_244|   16   |
|   gmem_addr_reg_237   |   16   |
|       i_reg_216       |    7   |
|   icmp_ln48_reg_228   |    1   |
|   tmp_data_V_reg_232  |   16   |
+-----------------------+--------+
|         Total         |   88   |
+-----------------------+--------+

* Multiplexer (MUX) list: 
|----------------------|------|------|------|--------||---------||---------|
|         Comp         |  Pin | Size |  BW  | S x BW ||  Delay  ||   LUT   |
|----------------------|------|------|------|--------||---------||---------|
| grp_writeresp_fu_122 |  p0  |   3  |   1  |    3   |
|      grp_fu_211      |  p0  |   2  |  16  |   32   ||    9    |
|----------------------|------|------|------|--------||---------||---------|
|         Total        |      |      |      |   35   ||  3.2953 ||    9    |
|----------------------|------|------|------|--------||---------||---------|



* Summary:
+-----------+--------+--------+--------+--------+
|           |   DSP  |  Delay |   FF   |   LUT  |
+-----------+--------+--------+--------+--------+
|  Function |    1   |    -   |    0   |   95   |
|   Memory  |    -   |    -   |    -   |    -   |
|Multiplexer|    -   |    3   |    -   |    9   |
|  Register |    -   |    -   |   88   |    -   |
+-----------+--------+--------+--------+--------+
|   Total   |    1   |    3   |   88   |   104  |
+-----------+--------+--------+--------+--------+
