

================================================================
== Vitis HLS Report for 'equalizer'
================================================================
* Date:           Fri Apr 26 02:51:05 2024

* Version:        2022.1 (Build 3526262 on Mon Apr 18 15:48:16 MDT 2022)
* Project:        equalizer
* Solution:       solution17 (Vivado IP Flow Target)
* Product family: zynq
* Target device:  xc7z020-clg400-1


================================================================
== Performance Estimates
================================================================
+ Timing: 
    * Summary: 
    +--------+----------+----------+------------+
    |  Clock |  Target  | Estimated| Uncertainty|
    +--------+----------+----------+------------+
    |ap_clk  |  10.00 ns|  7.300 ns|     2.70 ns|
    +--------+----------+----------+------------+

+ Latency: 
    * Summary: 
    +---------+---------+----------+----------+-----+-----+---------+
    |  Latency (cycles) |  Latency (absolute) |  Interval | Pipeline|
    |   min   |   max   |    min   |    max   | min | max |   Type  |
    +---------+---------+----------+----------+-----+-----+---------+
    |        ?|        ?|         ?|         ?|    ?|    ?|       no|
    +---------+---------+----------+----------+-----+-----+---------+

    + Detail: 
        * Instance: 
        N/A

        * Loop: 
        +-------------------+---------+---------+----------+-----------+-----------+------+----------+
        |                   |  Latency (cycles) | Iteration|  Initiation Interval  | Trip |          |
        |     Loop Name     |   min   |   max   |  Latency |  achieved |   target  | Count| Pipelined|
        +-------------------+---------+---------+----------+-----------+-----------+------+----------+
        |- Running_Loop     |        ?|        ?|   2 ~ 466|          -|          -|     ?|        no|
        | + Coef_Read_Loop  |      354|      354|       118|          -|          -|     3|        no|
        +-------------------+---------+---------+----------+-----------+-----------+------+----------+

============================================================
+ Verbose Summary: Synthesis Manager
============================================================
InlineROM: 1
ExposeGlobal: 0
============================================================
+ Verbose Summary: CDFG Model
============================================================
IsTopModel: 1
ResetActiveHigh: 1
IsCombinational: 0
IsDatapathOnly: 0
HasWiredReturn: 1
HasMFsm: 0
HasVarLatency: 1
IsPipeline: 0
IsRtlPipelined: 0
IsInstanceOverlapped: 0
IsDontTouch: 0
HasImplIP: 0
IsGatedGlobalClock: 0


============================================================
+ Verbose Summary: Schedule
============================================================
* Number of FSM states : 21
* Pipeline : 0
* Dataflow Pipeline: 0

* FSM state transitions: 
1 --> 2 
2 --> 8 3 7 20 
3 --> 4 
4 --> 5 7 
5 --> 6 
6 --> 4 
7 --> 20 
8 --> 9 
9 --> 10 
10 --> 11 
11 --> 12 
12 --> 13 
13 --> 14 
14 --> 15 
15 --> 16 
16 --> 17 
17 --> 18 
18 --> 19 
19 --> 20 
20 --> 21 2 
21 --> 

* FSM state operations: 

State 1 <SV = 0> <Delay = 1.82>
ST_1 : Operation 22 [1/1] (0.00ns)   --->   "%tmp_out_data_V = alloca i32 1"   --->   Operation 22 'alloca' 'tmp_out_data_V' <Predicate = true> <Delay = 0.00>
ST_1 : Operation 23 [1/1] (0.00ns)   --->   "%tmp_out_keep_V = alloca i32 1"   --->   Operation 23 'alloca' 'tmp_out_keep_V' <Predicate = true> <Delay = 0.00>
ST_1 : Operation 24 [1/1] (0.00ns)   --->   "%tmp_out_strb_V = alloca i32 1"   --->   Operation 24 'alloca' 'tmp_out_strb_V' <Predicate = true> <Delay = 0.00>
ST_1 : Operation 25 [1/1] (0.00ns)   --->   "%tmp_out_user_V = alloca i32 1"   --->   Operation 25 'alloca' 'tmp_out_user_V' <Predicate = true> <Delay = 0.00>
ST_1 : Operation 26 [1/1] (0.00ns)   --->   "%tmp_out_id_V = alloca i32 1"   --->   Operation 26 'alloca' 'tmp_out_id_V' <Predicate = true> <Delay = 0.00>
ST_1 : Operation 27 [1/1] (0.00ns)   --->   "%tmp_out_dest_V = alloca i32 1"   --->   Operation 27 'alloca' 'tmp_out_dest_V' <Predicate = true> <Delay = 0.00>
ST_1 : Operation 28 [1/1] (0.00ns)   --->   "%read_coefs = alloca i32 1"   --->   Operation 28 'alloca' 'read_coefs' <Predicate = true> <Delay = 0.00>
ST_1 : Operation 29 [1/1] (0.00ns)   --->   "%state = alloca i32 1"   --->   Operation 29 'alloca' 'state' <Predicate = true> <Delay = 0.00>
ST_1 : Operation 30 [1/1] (1.00ns)   --->   "%coefs_read = read i64 @_ssdm_op_Read.s_axilite.i64, i64 %coefs"   --->   Operation 30 'read' 'coefs_read' <Predicate = true> <Delay = 1.00> <CoreInst = "s_axilite">   --->   Core 114 's_axilite' <Latency = 0> <II = 1> <Delay = 1.00> <Adapter> <Opcode : 'read' 'write'>
ST_1 : Operation 31 [1/1] (0.00ns)   --->   "%accumulate_loc = alloca i64 1"   --->   Operation 31 'alloca' 'accumulate_loc' <Predicate = true> <Delay = 0.00>
ST_1 : Operation 32 [1/1] (0.00ns)   --->   "%spectopmodule_ln3 = spectopmodule void @_ssdm_op_SpecTopModule, void @empty_10" [equalizer.cpp:3]   --->   Operation 32 'spectopmodule' 'spectopmodule_ln3' <Predicate = true> <Delay = 0.00>
ST_1 : Operation 33 [1/1] (0.00ns)   --->   "%specinterface_ln3 = specinterface void @_ssdm_op_SpecInterface, i32 0, void @empty_11, i32 0, i32 0, void @empty_0, i32 0, i32 0, void @empty_0, void @empty_0, void @empty_0, i32 0, i32 0, i32 0, i32 0, void @empty_0, void @empty_0, i32 4294967295, i32 0" [equalizer.cpp:3]   --->   Operation 33 'specinterface' 'specinterface_ln3' <Predicate = true> <Delay = 0.00>
ST_1 : Operation 34 [1/1] (0.00ns)   --->   "%specinterface_ln0 = specinterface void @_ssdm_op_SpecInterface, i32 %gmem, void @empty, i32 0, i32 0, void @empty_0, i32 0, i32 99, void @empty_1, void @empty_2, void @empty_0, i32 16, i32 16, i32 16, i32 16, void @empty_0, void @empty_0, i32 4294967295, i32 0"   --->   Operation 34 'specinterface' 'specinterface_ln0' <Predicate = true> <Delay = 0.00>
ST_1 : Operation 35 [1/1] (0.00ns)   --->   "%specbitsmap_ln0 = specbitsmap void @_ssdm_op_SpecBitsMap, i32 %gmem"   --->   Operation 35 'specbitsmap' 'specbitsmap_ln0' <Predicate = true> <Delay = 0.00>
ST_1 : Operation 36 [1/1] (0.00ns)   --->   "%specinterface_ln0 = specinterface void @_ssdm_op_SpecInterface, i32 %output_r_V_data_V, i4 %output_r_V_keep_V, i4 %output_r_V_strb_V, i1 %output_r_V_user_V, i1 %output_r_V_last_V, i1 %output_r_V_id_V, i1 %output_r_V_dest_V, void @empty_3, i32 1, i32 1, void @empty_4, i32 0, i32 0, void @empty_0, void @empty_0, void @empty_0, i32 0, i32 0, i32 0, i32 0, void @empty_0, void @empty_0, i32 4294967295, i32 0"   --->   Operation 36 'specinterface' 'specinterface_ln0' <Predicate = true> <Delay = 0.00>
ST_1 : Operation 37 [1/1] (0.00ns)   --->   "%specbitsmap_ln0 = specbitsmap void @_ssdm_op_SpecBitsMap, i32 %output_r_V_data_V"   --->   Operation 37 'specbitsmap' 'specbitsmap_ln0' <Predicate = true> <Delay = 0.00>
ST_1 : Operation 38 [1/1] (0.00ns)   --->   "%specbitsmap_ln0 = specbitsmap void @_ssdm_op_SpecBitsMap, i4 %output_r_V_keep_V"   --->   Operation 38 'specbitsmap' 'specbitsmap_ln0' <Predicate = true> <Delay = 0.00>
ST_1 : Operation 39 [1/1] (0.00ns)   --->   "%specbitsmap_ln0 = specbitsmap void @_ssdm_op_SpecBitsMap, i4 %output_r_V_strb_V"   --->   Operation 39 'specbitsmap' 'specbitsmap_ln0' <Predicate = true> <Delay = 0.00>
ST_1 : Operation 40 [1/1] (0.00ns)   --->   "%specbitsmap_ln0 = specbitsmap void @_ssdm_op_SpecBitsMap, i1 %output_r_V_user_V"   --->   Operation 40 'specbitsmap' 'specbitsmap_ln0' <Predicate = true> <Delay = 0.00>
ST_1 : Operation 41 [1/1] (0.00ns)   --->   "%specbitsmap_ln0 = specbitsmap void @_ssdm_op_SpecBitsMap, i1 %output_r_V_last_V"   --->   Operation 41 'specbitsmap' 'specbitsmap_ln0' <Predicate = true> <Delay = 0.00>
ST_1 : Operation 42 [1/1] (0.00ns)   --->   "%specbitsmap_ln0 = specbitsmap void @_ssdm_op_SpecBitsMap, i1 %output_r_V_id_V"   --->   Operation 42 'specbitsmap' 'specbitsmap_ln0' <Predicate = true> <Delay = 0.00>
ST_1 : Operation 43 [1/1] (0.00ns)   --->   "%specbitsmap_ln0 = specbitsmap void @_ssdm_op_SpecBitsMap, i1 %output_r_V_dest_V"   --->   Operation 43 'specbitsmap' 'specbitsmap_ln0' <Predicate = true> <Delay = 0.00>
ST_1 : Operation 44 [1/1] (0.00ns)   --->   "%specinterface_ln0 = specinterface void @_ssdm_op_SpecInterface, i64 %coefs, void @empty_5, i32 0, i32 0, void @empty_0, i32 0, i32 0, void @empty_6, void @empty_7, void @empty_0, i32 0, i32 0, i32 0, i32 0, void @empty_0, void @empty_8, i32 4294967295, i32 0"   --->   Operation 44 'specinterface' 'specinterface_ln0' <Predicate = true> <Delay = 0.00>
ST_1 : Operation 45 [1/1] (0.00ns)   --->   "%specinterface_ln0 = specinterface void @_ssdm_op_SpecInterface, i64 %coefs, void @empty_9, i32 0, i32 0, void @empty_0, i32 0, i32 0, void @empty_0, void @empty_0, void @empty_0, i32 0, i32 0, i32 0, i32 0, void @empty_0, void @empty_8, i32 4294967295, i32 0"   --->   Operation 45 'specinterface' 'specinterface_ln0' <Predicate = true> <Delay = 0.00>
ST_1 : Operation 46 [1/1] (0.00ns)   --->   "%specinterface_ln0 = specinterface void @_ssdm_op_SpecInterface, i32 %input_r_V_data_V, i4 %input_r_V_keep_V, i4 %input_r_V_strb_V, i1 %input_r_V_user_V, i1 %input_r_V_last_V, i1 %input_r_V_id_V, i1 %input_r_V_dest_V, void @empty_3, i32 1, i32 1, void @empty_4, i32 0, i32 0, void @empty_0, void @empty_0, void @empty_0, i32 0, i32 0, i32 0, i32 0, void @empty_0, void @empty_0, i32 4294967295, i32 0"   --->   Operation 46 'specinterface' 'specinterface_ln0' <Predicate = true> <Delay = 0.00>
ST_1 : Operation 47 [1/1] (0.00ns)   --->   "%specbitsmap_ln0 = specbitsmap void @_ssdm_op_SpecBitsMap, i32 %input_r_V_data_V"   --->   Operation 47 'specbitsmap' 'specbitsmap_ln0' <Predicate = true> <Delay = 0.00>
ST_1 : Operation 48 [1/1] (0.00ns)   --->   "%specbitsmap_ln0 = specbitsmap void @_ssdm_op_SpecBitsMap, i4 %input_r_V_keep_V"   --->   Operation 48 'specbitsmap' 'specbitsmap_ln0' <Predicate = true> <Delay = 0.00>
ST_1 : Operation 49 [1/1] (0.00ns)   --->   "%specbitsmap_ln0 = specbitsmap void @_ssdm_op_SpecBitsMap, i4 %input_r_V_strb_V"   --->   Operation 49 'specbitsmap' 'specbitsmap_ln0' <Predicate = true> <Delay = 0.00>
ST_1 : Operation 50 [1/1] (0.00ns)   --->   "%specbitsmap_ln0 = specbitsmap void @_ssdm_op_SpecBitsMap, i1 %input_r_V_user_V"   --->   Operation 50 'specbitsmap' 'specbitsmap_ln0' <Predicate = true> <Delay = 0.00>
ST_1 : Operation 51 [1/1] (0.00ns)   --->   "%specbitsmap_ln0 = specbitsmap void @_ssdm_op_SpecBitsMap, i1 %input_r_V_last_V"   --->   Operation 51 'specbitsmap' 'specbitsmap_ln0' <Predicate = true> <Delay = 0.00>
ST_1 : Operation 52 [1/1] (0.00ns)   --->   "%specbitsmap_ln0 = specbitsmap void @_ssdm_op_SpecBitsMap, i1 %input_r_V_id_V"   --->   Operation 52 'specbitsmap' 'specbitsmap_ln0' <Predicate = true> <Delay = 0.00>
ST_1 : Operation 53 [1/1] (0.00ns)   --->   "%specbitsmap_ln0 = specbitsmap void @_ssdm_op_SpecBitsMap, i1 %input_r_V_dest_V"   --->   Operation 53 'specbitsmap' 'specbitsmap_ln0' <Predicate = true> <Delay = 0.00>
ST_1 : Operation 54 [1/1] (0.00ns)   --->   "%trunc_ln = partselect i62 @_ssdm_op_PartSelect.i62.i64.i32.i32, i64 %coefs_read, i32 2, i32 63" [equalizer.cpp:76]   --->   Operation 54 'partselect' 'trunc_ln' <Predicate = true> <Delay = 0.00>
ST_1 : Operation 55 [1/1] (0.00ns)   --->   "%sext_ln76 = sext i62 %trunc_ln" [equalizer.cpp:76]   --->   Operation 55 'sext' 'sext_ln76' <Predicate = true> <Delay = 0.00>
ST_1 : Operation 56 [1/1] (0.00ns)   --->   "%gmem_addr = getelementptr i32 %gmem, i64 %sext_ln76" [equalizer.cpp:76]   --->   Operation 56 'getelementptr' 'gmem_addr' <Predicate = true> <Delay = 0.00>
ST_1 : Operation 57 [1/1] (1.82ns)   --->   "%store_ln26 = store i8 0, i8 %state" [equalizer.cpp:26]   --->   Operation 57 'store' 'store_ln26' <Predicate = true> <Delay = 1.82>
ST_1 : Operation 58 [1/1] (1.58ns)   --->   "%store_ln26 = store i1 0, i1 %read_coefs" [equalizer.cpp:26]   --->   Operation 58 'store' 'store_ln26' <Predicate = true> <Delay = 1.58>
ST_1 : Operation 59 [1/1] (0.00ns)   --->   "%br_ln26 = br void %while.body" [equalizer.cpp:26]   --->   Operation 59 'br' 'br_ln26' <Predicate = true> <Delay = 0.00>

State 2 <SV = 1> <Delay = 4.49>
ST_2 : Operation 60 [1/1] (0.00ns)   --->   "%tmp_out_data_V_1 = load i32 %tmp_out_data_V"   --->   Operation 60 'load' 'tmp_out_data_V_1' <Predicate = true> <Delay = 0.00>
ST_2 : Operation 61 [1/1] (0.00ns)   --->   "%tmp_out_keep_V_1 = load i4 %tmp_out_keep_V"   --->   Operation 61 'load' 'tmp_out_keep_V_1' <Predicate = true> <Delay = 0.00>
ST_2 : Operation 62 [1/1] (0.00ns)   --->   "%tmp_out_strb_V_1 = load i4 %tmp_out_strb_V"   --->   Operation 62 'load' 'tmp_out_strb_V_1' <Predicate = true> <Delay = 0.00>
ST_2 : Operation 63 [1/1] (0.00ns)   --->   "%tmp_out_user_V_1 = load i1 %tmp_out_user_V"   --->   Operation 63 'load' 'tmp_out_user_V_1' <Predicate = true> <Delay = 0.00>
ST_2 : Operation 64 [1/1] (0.00ns)   --->   "%tmp_out_id_V_1 = load i1 %tmp_out_id_V"   --->   Operation 64 'load' 'tmp_out_id_V_1' <Predicate = true> <Delay = 0.00>
ST_2 : Operation 65 [1/1] (0.00ns)   --->   "%tmp_out_dest_V_1 = load i1 %tmp_out_dest_V"   --->   Operation 65 'load' 'tmp_out_dest_V_1' <Predicate = true> <Delay = 0.00>
ST_2 : Operation 66 [1/1] (0.00ns)   --->   "%state_1 = load i8 %state"   --->   Operation 66 'load' 'state_1' <Predicate = true> <Delay = 0.00>
ST_2 : Operation 67 [1/1] (0.00ns)   --->   "%specloopname_ln17 = specloopname void @_ssdm_op_SpecLoopName, void @empty_16" [equalizer.cpp:17]   --->   Operation 67 'specloopname' 'specloopname_ln17' <Predicate = true> <Delay = 0.00>
ST_2 : Operation 68 [1/1] (0.00ns)   --->   "%empty = read i44 @_ssdm_op_Read.axis.volatile.i32P0A.i4P0A.i4P0A.i1P0A.i1P0A.i1P0A.i1P0A, i32 %input_r_V_data_V, i4 %input_r_V_keep_V, i4 %input_r_V_strb_V, i1 %input_r_V_user_V, i1 %input_r_V_last_V, i1 %input_r_V_id_V, i1 %input_r_V_dest_V"   --->   Operation 68 'read' 'empty' <Predicate = true> <Delay = 0.00> <CoreInst = "axis">   --->   Core 115 'axis' <Latency = 0> <II = 1> <Delay = 1.00> <Adapter> <Opcode : >
ST_2 : Operation 69 [1/1] (0.00ns)   --->   "%tmp_data_V = extractvalue i44 %empty"   --->   Operation 69 'extractvalue' 'tmp_data_V' <Predicate = true> <Delay = 0.00>
ST_2 : Operation 70 [1/1] (0.00ns)   --->   "%tmp_keep_V = extractvalue i44 %empty"   --->   Operation 70 'extractvalue' 'tmp_keep_V' <Predicate = true> <Delay = 0.00>
ST_2 : Operation 71 [1/1] (0.00ns)   --->   "%tmp_strb_V = extractvalue i44 %empty"   --->   Operation 71 'extractvalue' 'tmp_strb_V' <Predicate = true> <Delay = 0.00>
ST_2 : Operation 72 [1/1] (0.00ns)   --->   "%tmp_user_V = extractvalue i44 %empty"   --->   Operation 72 'extractvalue' 'tmp_user_V' <Predicate = true> <Delay = 0.00>
ST_2 : Operation 73 [1/1] (0.00ns)   --->   "%tmp_last_V = extractvalue i44 %empty"   --->   Operation 73 'extractvalue' 'tmp_last_V' <Predicate = true> <Delay = 0.00>
ST_2 : Operation 74 [1/1] (0.00ns)   --->   "%tmp_id_V = extractvalue i44 %empty"   --->   Operation 74 'extractvalue' 'tmp_id_V' <Predicate = true> <Delay = 0.00>
ST_2 : Operation 75 [1/1] (0.00ns)   --->   "%tmp_dest_V = extractvalue i44 %empty"   --->   Operation 75 'extractvalue' 'tmp_dest_V' <Predicate = true> <Delay = 0.00>
ST_2 : Operation 76 [1/1] (0.95ns)   --->   "%switch_ln29 = switch i8 %state_1, void %sw.bb, i8 2, void %for.inc47.preheader, i8 1, void %sw.bb2" [equalizer.cpp:29]   --->   Operation 76 'switch' 'switch_ln29' <Predicate = true> <Delay = 0.95>
ST_2 : Operation 77 [1/1] (0.00ns)   --->   "%read_coefs_load = load i1 %read_coefs" [equalizer.cpp:37]   --->   Operation 77 'load' 'read_coefs_load' <Predicate = (state_1 == 1)> <Delay = 0.00>
ST_2 : Operation 78 [1/1] (1.58ns)   --->   "%br_ln37 = br i1 %read_coefs_load, void %for.inc.preheader, void %if.end25" [equalizer.cpp:37]   --->   Operation 78 'br' 'br_ln37' <Predicate = (state_1 == 1)> <Delay = 1.58>
ST_2 : Operation 79 [2/2] (3.52ns)   --->   "%call_ln0 = call void @equalizer_Pipeline_Coef_Clear_Loop, i32 %gmem, i64 %coefs_read"   --->   Operation 79 'call' 'call_ln0' <Predicate = (state_1 == 1 & !read_coefs_load)> <Delay = 3.52> <CoreType = "Generic">   --->   Core 0 '' <Latency = 0> <II = 1> <Delay = 1.00> <Generic> <Opcode : >
ST_2 : Operation 80 [2/2] (3.52ns)   --->   "%call_ln0 = call void @equalizer_Pipeline_Shift_Accumulate_Loop, i32 %gmem, i64 %coefs_read, i32 %accumulate_loc, i32 %signal_shift_reg"   --->   Operation 80 'call' 'call_ln0' <Predicate = (state_1 == 2)> <Delay = 3.52> <CoreType = "Generic">   --->   Core 0 '' <Latency = 0> <II = 1> <Delay = 1.00> <Generic> <Opcode : >
ST_2 : Operation 81 [1/1] (2.47ns)   --->   "%state_2 = icmp_eq  i32 %tmp_data_V, i32 48879" [equalizer.cpp:31]   --->   Operation 81 'icmp' 'state_2' <Predicate = (state_1 != 2 & state_1 != 1)> <Delay = 2.47> <CoreInst = "Cmp">   --->   Core 9 'Cmp' <Latency = 0> <II = 1> <Delay = 2.47> <FuncUnit> <Opcode : 'icmp'> <InPorts = 2> <OutPorts = 1>
ST_2 : Operation 82 [1/1] (0.00ns)   --->   "%zext_ln23 = zext i1 %state_2" [equalizer.cpp:23]   --->   Operation 82 'zext' 'zext_ln23' <Predicate = (state_1 != 2 & state_1 != 1)> <Delay = 0.00>
ST_2 : Operation 83 [1/1] (1.58ns)   --->   "%br_ln92 = br i1 %tmp_last_V, void %sw.bb.if.end67_crit_edge, void %while.end" [equalizer.cpp:92]   --->   Operation 83 'br' 'br_ln92' <Predicate = (state_1 != 2 & state_1 != 1)> <Delay = 1.58>
ST_2 : Operation 84 [1/1] (1.82ns)   --->   "%store_ln92 = store i8 %zext_ln23, i8 %state" [equalizer.cpp:92]   --->   Operation 84 'store' 'store_ln92' <Predicate = (state_1 != 2 & state_1 != 1 & !tmp_last_V)> <Delay = 1.82>
ST_2 : Operation 85 [1/1] (0.00ns)   --->   "%br_ln92 = br void %if.end67" [equalizer.cpp:92]   --->   Operation 85 'br' 'br_ln92' <Predicate = (state_1 != 2 & state_1 != 1 & !tmp_last_V)> <Delay = 0.00>

State 3 <SV = 2> <Delay = 1.58>
ST_3 : Operation 86 [1/2] (0.00ns)   --->   "%call_ln0 = call void @equalizer_Pipeline_Coef_Clear_Loop, i32 %gmem, i64 %coefs_read"   --->   Operation 86 'call' 'call_ln0' <Predicate = true> <Delay = 0.00> <CoreType = "Generic">   --->   Core 0 '' <Latency = 0> <II = 1> <Delay = 1.00> <Generic> <Opcode : >
ST_3 : Operation 87 [1/1] (1.58ns)   --->   "%br_ln45 = br void %VITIS_LOOP_48_1" [equalizer.cpp:45]   --->   Operation 87 'br' 'br_ln45' <Predicate = true> <Delay = 1.58>

State 4 <SV = 3> <Delay = 4.47>
ST_4 : Operation 88 [1/1] (0.00ns)   --->   "%j = phi i2 %add_ln45, void %VITIS_LOOP_48_1.split, i2 0, void %for.inc.preheader" [equalizer.cpp:45]   --->   Operation 88 'phi' 'j' <Predicate = true> <Delay = 0.00>
ST_4 : Operation 89 [1/1] (0.00ns)   --->   "%coef_scale = phi i32 %tmp_data_V_4, void %VITIS_LOOP_48_1.split, i32 %tmp_data_V, void %for.inc.preheader"   --->   Operation 89 'phi' 'coef_scale' <Predicate = true> <Delay = 0.00>
ST_4 : Operation 90 [1/1] (0.00ns)   --->   "%p_4_0_0_0132_phi = phi i1 %tmp_last_V_2, void %VITIS_LOOP_48_1.split, i1 0, void %for.inc.preheader"   --->   Operation 90 'phi' 'p_4_0_0_0132_phi' <Predicate = true> <Delay = 0.00>
ST_4 : Operation 91 [1/1] (0.95ns)   --->   "%icmp_ln45 = icmp_eq  i2 %j, i2 3" [equalizer.cpp:45]   --->   Operation 91 'icmp' 'icmp_ln45' <Predicate = true> <Delay = 0.95> <CoreInst = "Cmp">   --->   Core 9 'Cmp' <Latency = 0> <II = 1> <Delay = 0.95> <FuncUnit> <Opcode : 'icmp'> <InPorts = 2> <OutPorts = 1>
ST_4 : Operation 92 [1/1] (0.00ns)   --->   "%empty_23 = speclooptripcount i32 @_ssdm_op_SpecLoopTripCount, i64 3, i64 3, i64 3"   --->   Operation 92 'speclooptripcount' 'empty_23' <Predicate = true> <Delay = 0.00>
ST_4 : Operation 93 [1/1] (1.56ns)   --->   "%add_ln45 = add i2 %j, i2 1" [equalizer.cpp:45]   --->   Operation 93 'add' 'add_ln45' <Predicate = true> <Delay = 1.56> <CoreInst = "Adder">   --->   Core 1 'Adder' <Latency = 0> <II = 1> <Delay = 1.56> <FuncUnit> <Opcode : 'add' 'sub'> <InPorts = 2> <OutPorts = 1>
ST_4 : Operation 94 [1/1] (0.00ns)   --->   "%br_ln45 = br i1 %icmp_ln45, void %VITIS_LOOP_48_1.split, void %if.end25.loopexit" [equalizer.cpp:45]   --->   Operation 94 'br' 'br_ln45' <Predicate = true> <Delay = 0.00>
ST_4 : Operation 95 [1/1] (0.00ns)   --->   "%empty_24 = wait i32 @_ssdm_op_Wait"   --->   Operation 95 'wait' 'empty_24' <Predicate = (!icmp_ln45)> <Delay = 0.00>
ST_4 : Operation 96 [2/2] (3.52ns)   --->   "%call_ln283 = call void @equalizer_Pipeline_VITIS_LOOP_48_1, i32 %gmem, i32 %input_r_V_data_V, i4 %input_r_V_keep_V, i4 %input_r_V_strb_V, i1 %input_r_V_user_V, i1 %input_r_V_last_V, i1 %input_r_V_id_V, i1 %input_r_V_dest_V, i32 %coef_scale, i64 %coefs_read"   --->   Operation 96 'call' 'call_ln283' <Predicate = (!icmp_ln45)> <Delay = 3.52> <CoreType = "Generic">   --->   Core 0 '' <Latency = 0> <II = 1> <Delay = 1.00> <Generic> <Opcode : >
ST_4 : Operation 97 [1/1] (1.58ns)   --->   "%br_ln0 = br void %if.end25"   --->   Operation 97 'br' 'br_ln0' <Predicate = (icmp_ln45)> <Delay = 1.58>

State 5 <SV = 4> <Delay = 0.00>
ST_5 : Operation 98 [1/2] (0.00ns)   --->   "%call_ln283 = call void @equalizer_Pipeline_VITIS_LOOP_48_1, i32 %gmem, i32 %input_r_V_data_V, i4 %input_r_V_keep_V, i4 %input_r_V_strb_V, i1 %input_r_V_user_V, i1 %input_r_V_last_V, i1 %input_r_V_id_V, i1 %input_r_V_dest_V, i32 %coef_scale, i64 %coefs_read"   --->   Operation 98 'call' 'call_ln283' <Predicate = true> <Delay = 0.00> <CoreType = "Generic">   --->   Core 0 '' <Latency = 0> <II = 1> <Delay = 1.00> <Generic> <Opcode : >

State 6 <SV = 5> <Delay = 0.00>
ST_6 : Operation 99 [1/1] (0.00ns)   --->   "%specloopname_ln14 = specloopname void @_ssdm_op_SpecLoopName, void @empty_15" [equalizer.cpp:14]   --->   Operation 99 'specloopname' 'specloopname_ln14' <Predicate = true> <Delay = 0.00>
ST_6 : Operation 100 [1/1] (0.00ns)   --->   "%empty_25 = wait i32 @_ssdm_op_Wait"   --->   Operation 100 'wait' 'empty_25' <Predicate = true> <Delay = 0.00>
ST_6 : Operation 101 [1/1] (0.00ns)   --->   "%empty_26 = read i44 @_ssdm_op_Read.axis.volatile.i32P0A.i4P0A.i4P0A.i1P0A.i1P0A.i1P0A.i1P0A, i32 %input_r_V_data_V, i4 %input_r_V_keep_V, i4 %input_r_V_strb_V, i1 %input_r_V_user_V, i1 %input_r_V_last_V, i1 %input_r_V_id_V, i1 %input_r_V_dest_V"   --->   Operation 101 'read' 'empty_26' <Predicate = true> <Delay = 0.00> <CoreInst = "axis">   --->   Core 115 'axis' <Latency = 0> <II = 1> <Delay = 1.00> <Adapter> <Opcode : >
ST_6 : Operation 102 [1/1] (0.00ns)   --->   "%tmp_data_V_4 = extractvalue i44 %empty_26"   --->   Operation 102 'extractvalue' 'tmp_data_V_4' <Predicate = true> <Delay = 0.00>
ST_6 : Operation 103 [1/1] (0.00ns)   --->   "%tmp_last_V_2 = extractvalue i44 %empty_26"   --->   Operation 103 'extractvalue' 'tmp_last_V_2' <Predicate = true> <Delay = 0.00>
ST_6 : Operation 104 [1/1] (0.00ns)   --->   "%br_ln45 = br void %VITIS_LOOP_48_1" [equalizer.cpp:45]   --->   Operation 104 'br' 'br_ln45' <Predicate = true> <Delay = 0.00>

State 7 <SV = 4> <Delay = 5.27>
ST_7 : Operation 105 [1/1] (0.00ns)   --->   "%tmp_last_V_1 = phi i1 %tmp_last_V, void %sw.bb2, i1 %p_4_0_0_0132_phi, void %if.end25.loopexit"   --->   Operation 105 'phi' 'tmp_last_V_1' <Predicate = true> <Delay = 0.00>
ST_7 : Operation 106 [1/1] (0.00ns) (grouped into LUT with out node icmp_ln61)   --->   "%tmp_data_V_2 = phi i32 %tmp_data_V, void %sw.bb2, i32 %coef_scale, void %if.end25.loopexit"   --->   Operation 106 'phi' 'tmp_data_V_2' <Predicate = true> <Delay = 0.00>
ST_7 : Operation 107 [1/1] (2.47ns) (out node of the LUT)   --->   "%icmp_ln61 = icmp_eq  i32 %tmp_data_V_2, i32 43962" [equalizer.cpp:61]   --->   Operation 107 'icmp' 'icmp_ln61' <Predicate = true> <Delay = 2.47> <CoreInst = "Cmp">   --->   Core 9 'Cmp' <Latency = 0> <II = 1> <Delay = 2.47> <FuncUnit> <Opcode : 'icmp'> <InPorts = 2> <OutPorts = 1>
ST_7 : Operation 108 [1/1] (0.98ns)   --->   "%select_ln23 = select i1 %icmp_ln61, i8 2, i8 1" [equalizer.cpp:23]   --->   Operation 108 'select' 'select_ln23' <Predicate = true> <Delay = 0.98> <CoreInst = "Sel">   --->   Core 73 'Sel' <Latency = 0> <II = 1> <Delay = 0.98> <FuncUnit> <Opcode : 'select'> <InPorts = 3> <OutPorts = 1>
ST_7 : Operation 109 [1/1] (1.58ns)   --->   "%br_ln92 = br i1 %tmp_last_V_1, void %if.end25.if.end67_crit_edge, void %while.end" [equalizer.cpp:92]   --->   Operation 109 'br' 'br_ln92' <Predicate = true> <Delay = 1.58>
ST_7 : Operation 110 [1/1] (1.82ns)   --->   "%store_ln92 = store i8 %select_ln23, i8 %state" [equalizer.cpp:92]   --->   Operation 110 'store' 'store_ln92' <Predicate = (!tmp_last_V_1)> <Delay = 1.82>
ST_7 : Operation 111 [1/1] (1.58ns)   --->   "%store_ln92 = store i1 1, i1 %read_coefs" [equalizer.cpp:92]   --->   Operation 111 'store' 'store_ln92' <Predicate = (!tmp_last_V_1)> <Delay = 1.58>
ST_7 : Operation 112 [1/1] (0.00ns)   --->   "%br_ln92 = br void %if.end67" [equalizer.cpp:92]   --->   Operation 112 'br' 'br_ln92' <Predicate = (!tmp_last_V_1)> <Delay = 0.00>

State 8 <SV = 2> <Delay = 0.00>
ST_8 : Operation 113 [1/2] (0.00ns)   --->   "%call_ln0 = call void @equalizer_Pipeline_Shift_Accumulate_Loop, i32 %gmem, i64 %coefs_read, i32 %accumulate_loc, i32 %signal_shift_reg"   --->   Operation 113 'call' 'call_ln0' <Predicate = true> <Delay = 0.00> <CoreType = "Generic">   --->   Core 0 '' <Latency = 0> <II = 1> <Delay = 1.00> <Generic> <Opcode : >

State 9 <SV = 3> <Delay = 7.30>
ST_9 : Operation 114 [7/7] (7.30ns)   --->   "%gmem_load_1_req = readreq i1 @_ssdm_op_ReadReq.m_axi.i32P1A, i32 %gmem_addr, i32 1" [equalizer.cpp:76]   --->   Operation 114 'readreq' 'gmem_load_1_req' <Predicate = true> <Delay = 7.30> <CoreInst = "m_axi">   --->   Core 113 'm_axi' <Latency = 0> <II = 1> <Delay = 1.00> <Adapter> <Opcode : 'read' 'write' 'readreq' 'writereq' 'writeresp'>
ST_9 : Operation 115 [1/1] (3.25ns)   --->   "%store_ln77 = store i32 %tmp_data_V, i32 0" [equalizer.cpp:77]   --->   Operation 115 'store' 'store_ln77' <Predicate = true> <Delay = 3.25> <CoreInst = "RAM">   --->   Core 82 'RAM' <Latency = 1> <II = 1> <Delay = 3.25> <Storage> <Opcode : 'load' 'store'> <Ports = 2> <Width = 32> <Depth = 99> <RAM>

State 10 <SV = 4> <Delay = 7.30>
ST_10 : Operation 116 [6/7] (7.30ns)   --->   "%gmem_load_1_req = readreq i1 @_ssdm_op_ReadReq.m_axi.i32P1A, i32 %gmem_addr, i32 1" [equalizer.cpp:76]   --->   Operation 116 'readreq' 'gmem_load_1_req' <Predicate = true> <Delay = 7.30> <CoreInst = "m_axi">   --->   Core 113 'm_axi' <Latency = 0> <II = 1> <Delay = 1.00> <Adapter> <Opcode : 'read' 'write' 'readreq' 'writereq' 'writeresp'>

State 11 <SV = 5> <Delay = 7.30>
ST_11 : Operation 117 [5/7] (7.30ns)   --->   "%gmem_load_1_req = readreq i1 @_ssdm_op_ReadReq.m_axi.i32P1A, i32 %gmem_addr, i32 1" [equalizer.cpp:76]   --->   Operation 117 'readreq' 'gmem_load_1_req' <Predicate = true> <Delay = 7.30> <CoreInst = "m_axi">   --->   Core 113 'm_axi' <Latency = 0> <II = 1> <Delay = 1.00> <Adapter> <Opcode : 'read' 'write' 'readreq' 'writereq' 'writeresp'>

State 12 <SV = 6> <Delay = 7.30>
ST_12 : Operation 118 [4/7] (7.30ns)   --->   "%gmem_load_1_req = readreq i1 @_ssdm_op_ReadReq.m_axi.i32P1A, i32 %gmem_addr, i32 1" [equalizer.cpp:76]   --->   Operation 118 'readreq' 'gmem_load_1_req' <Predicate = true> <Delay = 7.30> <CoreInst = "m_axi">   --->   Core 113 'm_axi' <Latency = 0> <II = 1> <Delay = 1.00> <Adapter> <Opcode : 'read' 'write' 'readreq' 'writereq' 'writeresp'>

State 13 <SV = 7> <Delay = 7.30>
ST_13 : Operation 119 [3/7] (7.30ns)   --->   "%gmem_load_1_req = readreq i1 @_ssdm_op_ReadReq.m_axi.i32P1A, i32 %gmem_addr, i32 1" [equalizer.cpp:76]   --->   Operation 119 'readreq' 'gmem_load_1_req' <Predicate = true> <Delay = 7.30> <CoreInst = "m_axi">   --->   Core 113 'm_axi' <Latency = 0> <II = 1> <Delay = 1.00> <Adapter> <Opcode : 'read' 'write' 'readreq' 'writereq' 'writeresp'>

State 14 <SV = 8> <Delay = 7.30>
ST_14 : Operation 120 [2/7] (7.30ns)   --->   "%gmem_load_1_req = readreq i1 @_ssdm_op_ReadReq.m_axi.i32P1A, i32 %gmem_addr, i32 1" [equalizer.cpp:76]   --->   Operation 120 'readreq' 'gmem_load_1_req' <Predicate = true> <Delay = 7.30> <CoreInst = "m_axi">   --->   Core 113 'm_axi' <Latency = 0> <II = 1> <Delay = 1.00> <Adapter> <Opcode : 'read' 'write' 'readreq' 'writereq' 'writeresp'>

State 15 <SV = 9> <Delay = 7.30>
ST_15 : Operation 121 [1/7] (7.30ns)   --->   "%gmem_load_1_req = readreq i1 @_ssdm_op_ReadReq.m_axi.i32P1A, i32 %gmem_addr, i32 1" [equalizer.cpp:76]   --->   Operation 121 'readreq' 'gmem_load_1_req' <Predicate = true> <Delay = 7.30> <CoreInst = "m_axi">   --->   Core 113 'm_axi' <Latency = 0> <II = 1> <Delay = 1.00> <Adapter> <Opcode : 'read' 'write' 'readreq' 'writereq' 'writeresp'>

State 16 <SV = 10> <Delay = 7.30>
ST_16 : Operation 122 [1/1] (7.30ns)   --->   "%gmem_addr_read = read i32 @_ssdm_op_Read.m_axi.i32P1A, i32 %gmem_addr" [equalizer.cpp:76]   --->   Operation 122 'read' 'gmem_addr_read' <Predicate = true> <Delay = 7.30> <CoreInst = "m_axi">   --->   Core 113 'm_axi' <Latency = 0> <II = 1> <Delay = 1.00> <Adapter> <Opcode : 'read' 'write' 'readreq' 'writereq' 'writeresp'>

State 17 <SV = 11> <Delay = 6.91>
ST_17 : Operation 123 [2/2] (6.91ns)   --->   "%mul_ln76 = mul i32 %gmem_addr_read, i32 %tmp_data_V" [equalizer.cpp:76]   --->   Operation 123 'mul' 'mul_ln76' <Predicate = true> <Delay = 6.91> <CoreInst = "Multiplier">   --->   Core 3 'Multiplier' <Latency = 1> <II = 1> <Delay = 6.91> <FuncUnit> <Opcode : 'mul'> <InPorts = 2> <OutPorts = 1>

State 18 <SV = 12> <Delay = 6.91>
ST_18 : Operation 124 [1/2] (6.91ns)   --->   "%mul_ln76 = mul i32 %gmem_addr_read, i32 %tmp_data_V" [equalizer.cpp:76]   --->   Operation 124 'mul' 'mul_ln76' <Predicate = true> <Delay = 6.91> <CoreInst = "Multiplier">   --->   Core 3 'Multiplier' <Latency = 1> <II = 1> <Delay = 6.91> <FuncUnit> <Opcode : 'mul'> <InPorts = 2> <OutPorts = 1>

State 19 <SV = 13> <Delay = 2.55>
ST_19 : Operation 125 [1/1] (0.00ns)   --->   "%accumulate_loc_load = load i32 %accumulate_loc"   --->   Operation 125 'load' 'accumulate_loc_load' <Predicate = true> <Delay = 0.00>
ST_19 : Operation 126 [1/1] (2.55ns)   --->   "%accumulate = add i32 %mul_ln76, i32 %accumulate_loc_load" [equalizer.cpp:76]   --->   Operation 126 'add' 'accumulate' <Predicate = true> <Delay = 2.55> <CoreInst = "Adder">   --->   Core 1 'Adder' <Latency = 0> <II = 1> <Delay = 2.55> <FuncUnit> <Opcode : 'add' 'sub'> <InPorts = 2> <OutPorts = 1>
ST_19 : Operation 127 [2/2] (0.00ns)   --->   "%write_ln304 = write void @_ssdm_op_Write.axis.volatile.i32P0A.i4P0A.i4P0A.i1P0A.i1P0A.i1P0A.i1P0A, i32 %output_r_V_data_V, i4 %output_r_V_keep_V, i4 %output_r_V_strb_V, i1 %output_r_V_user_V, i1 %output_r_V_last_V, i1 %output_r_V_id_V, i1 %output_r_V_dest_V, i32 %accumulate, i4 %tmp_keep_V, i4 %tmp_strb_V, i1 %tmp_user_V, i1 %tmp_last_V, i1 %tmp_id_V, i1 %tmp_dest_V"   --->   Operation 127 'write' 'write_ln304' <Predicate = true> <Delay = 0.00> <CoreInst = "axis">   --->   Core 115 'axis' <Latency = 0> <II = 1> <Delay = 1.00> <Adapter> <Opcode : >

State 20 <SV = 14> <Delay = 1.82>
ST_20 : Operation 128 [1/2] (0.00ns)   --->   "%write_ln304 = write void @_ssdm_op_Write.axis.volatile.i32P0A.i4P0A.i4P0A.i1P0A.i1P0A.i1P0A.i1P0A, i32 %output_r_V_data_V, i4 %output_r_V_keep_V, i4 %output_r_V_strb_V, i1 %output_r_V_user_V, i1 %output_r_V_last_V, i1 %output_r_V_id_V, i1 %output_r_V_dest_V, i32 %accumulate, i4 %tmp_keep_V, i4 %tmp_strb_V, i1 %tmp_user_V, i1 %tmp_last_V, i1 %tmp_id_V, i1 %tmp_dest_V"   --->   Operation 128 'write' 'write_ln304' <Predicate = (state_1 == 2)> <Delay = 0.00> <CoreInst = "axis">   --->   Core 115 'axis' <Latency = 0> <II = 1> <Delay = 1.00> <Adapter> <Opcode : >
ST_20 : Operation 129 [1/1] (1.58ns)   --->   "%br_ln92 = br i1 %tmp_last_V, void %for.inc47.preheader.if.end67_crit_edge, void %while.end" [equalizer.cpp:92]   --->   Operation 129 'br' 'br_ln92' <Predicate = (state_1 == 2)> <Delay = 1.58>
ST_20 : Operation 130 [1/1] (1.82ns)   --->   "%store_ln92 = store i8 2, i8 %state" [equalizer.cpp:92]   --->   Operation 130 'store' 'store_ln92' <Predicate = (state_1 == 2 & !tmp_last_V)> <Delay = 1.82>
ST_20 : Operation 131 [1/1] (0.00ns)   --->   "%store_ln92 = store i1 %tmp_dest_V, i1 %tmp_out_dest_V" [equalizer.cpp:92]   --->   Operation 131 'store' 'store_ln92' <Predicate = (state_1 == 2 & !tmp_last_V)> <Delay = 0.00>
ST_20 : Operation 132 [1/1] (0.00ns)   --->   "%store_ln92 = store i1 %tmp_id_V, i1 %tmp_out_id_V" [equalizer.cpp:92]   --->   Operation 132 'store' 'store_ln92' <Predicate = (state_1 == 2 & !tmp_last_V)> <Delay = 0.00>
ST_20 : Operation 133 [1/1] (0.00ns)   --->   "%store_ln92 = store i1 %tmp_user_V, i1 %tmp_out_user_V" [equalizer.cpp:92]   --->   Operation 133 'store' 'store_ln92' <Predicate = (state_1 == 2 & !tmp_last_V)> <Delay = 0.00>
ST_20 : Operation 134 [1/1] (0.00ns)   --->   "%store_ln92 = store i4 %tmp_strb_V, i4 %tmp_out_strb_V" [equalizer.cpp:92]   --->   Operation 134 'store' 'store_ln92' <Predicate = (state_1 == 2 & !tmp_last_V)> <Delay = 0.00>
ST_20 : Operation 135 [1/1] (0.00ns)   --->   "%store_ln92 = store i4 %tmp_keep_V, i4 %tmp_out_keep_V" [equalizer.cpp:92]   --->   Operation 135 'store' 'store_ln92' <Predicate = (state_1 == 2 & !tmp_last_V)> <Delay = 0.00>
ST_20 : Operation 136 [1/1] (0.00ns)   --->   "%store_ln92 = store i32 %accumulate, i32 %tmp_out_data_V" [equalizer.cpp:92]   --->   Operation 136 'store' 'store_ln92' <Predicate = (state_1 == 2 & !tmp_last_V)> <Delay = 0.00>
ST_20 : Operation 137 [1/1] (0.00ns)   --->   "%br_ln92 = br void %if.end67" [equalizer.cpp:92]   --->   Operation 137 'br' 'br_ln92' <Predicate = (state_1 == 2 & !tmp_last_V)> <Delay = 0.00>
ST_20 : Operation 138 [1/1] (0.00ns)   --->   "%br_ln26 = br void %while.body" [equalizer.cpp:26]   --->   Operation 138 'br' 'br_ln26' <Predicate = (state_1 != 1 & !tmp_last_V) | (state_1 == 1 & !tmp_last_V_1)> <Delay = 0.00>
ST_20 : Operation 139 [1/1] (0.00ns)   --->   "%tmp_dest_V_1 = phi i1 %tmp_out_dest_V_1, void %sw.bb, i1 %tmp_out_dest_V_1, void %if.end25, i1 %tmp_dest_V, void %for.inc47.preheader"   --->   Operation 139 'phi' 'tmp_dest_V_1' <Predicate = (state_1 != 1 & tmp_last_V) | (state_1 == 1 & tmp_last_V_1)> <Delay = 0.00>
ST_20 : Operation 140 [1/1] (0.00ns)   --->   "%tmp_id_V_1 = phi i1 %tmp_out_id_V_1, void %sw.bb, i1 %tmp_out_id_V_1, void %if.end25, i1 %tmp_id_V, void %for.inc47.preheader"   --->   Operation 140 'phi' 'tmp_id_V_1' <Predicate = (state_1 != 1 & tmp_last_V) | (state_1 == 1 & tmp_last_V_1)> <Delay = 0.00>
ST_20 : Operation 141 [1/1] (0.00ns)   --->   "%tmp_user_V_1 = phi i1 %tmp_out_user_V_1, void %sw.bb, i1 %tmp_out_user_V_1, void %if.end25, i1 %tmp_user_V, void %for.inc47.preheader"   --->   Operation 141 'phi' 'tmp_user_V_1' <Predicate = (state_1 != 1 & tmp_last_V) | (state_1 == 1 & tmp_last_V_1)> <Delay = 0.00>
ST_20 : Operation 142 [1/1] (0.00ns)   --->   "%tmp_strb_V_1 = phi i4 %tmp_out_strb_V_1, void %sw.bb, i4 %tmp_out_strb_V_1, void %if.end25, i4 %tmp_strb_V, void %for.inc47.preheader"   --->   Operation 142 'phi' 'tmp_strb_V_1' <Predicate = (state_1 != 1 & tmp_last_V) | (state_1 == 1 & tmp_last_V_1)> <Delay = 0.00>
ST_20 : Operation 143 [1/1] (0.00ns)   --->   "%tmp_keep_V_1 = phi i4 %tmp_out_keep_V_1, void %sw.bb, i4 %tmp_out_keep_V_1, void %if.end25, i4 %tmp_keep_V, void %for.inc47.preheader"   --->   Operation 143 'phi' 'tmp_keep_V_1' <Predicate = (state_1 != 1 & tmp_last_V) | (state_1 == 1 & tmp_last_V_1)> <Delay = 0.00>
ST_20 : Operation 144 [1/1] (0.00ns)   --->   "%tmp_data_V_5 = phi i32 %tmp_out_data_V_1, void %sw.bb, i32 %tmp_out_data_V_1, void %if.end25, i32 %accumulate, void %for.inc47.preheader"   --->   Operation 144 'phi' 'tmp_data_V_5' <Predicate = (state_1 != 1 & tmp_last_V) | (state_1 == 1 & tmp_last_V_1)> <Delay = 0.00>
ST_20 : Operation 145 [2/2] (0.00ns)   --->   "%write_ln304 = write void @_ssdm_op_Write.axis.volatile.i32P0A.i4P0A.i4P0A.i1P0A.i1P0A.i1P0A.i1P0A, i32 %output_r_V_data_V, i4 %output_r_V_keep_V, i4 %output_r_V_strb_V, i1 %output_r_V_user_V, i1 %output_r_V_last_V, i1 %output_r_V_id_V, i1 %output_r_V_dest_V, i32 %tmp_data_V_5, i4 %tmp_keep_V_1, i4 %tmp_strb_V_1, i1 %tmp_user_V_1, i1 1, i1 %tmp_id_V_1, i1 %tmp_dest_V_1"   --->   Operation 145 'write' 'write_ln304' <Predicate = (state_1 != 1 & tmp_last_V) | (state_1 == 1 & tmp_last_V_1)> <Delay = 0.00> <CoreInst = "axis">   --->   Core 115 'axis' <Latency = 0> <II = 1> <Delay = 1.00> <Adapter> <Opcode : >

State 21 <SV = 15> <Delay = 0.00>
ST_21 : Operation 146 [1/2] (0.00ns)   --->   "%write_ln304 = write void @_ssdm_op_Write.axis.volatile.i32P0A.i4P0A.i4P0A.i1P0A.i1P0A.i1P0A.i1P0A, i32 %output_r_V_data_V, i4 %output_r_V_keep_V, i4 %output_r_V_strb_V, i1 %output_r_V_user_V, i1 %output_r_V_last_V, i1 %output_r_V_id_V, i1 %output_r_V_dest_V, i32 %tmp_data_V_5, i4 %tmp_keep_V_1, i4 %tmp_strb_V_1, i1 %tmp_user_V_1, i1 1, i1 %tmp_id_V_1, i1 %tmp_dest_V_1"   --->   Operation 146 'write' 'write_ln304' <Predicate = true> <Delay = 0.00> <CoreInst = "axis">   --->   Core 115 'axis' <Latency = 0> <II = 1> <Delay = 1.00> <Adapter> <Opcode : >
ST_21 : Operation 147 [1/1] (0.00ns)   --->   "%ret_ln98 = ret" [equalizer.cpp:98]   --->   Operation 147 'ret' 'ret_ln98' <Predicate = true> <Delay = 0.00>


============================================================
+ Verbose Summary: Timing violations
============================================================
Target clock period: 10ns, clock uncertainty: 2.7ns.

 <State 1>: 1.83ns
The critical path consists of the following:
	'alloca' operation ('state') [25]  (0 ns)
	'store' operation ('store_ln26', equalizer.cpp:26) of constant 0 on local variable 'state' [53]  (1.83 ns)

 <State 2>: 4.5ns
The critical path consists of the following:
	axis read operation ('empty') on port 'input_r_V_data_V' [65]  (0 ns)
	'icmp' operation ('state', equalizer.cpp:31) [129]  (2.47 ns)
	'store' operation ('store_ln92', equalizer.cpp:92) of variable 'zext_ln23', equalizer.cpp:23 on local variable 'state' [133]  (1.83 ns)
	blocking operation 0.198 ns on control path)

 <State 3>: 1.59ns
The critical path consists of the following:
	multiplexor before 'phi' operation ('j', equalizer.cpp:45) with incoming values : ('add_ln45', equalizer.cpp:45) [81]  (1.59 ns)

 <State 4>: 4.48ns
The critical path consists of the following:
	'phi' operation ('tmp.data.V') with incoming values : ('tmp.data.V') [82]  (0 ns)
	'call' operation ('call_ln283') to 'equalizer_Pipeline_VITIS_LOOP_48_1' [91]  (3.52 ns)
	blocking operation 0.959 ns on control path)

 <State 5>: 0ns
The critical path consists of the following:

 <State 6>: 0ns
The critical path consists of the following:

 <State 7>: 5.28ns
The critical path consists of the following:
	'phi' operation ('tmp.data.V') with incoming values : ('tmp.data.V') [101]  (0 ns)
	'icmp' operation ('icmp_ln61', equalizer.cpp:61) [102]  (2.47 ns)
	'select' operation ('select_ln23', equalizer.cpp:23) [103]  (0.98 ns)
	'store' operation ('store_ln92', equalizer.cpp:92) of variable 'select_ln23', equalizer.cpp:23 on local variable 'state' [106]  (1.83 ns)

 <State 8>: 0ns
The critical path consists of the following:

 <State 9>: 7.3ns
The critical path consists of the following:
	bus request operation ('gmem_load_1_req', equalizer.cpp:76) on port 'gmem' (equalizer.cpp:76) [112]  (7.3 ns)

 <State 10>: 7.3ns
The critical path consists of the following:
	bus request operation ('gmem_load_1_req', equalizer.cpp:76) on port 'gmem' (equalizer.cpp:76) [112]  (7.3 ns)

 <State 11>: 7.3ns
The critical path consists of the following:
	bus request operation ('gmem_load_1_req', equalizer.cpp:76) on port 'gmem' (equalizer.cpp:76) [112]  (7.3 ns)

 <State 12>: 7.3ns
The critical path consists of the following:
	bus request operation ('gmem_load_1_req', equalizer.cpp:76) on port 'gmem' (equalizer.cpp:76) [112]  (7.3 ns)

 <State 13>: 7.3ns
The critical path consists of the following:
	bus request operation ('gmem_load_1_req', equalizer.cpp:76) on port 'gmem' (equalizer.cpp:76) [112]  (7.3 ns)

 <State 14>: 7.3ns
The critical path consists of the following:
	bus request operation ('gmem_load_1_req', equalizer.cpp:76) on port 'gmem' (equalizer.cpp:76) [112]  (7.3 ns)

 <State 15>: 7.3ns
The critical path consists of the following:
	bus request operation ('gmem_load_1_req', equalizer.cpp:76) on port 'gmem' (equalizer.cpp:76) [112]  (7.3 ns)

 <State 16>: 7.3ns
The critical path consists of the following:
	bus read operation ('gmem_addr_read', equalizer.cpp:76) on port 'gmem' (equalizer.cpp:76) [113]  (7.3 ns)

 <State 17>: 6.91ns
The critical path consists of the following:
	'mul' operation ('mul_ln76', equalizer.cpp:76) [114]  (6.91 ns)

 <State 18>: 6.91ns
The critical path consists of the following:
	'mul' operation ('mul_ln76', equalizer.cpp:76) [114]  (6.91 ns)

 <State 19>: 2.55ns
The critical path consists of the following:
	'load' operation ('accumulate_loc_load') on local variable 'accumulate_loc' [111]  (0 ns)
	'add' operation ('accumulate', equalizer.cpp:76) [115]  (2.55 ns)

 <State 20>: 1.83ns
The critical path consists of the following:
	'store' operation ('store_ln92', equalizer.cpp:92) of constant 2 on local variable 'state' [120]  (1.83 ns)

 <State 21>: 0ns
The critical path consists of the following:


============================================================
+ Verbose Summary: Binding
============================================================
N/A
* FSMD analyzer results:
  - Output states:
 - Input state : 
  - Chain level:
	State 1
	State 2
	State 3
	State 4
	State 5
	State 6
	State 7
	State 8
	State 9
	State 10
	State 11
	State 12
	State 13
	State 14
	State 15
	State 16
	State 17
	State 18
	State 19
	State 20
	State 21


============================================================
+ Verbose Summary: Datapath Resource usage 
============================================================
N/A
