

================================================================
== Vitis HLS Report for 'wah'
================================================================
* Date:           Thu Apr 25 14:11:02 2024

* Version:        2022.1 (Build 3526262 on Mon Apr 18 15:48:16 MDT 2022)
* Project:        Guitar_Effects
* Solution:       pipeline5 (Vivado IP Flow Target)
* Product family: zynq
* Target device:  xc7z020-clg400-1


================================================================
== Performance Estimates
================================================================
+ Timing: 
    * Summary: 
    +--------+----------+----------+------------+
    |  Clock |  Target  | Estimated| Uncertainty|
    +--------+----------+----------+------------+
    |ap_clk  |  10.00 ns|  7.300 ns|     2.70 ns|
    +--------+----------+----------+------------+

+ Latency: 
    * Summary: 
    +---------+---------+----------+----------+-----+-----+---------+
    |  Latency (cycles) |  Latency (absolute) |  Interval | Pipeline|
    |   min   |   max   |    min   |    max   | min | max |   Type  |
    +---------+---------+----------+----------+-----+-----+---------+
    |      672|      672|  6.720 us|  6.720 us|  672|  672|       no|
    +---------+---------+----------+----------+-----+-----+---------+

    + Detail: 
        * Instance: 
        N/A

        * Loop: 
        N/A

============================================================
+ Verbose Summary: Synthesis Manager
============================================================
InlineROM: 1
ExposeGlobal: 0
============================================================
+ Verbose Summary: CDFG Model
============================================================
IsTopModel: 0
ResetActiveHigh: 1
IsCombinational: 0
IsDatapathOnly: 0
HasWiredReturn: 1
HasMFsm: 0
HasVarLatency: 1
IsPipeline: 0
IsRtlPipelined: 0
IsInstanceOverlapped: 0
IsDontTouch: 0
HasImplIP: 0
IsGatedGlobalClock: 0


============================================================
+ Verbose Summary: Schedule
============================================================
* Number of FSM states : 41
* Pipeline : 0
* Dataflow Pipeline: 0

* FSM state transitions: 
1 --> 2 
2 --> 3 
3 --> 4 
4 --> 5 
5 --> 6 
6 --> 7 
7 --> 8 
8 --> 9 
9 --> 10 
10 --> 11 
11 --> 12 
12 --> 13 
13 --> 14 
14 --> 15 
15 --> 16 
16 --> 17 
17 --> 18 
18 --> 19 
19 --> 20 
20 --> 21 
21 --> 22 
22 --> 23 
23 --> 24 
24 --> 25 
25 --> 26 
26 --> 27 
27 --> 28 
28 --> 29 
29 --> 30 
30 --> 31 
31 --> 32 
32 --> 33 
33 --> 34 
34 --> 35 
35 --> 36 
36 --> 37 
37 --> 38 
38 --> 39 
39 --> 40 
40 --> 41 
41 --> 

* FSM state operations: 

State 1 <SV = 0> <Delay = 6.68>
ST_1 : Operation 42 [1/1] (0.00ns)   --->   "%p_read_1 = read i32 @_ssdm_op_Read.ap_auto.i32, i32 %p_read1"   --->   Operation 42 'read' 'p_read_1' <Predicate = true> <Delay = 0.00>
ST_1 : Operation 43 [1/1] (0.00ns)   --->   "%p_read_2 = read i31 @_ssdm_op_Read.ap_auto.i31, i31 %p_read"   --->   Operation 43 'read' 'p_read_2' <Predicate = true> <Delay = 0.00>
ST_1 : Operation 44 [1/1] (0.00ns)   --->   "%temp_result_loc = alloca i64 1"   --->   Operation 44 'alloca' 'temp_result_loc' <Predicate = true> <Delay = 0.00>
ST_1 : Operation 45 [1/1] (0.00ns)   --->   "%trunc_ln226 = trunc i31 %p_read_2" [guitar_effects.cpp:226]   --->   Operation 45 'trunc' 'trunc_ln226' <Predicate = true> <Delay = 0.00>
ST_1 : Operation 46 [1/1] (0.00ns)   --->   "%shl_ln = bitconcatenate i32 @_ssdm_op_BitConcatenate.i32.i28.i4, i28 %trunc_ln226, i4 0" [guitar_effects.cpp:226]   --->   Operation 46 'bitconcatenate' 'shl_ln' <Predicate = true> <Delay = 0.00>
ST_1 : Operation 47 [1/1] (0.00ns)   --->   "%shl_ln226_1 = bitconcatenate i32 @_ssdm_op_BitConcatenate.i32.i31.i1, i31 %p_read_2, i1 0" [guitar_effects.cpp:226]   --->   Operation 47 'bitconcatenate' 'shl_ln226_1' <Predicate = true> <Delay = 0.00>
ST_1 : Operation 48 [1/1] (2.55ns)   --->   "%sub_ln226 = sub i32 %shl_ln, i32 %shl_ln226_1" [guitar_effects.cpp:226]   --->   Operation 48 'sub' 'sub_ln226' <Predicate = true> <Delay = 2.55> <CoreInst = "Adder">   --->   Core 1 'Adder' <Latency = 0> <II = 1> <Delay = 2.55> <FuncUnit> <Opcode : 'add' 'sub'> <InPorts = 2> <OutPorts = 1>
ST_1 : Operation 49 [1/1] (0.00ns)   --->   "%tmp = bitselect i1 @_ssdm_op_BitSelect.i1.i32.i32, i32 %sub_ln226, i32 31" [guitar_effects.cpp:226]   --->   Operation 49 'bitselect' 'tmp' <Predicate = true> <Delay = 0.00>
ST_1 : Operation 50 [1/1] (2.55ns)   --->   "%add_ln230 = add i32 %p_read_1, i32 1" [guitar_effects.cpp:230]   --->   Operation 50 'add' 'add_ln230' <Predicate = true> <Delay = 2.55> <CoreInst = "Adder">   --->   Core 1 'Adder' <Latency = 0> <II = 1> <Delay = 2.55> <FuncUnit> <Opcode : 'add' 'sub'> <InPorts = 2> <OutPorts = 1>
ST_1 : Operation 51 [36/36] (4.13ns)   --->   "%srem_ln230 = srem i32 %add_ln230, i32 100" [guitar_effects.cpp:230]   --->   Operation 51 'srem' 'srem_ln230' <Predicate = true> <Delay = 4.13> <CoreInst = "DivnS_SEQ">   --->   Core 7 'DivnS_SEQ' <Latency = 35> <II = 32> <Delay = 4.13> <FuncUnit> <Opcode : 'sdiv' 'srem' 'udiv' 'urem'> <InPorts = 2> <OutPorts = 1>

State 2 <SV = 1> <Delay = 6.91>
ST_2 : Operation 52 [1/1] (0.00ns)   --->   "%sext_ln226 = sext i32 %sub_ln226" [guitar_effects.cpp:226]   --->   Operation 52 'sext' 'sext_ln226' <Predicate = true> <Delay = 0.00>
ST_2 : Operation 53 [2/2] (6.91ns)   --->   "%mul_ln226 = mul i65 %sext_ln226, i65 6382652534" [guitar_effects.cpp:226]   --->   Operation 53 'mul' 'mul_ln226' <Predicate = true> <Delay = 6.91> <CoreInst = "Multiplier">   --->   Core 3 'Multiplier' <Latency = 1> <II = 1> <Delay = 6.91> <FuncUnit> <Opcode : 'mul'> <InPorts = 2> <OutPorts = 1>
ST_2 : Operation 54 [35/36] (4.13ns)   --->   "%srem_ln230 = srem i32 %add_ln230, i32 100" [guitar_effects.cpp:230]   --->   Operation 54 'srem' 'srem_ln230' <Predicate = true> <Delay = 4.13> <CoreInst = "DivnS_SEQ">   --->   Core 7 'DivnS_SEQ' <Latency = 35> <II = 32> <Delay = 4.13> <FuncUnit> <Opcode : 'sdiv' 'srem' 'udiv' 'urem'> <InPorts = 2> <OutPorts = 1>

State 3 <SV = 2> <Delay = 6.91>
ST_3 : Operation 55 [1/2] (6.91ns)   --->   "%mul_ln226 = mul i65 %sext_ln226, i65 6382652534" [guitar_effects.cpp:226]   --->   Operation 55 'mul' 'mul_ln226' <Predicate = true> <Delay = 6.91> <CoreInst = "Multiplier">   --->   Core 3 'Multiplier' <Latency = 1> <II = 1> <Delay = 6.91> <FuncUnit> <Opcode : 'mul'> <InPorts = 2> <OutPorts = 1>
ST_3 : Operation 56 [1/1] (0.00ns)   --->   "%tmp_5 = partselect i16 @_ssdm_op_PartSelect.i16.i65.i32.i32, i65 %mul_ln226, i32 49, i32 64" [guitar_effects.cpp:226]   --->   Operation 56 'partselect' 'tmp_5' <Predicate = true> <Delay = 0.00>
ST_3 : Operation 57 [34/36] (4.13ns)   --->   "%srem_ln230 = srem i32 %add_ln230, i32 100" [guitar_effects.cpp:230]   --->   Operation 57 'srem' 'srem_ln230' <Predicate = true> <Delay = 4.13> <CoreInst = "DivnS_SEQ">   --->   Core 7 'DivnS_SEQ' <Latency = 35> <II = 32> <Delay = 4.13> <FuncUnit> <Opcode : 'sdiv' 'srem' 'udiv' 'urem'> <InPorts = 2> <OutPorts = 1>

State 4 <SV = 3> <Delay = 6.43>
ST_4 : Operation 58 [1/1] (3.54ns)   --->   "%sub_ln226_1 = sub i65 0, i65 %mul_ln226" [guitar_effects.cpp:226]   --->   Operation 58 'sub' 'sub_ln226_1' <Predicate = (tmp)> <Delay = 3.54> <CoreInst = "Adder">   --->   Core 1 'Adder' <Latency = 0> <II = 1> <Delay = 3.54> <FuncUnit> <Opcode : 'add' 'sub'> <InPorts = 2> <OutPorts = 1>
ST_4 : Operation 59 [1/1] (0.00ns) (grouped into LUT with out node sub_ln226_2)   --->   "%tmp_4 = partselect i16 @_ssdm_op_PartSelect.i16.i65.i32.i32, i65 %sub_ln226_1, i32 49, i32 64" [guitar_effects.cpp:226]   --->   Operation 59 'partselect' 'tmp_4' <Predicate = (tmp)> <Delay = 0.00>
ST_4 : Operation 60 [1/1] (0.00ns) (grouped into LUT with out node sub_ln226_2)   --->   "%select_ln226 = select i1 %tmp, i16 %tmp_4, i16 %tmp_5" [guitar_effects.cpp:226]   --->   Operation 60 'select' 'select_ln226' <Predicate = (tmp)> <Delay = 0.00> <CoreInst = "Sel">   --->   Core 73 'Sel' <Latency = 0> <II = 1> <Delay = 0.80> <FuncUnit> <Opcode : 'select'> <InPorts = 3> <OutPorts = 1>
ST_4 : Operation 61 [1/1] (2.07ns) (out node of the LUT)   --->   "%sub_ln226_2 = sub i16 0, i16 %select_ln226" [guitar_effects.cpp:226]   --->   Operation 61 'sub' 'sub_ln226_2' <Predicate = (tmp)> <Delay = 2.07> <CoreInst = "Adder">   --->   Core 1 'Adder' <Latency = 0> <II = 1> <Delay = 2.07> <FuncUnit> <Opcode : 'add' 'sub'> <InPorts = 2> <OutPorts = 1>
ST_4 : Operation 62 [1/1] (0.80ns)   --->   "%select_ln226_1 = select i1 %tmp, i16 %sub_ln226_2, i16 %tmp_5" [guitar_effects.cpp:226]   --->   Operation 62 'select' 'select_ln226_1' <Predicate = true> <Delay = 0.80> <CoreInst = "Sel">   --->   Core 73 'Sel' <Latency = 0> <II = 1> <Delay = 0.80> <FuncUnit> <Opcode : 'select'> <InPorts = 3> <OutPorts = 1>
ST_4 : Operation 63 [33/36] (4.13ns)   --->   "%srem_ln230 = srem i32 %add_ln230, i32 100" [guitar_effects.cpp:230]   --->   Operation 63 'srem' 'srem_ln230' <Predicate = true> <Delay = 4.13> <CoreInst = "DivnS_SEQ">   --->   Core 7 'DivnS_SEQ' <Latency = 35> <II = 32> <Delay = 4.13> <FuncUnit> <Opcode : 'sdiv' 'srem' 'udiv' 'urem'> <InPorts = 2> <OutPorts = 1>

State 5 <SV = 4> <Delay = 4.13>
ST_5 : Operation 64 [20/20] (3.64ns)   --->   "%control_signal = srem i16 %select_ln226_1, i16 10" [guitar_effects.cpp:226]   --->   Operation 64 'srem' 'control_signal' <Predicate = true> <Delay = 3.64> <CoreInst = "DivnS_SEQ">   --->   Core 7 'DivnS_SEQ' <Latency = 19> <II = 5> <Delay = 3.64> <FuncUnit> <Opcode : 'sdiv' 'srem' 'udiv' 'urem'> <InPorts = 2> <OutPorts = 1>
ST_5 : Operation 65 [32/36] (4.13ns)   --->   "%srem_ln230 = srem i32 %add_ln230, i32 100" [guitar_effects.cpp:230]   --->   Operation 65 'srem' 'srem_ln230' <Predicate = true> <Delay = 4.13> <CoreInst = "DivnS_SEQ">   --->   Core 7 'DivnS_SEQ' <Latency = 35> <II = 32> <Delay = 4.13> <FuncUnit> <Opcode : 'sdiv' 'srem' 'udiv' 'urem'> <InPorts = 2> <OutPorts = 1>

State 6 <SV = 5> <Delay = 4.13>
ST_6 : Operation 66 [19/20] (3.64ns)   --->   "%control_signal = srem i16 %select_ln226_1, i16 10" [guitar_effects.cpp:226]   --->   Operation 66 'srem' 'control_signal' <Predicate = true> <Delay = 3.64> <CoreInst = "DivnS_SEQ">   --->   Core 7 'DivnS_SEQ' <Latency = 19> <II = 5> <Delay = 3.64> <FuncUnit> <Opcode : 'sdiv' 'srem' 'udiv' 'urem'> <InPorts = 2> <OutPorts = 1>
ST_6 : Operation 67 [31/36] (4.13ns)   --->   "%srem_ln230 = srem i32 %add_ln230, i32 100" [guitar_effects.cpp:230]   --->   Operation 67 'srem' 'srem_ln230' <Predicate = true> <Delay = 4.13> <CoreInst = "DivnS_SEQ">   --->   Core 7 'DivnS_SEQ' <Latency = 35> <II = 32> <Delay = 4.13> <FuncUnit> <Opcode : 'sdiv' 'srem' 'udiv' 'urem'> <InPorts = 2> <OutPorts = 1>

State 7 <SV = 6> <Delay = 4.13>
ST_7 : Operation 68 [18/20] (3.64ns)   --->   "%control_signal = srem i16 %select_ln226_1, i16 10" [guitar_effects.cpp:226]   --->   Operation 68 'srem' 'control_signal' <Predicate = true> <Delay = 3.64> <CoreInst = "DivnS_SEQ">   --->   Core 7 'DivnS_SEQ' <Latency = 19> <II = 5> <Delay = 3.64> <FuncUnit> <Opcode : 'sdiv' 'srem' 'udiv' 'urem'> <InPorts = 2> <OutPorts = 1>
ST_7 : Operation 69 [30/36] (4.13ns)   --->   "%srem_ln230 = srem i32 %add_ln230, i32 100" [guitar_effects.cpp:230]   --->   Operation 69 'srem' 'srem_ln230' <Predicate = true> <Delay = 4.13> <CoreInst = "DivnS_SEQ">   --->   Core 7 'DivnS_SEQ' <Latency = 35> <II = 32> <Delay = 4.13> <FuncUnit> <Opcode : 'sdiv' 'srem' 'udiv' 'urem'> <InPorts = 2> <OutPorts = 1>

State 8 <SV = 7> <Delay = 4.13>
ST_8 : Operation 70 [17/20] (3.64ns)   --->   "%control_signal = srem i16 %select_ln226_1, i16 10" [guitar_effects.cpp:226]   --->   Operation 70 'srem' 'control_signal' <Predicate = true> <Delay = 3.64> <CoreInst = "DivnS_SEQ">   --->   Core 7 'DivnS_SEQ' <Latency = 19> <II = 5> <Delay = 3.64> <FuncUnit> <Opcode : 'sdiv' 'srem' 'udiv' 'urem'> <InPorts = 2> <OutPorts = 1>
ST_8 : Operation 71 [29/36] (4.13ns)   --->   "%srem_ln230 = srem i32 %add_ln230, i32 100" [guitar_effects.cpp:230]   --->   Operation 71 'srem' 'srem_ln230' <Predicate = true> <Delay = 4.13> <CoreInst = "DivnS_SEQ">   --->   Core 7 'DivnS_SEQ' <Latency = 35> <II = 32> <Delay = 4.13> <FuncUnit> <Opcode : 'sdiv' 'srem' 'udiv' 'urem'> <InPorts = 2> <OutPorts = 1>

State 9 <SV = 8> <Delay = 4.13>
ST_9 : Operation 72 [16/20] (3.64ns)   --->   "%control_signal = srem i16 %select_ln226_1, i16 10" [guitar_effects.cpp:226]   --->   Operation 72 'srem' 'control_signal' <Predicate = true> <Delay = 3.64> <CoreInst = "DivnS_SEQ">   --->   Core 7 'DivnS_SEQ' <Latency = 19> <II = 5> <Delay = 3.64> <FuncUnit> <Opcode : 'sdiv' 'srem' 'udiv' 'urem'> <InPorts = 2> <OutPorts = 1>
ST_9 : Operation 73 [28/36] (4.13ns)   --->   "%srem_ln230 = srem i32 %add_ln230, i32 100" [guitar_effects.cpp:230]   --->   Operation 73 'srem' 'srem_ln230' <Predicate = true> <Delay = 4.13> <CoreInst = "DivnS_SEQ">   --->   Core 7 'DivnS_SEQ' <Latency = 35> <II = 32> <Delay = 4.13> <FuncUnit> <Opcode : 'sdiv' 'srem' 'udiv' 'urem'> <InPorts = 2> <OutPorts = 1>

State 10 <SV = 9> <Delay = 4.13>
ST_10 : Operation 74 [15/20] (3.64ns)   --->   "%control_signal = srem i16 %select_ln226_1, i16 10" [guitar_effects.cpp:226]   --->   Operation 74 'srem' 'control_signal' <Predicate = true> <Delay = 3.64> <CoreInst = "DivnS_SEQ">   --->   Core 7 'DivnS_SEQ' <Latency = 19> <II = 5> <Delay = 3.64> <FuncUnit> <Opcode : 'sdiv' 'srem' 'udiv' 'urem'> <InPorts = 2> <OutPorts = 1>
ST_10 : Operation 75 [27/36] (4.13ns)   --->   "%srem_ln230 = srem i32 %add_ln230, i32 100" [guitar_effects.cpp:230]   --->   Operation 75 'srem' 'srem_ln230' <Predicate = true> <Delay = 4.13> <CoreInst = "DivnS_SEQ">   --->   Core 7 'DivnS_SEQ' <Latency = 35> <II = 32> <Delay = 4.13> <FuncUnit> <Opcode : 'sdiv' 'srem' 'udiv' 'urem'> <InPorts = 2> <OutPorts = 1>

State 11 <SV = 10> <Delay = 4.13>
ST_11 : Operation 76 [14/20] (3.64ns)   --->   "%control_signal = srem i16 %select_ln226_1, i16 10" [guitar_effects.cpp:226]   --->   Operation 76 'srem' 'control_signal' <Predicate = true> <Delay = 3.64> <CoreInst = "DivnS_SEQ">   --->   Core 7 'DivnS_SEQ' <Latency = 19> <II = 5> <Delay = 3.64> <FuncUnit> <Opcode : 'sdiv' 'srem' 'udiv' 'urem'> <InPorts = 2> <OutPorts = 1>
ST_11 : Operation 77 [26/36] (4.13ns)   --->   "%srem_ln230 = srem i32 %add_ln230, i32 100" [guitar_effects.cpp:230]   --->   Operation 77 'srem' 'srem_ln230' <Predicate = true> <Delay = 4.13> <CoreInst = "DivnS_SEQ">   --->   Core 7 'DivnS_SEQ' <Latency = 35> <II = 32> <Delay = 4.13> <FuncUnit> <Opcode : 'sdiv' 'srem' 'udiv' 'urem'> <InPorts = 2> <OutPorts = 1>

State 12 <SV = 11> <Delay = 4.13>
ST_12 : Operation 78 [13/20] (3.64ns)   --->   "%control_signal = srem i16 %select_ln226_1, i16 10" [guitar_effects.cpp:226]   --->   Operation 78 'srem' 'control_signal' <Predicate = true> <Delay = 3.64> <CoreInst = "DivnS_SEQ">   --->   Core 7 'DivnS_SEQ' <Latency = 19> <II = 5> <Delay = 3.64> <FuncUnit> <Opcode : 'sdiv' 'srem' 'udiv' 'urem'> <InPorts = 2> <OutPorts = 1>
ST_12 : Operation 79 [25/36] (4.13ns)   --->   "%srem_ln230 = srem i32 %add_ln230, i32 100" [guitar_effects.cpp:230]   --->   Operation 79 'srem' 'srem_ln230' <Predicate = true> <Delay = 4.13> <CoreInst = "DivnS_SEQ">   --->   Core 7 'DivnS_SEQ' <Latency = 35> <II = 32> <Delay = 4.13> <FuncUnit> <Opcode : 'sdiv' 'srem' 'udiv' 'urem'> <InPorts = 2> <OutPorts = 1>

State 13 <SV = 12> <Delay = 4.13>
ST_13 : Operation 80 [12/20] (3.64ns)   --->   "%control_signal = srem i16 %select_ln226_1, i16 10" [guitar_effects.cpp:226]   --->   Operation 80 'srem' 'control_signal' <Predicate = true> <Delay = 3.64> <CoreInst = "DivnS_SEQ">   --->   Core 7 'DivnS_SEQ' <Latency = 19> <II = 5> <Delay = 3.64> <FuncUnit> <Opcode : 'sdiv' 'srem' 'udiv' 'urem'> <InPorts = 2> <OutPorts = 1>
ST_13 : Operation 81 [24/36] (4.13ns)   --->   "%srem_ln230 = srem i32 %add_ln230, i32 100" [guitar_effects.cpp:230]   --->   Operation 81 'srem' 'srem_ln230' <Predicate = true> <Delay = 4.13> <CoreInst = "DivnS_SEQ">   --->   Core 7 'DivnS_SEQ' <Latency = 35> <II = 32> <Delay = 4.13> <FuncUnit> <Opcode : 'sdiv' 'srem' 'udiv' 'urem'> <InPorts = 2> <OutPorts = 1>

State 14 <SV = 13> <Delay = 4.13>
ST_14 : Operation 82 [11/20] (3.64ns)   --->   "%control_signal = srem i16 %select_ln226_1, i16 10" [guitar_effects.cpp:226]   --->   Operation 82 'srem' 'control_signal' <Predicate = true> <Delay = 3.64> <CoreInst = "DivnS_SEQ">   --->   Core 7 'DivnS_SEQ' <Latency = 19> <II = 5> <Delay = 3.64> <FuncUnit> <Opcode : 'sdiv' 'srem' 'udiv' 'urem'> <InPorts = 2> <OutPorts = 1>
ST_14 : Operation 83 [23/36] (4.13ns)   --->   "%srem_ln230 = srem i32 %add_ln230, i32 100" [guitar_effects.cpp:230]   --->   Operation 83 'srem' 'srem_ln230' <Predicate = true> <Delay = 4.13> <CoreInst = "DivnS_SEQ">   --->   Core 7 'DivnS_SEQ' <Latency = 35> <II = 32> <Delay = 4.13> <FuncUnit> <Opcode : 'sdiv' 'srem' 'udiv' 'urem'> <InPorts = 2> <OutPorts = 1>

State 15 <SV = 14> <Delay = 4.13>
ST_15 : Operation 84 [10/20] (3.64ns)   --->   "%control_signal = srem i16 %select_ln226_1, i16 10" [guitar_effects.cpp:226]   --->   Operation 84 'srem' 'control_signal' <Predicate = true> <Delay = 3.64> <CoreInst = "DivnS_SEQ">   --->   Core 7 'DivnS_SEQ' <Latency = 19> <II = 5> <Delay = 3.64> <FuncUnit> <Opcode : 'sdiv' 'srem' 'udiv' 'urem'> <InPorts = 2> <OutPorts = 1>
ST_15 : Operation 85 [22/36] (4.13ns)   --->   "%srem_ln230 = srem i32 %add_ln230, i32 100" [guitar_effects.cpp:230]   --->   Operation 85 'srem' 'srem_ln230' <Predicate = true> <Delay = 4.13> <CoreInst = "DivnS_SEQ">   --->   Core 7 'DivnS_SEQ' <Latency = 35> <II = 32> <Delay = 4.13> <FuncUnit> <Opcode : 'sdiv' 'srem' 'udiv' 'urem'> <InPorts = 2> <OutPorts = 1>

State 16 <SV = 15> <Delay = 4.13>
ST_16 : Operation 86 [9/20] (3.64ns)   --->   "%control_signal = srem i16 %select_ln226_1, i16 10" [guitar_effects.cpp:226]   --->   Operation 86 'srem' 'control_signal' <Predicate = true> <Delay = 3.64> <CoreInst = "DivnS_SEQ">   --->   Core 7 'DivnS_SEQ' <Latency = 19> <II = 5> <Delay = 3.64> <FuncUnit> <Opcode : 'sdiv' 'srem' 'udiv' 'urem'> <InPorts = 2> <OutPorts = 1>
ST_16 : Operation 87 [21/36] (4.13ns)   --->   "%srem_ln230 = srem i32 %add_ln230, i32 100" [guitar_effects.cpp:230]   --->   Operation 87 'srem' 'srem_ln230' <Predicate = true> <Delay = 4.13> <CoreInst = "DivnS_SEQ">   --->   Core 7 'DivnS_SEQ' <Latency = 35> <II = 32> <Delay = 4.13> <FuncUnit> <Opcode : 'sdiv' 'srem' 'udiv' 'urem'> <InPorts = 2> <OutPorts = 1>

State 17 <SV = 16> <Delay = 4.13>
ST_17 : Operation 88 [8/20] (3.64ns)   --->   "%control_signal = srem i16 %select_ln226_1, i16 10" [guitar_effects.cpp:226]   --->   Operation 88 'srem' 'control_signal' <Predicate = true> <Delay = 3.64> <CoreInst = "DivnS_SEQ">   --->   Core 7 'DivnS_SEQ' <Latency = 19> <II = 5> <Delay = 3.64> <FuncUnit> <Opcode : 'sdiv' 'srem' 'udiv' 'urem'> <InPorts = 2> <OutPorts = 1>
ST_17 : Operation 89 [20/36] (4.13ns)   --->   "%srem_ln230 = srem i32 %add_ln230, i32 100" [guitar_effects.cpp:230]   --->   Operation 89 'srem' 'srem_ln230' <Predicate = true> <Delay = 4.13> <CoreInst = "DivnS_SEQ">   --->   Core 7 'DivnS_SEQ' <Latency = 35> <II = 32> <Delay = 4.13> <FuncUnit> <Opcode : 'sdiv' 'srem' 'udiv' 'urem'> <InPorts = 2> <OutPorts = 1>

State 18 <SV = 17> <Delay = 4.13>
ST_18 : Operation 90 [7/20] (3.64ns)   --->   "%control_signal = srem i16 %select_ln226_1, i16 10" [guitar_effects.cpp:226]   --->   Operation 90 'srem' 'control_signal' <Predicate = true> <Delay = 3.64> <CoreInst = "DivnS_SEQ">   --->   Core 7 'DivnS_SEQ' <Latency = 19> <II = 5> <Delay = 3.64> <FuncUnit> <Opcode : 'sdiv' 'srem' 'udiv' 'urem'> <InPorts = 2> <OutPorts = 1>
ST_18 : Operation 91 [19/36] (4.13ns)   --->   "%srem_ln230 = srem i32 %add_ln230, i32 100" [guitar_effects.cpp:230]   --->   Operation 91 'srem' 'srem_ln230' <Predicate = true> <Delay = 4.13> <CoreInst = "DivnS_SEQ">   --->   Core 7 'DivnS_SEQ' <Latency = 35> <II = 32> <Delay = 4.13> <FuncUnit> <Opcode : 'sdiv' 'srem' 'udiv' 'urem'> <InPorts = 2> <OutPorts = 1>

State 19 <SV = 18> <Delay = 4.13>
ST_19 : Operation 92 [6/20] (3.64ns)   --->   "%control_signal = srem i16 %select_ln226_1, i16 10" [guitar_effects.cpp:226]   --->   Operation 92 'srem' 'control_signal' <Predicate = true> <Delay = 3.64> <CoreInst = "DivnS_SEQ">   --->   Core 7 'DivnS_SEQ' <Latency = 19> <II = 5> <Delay = 3.64> <FuncUnit> <Opcode : 'sdiv' 'srem' 'udiv' 'urem'> <InPorts = 2> <OutPorts = 1>
ST_19 : Operation 93 [18/36] (4.13ns)   --->   "%srem_ln230 = srem i32 %add_ln230, i32 100" [guitar_effects.cpp:230]   --->   Operation 93 'srem' 'srem_ln230' <Predicate = true> <Delay = 4.13> <CoreInst = "DivnS_SEQ">   --->   Core 7 'DivnS_SEQ' <Latency = 35> <II = 32> <Delay = 4.13> <FuncUnit> <Opcode : 'sdiv' 'srem' 'udiv' 'urem'> <InPorts = 2> <OutPorts = 1>

State 20 <SV = 19> <Delay = 4.13>
ST_20 : Operation 94 [5/20] (3.64ns)   --->   "%control_signal = srem i16 %select_ln226_1, i16 10" [guitar_effects.cpp:226]   --->   Operation 94 'srem' 'control_signal' <Predicate = true> <Delay = 3.64> <CoreInst = "DivnS_SEQ">   --->   Core 7 'DivnS_SEQ' <Latency = 19> <II = 5> <Delay = 3.64> <FuncUnit> <Opcode : 'sdiv' 'srem' 'udiv' 'urem'> <InPorts = 2> <OutPorts = 1>
ST_20 : Operation 95 [17/36] (4.13ns)   --->   "%srem_ln230 = srem i32 %add_ln230, i32 100" [guitar_effects.cpp:230]   --->   Operation 95 'srem' 'srem_ln230' <Predicate = true> <Delay = 4.13> <CoreInst = "DivnS_SEQ">   --->   Core 7 'DivnS_SEQ' <Latency = 35> <II = 32> <Delay = 4.13> <FuncUnit> <Opcode : 'sdiv' 'srem' 'udiv' 'urem'> <InPorts = 2> <OutPorts = 1>

State 21 <SV = 20> <Delay = 4.13>
ST_21 : Operation 96 [4/20] (3.64ns)   --->   "%control_signal = srem i16 %select_ln226_1, i16 10" [guitar_effects.cpp:226]   --->   Operation 96 'srem' 'control_signal' <Predicate = true> <Delay = 3.64> <CoreInst = "DivnS_SEQ">   --->   Core 7 'DivnS_SEQ' <Latency = 19> <II = 5> <Delay = 3.64> <FuncUnit> <Opcode : 'sdiv' 'srem' 'udiv' 'urem'> <InPorts = 2> <OutPorts = 1>
ST_21 : Operation 97 [16/36] (4.13ns)   --->   "%srem_ln230 = srem i32 %add_ln230, i32 100" [guitar_effects.cpp:230]   --->   Operation 97 'srem' 'srem_ln230' <Predicate = true> <Delay = 4.13> <CoreInst = "DivnS_SEQ">   --->   Core 7 'DivnS_SEQ' <Latency = 35> <II = 32> <Delay = 4.13> <FuncUnit> <Opcode : 'sdiv' 'srem' 'udiv' 'urem'> <InPorts = 2> <OutPorts = 1>

State 22 <SV = 21> <Delay = 4.13>
ST_22 : Operation 98 [3/20] (3.64ns)   --->   "%control_signal = srem i16 %select_ln226_1, i16 10" [guitar_effects.cpp:226]   --->   Operation 98 'srem' 'control_signal' <Predicate = true> <Delay = 3.64> <CoreInst = "DivnS_SEQ">   --->   Core 7 'DivnS_SEQ' <Latency = 19> <II = 5> <Delay = 3.64> <FuncUnit> <Opcode : 'sdiv' 'srem' 'udiv' 'urem'> <InPorts = 2> <OutPorts = 1>
ST_22 : Operation 99 [15/36] (4.13ns)   --->   "%srem_ln230 = srem i32 %add_ln230, i32 100" [guitar_effects.cpp:230]   --->   Operation 99 'srem' 'srem_ln230' <Predicate = true> <Delay = 4.13> <CoreInst = "DivnS_SEQ">   --->   Core 7 'DivnS_SEQ' <Latency = 35> <II = 32> <Delay = 4.13> <FuncUnit> <Opcode : 'sdiv' 'srem' 'udiv' 'urem'> <InPorts = 2> <OutPorts = 1>

State 23 <SV = 22> <Delay = 4.13>
ST_23 : Operation 100 [2/20] (3.64ns)   --->   "%control_signal = srem i16 %select_ln226_1, i16 10" [guitar_effects.cpp:226]   --->   Operation 100 'srem' 'control_signal' <Predicate = true> <Delay = 3.64> <CoreInst = "DivnS_SEQ">   --->   Core 7 'DivnS_SEQ' <Latency = 19> <II = 5> <Delay = 3.64> <FuncUnit> <Opcode : 'sdiv' 'srem' 'udiv' 'urem'> <InPorts = 2> <OutPorts = 1>
ST_23 : Operation 101 [14/36] (4.13ns)   --->   "%srem_ln230 = srem i32 %add_ln230, i32 100" [guitar_effects.cpp:230]   --->   Operation 101 'srem' 'srem_ln230' <Predicate = true> <Delay = 4.13> <CoreInst = "DivnS_SEQ">   --->   Core 7 'DivnS_SEQ' <Latency = 35> <II = 32> <Delay = 4.13> <FuncUnit> <Opcode : 'sdiv' 'srem' 'udiv' 'urem'> <InPorts = 2> <OutPorts = 1>

State 24 <SV = 23> <Delay = 5.97>
ST_24 : Operation 102 [1/1] (0.00ns)   --->   "%input_read = read i32 @_ssdm_op_Read.ap_auto.i32, i32 %input_r"   --->   Operation 102 'read' 'input_read' <Predicate = true> <Delay = 0.00>
ST_24 : Operation 103 [1/1] (0.00ns)   --->   "%zext_ln224 = zext i32 %p_read_1" [guitar_effects.cpp:224]   --->   Operation 103 'zext' 'zext_ln224' <Predicate = true> <Delay = 0.00>
ST_24 : Operation 104 [1/1] (0.00ns)   --->   "%wah_values_buffer_addr = getelementptr i32 %wah_values_buffer, i64 0, i64 %zext_ln224" [guitar_effects.cpp:224]   --->   Operation 104 'getelementptr' 'wah_values_buffer_addr' <Predicate = true> <Delay = 0.00>
ST_24 : Operation 105 [1/1] (3.25ns)   --->   "%store_ln224 = store i32 %input_read, i7 %wah_values_buffer_addr" [guitar_effects.cpp:224]   --->   Operation 105 'store' 'store_ln224' <Predicate = true> <Delay = 3.25> <CoreInst = "RAM">   --->   Core 82 'RAM' <Latency = 1> <II = 1> <Delay = 3.25> <Storage> <Opcode : 'load' 'store'> <Ports = 2> <Width = 32> <Depth = 100> <RAM>
ST_24 : Operation 106 [1/20] (3.64ns)   --->   "%control_signal = srem i16 %select_ln226_1, i16 10" [guitar_effects.cpp:226]   --->   Operation 106 'srem' 'control_signal' <Predicate = true> <Delay = 3.64> <CoreInst = "DivnS_SEQ">   --->   Core 7 'DivnS_SEQ' <Latency = 19> <II = 5> <Delay = 3.64> <FuncUnit> <Opcode : 'sdiv' 'srem' 'udiv' 'urem'> <InPorts = 2> <OutPorts = 1>
ST_24 : Operation 107 [1/1] (0.00ns)   --->   "%trunc_ln226_1 = trunc i5 %control_signal" [guitar_effects.cpp:226]   --->   Operation 107 'trunc' 'trunc_ln226_1' <Predicate = true> <Delay = 0.00>
ST_24 : Operation 108 [1/1] (0.00ns)   --->   "%control_signal_buffer_addr = getelementptr i5 %control_signal_buffer, i64 0, i64 %zext_ln224" [guitar_effects.cpp:228]   --->   Operation 108 'getelementptr' 'control_signal_buffer_addr' <Predicate = true> <Delay = 0.00>
ST_24 : Operation 109 [1/1] (2.32ns)   --->   "%store_ln228 = store i5 %trunc_ln226_1, i7 %control_signal_buffer_addr" [guitar_effects.cpp:228]   --->   Operation 109 'store' 'store_ln228' <Predicate = true> <Delay = 2.32> <CoreInst = "RAM">   --->   Core 82 'RAM' <Latency = 1> <II = 1> <Delay = 2.32> <Storage> <Opcode : 'load' 'store'> <Ports = 2> <Width = 5> <Depth = 100> <RAM>
ST_24 : Operation 110 [13/36] (4.13ns)   --->   "%srem_ln230 = srem i32 %add_ln230, i32 100" [guitar_effects.cpp:230]   --->   Operation 110 'srem' 'srem_ln230' <Predicate = true> <Delay = 4.13> <CoreInst = "DivnS_SEQ">   --->   Core 7 'DivnS_SEQ' <Latency = 35> <II = 32> <Delay = 4.13> <FuncUnit> <Opcode : 'sdiv' 'srem' 'udiv' 'urem'> <InPorts = 2> <OutPorts = 1>

State 25 <SV = 24> <Delay = 4.13>
ST_25 : Operation 111 [12/36] (4.13ns)   --->   "%srem_ln230 = srem i32 %add_ln230, i32 100" [guitar_effects.cpp:230]   --->   Operation 111 'srem' 'srem_ln230' <Predicate = true> <Delay = 4.13> <CoreInst = "DivnS_SEQ">   --->   Core 7 'DivnS_SEQ' <Latency = 35> <II = 32> <Delay = 4.13> <FuncUnit> <Opcode : 'sdiv' 'srem' 'udiv' 'urem'> <InPorts = 2> <OutPorts = 1>

State 26 <SV = 25> <Delay = 4.13>
ST_26 : Operation 112 [11/36] (4.13ns)   --->   "%srem_ln230 = srem i32 %add_ln230, i32 100" [guitar_effects.cpp:230]   --->   Operation 112 'srem' 'srem_ln230' <Predicate = true> <Delay = 4.13> <CoreInst = "DivnS_SEQ">   --->   Core 7 'DivnS_SEQ' <Latency = 35> <II = 32> <Delay = 4.13> <FuncUnit> <Opcode : 'sdiv' 'srem' 'udiv' 'urem'> <InPorts = 2> <OutPorts = 1>

State 27 <SV = 26> <Delay = 4.13>
ST_27 : Operation 113 [10/36] (4.13ns)   --->   "%srem_ln230 = srem i32 %add_ln230, i32 100" [guitar_effects.cpp:230]   --->   Operation 113 'srem' 'srem_ln230' <Predicate = true> <Delay = 4.13> <CoreInst = "DivnS_SEQ">   --->   Core 7 'DivnS_SEQ' <Latency = 35> <II = 32> <Delay = 4.13> <FuncUnit> <Opcode : 'sdiv' 'srem' 'udiv' 'urem'> <InPorts = 2> <OutPorts = 1>

State 28 <SV = 27> <Delay = 4.13>
ST_28 : Operation 114 [9/36] (4.13ns)   --->   "%srem_ln230 = srem i32 %add_ln230, i32 100" [guitar_effects.cpp:230]   --->   Operation 114 'srem' 'srem_ln230' <Predicate = true> <Delay = 4.13> <CoreInst = "DivnS_SEQ">   --->   Core 7 'DivnS_SEQ' <Latency = 35> <II = 32> <Delay = 4.13> <FuncUnit> <Opcode : 'sdiv' 'srem' 'udiv' 'urem'> <InPorts = 2> <OutPorts = 1>

State 29 <SV = 28> <Delay = 4.13>
ST_29 : Operation 115 [8/36] (4.13ns)   --->   "%srem_ln230 = srem i32 %add_ln230, i32 100" [guitar_effects.cpp:230]   --->   Operation 115 'srem' 'srem_ln230' <Predicate = true> <Delay = 4.13> <CoreInst = "DivnS_SEQ">   --->   Core 7 'DivnS_SEQ' <Latency = 35> <II = 32> <Delay = 4.13> <FuncUnit> <Opcode : 'sdiv' 'srem' 'udiv' 'urem'> <InPorts = 2> <OutPorts = 1>

State 30 <SV = 29> <Delay = 4.13>
ST_30 : Operation 116 [7/36] (4.13ns)   --->   "%srem_ln230 = srem i32 %add_ln230, i32 100" [guitar_effects.cpp:230]   --->   Operation 116 'srem' 'srem_ln230' <Predicate = true> <Delay = 4.13> <CoreInst = "DivnS_SEQ">   --->   Core 7 'DivnS_SEQ' <Latency = 35> <II = 32> <Delay = 4.13> <FuncUnit> <Opcode : 'sdiv' 'srem' 'udiv' 'urem'> <InPorts = 2> <OutPorts = 1>

State 31 <SV = 30> <Delay = 4.13>
ST_31 : Operation 117 [6/36] (4.13ns)   --->   "%srem_ln230 = srem i32 %add_ln230, i32 100" [guitar_effects.cpp:230]   --->   Operation 117 'srem' 'srem_ln230' <Predicate = true> <Delay = 4.13> <CoreInst = "DivnS_SEQ">   --->   Core 7 'DivnS_SEQ' <Latency = 35> <II = 32> <Delay = 4.13> <FuncUnit> <Opcode : 'sdiv' 'srem' 'udiv' 'urem'> <InPorts = 2> <OutPorts = 1>

State 32 <SV = 31> <Delay = 4.13>
ST_32 : Operation 118 [5/36] (4.13ns)   --->   "%srem_ln230 = srem i32 %add_ln230, i32 100" [guitar_effects.cpp:230]   --->   Operation 118 'srem' 'srem_ln230' <Predicate = true> <Delay = 4.13> <CoreInst = "DivnS_SEQ">   --->   Core 7 'DivnS_SEQ' <Latency = 35> <II = 32> <Delay = 4.13> <FuncUnit> <Opcode : 'sdiv' 'srem' 'udiv' 'urem'> <InPorts = 2> <OutPorts = 1>

State 33 <SV = 32> <Delay = 4.13>
ST_33 : Operation 119 [4/36] (4.13ns)   --->   "%srem_ln230 = srem i32 %add_ln230, i32 100" [guitar_effects.cpp:230]   --->   Operation 119 'srem' 'srem_ln230' <Predicate = true> <Delay = 4.13> <CoreInst = "DivnS_SEQ">   --->   Core 7 'DivnS_SEQ' <Latency = 35> <II = 32> <Delay = 4.13> <FuncUnit> <Opcode : 'sdiv' 'srem' 'udiv' 'urem'> <InPorts = 2> <OutPorts = 1>

State 34 <SV = 33> <Delay = 4.13>
ST_34 : Operation 120 [3/36] (4.13ns)   --->   "%srem_ln230 = srem i32 %add_ln230, i32 100" [guitar_effects.cpp:230]   --->   Operation 120 'srem' 'srem_ln230' <Predicate = true> <Delay = 4.13> <CoreInst = "DivnS_SEQ">   --->   Core 7 'DivnS_SEQ' <Latency = 35> <II = 32> <Delay = 4.13> <FuncUnit> <Opcode : 'sdiv' 'srem' 'udiv' 'urem'> <InPorts = 2> <OutPorts = 1>

State 35 <SV = 34> <Delay = 4.13>
ST_35 : Operation 121 [2/36] (4.13ns)   --->   "%srem_ln230 = srem i32 %add_ln230, i32 100" [guitar_effects.cpp:230]   --->   Operation 121 'srem' 'srem_ln230' <Predicate = true> <Delay = 4.13> <CoreInst = "DivnS_SEQ">   --->   Core 7 'DivnS_SEQ' <Latency = 35> <II = 32> <Delay = 4.13> <FuncUnit> <Opcode : 'sdiv' 'srem' 'udiv' 'urem'> <InPorts = 2> <OutPorts = 1>

State 36 <SV = 35> <Delay = 6.05>
ST_36 : Operation 122 [1/36] (4.13ns)   --->   "%srem_ln230 = srem i32 %add_ln230, i32 100" [guitar_effects.cpp:230]   --->   Operation 122 'srem' 'srem_ln230' <Predicate = true> <Delay = 4.13> <CoreInst = "DivnS_SEQ">   --->   Core 7 'DivnS_SEQ' <Latency = 35> <II = 32> <Delay = 4.13> <FuncUnit> <Opcode : 'sdiv' 'srem' 'udiv' 'urem'> <InPorts = 2> <OutPorts = 1>
ST_36 : Operation 123 [1/1] (0.00ns)   --->   "%trunc_ln239 = trunc i32 %srem_ln230" [guitar_effects.cpp:239]   --->   Operation 123 'trunc' 'trunc_ln239' <Predicate = true> <Delay = 0.00>
ST_36 : Operation 124 [1/1] (1.91ns)   --->   "%add_ln239 = add i8 %trunc_ln239, i8 100" [guitar_effects.cpp:239]   --->   Operation 124 'add' 'add_ln239' <Predicate = true> <Delay = 1.91> <CoreInst = "Adder">   --->   Core 1 'Adder' <Latency = 0> <II = 1> <Delay = 1.91> <FuncUnit> <Opcode : 'add' 'sub'> <InPorts = 2> <OutPorts = 1>

State 37 <SV = 36> <Delay = 5.65>
ST_37 : Operation 125 [1/1] (0.00ns)   --->   "%bandpass_coeffs_read = read i64 @_ssdm_op_Read.ap_auto.i64, i64 %bandpass_coeffs"   --->   Operation 125 'read' 'bandpass_coeffs_read' <Predicate = true> <Delay = 0.00>
ST_37 : Operation 126 [2/2] (5.65ns)   --->   "%call_ln239 = call void @wah_Pipeline_WAH_LOOP, i8 %add_ln239, i32 %wah_values_buffer, i5 %control_signal_buffer, i64 %bandpass_coeffs_read, i32 %gmem, i32 %temp_result_loc" [guitar_effects.cpp:239]   --->   Operation 126 'call' 'call_ln239' <Predicate = true> <Delay = 5.65> <CoreType = "Generic">   --->   Core 0 '' <Latency = 0> <II = 1> <Delay = 1.00> <Generic> <Opcode : >

State 38 <SV = 37> <Delay = 0.00>
ST_38 : Operation 127 [1/2] (0.00ns)   --->   "%call_ln239 = call void @wah_Pipeline_WAH_LOOP, i8 %add_ln239, i32 %wah_values_buffer, i5 %control_signal_buffer, i64 %bandpass_coeffs_read, i32 %gmem, i32 %temp_result_loc" [guitar_effects.cpp:239]   --->   Operation 127 'call' 'call_ln239' <Predicate = true> <Delay = 0.00> <CoreType = "Generic">   --->   Core 0 '' <Latency = 0> <II = 1> <Delay = 1.00> <Generic> <Opcode : >

State 39 <SV = 38> <Delay = 2.88>
ST_39 : Operation 128 [1/1] (0.00ns)   --->   "%temp_result_loc_load = load i32 %temp_result_loc"   --->   Operation 128 'load' 'temp_result_loc_load' <Predicate = true> <Delay = 0.00>
ST_39 : Operation 129 [1/1] (0.00ns)   --->   "%data_V = bitcast i32 %temp_result_loc_load" [r:/ci/prod/2022.1/rdi_builds/continuous/2022_04_18_3526262/src/shared/hls/clib/src/hls\utils/x_hls_utils.h:317]   --->   Operation 129 'bitcast' 'data_V' <Predicate = true> <Delay = 0.00>
ST_39 : Operation 130 [1/1] (0.00ns)   --->   "%p_Result_s = bitselect i1 @_ssdm_op_BitSelect.i1.i32.i32, i32 %data_V, i32 31"   --->   Operation 130 'bitselect' 'p_Result_s' <Predicate = true> <Delay = 0.00>
ST_39 : Operation 131 [1/1] (0.00ns)   --->   "%xs_exp_V = partselect i8 @_ssdm_op_PartSelect.i8.i32.i32.i32, i32 %data_V, i32 23, i32 30"   --->   Operation 131 'partselect' 'xs_exp_V' <Predicate = true> <Delay = 0.00>
ST_39 : Operation 132 [1/1] (0.00ns)   --->   "%p_Result_7 = trunc i32 %data_V"   --->   Operation 132 'trunc' 'p_Result_7' <Predicate = true> <Delay = 0.00>
ST_39 : Operation 133 [1/1] (0.00ns)   --->   "%zext_ln346 = zext i8 %xs_exp_V" [r:/ci/prod/2022.1/rdi_builds/continuous/2022_04_18_3526262/src/shared/hls/clib/src/hls\utils/x_hls_utils.h:346]   --->   Operation 133 'zext' 'zext_ln346' <Predicate = true> <Delay = 0.00>
ST_39 : Operation 134 [1/1] (1.91ns)   --->   "%add_ln346 = add i9 %zext_ln346, i9 385" [r:/ci/prod/2022.1/rdi_builds/continuous/2022_04_18_3526262/src/shared/hls/clib/src/hls\utils/x_hls_utils.h:346]   --->   Operation 134 'add' 'add_ln346' <Predicate = true> <Delay = 1.91> <CoreInst = "Adder">   --->   Core 1 'Adder' <Latency = 0> <II = 1> <Delay = 1.91> <FuncUnit> <Opcode : 'add' 'sub'> <InPorts = 2> <OutPorts = 1>
ST_39 : Operation 135 [1/1] (0.00ns)   --->   "%isNeg = bitselect i1 @_ssdm_op_BitSelect.i1.i9.i32, i9 %add_ln346, i32 8"   --->   Operation 135 'bitselect' 'isNeg' <Predicate = true> <Delay = 0.00>
ST_39 : Operation 136 [1/1] (1.91ns)   --->   "%sub_ln1512 = sub i8 127, i8 %xs_exp_V"   --->   Operation 136 'sub' 'sub_ln1512' <Predicate = true> <Delay = 1.91> <CoreInst = "Adder">   --->   Core 1 'Adder' <Latency = 0> <II = 1> <Delay = 1.91> <FuncUnit> <Opcode : 'add' 'sub'> <InPorts = 2> <OutPorts = 1>
ST_39 : Operation 137 [1/1] (0.00ns)   --->   "%sext_ln1512 = sext i8 %sub_ln1512"   --->   Operation 137 'sext' 'sext_ln1512' <Predicate = true> <Delay = 0.00>
ST_39 : Operation 138 [1/1] (0.96ns)   --->   "%ush = select i1 %isNeg, i9 %sext_ln1512, i9 %add_ln346"   --->   Operation 138 'select' 'ush' <Predicate = true> <Delay = 0.96> <CoreInst = "Sel">   --->   Core 73 'Sel' <Latency = 0> <II = 1> <Delay = 0.96> <FuncUnit> <Opcode : 'select'> <InPorts = 3> <OutPorts = 1>

State 40 <SV = 39> <Delay = 4.42>
ST_40 : Operation 139 [1/1] (0.00ns)   --->   "%mantissa = bitconcatenate i25 @_ssdm_op_BitConcatenate.i25.i1.i23.i1, i1 1, i23 %p_Result_7, i1 0" [r:/ci/prod/2022.1/rdi_builds/continuous/2022_04_18_3526262/src/shared/hls/clib/hlsmath/include/FloatingPoint\hls_case_IEEE754.h:15]   --->   Operation 139 'bitconcatenate' 'mantissa' <Predicate = true> <Delay = 0.00>
ST_40 : Operation 140 [1/1] (0.00ns)   --->   "%zext_ln15 = zext i25 %mantissa" [r:/ci/prod/2022.1/rdi_builds/continuous/2022_04_18_3526262/src/shared/hls/clib/hlsmath/include/FloatingPoint\hls_case_IEEE754.h:15]   --->   Operation 140 'zext' 'zext_ln15' <Predicate = true> <Delay = 0.00>
ST_40 : Operation 141 [1/1] (0.00ns)   --->   "%sext_ln1488 = sext i9 %ush"   --->   Operation 141 'sext' 'sext_ln1488' <Predicate = true> <Delay = 0.00>
ST_40 : Operation 142 [1/1] (0.00ns)   --->   "%zext_ln1488 = zext i32 %sext_ln1488"   --->   Operation 142 'zext' 'zext_ln1488' <Predicate = true> <Delay = 0.00>
ST_40 : Operation 143 [1/1] (0.00ns) (grouped into LUT with out node val)   --->   "%r_V = lshr i79 %zext_ln15, i79 %zext_ln1488"   --->   Operation 143 'lshr' 'r_V' <Predicate = (isNeg)> <Delay = 0.00> <CoreInst = "Shifter">   --->   Core 75 'Shifter' <Latency = 0> <II = 1> <Delay = 4.42> <FuncUnit> <Opcode : 'shl' 'lshr' 'ashr'> <InPorts = 2> <OutPorts = 1>
ST_40 : Operation 144 [1/1] (0.00ns) (grouped into LUT with out node val)   --->   "%r_V_1 = shl i79 %zext_ln15, i79 %zext_ln1488"   --->   Operation 144 'shl' 'r_V_1' <Predicate = (!isNeg)> <Delay = 0.00> <CoreInst = "Shifter">   --->   Core 75 'Shifter' <Latency = 0> <II = 1> <Delay = 4.42> <FuncUnit> <Opcode : 'shl' 'lshr' 'ashr'> <InPorts = 2> <OutPorts = 1>
ST_40 : Operation 145 [1/1] (0.00ns) (grouped into LUT with out node val)   --->   "%tmp_10 = bitselect i1 @_ssdm_op_BitSelect.i1.i79.i32, i79 %r_V, i32 24"   --->   Operation 145 'bitselect' 'tmp_10' <Predicate = (isNeg)> <Delay = 0.00>
ST_40 : Operation 146 [1/1] (0.00ns) (grouped into LUT with out node val)   --->   "%zext_ln818 = zext i1 %tmp_10"   --->   Operation 146 'zext' 'zext_ln818' <Predicate = (isNeg)> <Delay = 0.00>
ST_40 : Operation 147 [1/1] (0.00ns) (grouped into LUT with out node val)   --->   "%tmp_8 = partselect i32 @_ssdm_op_PartSelect.i32.i79.i32.i32, i79 %r_V_1, i32 24, i32 55"   --->   Operation 147 'partselect' 'tmp_8' <Predicate = (!isNeg)> <Delay = 0.00>
ST_40 : Operation 148 [1/1] (4.42ns) (out node of the LUT)   --->   "%val = select i1 %isNeg, i32 %zext_ln818, i32 %tmp_8"   --->   Operation 148 'select' 'val' <Predicate = true> <Delay = 4.42> <CoreInst = "Sel">   --->   Core 73 'Sel' <Latency = 0> <II = 1> <Delay = 0.69> <FuncUnit> <Opcode : 'select'> <InPorts = 3> <OutPorts = 1>

State 41 <SV = 40> <Delay = 3.25>
ST_41 : Operation 149 [1/1] (0.00ns)   --->   "%specinterface_ln0 = specinterface void @_ssdm_op_SpecInterface, i32 %gmem, void @empty, i32 0, i32 0, void @empty_0, i32 0, i32 1000, void @empty_1, void @empty_2, void @empty_0, i32 16, i32 16, i32 16, i32 16, void @empty_0, void @empty_0, i32 4294967295, i32 0"   --->   Operation 149 'specinterface' 'specinterface_ln0' <Predicate = true> <Delay = 0.00>
ST_41 : Operation 150 [1/1] (2.55ns)   --->   "%result_V_2 = sub i32 0, i32 %val"   --->   Operation 150 'sub' 'result_V_2' <Predicate = (p_Result_s)> <Delay = 2.55> <CoreInst = "Adder">   --->   Core 1 'Adder' <Latency = 0> <II = 1> <Delay = 2.55> <FuncUnit> <Opcode : 'add' 'sub'> <InPorts = 2> <OutPorts = 1>
ST_41 : Operation 151 [1/1] (0.69ns)   --->   "%result_V = select i1 %p_Result_s, i32 %result_V_2, i32 %val" [r:/ci/prod/2022.1/rdi_builds/continuous/2022_04_18_3526262/src/shared/hls/clib/hlsmath/include/FloatingPoint\hls_case_IEEE754.h:59]   --->   Operation 151 'select' 'result_V' <Predicate = true> <Delay = 0.69> <CoreInst = "Sel">   --->   Core 73 'Sel' <Latency = 0> <II = 1> <Delay = 0.69> <FuncUnit> <Opcode : 'select'> <InPorts = 3> <OutPorts = 1>
ST_41 : Operation 152 [1/1] (0.00ns)   --->   "%newret = insertvalue i64 <undef>, i32 %result_V" [r:/ci/prod/2022.1/rdi_builds/continuous/2022_04_18_3526262/src/shared/hls/clib/hlsmath/include/FloatingPoint\hls_case_IEEE754.h:59]   --->   Operation 152 'insertvalue' 'newret' <Predicate = true> <Delay = 0.00>
ST_41 : Operation 153 [1/1] (0.00ns)   --->   "%newret2 = insertvalue i64 %newret, i32 %srem_ln230" [r:/ci/prod/2022.1/rdi_builds/continuous/2022_04_18_3526262/src/shared/hls/clib/hlsmath/include/FloatingPoint\hls_case_IEEE754.h:59]   --->   Operation 153 'insertvalue' 'newret2' <Predicate = true> <Delay = 0.00>
ST_41 : Operation 154 [1/1] (0.00ns)   --->   "%ret_ln59 = ret i64 %newret2" [r:/ci/prod/2022.1/rdi_builds/continuous/2022_04_18_3526262/src/shared/hls/clib/hlsmath/include/FloatingPoint\hls_case_IEEE754.h:59]   --->   Operation 154 'ret' 'ret_ln59' <Predicate = true> <Delay = 0.00>


============================================================
+ Verbose Summary: Timing violations
============================================================
Target clock period: 10ns, clock uncertainty: 2.7ns.

 <State 1>: 6.69ns
The critical path consists of the following:
	wire read operation ('p_read_1') on port 'p_read1' [9]  (0 ns)
	'add' operation ('add_ln230', guitar_effects.cpp:230) [34]  (2.55 ns)
	'srem' operation ('srem_ln230', guitar_effects.cpp:230) [35]  (4.13 ns)

 <State 2>: 6.91ns
The critical path consists of the following:
	'mul' operation ('mul_ln226', guitar_effects.cpp:226) [22]  (6.91 ns)

 <State 3>: 6.91ns
The critical path consists of the following:
	'mul' operation ('mul_ln226', guitar_effects.cpp:226) [22]  (6.91 ns)

 <State 4>: 6.43ns
The critical path consists of the following:
	'sub' operation ('sub_ln226_1', guitar_effects.cpp:226) [23]  (3.55 ns)
	'select' operation ('select_ln226', guitar_effects.cpp:226) [27]  (0 ns)
	'sub' operation ('sub_ln226_2', guitar_effects.cpp:226) [28]  (2.08 ns)
	'select' operation ('select_ln226_1', guitar_effects.cpp:226) [29]  (0.805 ns)

 <State 5>: 4.13ns
The critical path consists of the following:
	'srem' operation ('srem_ln230', guitar_effects.cpp:230) [35]  (4.13 ns)

 <State 6>: 4.13ns
The critical path consists of the following:
	'srem' operation ('srem_ln230', guitar_effects.cpp:230) [35]  (4.13 ns)

 <State 7>: 4.13ns
The critical path consists of the following:
	'srem' operation ('srem_ln230', guitar_effects.cpp:230) [35]  (4.13 ns)

 <State 8>: 4.13ns
The critical path consists of the following:
	'srem' operation ('srem_ln230', guitar_effects.cpp:230) [35]  (4.13 ns)

 <State 9>: 4.13ns
The critical path consists of the following:
	'srem' operation ('srem_ln230', guitar_effects.cpp:230) [35]  (4.13 ns)

 <State 10>: 4.13ns
The critical path consists of the following:
	'srem' operation ('srem_ln230', guitar_effects.cpp:230) [35]  (4.13 ns)

 <State 11>: 4.13ns
The critical path consists of the following:
	'srem' operation ('srem_ln230', guitar_effects.cpp:230) [35]  (4.13 ns)

 <State 12>: 4.13ns
The critical path consists of the following:
	'srem' operation ('srem_ln230', guitar_effects.cpp:230) [35]  (4.13 ns)

 <State 13>: 4.13ns
The critical path consists of the following:
	'srem' operation ('srem_ln230', guitar_effects.cpp:230) [35]  (4.13 ns)

 <State 14>: 4.13ns
The critical path consists of the following:
	'srem' operation ('srem_ln230', guitar_effects.cpp:230) [35]  (4.13 ns)

 <State 15>: 4.13ns
The critical path consists of the following:
	'srem' operation ('srem_ln230', guitar_effects.cpp:230) [35]  (4.13 ns)

 <State 16>: 4.13ns
The critical path consists of the following:
	'srem' operation ('srem_ln230', guitar_effects.cpp:230) [35]  (4.13 ns)

 <State 17>: 4.13ns
The critical path consists of the following:
	'srem' operation ('srem_ln230', guitar_effects.cpp:230) [35]  (4.13 ns)

 <State 18>: 4.13ns
The critical path consists of the following:
	'srem' operation ('srem_ln230', guitar_effects.cpp:230) [35]  (4.13 ns)

 <State 19>: 4.13ns
The critical path consists of the following:
	'srem' operation ('srem_ln230', guitar_effects.cpp:230) [35]  (4.13 ns)

 <State 20>: 4.13ns
The critical path consists of the following:
	'srem' operation ('srem_ln230', guitar_effects.cpp:230) [35]  (4.13 ns)

 <State 21>: 4.13ns
The critical path consists of the following:
	'srem' operation ('srem_ln230', guitar_effects.cpp:230) [35]  (4.13 ns)

 <State 22>: 4.13ns
The critical path consists of the following:
	'srem' operation ('srem_ln230', guitar_effects.cpp:230) [35]  (4.13 ns)

 <State 23>: 4.13ns
The critical path consists of the following:
	'srem' operation ('srem_ln230', guitar_effects.cpp:230) [35]  (4.13 ns)

 <State 24>: 5.97ns
The critical path consists of the following:
	'srem' operation ('control_signal', guitar_effects.cpp:226) [30]  (3.65 ns)
	'store' operation ('store_ln228', guitar_effects.cpp:228) of variable 'trunc_ln226_1', guitar_effects.cpp:226 on array 'control_signal_buffer' [33]  (2.32 ns)

 <State 25>: 4.13ns
The critical path consists of the following:
	'srem' operation ('srem_ln230', guitar_effects.cpp:230) [35]  (4.13 ns)

 <State 26>: 4.13ns
The critical path consists of the following:
	'srem' operation ('srem_ln230', guitar_effects.cpp:230) [35]  (4.13 ns)

 <State 27>: 4.13ns
The critical path consists of the following:
	'srem' operation ('srem_ln230', guitar_effects.cpp:230) [35]  (4.13 ns)

 <State 28>: 4.13ns
The critical path consists of the following:
	'srem' operation ('srem_ln230', guitar_effects.cpp:230) [35]  (4.13 ns)

 <State 29>: 4.13ns
The critical path consists of the following:
	'srem' operation ('srem_ln230', guitar_effects.cpp:230) [35]  (4.13 ns)

 <State 30>: 4.13ns
The critical path consists of the following:
	'srem' operation ('srem_ln230', guitar_effects.cpp:230) [35]  (4.13 ns)

 <State 31>: 4.13ns
The critical path consists of the following:
	'srem' operation ('srem_ln230', guitar_effects.cpp:230) [35]  (4.13 ns)

 <State 32>: 4.13ns
The critical path consists of the following:
	'srem' operation ('srem_ln230', guitar_effects.cpp:230) [35]  (4.13 ns)

 <State 33>: 4.13ns
The critical path consists of the following:
	'srem' operation ('srem_ln230', guitar_effects.cpp:230) [35]  (4.13 ns)

 <State 34>: 4.13ns
The critical path consists of the following:
	'srem' operation ('srem_ln230', guitar_effects.cpp:230) [35]  (4.13 ns)

 <State 35>: 4.13ns
The critical path consists of the following:
	'srem' operation ('srem_ln230', guitar_effects.cpp:230) [35]  (4.13 ns)

 <State 36>: 6.05ns
The critical path consists of the following:
	'srem' operation ('srem_ln230', guitar_effects.cpp:230) [35]  (4.13 ns)
	'add' operation ('add_ln239', guitar_effects.cpp:239) [37]  (1.92 ns)

 <State 37>: 5.66ns
The critical path consists of the following:
	wire read operation ('bandpass_coeffs_read') on port 'bandpass_coeffs' [8]  (0 ns)
	'call' operation ('call_ln239', guitar_effects.cpp:239) to 'wah_Pipeline_WAH_LOOP' [38]  (5.66 ns)

 <State 38>: 0ns
The critical path consists of the following:

 <State 39>: 2.88ns
The critical path consists of the following:
	'load' operation ('temp_result_loc_load') on local variable 'temp_result_loc' [39]  (0 ns)
	'add' operation ('sh', r:/ci/prod/2022.1/rdi_builds/continuous/2022_04_18_3526262/src/shared/hls/clib/src/hls\utils/x_hls_utils.h:346) [47]  (1.92 ns)
	'select' operation ('ush') [51]  (0.968 ns)

 <State 40>: 4.42ns
The critical path consists of the following:
	'lshr' operation ('r.V') [54]  (0 ns)
	'select' operation ('val') [59]  (4.42 ns)

 <State 41>: 3.25ns
The critical path consists of the following:
	'sub' operation ('result.V') [60]  (2.55 ns)
	'select' operation ('result.V', r:/ci/prod/2022.1/rdi_builds/continuous/2022_04_18_3526262/src/shared/hls/clib/hlsmath/include/FloatingPoint\hls_case_IEEE754.h:59) [61]  (0.698 ns)


============================================================
+ Verbose Summary: Binding
============================================================
N/A
* FSMD analyzer results:
  - Output states:
 - Input state : 
  - Chain level:
	State 1
	State 2
	State 3
	State 4
	State 5
	State 6
	State 7
	State 8
	State 9
	State 10
	State 11
	State 12
	State 13
	State 14
	State 15
	State 16
	State 17
	State 18
	State 19
	State 20
	State 21
	State 22
	State 23
	State 24
	State 25
	State 26
	State 27
	State 28
	State 29
	State 30
	State 31
	State 32
	State 33
	State 34
	State 35
	State 36
	State 37
	State 38
	State 39
	State 40
	State 41


============================================================
+ Verbose Summary: Datapath Resource usage 
============================================================
N/A
