

================================================================
== Vitis HLS Report for 'equalizer_Pipeline_Coef_Clear_Loop'
================================================================
* Date:           Fri Apr 26 02:46:22 2024

* Version:        2022.1 (Build 3526262 on Mon Apr 18 15:48:16 MDT 2022)
* Project:        equalizer
* Solution:       solution16 (Vivado IP Flow Target)
* Product family: zynq
* Target device:  xc7z020-clg400-1


================================================================
== Performance Estimates
================================================================
+ Timing: 
    * Summary: 
    +--------+----------+----------+------------+
    |  Clock |  Target  | Estimated| Uncertainty|
    +--------+----------+----------+------------+
    |ap_clk  |  10.00 ns|  7.300 ns|     2.70 ns|
    +--------+----------+----------+------------+

+ Latency: 
    * Summary: 
    +---------+---------+----------+----------+-----+-----+---------+
    |  Latency (cycles) |  Latency (absolute) |  Interval | Pipeline|
    |   min   |   max   |    min   |    max   | min | max |   Type  |
    +---------+---------+----------+----------+-----+-----+---------+
    |      107|      107|  1.070 us|  1.070 us|  107|  107|       no|
    +---------+---------+----------+----------+-----+-----+---------+

    + Detail: 
        * Instance: 
        N/A

        * Loop: 
        +-------------------+---------+---------+----------+-----------+-----------+------+----------+
        |                   |  Latency (cycles) | Iteration|  Initiation Interval  | Trip |          |
        |     Loop Name     |   min   |   max   |  Latency |  achieved |   target  | Count| Pipelined|
        +-------------------+---------+---------+----------+-----------+-----------+------+----------+
        |- Coef_Clear_Loop  |      105|      105|         8|          1|          1|    99|       yes|
        +-------------------+---------+---------+----------+-----------+-----------+------+----------+



================================================================
== Utilization Estimates
================================================================
* Summary: 
+-----------------+---------+-----+--------+-------+-----+
|       Name      | BRAM_18K| DSP |   FF   |  LUT  | URAM|
+-----------------+---------+-----+--------+-------+-----+
|DSP              |        -|    -|       -|      -|    -|
|Expression       |        -|    -|       0|     92|    -|
|FIFO             |        -|    -|       -|      -|    -|
|Instance         |        -|    -|       -|      -|    -|
|Memory           |        -|    -|       -|      -|    -|
|Multiplexer      |        -|    -|       -|     63|    -|
|Register         |        -|    -|      87|      -|    -|
+-----------------+---------+-----+--------+-------+-----+
|Total            |        0|    0|      87|    155|    0|
+-----------------+---------+-----+--------+-------+-----+
|Available        |      280|  220|  106400|  53200|    0|
+-----------------+---------+-----+--------+-------+-----+
|Utilization (%)  |        0|    0|      ~0|     ~0|    0|
+-----------------+---------+-----+--------+-------+-----+

+ Detail: 
    * Instance: 
    N/A

    * DSP: 
    N/A

    * Memory: 
    N/A

    * FIFO: 
    N/A

    * Expression: 
    +---------------------------+----------+----+---+----+------------+------------+
    |       Variable Name       | Operation| DSP| FF| LUT| Bitwidth P0| Bitwidth P1|
    +---------------------------+----------+----+---+----+------------+------------+
    |add_ln39_fu_141_p2         |         +|   0|  0|  15|           8|           2|
    |add_ln41_fu_115_p2         |         +|   0|  0|  71|          64|          64|
    |ap_block_pp0_stage0_01001  |       and|   0|  0|   2|           1|           1|
    |ap_block_pp0_stage0_11001  |        or|   0|  0|   2|           1|           1|
    |ap_enable_pp0              |       xor|   0|  0|   2|           1|           2|
    +---------------------------+----------+----+---+----+------------+------------+
    |Total                      |          |   0|  0|  92|          75|          70|
    +---------------------------+----------+----+---+----+------------+------------+

    * Multiplexer: 
    +-------------------------+----+-----------+-----+-----------+
    |           Name          | LUT| Input Size| Bits| Total Bits|
    +-------------------------+----+-----------+-----+-----------+
    |ap_done_int              |   9|          2|    1|          2|
    |ap_enable_reg_pp0_iter1  |   9|          2|    1|          2|
    |ap_sig_allocacmp_i       |   9|          2|    8|         16|
    |gmem_blk_n_AW            |   9|          2|    1|          2|
    |gmem_blk_n_B             |   9|          2|    1|          2|
    |gmem_blk_n_W             |   9|          2|    1|          2|
    |i_1_fu_62                |   9|          2|    8|         16|
    +-------------------------+----+-----------+-----+-----------+
    |Total                    |  63|         14|   21|         42|
    +-------------------------+----+-----------+-----+-----------+

    * Register: 
    +----------------------------------+----+----+-----+-----------+
    |               Name               | FF | LUT| Bits| Const Bits|
    +----------------------------------+----+----+-----+-----------+
    |ap_CS_fsm                         |   1|   0|    1|          0|
    |ap_done_reg                       |   1|   0|    1|          0|
    |ap_enable_reg_pp0_iter1           |   1|   0|    1|          0|
    |ap_enable_reg_pp0_iter2           |   1|   0|    1|          0|
    |ap_enable_reg_pp0_iter3           |   1|   0|    1|          0|
    |ap_enable_reg_pp0_iter4           |   1|   0|    1|          0|
    |ap_enable_reg_pp0_iter5           |   1|   0|    1|          0|
    |ap_enable_reg_pp0_iter6           |   1|   0|    1|          0|
    |ap_enable_reg_pp0_iter7           |   1|   0|    1|          0|
    |ap_loop_exit_ready_pp0_iter1_reg  |   1|   0|    1|          0|
    |ap_loop_exit_ready_pp0_iter2_reg  |   1|   0|    1|          0|
    |ap_loop_exit_ready_pp0_iter3_reg  |   1|   0|    1|          0|
    |ap_loop_exit_ready_pp0_iter4_reg  |   1|   0|    1|          0|
    |ap_loop_exit_ready_pp0_iter5_reg  |   1|   0|    1|          0|
    |ap_loop_exit_ready_pp0_iter6_reg  |   1|   0|    1|          0|
    |gmem_addr_reg_163                 |  64|   0|   64|          0|
    |i_1_fu_62                         |   8|   0|    8|          0|
    +----------------------------------+----+----+-----+-----------+
    |Total                             |  87|   0|   87|          0|
    +----------------------------------+----+----+-----+-----------+



================================================================
== Interface
================================================================
* Summary: 
+---------------------+-----+-----+------------+------------------------------------+--------------+
|      RTL Ports      | Dir | Bits|  Protocol  |            Source Object           |    C Type    |
+---------------------+-----+-----+------------+------------------------------------+--------------+
|ap_clk               |   in|    1|  ap_ctrl_hs|  equalizer_Pipeline_Coef_Clear_Loop|  return value|
|ap_rst               |   in|    1|  ap_ctrl_hs|  equalizer_Pipeline_Coef_Clear_Loop|  return value|
|ap_start             |   in|    1|  ap_ctrl_hs|  equalizer_Pipeline_Coef_Clear_Loop|  return value|
|ap_done              |  out|    1|  ap_ctrl_hs|  equalizer_Pipeline_Coef_Clear_Loop|  return value|
|ap_idle              |  out|    1|  ap_ctrl_hs|  equalizer_Pipeline_Coef_Clear_Loop|  return value|
|ap_ready             |  out|    1|  ap_ctrl_hs|  equalizer_Pipeline_Coef_Clear_Loop|  return value|
|m_axi_gmem_AWVALID   |  out|    1|       m_axi|                                gmem|       pointer|
|m_axi_gmem_AWREADY   |   in|    1|       m_axi|                                gmem|       pointer|
|m_axi_gmem_AWADDR    |  out|   64|       m_axi|                                gmem|       pointer|
|m_axi_gmem_AWID      |  out|    1|       m_axi|                                gmem|       pointer|
|m_axi_gmem_AWLEN     |  out|   32|       m_axi|                                gmem|       pointer|
|m_axi_gmem_AWSIZE    |  out|    3|       m_axi|                                gmem|       pointer|
|m_axi_gmem_AWBURST   |  out|    2|       m_axi|                                gmem|       pointer|
|m_axi_gmem_AWLOCK    |  out|    2|       m_axi|                                gmem|       pointer|
|m_axi_gmem_AWCACHE   |  out|    4|       m_axi|                                gmem|       pointer|
|m_axi_gmem_AWPROT    |  out|    3|       m_axi|                                gmem|       pointer|
|m_axi_gmem_AWQOS     |  out|    4|       m_axi|                                gmem|       pointer|
|m_axi_gmem_AWREGION  |  out|    4|       m_axi|                                gmem|       pointer|
|m_axi_gmem_AWUSER    |  out|    1|       m_axi|                                gmem|       pointer|
|m_axi_gmem_WVALID    |  out|    1|       m_axi|                                gmem|       pointer|
|m_axi_gmem_WREADY    |   in|    1|       m_axi|                                gmem|       pointer|
|m_axi_gmem_WDATA     |  out|   16|       m_axi|                                gmem|       pointer|
|m_axi_gmem_WSTRB     |  out|    2|       m_axi|                                gmem|       pointer|
|m_axi_gmem_WLAST     |  out|    1|       m_axi|                                gmem|       pointer|
|m_axi_gmem_WID       |  out|    1|       m_axi|                                gmem|       pointer|
|m_axi_gmem_WUSER     |  out|    1|       m_axi|                                gmem|       pointer|
|m_axi_gmem_ARVALID   |  out|    1|       m_axi|                                gmem|       pointer|
|m_axi_gmem_ARREADY   |   in|    1|       m_axi|                                gmem|       pointer|
|m_axi_gmem_ARADDR    |  out|   64|       m_axi|                                gmem|       pointer|
|m_axi_gmem_ARID      |  out|    1|       m_axi|                                gmem|       pointer|
|m_axi_gmem_ARLEN     |  out|   32|       m_axi|                                gmem|       pointer|
|m_axi_gmem_ARSIZE    |  out|    3|       m_axi|                                gmem|       pointer|
|m_axi_gmem_ARBURST   |  out|    2|       m_axi|                                gmem|       pointer|
|m_axi_gmem_ARLOCK    |  out|    2|       m_axi|                                gmem|       pointer|
|m_axi_gmem_ARCACHE   |  out|    4|       m_axi|                                gmem|       pointer|
|m_axi_gmem_ARPROT    |  out|    3|       m_axi|                                gmem|       pointer|
|m_axi_gmem_ARQOS     |  out|    4|       m_axi|                                gmem|       pointer|
|m_axi_gmem_ARREGION  |  out|    4|       m_axi|                                gmem|       pointer|
|m_axi_gmem_ARUSER    |  out|    1|       m_axi|                                gmem|       pointer|
|m_axi_gmem_RVALID    |   in|    1|       m_axi|                                gmem|       pointer|
|m_axi_gmem_RREADY    |  out|    1|       m_axi|                                gmem|       pointer|
|m_axi_gmem_RDATA     |   in|   16|       m_axi|                                gmem|       pointer|
|m_axi_gmem_RLAST     |   in|    1|       m_axi|                                gmem|       pointer|
|m_axi_gmem_RID       |   in|    1|       m_axi|                                gmem|       pointer|
|m_axi_gmem_RFIFONUM  |   in|   10|       m_axi|                                gmem|       pointer|
|m_axi_gmem_RUSER     |   in|    1|       m_axi|                                gmem|       pointer|
|m_axi_gmem_RRESP     |   in|    2|       m_axi|                                gmem|       pointer|
|m_axi_gmem_BVALID    |   in|    1|       m_axi|                                gmem|       pointer|
|m_axi_gmem_BREADY    |  out|    1|       m_axi|                                gmem|       pointer|
|m_axi_gmem_BRESP     |   in|    2|       m_axi|                                gmem|       pointer|
|m_axi_gmem_BID       |   in|    1|       m_axi|                                gmem|       pointer|
|m_axi_gmem_BUSER     |   in|    1|       m_axi|                                gmem|       pointer|
|coefs                |   in|   64|     ap_none|                               coefs|        scalar|
+---------------------+-----+-----+------------+------------------------------------+--------------+

============================================================
+ Verbose Summary: Synthesis Manager
============================================================
InlineROM: 1
ExposeGlobal: 0
============================================================
+ Verbose Summary: CDFG Model
============================================================
IsTopModel: 0
ResetActiveHigh: 1
IsCombinational: 2
IsDatapathOnly: 2
HasWiredReturn: 1
HasMFsm: 2
HasVarLatency: 1
IsPipeline: 0
IsRtlPipelined: 0
IsInstanceOverlapped: 0
IsDontTouch: 0
HasImplIP: 0
IsGatedGlobalClock: 0

+ Individual pipeline summary: 
  * Pipeline-0: initiation interval (II) = 1, depth = 8


============================================================
+ Verbose Summary: Schedule
============================================================
* Number of FSM states : 8
* Pipeline : 1
  Pipeline-0 : II = 1, D = 8, States = { 1 2 3 4 5 6 7 8 }
* Dataflow Pipeline: 0

* FSM state transitions: 
1 --> 2 
2 --> 3 
3 --> 4 
4 --> 5 
5 --> 6 
6 --> 7 
7 --> 8 
8 --> 

* FSM state operations: 

State 1 <SV = 0> <Delay = 3.52>
ST_1 : Operation 11 [1/1] (0.00ns)   --->   "%i_1 = alloca i32 1"   --->   Operation 11 'alloca' 'i_1' <Predicate = true> <Delay = 0.00>
ST_1 : Operation 12 [1/1] (0.00ns)   --->   "%specinterface_ln0 = specinterface void @_ssdm_op_SpecInterface, i16 %gmem, void @empty, i32 0, i32 0, void @empty_0, i32 0, i32 99, void @empty_1, void @empty_2, void @empty_0, i32 16, i32 16, i32 16, i32 16, void @empty_0, void @empty_0, i32 4294967295, i32 0"   --->   Operation 12 'specinterface' 'specinterface_ln0' <Predicate = true> <Delay = 0.00>
ST_1 : Operation 13 [1/1] (0.00ns)   --->   "%coefs_read = read i64 @_ssdm_op_Read.ap_auto.i64, i64 %coefs"   --->   Operation 13 'read' 'coefs_read' <Predicate = true> <Delay = 0.00>
ST_1 : Operation 14 [1/1] (1.58ns)   --->   "%store_ln0 = store i8 98, i8 %i_1"   --->   Operation 14 'store' 'store_ln0' <Predicate = true> <Delay = 1.58>
ST_1 : Operation 15 [1/1] (0.00ns)   --->   "%br_ln0 = br void %for.inc"   --->   Operation 15 'br' 'br_ln0' <Predicate = true> <Delay = 0.00>
ST_1 : Operation 16 [1/1] (0.00ns)   --->   "%i = load i8 %i_1" [equalizer.cpp:41]   --->   Operation 16 'load' 'i' <Predicate = true> <Delay = 0.00>
ST_1 : Operation 17 [1/1] (0.00ns)   --->   "%specbitsmap_ln0 = specbitsmap void @_ssdm_op_SpecBitsMap, i16 %gmem"   --->   Operation 17 'specbitsmap' 'specbitsmap_ln0' <Predicate = true> <Delay = 0.00>
ST_1 : Operation 18 [1/1] (0.00ns)   --->   "%tmp = bitselect i1 @_ssdm_op_BitSelect.i1.i8.i32, i8 %i, i32 7" [equalizer.cpp:39]   --->   Operation 18 'bitselect' 'tmp' <Predicate = true> <Delay = 0.00>
ST_1 : Operation 19 [1/1] (0.00ns)   --->   "%empty = speclooptripcount i32 @_ssdm_op_SpecLoopTripCount, i64 99, i64 99, i64 99"   --->   Operation 19 'speclooptripcount' 'empty' <Predicate = true> <Delay = 0.00>
ST_1 : Operation 20 [1/1] (0.00ns)   --->   "%br_ln39 = br i1 %tmp, void %for.inc.split, void %VITIS_LOOP_48_1.preheader.exitStub" [equalizer.cpp:39]   --->   Operation 20 'br' 'br_ln39' <Predicate = true> <Delay = 0.00>
ST_1 : Operation 21 [1/1] (0.00ns) (grouped into LUT with out node add_ln41)   --->   "%shl_ln41 = shl i8 %i, i8 1" [equalizer.cpp:41]   --->   Operation 21 'shl' 'shl_ln41' <Predicate = (!tmp)> <Delay = 0.00>
ST_1 : Operation 22 [1/1] (0.00ns) (grouped into LUT with out node add_ln41)   --->   "%zext_ln41 = zext i8 %shl_ln41" [equalizer.cpp:41]   --->   Operation 22 'zext' 'zext_ln41' <Predicate = (!tmp)> <Delay = 0.00>
ST_1 : Operation 23 [1/1] (3.52ns) (out node of the LUT)   --->   "%add_ln41 = add i64 %zext_ln41, i64 %coefs_read" [equalizer.cpp:41]   --->   Operation 23 'add' 'add_ln41' <Predicate = (!tmp)> <Delay = 3.52> <CoreInst = "Adder">   --->   Core 1 'Adder' <Latency = 0> <II = 1> <Delay = 3.52> <FuncUnit> <Opcode : 'add' 'sub'> <InPorts = 2> <OutPorts = 1>
ST_1 : Operation 24 [1/1] (0.00ns)   --->   "%trunc_ln3 = partselect i63 @_ssdm_op_PartSelect.i63.i64.i32.i32, i64 %add_ln41, i32 1, i32 63" [equalizer.cpp:41]   --->   Operation 24 'partselect' 'trunc_ln3' <Predicate = (!tmp)> <Delay = 0.00>
ST_1 : Operation 25 [1/1] (0.00ns)   --->   "%sext_ln41 = sext i63 %trunc_ln3" [equalizer.cpp:41]   --->   Operation 25 'sext' 'sext_ln41' <Predicate = (!tmp)> <Delay = 0.00>
ST_1 : Operation 26 [1/1] (0.00ns)   --->   "%gmem_addr = getelementptr i16 %gmem, i64 %sext_ln41" [equalizer.cpp:41]   --->   Operation 26 'getelementptr' 'gmem_addr' <Predicate = (!tmp)> <Delay = 0.00>
ST_1 : Operation 27 [1/1] (1.91ns)   --->   "%add_ln39 = add i8 %i, i8 255" [equalizer.cpp:39]   --->   Operation 27 'add' 'add_ln39' <Predicate = (!tmp)> <Delay = 1.91> <CoreInst = "Adder">   --->   Core 1 'Adder' <Latency = 0> <II = 1> <Delay = 1.91> <FuncUnit> <Opcode : 'add' 'sub'> <InPorts = 2> <OutPorts = 1>
ST_1 : Operation 28 [1/1] (1.58ns)   --->   "%store_ln39 = store i8 %add_ln39, i8 %i_1" [equalizer.cpp:39]   --->   Operation 28 'store' 'store_ln39' <Predicate = (!tmp)> <Delay = 1.58>

State 2 <SV = 1> <Delay = 7.30>
ST_2 : Operation 29 [1/1] (7.30ns)   --->   "%gmem_addr_2_req = writereq i1 @_ssdm_op_WriteReq.m_axi.i16P1A, i64 %gmem_addr, i32 1" [equalizer.cpp:41]   --->   Operation 29 'writereq' 'gmem_addr_2_req' <Predicate = true> <Delay = 7.30> <CoreInst = "m_axi">   --->   Core 113 'm_axi' <Latency = 0> <II = 1> <Delay = 1.00> <Adapter> <Opcode : 'read' 'write' 'readreq' 'writereq' 'writeresp'>

State 3 <SV = 2> <Delay = 7.30>
ST_3 : Operation 30 [1/1] (7.30ns)   --->   "%write_ln41 = write void @_ssdm_op_Write.m_axi.i16P1A, i64 %gmem_addr, i16 0, i2 3" [equalizer.cpp:41]   --->   Operation 30 'write' 'write_ln41' <Predicate = true> <Delay = 7.30> <CoreInst = "m_axi">   --->   Core 113 'm_axi' <Latency = 0> <II = 1> <Delay = 1.00> <Adapter> <Opcode : 'read' 'write' 'readreq' 'writereq' 'writeresp'>

State 4 <SV = 3> <Delay = 7.30>
ST_4 : Operation 31 [5/5] (7.30ns)   --->   "%gmem_addr_2_resp = writeresp i1 @_ssdm_op_WriteResp.m_axi.i16P1A, i64 %gmem_addr" [equalizer.cpp:41]   --->   Operation 31 'writeresp' 'gmem_addr_2_resp' <Predicate = true> <Delay = 7.30> <CoreInst = "m_axi">   --->   Core 113 'm_axi' <Latency = 0> <II = 1> <Delay = 1.00> <Adapter> <Opcode : 'read' 'write' 'readreq' 'writereq' 'writeresp'>

State 5 <SV = 4> <Delay = 7.30>
ST_5 : Operation 32 [4/5] (7.30ns)   --->   "%gmem_addr_2_resp = writeresp i1 @_ssdm_op_WriteResp.m_axi.i16P1A, i64 %gmem_addr" [equalizer.cpp:41]   --->   Operation 32 'writeresp' 'gmem_addr_2_resp' <Predicate = true> <Delay = 7.30> <CoreInst = "m_axi">   --->   Core 113 'm_axi' <Latency = 0> <II = 1> <Delay = 1.00> <Adapter> <Opcode : 'read' 'write' 'readreq' 'writereq' 'writeresp'>

State 6 <SV = 5> <Delay = 7.30>
ST_6 : Operation 33 [3/5] (7.30ns)   --->   "%gmem_addr_2_resp = writeresp i1 @_ssdm_op_WriteResp.m_axi.i16P1A, i64 %gmem_addr" [equalizer.cpp:41]   --->   Operation 33 'writeresp' 'gmem_addr_2_resp' <Predicate = true> <Delay = 7.30> <CoreInst = "m_axi">   --->   Core 113 'm_axi' <Latency = 0> <II = 1> <Delay = 1.00> <Adapter> <Opcode : 'read' 'write' 'readreq' 'writereq' 'writeresp'>

State 7 <SV = 6> <Delay = 7.30>
ST_7 : Operation 34 [2/5] (7.30ns)   --->   "%gmem_addr_2_resp = writeresp i1 @_ssdm_op_WriteResp.m_axi.i16P1A, i64 %gmem_addr" [equalizer.cpp:41]   --->   Operation 34 'writeresp' 'gmem_addr_2_resp' <Predicate = true> <Delay = 7.30> <CoreInst = "m_axi">   --->   Core 113 'm_axi' <Latency = 0> <II = 1> <Delay = 1.00> <Adapter> <Opcode : 'read' 'write' 'readreq' 'writereq' 'writeresp'>
ST_7 : Operation 39 [1/1] (0.00ns)   --->   "%ret_ln0 = ret"   --->   Operation 39 'ret' 'ret_ln0' <Predicate = (tmp)> <Delay = 0.00>

State 8 <SV = 7> <Delay = 7.30>
ST_8 : Operation 35 [1/1] (0.00ns)   --->   "%specpipeline_ln40 = specpipeline void @_ssdm_op_SpecPipeline, i32 4294967295, i32 0, i32 0, i32 0, void @empty_0" [equalizer.cpp:40]   --->   Operation 35 'specpipeline' 'specpipeline_ln40' <Predicate = true> <Delay = 0.00>
ST_8 : Operation 36 [1/1] (0.00ns)   --->   "%specloopname_ln9 = specloopname void @_ssdm_op_SpecLoopName, void @empty_13" [equalizer.cpp:9]   --->   Operation 36 'specloopname' 'specloopname_ln9' <Predicate = true> <Delay = 0.00>
ST_8 : Operation 37 [1/5] (7.30ns)   --->   "%gmem_addr_2_resp = writeresp i1 @_ssdm_op_WriteResp.m_axi.i16P1A, i64 %gmem_addr" [equalizer.cpp:41]   --->   Operation 37 'writeresp' 'gmem_addr_2_resp' <Predicate = true> <Delay = 7.30> <CoreInst = "m_axi">   --->   Core 113 'm_axi' <Latency = 0> <II = 1> <Delay = 1.00> <Adapter> <Opcode : 'read' 'write' 'readreq' 'writereq' 'writeresp'>
ST_8 : Operation 38 [1/1] (0.00ns)   --->   "%br_ln39 = br void %for.inc" [equalizer.cpp:39]   --->   Operation 38 'br' 'br_ln39' <Predicate = true> <Delay = 0.00>


============================================================
+ Verbose Summary: Binding
============================================================
STG Binding: 
---------------- STG Properties BEGIN ----------------
- Is combinational: 0
- Is one-state seq: 0
- Is datapath-only: 0
- Is pipelined: 0
- Is top level: 0
Port [ Return ] is wired: 1; IO mode=ap_ctrl_hs:ce=0
Port [ gmem]:  wired=1; compound=1; hidden=0; nouse=0; global=0; static=0; extern=0; dir=1; type=4; pingpong=0; private_global=0; IO mode=m_axi:ce=0
Port [ coefs]:  wired=1; compound=0; hidden=0; nouse=0; global=0; static=0; extern=0; dir=0; type=0; pingpong=0; private_global=0; IO mode=ap_none:ce=0
---------------- STG Properties END ------------------

---------------- Datapath Model BEGIN ----------------

<LifeTime>
<method=bitvector/>
i_1               (alloca           ) [ 010000000]
specinterface_ln0 (specinterface    ) [ 000000000]
coefs_read        (read             ) [ 000000000]
store_ln0         (store            ) [ 000000000]
br_ln0            (br               ) [ 000000000]
i                 (load             ) [ 000000000]
specbitsmap_ln0   (specbitsmap      ) [ 000000000]
tmp               (bitselect        ) [ 011111110]
empty             (speclooptripcount) [ 000000000]
br_ln39           (br               ) [ 000000000]
shl_ln41          (shl              ) [ 000000000]
zext_ln41         (zext             ) [ 000000000]
add_ln41          (add              ) [ 000000000]
trunc_ln3         (partselect       ) [ 000000000]
sext_ln41         (sext             ) [ 000000000]
gmem_addr         (getelementptr    ) [ 011111111]
add_ln39          (add              ) [ 000000000]
store_ln39        (store            ) [ 000000000]
gmem_addr_2_req   (writereq         ) [ 000000000]
write_ln41        (write            ) [ 000000000]
specpipeline_ln40 (specpipeline     ) [ 000000000]
specloopname_ln9  (specloopname     ) [ 000000000]
gmem_addr_2_resp  (writeresp        ) [ 000000000]
br_ln39           (br               ) [ 000000000]
ret_ln0           (ret              ) [ 000000000]
</LifeTime>

<model>

<comp_list>
<comp id="0" class="1000" name="gmem">
<pin_list>
<pin id="1" dir="1" index="0" bw="1" slack="0"/>
</pin_list>
<bind>
<StgValue><ssdm name="gmem"/></StgValue>
</bind>
</comp>

<comp id="2" class="1000" name="coefs">
<pin_list>
<pin id="3" dir="1" index="0" bw="1" slack="0"/>
</pin_list>
<bind>
<StgValue><ssdm name="coefs"/></StgValue>
</bind>
</comp>

<comp id="4" class="1001" name="const_4">
<pin_list>
<pin id="5" dir="1" index="0" bw="1" slack="0"/>
</pin_list>
<bind>
<StgValue><ssdm name=""/></StgValue>
</bind>
</comp>

<comp id="6" class="1001" name="const_6">
<pin_list>
<pin id="7" dir="1" index="0" bw="1" slack="2147483647"/>
</pin_list>
<bind>
<StgValue><ssdm name="_ssdm_op_SpecInterface"/></StgValue>
</bind>
</comp>

<comp id="8" class="1001" name="const_8">
<pin_list>
<pin id="9" dir="1" index="0" bw="1" slack="2147483647"/>
</pin_list>
<bind>
<StgValue><ssdm name="empty"/></StgValue>
</bind>
</comp>

<comp id="10" class="1001" name="const_10">
<pin_list>
<pin id="11" dir="1" index="0" bw="1" slack="2147483647"/>
</pin_list>
<bind>
<StgValue><ssdm name=""/></StgValue>
</bind>
</comp>

<comp id="12" class="1001" name="const_12">
<pin_list>
<pin id="13" dir="1" index="0" bw="1" slack="2147483647"/>
</pin_list>
<bind>
<StgValue><ssdm name="empty_0"/></StgValue>
</bind>
</comp>

<comp id="14" class="1001" name="const_14">
<pin_list>
<pin id="15" dir="1" index="0" bw="1" slack="2147483647"/>
</pin_list>
<bind>
<StgValue><ssdm name=""/></StgValue>
</bind>
</comp>

<comp id="16" class="1001" name="const_16">
<pin_list>
<pin id="17" dir="1" index="0" bw="1" slack="2147483647"/>
</pin_list>
<bind>
<StgValue><ssdm name="empty_1"/></StgValue>
</bind>
</comp>

<comp id="18" class="1001" name="const_18">
<pin_list>
<pin id="19" dir="1" index="0" bw="1" slack="2147483647"/>
</pin_list>
<bind>
<StgValue><ssdm name="empty_2"/></StgValue>
</bind>
</comp>

<comp id="20" class="1001" name="const_20">
<pin_list>
<pin id="21" dir="1" index="0" bw="1" slack="2147483647"/>
</pin_list>
<bind>
<StgValue><ssdm name=""/></StgValue>
</bind>
</comp>

<comp id="22" class="1001" name="const_22">
<pin_list>
<pin id="23" dir="1" index="0" bw="1" slack="2147483647"/>
</pin_list>
<bind>
<StgValue><ssdm name=""/></StgValue>
</bind>
</comp>

<comp id="24" class="1001" name="const_24">
<pin_list>
<pin id="25" dir="1" index="0" bw="1" slack="0"/>
</pin_list>
<bind>
<StgValue><ssdm name="_ssdm_op_Read.ap_auto.i64"/></StgValue>
</bind>
</comp>

<comp id="26" class="1001" name="const_26">
<pin_list>
<pin id="27" dir="1" index="0" bw="1" slack="0"/>
</pin_list>
<bind>
<StgValue><ssdm name=""/></StgValue>
</bind>
</comp>

<comp id="28" class="1001" name="const_28">
<pin_list>
<pin id="29" dir="1" index="0" bw="1" slack="2147483647"/>
</pin_list>
<bind>
<StgValue><ssdm name="_ssdm_op_SpecBitsMap"/></StgValue>
</bind>
</comp>

<comp id="30" class="1001" name="const_30">
<pin_list>
<pin id="31" dir="1" index="0" bw="1" slack="0"/>
</pin_list>
<bind>
<StgValue><ssdm name="_ssdm_op_BitSelect.i1.i8.i32"/></StgValue>
</bind>
</comp>

<comp id="32" class="1001" name="const_32">
<pin_list>
<pin id="33" dir="1" index="0" bw="1" slack="0"/>
</pin_list>
<bind>
<StgValue><ssdm name=""/></StgValue>
</bind>
</comp>

<comp id="34" class="1001" name="const_34">
<pin_list>
<pin id="35" dir="1" index="0" bw="1" slack="2147483647"/>
</pin_list>
<bind>
<StgValue><ssdm name="_ssdm_op_SpecLoopTripCount"/></StgValue>
</bind>
</comp>

<comp id="36" class="1001" name="const_36">
<pin_list>
<pin id="37" dir="1" index="0" bw="1" slack="2147483647"/>
</pin_list>
<bind>
<StgValue><ssdm name=""/></StgValue>
</bind>
</comp>

<comp id="38" class="1001" name="const_38">
<pin_list>
<pin id="39" dir="1" index="0" bw="1" slack="0"/>
</pin_list>
<bind>
<StgValue><ssdm name=""/></StgValue>
</bind>
</comp>

<comp id="40" class="1001" name="const_40">
<pin_list>
<pin id="41" dir="1" index="0" bw="1" slack="0"/>
</pin_list>
<bind>
<StgValue><ssdm name="_ssdm_op_PartSelect.i63.i64.i32.i32"/></StgValue>
</bind>
</comp>

<comp id="42" class="1001" name="const_42">
<pin_list>
<pin id="43" dir="1" index="0" bw="1" slack="0"/>
</pin_list>
<bind>
<StgValue><ssdm name=""/></StgValue>
</bind>
</comp>

<comp id="44" class="1001" name="const_44">
<pin_list>
<pin id="45" dir="1" index="0" bw="1" slack="0"/>
</pin_list>
<bind>
<StgValue><ssdm name=""/></StgValue>
</bind>
</comp>

<comp id="46" class="1001" name="const_46">
<pin_list>
<pin id="47" dir="1" index="0" bw="1" slack="0"/>
</pin_list>
<bind>
<StgValue><ssdm name="_ssdm_op_WriteReq.m_axi.i16P1A"/></StgValue>
</bind>
</comp>

<comp id="48" class="1001" name="const_48">
<pin_list>
<pin id="49" dir="1" index="0" bw="1" slack="0"/>
</pin_list>
<bind>
<StgValue><ssdm name="_ssdm_op_Write.m_axi.i16P1A"/></StgValue>
</bind>
</comp>

<comp id="50" class="1001" name="const_50">
<pin_list>
<pin id="51" dir="1" index="0" bw="1" slack="0"/>
</pin_list>
<bind>
<StgValue><ssdm name=""/></StgValue>
</bind>
</comp>

<comp id="52" class="1001" name="const_52">
<pin_list>
<pin id="53" dir="1" index="0" bw="1" slack="0"/>
</pin_list>
<bind>
<StgValue><ssdm name=""/></StgValue>
</bind>
</comp>

<comp id="54" class="1001" name="const_54">
<pin_list>
<pin id="55" dir="1" index="0" bw="1" slack="0"/>
</pin_list>
<bind>
<StgValue><ssdm name="_ssdm_op_WriteResp.m_axi.i16P1A"/></StgValue>
</bind>
</comp>

<comp id="56" class="1001" name="const_56">
<pin_list>
<pin id="57" dir="1" index="0" bw="1" slack="2147483647"/>
</pin_list>
<bind>
<StgValue><ssdm name="_ssdm_op_SpecPipeline"/></StgValue>
</bind>
</comp>

<comp id="58" class="1001" name="const_58">
<pin_list>
<pin id="59" dir="1" index="0" bw="1" slack="2147483647"/>
</pin_list>
<bind>
<StgValue><ssdm name="_ssdm_op_SpecLoopName"/></StgValue>
</bind>
</comp>

<comp id="60" class="1001" name="const_60">
<pin_list>
<pin id="61" dir="1" index="0" bw="1" slack="2147483647"/>
</pin_list>
<bind>
<StgValue><ssdm name="empty_13"/></StgValue>
</bind>
</comp>

<comp id="62" class="1004" name="i_1_fu_62">
<pin_list>
<pin id="63" dir="0" index="0" bw="1" slack="0"/>
<pin id="64" dir="1" index="1" bw="8" slack="0"/>
</pin_list>
<bind>
<opcode="alloca(26) " fcode="alloca"/>
<opset="i_1/1 "/>
</bind>
</comp>

<comp id="66" class="1004" name="coefs_read_read_fu_66">
<pin_list>
<pin id="67" dir="0" index="0" bw="64" slack="0"/>
<pin id="68" dir="0" index="1" bw="64" slack="0"/>
<pin id="69" dir="1" index="2" bw="64" slack="0"/>
</pin_list>
<bind>
<opcode="read(1150) " fcode="read"/>
<opset="coefs_read/1 "/>
</bind>
</comp>

<comp id="72" class="1004" name="grp_writeresp_fu_72">
<pin_list>
<pin id="73" dir="0" index="0" bw="1" slack="0"/>
<pin id="74" dir="0" index="1" bw="16" slack="1"/>
<pin id="75" dir="0" index="2" bw="1" slack="0"/>
<pin id="76" dir="1" index="3" bw="1" slack="2147483647"/>
</pin_list>
<bind>
<opcode="writereq(1155) writeresp(1158) " fcode="writeresp"/>
<opset="gmem_addr_2_req/2 gmem_addr_2_resp/4 "/>
</bind>
</comp>

<comp id="79" class="1004" name="write_ln41_write_fu_79">
<pin_list>
<pin id="80" dir="0" index="0" bw="0" slack="0"/>
<pin id="81" dir="0" index="1" bw="16" slack="2"/>
<pin id="82" dir="0" index="2" bw="1" slack="0"/>
<pin id="83" dir="0" index="3" bw="1" slack="0"/>
<pin id="84" dir="1" index="4" bw="0" slack="2147483647"/>
</pin_list>
<bind>
<opcode="write(1151) " fcode="write"/>
<opset="write_ln41/3 "/>
</bind>
</comp>

<comp id="89" class="1004" name="store_ln0_store_fu_89">
<pin_list>
<pin id="90" dir="0" index="0" bw="8" slack="0"/>
<pin id="91" dir="0" index="1" bw="8" slack="0"/>
<pin id="92" dir="1" index="2" bw="0" slack="2147483647"/>
</pin_list>
<bind>
<opcode="store(28) " fcode="store"/>
<opset="store_ln0/1 "/>
</bind>
</comp>

<comp id="94" class="1004" name="i_load_fu_94">
<pin_list>
<pin id="95" dir="0" index="0" bw="8" slack="0"/>
<pin id="96" dir="1" index="1" bw="8" slack="0"/>
</pin_list>
<bind>
<opcode="load(27) " fcode="load"/>
<opset="i/1 "/>
</bind>
</comp>

<comp id="97" class="1004" name="tmp_fu_97">
<pin_list>
<pin id="98" dir="0" index="0" bw="1" slack="0"/>
<pin id="99" dir="0" index="1" bw="8" slack="0"/>
<pin id="100" dir="0" index="2" bw="4" slack="0"/>
<pin id="101" dir="1" index="3" bw="1" slack="6"/>
</pin_list>
<bind>
<opcode="bitselect(1000) " fcode="bitselect"/>
<opset="tmp/1 "/>
</bind>
</comp>

<comp id="105" class="1004" name="shl_ln41_fu_105">
<pin_list>
<pin id="106" dir="0" index="0" bw="8" slack="0"/>
<pin id="107" dir="0" index="1" bw="1" slack="0"/>
<pin id="108" dir="1" index="2" bw="8" slack="0"/>
</pin_list>
<bind>
<opcode="shl(20) " fcode="shl"/>
<opset="shl_ln41/1 "/>
</bind>
</comp>

<comp id="111" class="1004" name="zext_ln41_fu_111">
<pin_list>
<pin id="112" dir="0" index="0" bw="8" slack="0"/>
<pin id="113" dir="1" index="1" bw="64" slack="0"/>
</pin_list>
<bind>
<opcode="zext(34) " fcode="zext"/>
<opset="zext_ln41/1 "/>
</bind>
</comp>

<comp id="115" class="1004" name="add_ln41_fu_115">
<pin_list>
<pin id="116" dir="0" index="0" bw="8" slack="0"/>
<pin id="117" dir="0" index="1" bw="64" slack="0"/>
<pin id="118" dir="1" index="2" bw="64" slack="0"/>
</pin_list>
<bind>
<opcode="add(8) " fcode="add"/>
<opset="add_ln41/1 "/>
</bind>
</comp>

<comp id="121" class="1004" name="trunc_ln3_fu_121">
<pin_list>
<pin id="122" dir="0" index="0" bw="63" slack="0"/>
<pin id="123" dir="0" index="1" bw="64" slack="0"/>
<pin id="124" dir="0" index="2" bw="1" slack="0"/>
<pin id="125" dir="0" index="3" bw="7" slack="0"/>
<pin id="126" dir="1" index="4" bw="63" slack="0"/>
</pin_list>
<bind>
<opcode="partselect(1002) " fcode="partselect"/>
<opset="trunc_ln3/1 "/>
</bind>
</comp>

<comp id="131" class="1004" name="sext_ln41_fu_131">
<pin_list>
<pin id="132" dir="0" index="0" bw="63" slack="0"/>
<pin id="133" dir="1" index="1" bw="64" slack="0"/>
</pin_list>
<bind>
<opcode="sext(35) " fcode="sext"/>
<opset="sext_ln41/1 "/>
</bind>
</comp>

<comp id="135" class="1004" name="gmem_addr_fu_135">
<pin_list>
<pin id="136" dir="0" index="0" bw="64" slack="0"/>
<pin id="137" dir="0" index="1" bw="64" slack="0"/>
<pin id="138" dir="1" index="2" bw="64" slack="1"/>
</pin_list>
<bind>
<opcode="getelementptr(29) " fcode="getelementptr"/>
<opset="gmem_addr/1 "/>
</bind>
</comp>

<comp id="141" class="1004" name="add_ln39_fu_141">
<pin_list>
<pin id="142" dir="0" index="0" bw="8" slack="0"/>
<pin id="143" dir="0" index="1" bw="1" slack="0"/>
<pin id="144" dir="1" index="2" bw="8" slack="0"/>
</pin_list>
<bind>
<opcode="add(8) " fcode="add"/>
<opset="add_ln39/1 "/>
</bind>
</comp>

<comp id="147" class="1004" name="store_ln39_store_fu_147">
<pin_list>
<pin id="148" dir="0" index="0" bw="8" slack="0"/>
<pin id="149" dir="0" index="1" bw="8" slack="0"/>
<pin id="150" dir="1" index="2" bw="0" slack="2147483647"/>
</pin_list>
<bind>
<opcode="store(28) " fcode="store"/>
<opset="store_ln39/1 "/>
</bind>
</comp>

<comp id="152" class="1005" name="i_1_reg_152">
<pin_list>
<pin id="153" dir="0" index="0" bw="8" slack="0"/>
<pin id="154" dir="1" index="1" bw="8" slack="0"/>
</pin_list>
<bind>
<opset="i_1 "/>
</bind>
</comp>

<comp id="159" class="1005" name="tmp_reg_159">
<pin_list>
<pin id="160" dir="0" index="0" bw="1" slack="6"/>
<pin id="161" dir="1" index="1" bw="1" slack="2147483647"/>
</pin_list>
<bind>
<opset="tmp "/>
</bind>
</comp>

<comp id="163" class="1005" name="gmem_addr_reg_163">
<pin_list>
<pin id="164" dir="0" index="0" bw="16" slack="1"/>
<pin id="165" dir="1" index="1" bw="16" slack="1"/>
</pin_list>
<bind>
<opset="gmem_addr "/>
</bind>
</comp>

</comp_list>

<net_list>
<net id="65"><net_src comp="4" pin="0"/><net_sink comp="62" pin=0"/></net>

<net id="70"><net_src comp="24" pin="0"/><net_sink comp="66" pin=0"/></net>

<net id="71"><net_src comp="2" pin="0"/><net_sink comp="66" pin=1"/></net>

<net id="77"><net_src comp="46" pin="0"/><net_sink comp="72" pin=0"/></net>

<net id="78"><net_src comp="4" pin="0"/><net_sink comp="72" pin=2"/></net>

<net id="85"><net_src comp="48" pin="0"/><net_sink comp="79" pin=0"/></net>

<net id="86"><net_src comp="50" pin="0"/><net_sink comp="79" pin=2"/></net>

<net id="87"><net_src comp="52" pin="0"/><net_sink comp="79" pin=3"/></net>

<net id="88"><net_src comp="54" pin="0"/><net_sink comp="72" pin=0"/></net>

<net id="93"><net_src comp="26" pin="0"/><net_sink comp="89" pin=0"/></net>

<net id="102"><net_src comp="30" pin="0"/><net_sink comp="97" pin=0"/></net>

<net id="103"><net_src comp="94" pin="1"/><net_sink comp="97" pin=1"/></net>

<net id="104"><net_src comp="32" pin="0"/><net_sink comp="97" pin=2"/></net>

<net id="109"><net_src comp="94" pin="1"/><net_sink comp="105" pin=0"/></net>

<net id="110"><net_src comp="38" pin="0"/><net_sink comp="105" pin=1"/></net>

<net id="114"><net_src comp="105" pin="2"/><net_sink comp="111" pin=0"/></net>

<net id="119"><net_src comp="111" pin="1"/><net_sink comp="115" pin=0"/></net>

<net id="120"><net_src comp="66" pin="2"/><net_sink comp="115" pin=1"/></net>

<net id="127"><net_src comp="40" pin="0"/><net_sink comp="121" pin=0"/></net>

<net id="128"><net_src comp="115" pin="2"/><net_sink comp="121" pin=1"/></net>

<net id="129"><net_src comp="4" pin="0"/><net_sink comp="121" pin=2"/></net>

<net id="130"><net_src comp="42" pin="0"/><net_sink comp="121" pin=3"/></net>

<net id="134"><net_src comp="121" pin="4"/><net_sink comp="131" pin=0"/></net>

<net id="139"><net_src comp="0" pin="0"/><net_sink comp="135" pin=0"/></net>

<net id="140"><net_src comp="131" pin="1"/><net_sink comp="135" pin=1"/></net>

<net id="145"><net_src comp="94" pin="1"/><net_sink comp="141" pin=0"/></net>

<net id="146"><net_src comp="44" pin="0"/><net_sink comp="141" pin=1"/></net>

<net id="151"><net_src comp="141" pin="2"/><net_sink comp="147" pin=0"/></net>

<net id="155"><net_src comp="62" pin="1"/><net_sink comp="152" pin=0"/></net>

<net id="156"><net_src comp="152" pin="1"/><net_sink comp="89" pin=1"/></net>

<net id="157"><net_src comp="152" pin="1"/><net_sink comp="94" pin=0"/></net>

<net id="158"><net_src comp="152" pin="1"/><net_sink comp="147" pin=1"/></net>

<net id="162"><net_src comp="97" pin="3"/><net_sink comp="159" pin=0"/></net>

<net id="166"><net_src comp="135" pin="2"/><net_sink comp="163" pin=0"/></net>

<net id="167"><net_src comp="163" pin="1"/><net_sink comp="72" pin=1"/></net>

<net id="168"><net_src comp="163" pin="1"/><net_sink comp="79" pin=1"/></net>

</net_list>

</model> 
---------------- Datapath Model END ------------------

* FSMD analyzer results:
  - Output states:
	Port: gmem | {2 3 4 5 6 7 8 }
 - Input state : 
	Port: equalizer_Pipeline_Coef_Clear_Loop : gmem | {}
	Port: equalizer_Pipeline_Coef_Clear_Loop : coefs | {1 }
  - Chain level:
	State 1
		store_ln0 : 1
		i : 1
		tmp : 2
		br_ln39 : 3
		shl_ln41 : 2
		zext_ln41 : 2
		add_ln41 : 3
		trunc_ln3 : 4
		sext_ln41 : 5
		gmem_addr : 6
		add_ln39 : 2
		store_ln39 : 3
	State 2
	State 3
	State 4
	State 5
	State 6
	State 7
	State 8


============================================================
+ Verbose Summary: Datapath Resource usage 
============================================================

* Functional unit list:
|----------|------------------------|---------|---------|
| Operation|     Functional Unit    |    FF   |   LUT   |
|----------|------------------------|---------|---------|
|    add   |     add_ln41_fu_115    |    0    |    71   |
|          |     add_ln39_fu_141    |    0    |    15   |
|----------|------------------------|---------|---------|
|   read   |  coefs_read_read_fu_66 |    0    |    0    |
|----------|------------------------|---------|---------|
| writeresp|   grp_writeresp_fu_72  |    0    |    0    |
|----------|------------------------|---------|---------|
|   write  | write_ln41_write_fu_79 |    0    |    0    |
|----------|------------------------|---------|---------|
| bitselect|        tmp_fu_97       |    0    |    0    |
|----------|------------------------|---------|---------|
|    shl   |     shl_ln41_fu_105    |    0    |    0    |
|----------|------------------------|---------|---------|
|   zext   |    zext_ln41_fu_111    |    0    |    0    |
|----------|------------------------|---------|---------|
|partselect|    trunc_ln3_fu_121    |    0    |    0    |
|----------|------------------------|---------|---------|
|   sext   |    sext_ln41_fu_131    |    0    |    0    |
|----------|------------------------|---------|---------|
|   Total  |                        |    0    |    86   |
|----------|------------------------|---------|---------|

Memories:
N/A

* Register list:
+-----------------+--------+
|                 |   FF   |
+-----------------+--------+
|gmem_addr_reg_163|   16   |
|   i_1_reg_152   |    8   |
|   tmp_reg_159   |    1   |
+-----------------+--------+
|      Total      |   25   |
+-----------------+--------+

* Multiplexer (MUX) list: 
|---------------------|------|------|------|--------||---------|
|         Comp        |  Pin | Size |  BW  | S x BW ||  Delay  |
|---------------------|------|------|------|--------||---------|
| grp_writeresp_fu_72 |  p0  |   2  |   1  |    2   |
|---------------------|------|------|------|--------||---------|
|        Total        |      |      |      |    2   ||  1.588  |
|---------------------|------|------|------|--------||---------|



* Summary:
+-----------+--------+--------+--------+
|           |  Delay |   FF   |   LUT  |
+-----------+--------+--------+--------+
|  Function |    -   |    0   |   86   |
|   Memory  |    -   |    -   |    -   |
|Multiplexer|    1   |    -   |    -   |
|  Register |    -   |   25   |    -   |
+-----------+--------+--------+--------+
|   Total   |    1   |   25   |   86   |
+-----------+--------+--------+--------+
