INFO: [HLS 200-10] Running 'C:/Xilinx/Vitis_HLS/2022.1/bin/unwrapped/win64.o/vitis_hls.exe'
INFO: [HLS 200-10] For user 'meall.a' on host 'wfxa4bb6db88619' (Windows NT_amd64 version 6.2) on Wed Apr 17 16:57:46 -0400 2024
INFO: [HLS 200-10] In directory 'C:/EECE4632FinalProject/Audio_Equalizer/Audio_Equalizer_Vitis'
Sourcing Tcl script 'C:/EECE4632FinalProject/Audio_Equalizer/Audio_Equalizer_Vitis/equalizer/solution1/csynth.tcl'
INFO: [HLS 200-1510] Running: source C:/EECE4632FinalProject/Audio_Equalizer/Audio_Equalizer_Vitis/equalizer/solution1/csynth.tcl
INFO: [HLS 200-1510] Running: open_project equalizer 
INFO: [HLS 200-10] Opening project 'C:/EECE4632FinalProject/Audio_Equalizer/Audio_Equalizer_Vitis/equalizer'.
INFO: [HLS 200-1510] Running: set_top equalizer 
INFO: [HLS 200-1510] Running: add_files equalizer.cpp 
INFO: [HLS 200-10] Adding design file 'equalizer.cpp' to the project
INFO: [HLS 200-1510] Running: add_files equalizer.h 
INFO: [HLS 200-10] Adding design file 'equalizer.h' to the project
INFO: [HLS 200-1510] Running: add_files -tb equalizer_test.cpp -cflags -Wno-unknown-pragmas -csimflags -Wno-unknown-pragmas 
INFO: [HLS 200-10] Adding test bench file 'equalizer_test.cpp' to the project
INFO: [HLS 200-1510] Running: open_solution solution1 -flow_target vivado 
INFO: [HLS 200-10] Opening solution 'C:/EECE4632FinalProject/Audio_Equalizer/Audio_Equalizer_Vitis/equalizer/solution1'.
INFO: [SYN 201-201] Setting up clock 'default' with a period of 20ns.
INFO: [HLS 200-1611] Setting target device to 'xc7z020-clg400-1'
INFO: [HLS 200-1505] Using flow_target 'vivado'
Resolution: For help on HLS 200-1505 see www.xilinx.com/cgi-bin/docs/rdoc?v=2022.1;t=hls+guidance;d=200-1505.html
INFO: [HLS 200-1464] Running solution command: config_compile -pipeline_loops=0
INFO: [HLS 200-1464] Running solution command: config_compile -complex-mul-dsp=0
INFO: [HLS 200-1510] Running: set_part xc7z020-clg400-1 
INFO: [HLS 200-1510] Running: create_clock -period 20 -name default 
INFO: [HLS 200-1510] Running: config_compile -pipeline_loops 0 
INFO: [HLS 200-1510] Running: source ./equalizer/solution1/directives.tcl
INFO: [HLS 200-1510] Running: set_directive_top -name equalizer equalizer 
INFO: [HLS 200-1510] Running: csynth_design 
INFO: [HLS 200-111] Finished File checks and directory preparation: CPU user time: 0 seconds. CPU system time: 0 seconds. Elapsed time: 0.014 seconds; current allocated memory: 1.443 GB.
INFO: [HLS 200-10] Analyzing design file 'equalizer.cpp' ... 
INFO: [HLS 200-111] Finished Source Code Analysis and Preprocessing: CPU user time: 0 seconds. CPU system time: 0 seconds. Elapsed time: 3.549 seconds; current allocated memory: 1.443 GB.
INFO: [HLS 200-777] Using interface defaults for 'Vivado' flow target.
INFO: [HLS 214-131] Inlining function 'hls::axis<ap_int<32>, 1ul, 1ul, 1ul>::get_user_ptr()' into 'hls::stream<hls::axis<ap_int<32>, 1ul, 1ul, 1ul>, 0>::read(hls::axis<ap_int<32>, 1ul, 1ul, 1ul>&)' (C:/Xilinx/Vitis_HLS/2022.1/common/technology/autopilot\ap_axi_sdata.h:283:50)
INFO: [HLS 214-131] Inlining function 'hls::axis<ap_int<32>, 1ul, 1ul, 1ul>::get_dest_ptr()' into 'hls::stream<hls::axis<ap_int<32>, 1ul, 1ul, 1ul>, 0>::read(hls::axis<ap_int<32>, 1ul, 1ul, 1ul>&)' (C:/Xilinx/Vitis_HLS/2022.1/common/technology/autopilot\ap_axi_sdata.h:286:25)
INFO: [HLS 214-131] Inlining function 'hls::axis<ap_int<32>, 1ul, 1ul, 1ul>::get_id_ptr()' into 'hls::stream<hls::axis<ap_int<32>, 1ul, 1ul, 1ul>, 0>::read(hls::axis<ap_int<32>, 1ul, 1ul, 1ul>&)' (C:/Xilinx/Vitis_HLS/2022.1/common/technology/autopilot\ap_axi_sdata.h:285:67)
INFO: [HLS 214-131] Inlining function 'hls::axis<ap_int<32>, 1ul, 1ul, 1ul>::get_user_ptr()' into 'hls::stream<hls::axis<ap_int<32>, 1ul, 1ul, 1ul>, 0>::read(hls::axis<ap_int<32>, 1ul, 1ul, 1ul>&)' (C:/Xilinx/Vitis_HLS/2022.1/common/technology/autopilot\ap_axi_sdata.h:285:36)
INFO: [HLS 214-131] Inlining function 'hls::axis<ap_int<32>, 1ul, 1ul, 1ul>::get_dest_ptr()' into 'hls::stream<hls::axis<ap_int<32>, 1ul, 1ul, 1ul>, 0>::read(hls::axis<ap_int<32>, 1ul, 1ul, 1ul>&)' (C:/Xilinx/Vitis_HLS/2022.1/common/technology/autopilot\ap_axi_sdata.h:284:39)
INFO: [HLS 214-131] Inlining function 'hls::axis<ap_int<32>, 1ul, 1ul, 1ul>::get_id_ptr()' into 'hls::stream<hls::axis<ap_int<32>, 1ul, 1ul, 1ul>, 0>::read(hls::axis<ap_int<32>, 1ul, 1ul, 1ul>&)' (C:/Xilinx/Vitis_HLS/2022.1/common/technology/autopilot\ap_axi_sdata.h:284:23)
INFO: [HLS 214-131] Inlining function 'hls::stream<hls::axis<ap_int<32>, 1ul, 1ul, 1ul>, 0>::read(hls::axis<ap_int<32>, 1ul, 1ul, 1ul>&)' into 'equalizer(hls::stream<hls::axis<ap_int<32>, 1ul, 1ul, 1ul>, 0>&, int*, hls::stream<hls::axis<ap_int<32>, 1ul, 1ul, 1ul>, 0>&)' (equalizer.cpp:27:9)
INFO: [HLS 214-131] Inlining function 'ap_int_base<32, true>::to_int() const' into 'equalizer(hls::stream<hls::axis<ap_int<32>, 1ul, 1ul, 1ul>, 0>&, int*, hls::stream<hls::axis<ap_int<32>, 1ul, 1ul, 1ul>, 0>&)' (equalizer.cpp:31:18)
WARNING: [HLS 214-142] Implementing stream: may cause mismatch if read and write accesses are not in sequential order on port 'output_r' (equalizer.cpp:3:0)
Resolution: For help on HLS 214-142 see www.xilinx.com/cgi-bin/docs/rdoc?v=2022.1;t=hls+guidance;d=214-142.html
INFO: [HLS 200-111] Finished Compiling Optimization and Transform: CPU user time: 0 seconds. CPU system time: 0 seconds. Elapsed time: 3.211 seconds; current allocated memory: 1.443 GB.
INFO: [HLS 200-111] Finished Checking Pragmas: CPU user time: 0 seconds. CPU system time: 0 seconds. Elapsed time: 0.002 seconds; current allocated memory: 1.443 GB.
INFO: [HLS 200-10] Starting code transformations ...
INFO: [HLS 200-111] Finished Standard Transforms: CPU user time: 1 seconds. CPU system time: 0 seconds. Elapsed time: 0.051 seconds; current allocated memory: 1.443 GB.
INFO: [HLS 200-10] Checking synthesizability ...
WARNING: [SYNCHK 200-77] The top function 'equalizer' (equalizer.cpp:3) has no outputs. Possible cause(s) are: (1) Output parameters are passed by value; (2) intended outputs (parameters or global variables) are never written; (3) there are infinite loops.
INFO: [SYNCHK 200-10] 0 error(s), 1 warning(s).
INFO: [HLS 200-111] Finished Checking Synthesizability: CPU user time: 0 seconds. CPU system time: 0 seconds. Elapsed time: 0.093 seconds; current allocated memory: 1.443 GB.
INFO: [HLS 200-111] Finished Loop, function and other optimizations: CPU user time: 0 seconds. CPU system time: 0 seconds. Elapsed time: 0.097 seconds; current allocated memory: 1.443 GB.
WARNING: [XFORM 203-561] 'VITIS_LOOP_26_1' in function 'equalizer' is an infinite loop.
INFO: [HLS 200-111] Finished Architecture Synthesis: CPU user time: 0 seconds. CPU system time: 0 seconds. Elapsed time: 0.049 seconds; current allocated memory: 1.443 GB.
INFO: [HLS 200-10] Starting hardware synthesis ...
INFO: [HLS 200-10] Synthesizing 'equalizer' ...
INFO: [HLS 200-10] ----------------------------------------------------------------
INFO: [HLS 200-42] -- Implementing module 'equalizer' 
INFO: [HLS 200-10] ----------------------------------------------------------------
INFO: [SCHED 204-11] Starting scheduling ...
INFO: [SCHED 204-11] Finished scheduling.
INFO: [HLS 200-111] Finished Scheduling: CPU user time: 0 seconds. CPU system time: 0 seconds. Elapsed time: 0.19 seconds; current allocated memory: 1.443 GB.
INFO: [BIND 205-100] Starting micro-architecture generation ...
INFO: [BIND 205-101] Performing variable lifetime analysis.
INFO: [BIND 205-101] Exploring resource sharing.
INFO: [BIND 205-101] Binding ...
INFO: [BIND 205-100] Finished micro-architecture generation.
INFO: [HLS 200-111] Finished Binding: CPU user time: 0 seconds. CPU system time: 0 seconds. Elapsed time: 0.038 seconds; current allocated memory: 1.443 GB.
INFO: [HLS 200-10] ----------------------------------------------------------------
INFO: [HLS 200-10] -- Generating RTL for module 'equalizer' 
INFO: [HLS 200-10] ----------------------------------------------------------------
WARNING: [RTGEN 206-101] Design contains AXI ports. Reset is fixed to synchronous and active low.
INFO: [RTGEN 206-500] Setting interface mode on port 'equalizer/gmem' to 'm_axi'.
INFO: [RTGEN 206-500] Setting interface mode on port 'equalizer/output_r' to 'axis' (register, both mode).
INFO: [RTGEN 206-500] Setting interface mode on port 'equalizer/coefs' to 's_axilite & ap_none'.
INFO: [RTGEN 206-500] Setting interface mode on port 'equalizer/input_r_V_data_V' to 'axis' (register, both mode).
INFO: [RTGEN 206-500] Setting interface mode on port 'equalizer/input_r_V_keep_V' to 'axis' (register, both mode).
INFO: [RTGEN 206-500] Setting interface mode on port 'equalizer/input_r_V_strb_V' to 'axis' (register, both mode).
INFO: [RTGEN 206-500] Setting interface mode on port 'equalizer/input_r_V_user_V' to 'axis' (register, both mode).
INFO: [RTGEN 206-500] Setting interface mode on port 'equalizer/input_r_V_last_V' to 'axis' (register, both mode).
INFO: [RTGEN 206-500] Setting interface mode on port 'equalizer/input_r_V_id_V' to 'axis' (register, both mode).
INFO: [RTGEN 206-500] Setting interface mode on port 'equalizer/input_r_V_dest_V' to 'axis' (register, both mode).
INFO: [RTGEN 206-500] Setting interface mode on function 'equalizer' to 'ap_ctrl_none'.
INFO: [RTGEN 206-100] Bundling port 'coefs' to AXI-Lite port control.
WARNING: [RTGEN 206-101] Port 'equalizer/m_axi_gmem_AWVALID' has no fanin or fanout and is left dangling.
               Please use C simulation to confirm this function argument can be read from or written to.
WARNING: [RTGEN 206-101] Setting dangling out port 'equalizer/m_axi_gmem_AWVALID' to 0.
WARNING: [RTGEN 206-101] Port 'equalizer/m_axi_gmem_AWREADY' has no fanin or fanout and is left dangling.
               Please use C simulation to confirm this function argument can be read from or written to.
WARNING: [RTGEN 206-101] Port 'equalizer/m_axi_gmem_AWADDR' has no fanin or fanout and is left dangling.
               Please use C simulation to confirm this function argument can be read from or written to.
WARNING: [RTGEN 206-101] Setting dangling out port 'equalizer/m_axi_gmem_AWADDR' to 0.
WARNING: [RTGEN 206-101] Port 'equalizer/m_axi_gmem_AWID' has no fanin or fanout and is left dangling.
               Please use C simulation to confirm this function argument can be read from or written to.
WARNING: [RTGEN 206-101] Setting dangling out port 'equalizer/m_axi_gmem_AWID' to 0.
WARNING: [RTGEN 206-101] Port 'equalizer/m_axi_gmem_AWLEN' has no fanin or fanout and is left dangling.
               Please use C simulation to confirm this function argument can be read from or written to.
WARNING: [RTGEN 206-101] Setting dangling out port 'equalizer/m_axi_gmem_AWLEN' to 0.
WARNING: [RTGEN 206-101] Port 'equalizer/m_axi_gmem_AWSIZE' has no fanin or fanout and is left dangling.
               Please use C simulation to confirm this function argument can be read from or written to.
WARNING: [RTGEN 206-101] Setting dangling out port 'equalizer/m_axi_gmem_AWSIZE' to 0.
WARNING: [RTGEN 206-101] Port 'equalizer/m_axi_gmem_AWBURST' has no fanin or fanout and is left dangling.
               Please use C simulation to confirm this function argument can be read from or written to.
WARNING: [RTGEN 206-101] Setting dangling out port 'equalizer/m_axi_gmem_AWBURST' to 0.
WARNING: [RTGEN 206-101] Port 'equalizer/m_axi_gmem_AWLOCK' has no fanin or fanout and is left dangling.
               Please use C simulation to confirm this function argument can be read from or written to.
WARNING: [RTGEN 206-101] Setting dangling out port 'equalizer/m_axi_gmem_AWLOCK' to 0.
WARNING: [RTGEN 206-101] Port 'equalizer/m_axi_gmem_AWCACHE' has no fanin or fanout and is left dangling.
               Please use C simulation to confirm this function argument can be read from or written to.
WARNING: [RTGEN 206-101] Setting dangling out port 'equalizer/m_axi_gmem_AWCACHE' to 0.
WARNING: [RTGEN 206-101] Port 'equalizer/m_axi_gmem_AWPROT' has no fanin or fanout and is left dangling.
               Please use C simulation to confirm this function argument can be read from or written to.
WARNING: [RTGEN 206-101] Setting dangling out port 'equalizer/m_axi_gmem_AWPROT' to 0.
WARNING: [RTGEN 206-101] Port 'equalizer/m_axi_gmem_AWQOS' has no fanin or fanout and is left dangling.
               Please use C simulation to confirm this function argument can be read from or written to.
WARNING: [RTGEN 206-101] Setting dangling out port 'equalizer/m_axi_gmem_AWQOS' to 0.
WARNING: [RTGEN 206-101] Port 'equalizer/m_axi_gmem_AWREGION' has no fanin or fanout and is left dangling.
               Please use C simulation to confirm this function argument can be read from or written to.
WARNING: [RTGEN 206-101] Setting dangling out port 'equalizer/m_axi_gmem_AWREGION' to 0.
WARNING: [RTGEN 206-101] Port 'equalizer/m_axi_gmem_AWUSER' has no fanin or fanout and is left dangling.
               Please use C simulation to confirm this function argument can be read from or written to.
WARNING: [RTGEN 206-101] Setting dangling out port 'equalizer/m_axi_gmem_AWUSER' to 0.
WARNING: [RTGEN 206-101] Port 'equalizer/m_axi_gmem_WVALID' has no fanin or fanout and is left dangling.
               Please use C simulation to confirm this function argument can be read from or written to.
WARNING: [RTGEN 206-101] Setting dangling out port 'equalizer/m_axi_gmem_WVALID' to 0.
WARNING: [RTGEN 206-101] Port 'equalizer/m_axi_gmem_WREADY' has no fanin or fanout and is left dangling.
               Please use C simulation to confirm this function argument can be read from or written to.
WARNING: [RTGEN 206-101] Port 'equalizer/m_axi_gmem_WDATA' has no fanin or fanout and is left dangling.
               Please use C simulation to confirm this function argument can be read from or written to.
WARNING: [RTGEN 206-101] Setting dangling out port 'equalizer/m_axi_gmem_WDATA' to 0.
WARNING: [RTGEN 206-101] Port 'equalizer/m_axi_gmem_WSTRB' has no fanin or fanout and is left dangling.
               Please use C simulation to confirm this function argument can be read from or written to.
WARNING: [RTGEN 206-101] Setting dangling out port 'equalizer/m_axi_gmem_WSTRB' to 0.
WARNING: [RTGEN 206-101] Port 'equalizer/m_axi_gmem_WLAST' has no fanin or fanout and is left dangling.
               Please use C simulation to confirm this function argument can be read from or written to.
WARNING: [RTGEN 206-101] Setting dangling out port 'equalizer/m_axi_gmem_WLAST' to 0.
WARNING: [RTGEN 206-101] Port 'equalizer/m_axi_gmem_WID' has no fanin or fanout and is left dangling.
               Please use C simulation to confirm this function argument can be read from or written to.
WARNING: [RTGEN 206-101] Setting dangling out port 'equalizer/m_axi_gmem_WID' to 0.
WARNING: [RTGEN 206-101] Port 'equalizer/m_axi_gmem_WUSER' has no fanin or fanout and is left dangling.
               Please use C simulation to confirm this function argument can be read from or written to.
WARNING: [RTGEN 206-101] Setting dangling out port 'equalizer/m_axi_gmem_WUSER' to 0.
WARNING: [RTGEN 206-101] Port 'equalizer/m_axi_gmem_ARVALID' has no fanin or fanout and is left dangling.
               Please use C simulation to confirm this function argument can be read from or written to.
WARNING: [RTGEN 206-101] Setting dangling out port 'equalizer/m_axi_gmem_ARVALID' to 0.
WARNING: [RTGEN 206-101] Port 'equalizer/m_axi_gmem_ARREADY' has no fanin or fanout and is left dangling.
               Please use C simulation to confirm this function argument can be read from or written to.
WARNING: [RTGEN 206-101] Port 'equalizer/m_axi_gmem_ARADDR' has no fanin or fanout and is left dangling.
               Please use C simulation to confirm this function argument can be read from or written to.
WARNING: [RTGEN 206-101] Setting dangling out port 'equalizer/m_axi_gmem_ARADDR' to 0.
WARNING: [RTGEN 206-101] Port 'equalizer/m_axi_gmem_ARID' has no fanin or fanout and is left dangling.
               Please use C simulation to confirm this function argument can be read from or written to.
WARNING: [RTGEN 206-101] Setting dangling out port 'equalizer/m_axi_gmem_ARID' to 0.
WARNING: [RTGEN 206-101] Port 'equalizer/m_axi_gmem_ARLEN' has no fanin or fanout and is left dangling.
               Please use C simulation to confirm this function argument can be read from or written to.
WARNING: [RTGEN 206-101] Setting dangling out port 'equalizer/m_axi_gmem_ARLEN' to 0.
WARNING: [RTGEN 206-101] Port 'equalizer/m_axi_gmem_ARSIZE' has no fanin or fanout and is left dangling.
               Please use C simulation to confirm this function argument can be read from or written to.
WARNING: [RTGEN 206-101] Setting dangling out port 'equalizer/m_axi_gmem_ARSIZE' to 0.
WARNING: [RTGEN 206-101] Port 'equalizer/m_axi_gmem_ARBURST' has no fanin or fanout and is left dangling.
               Please use C simulation to confirm this function argument can be read from or written to.
WARNING: [RTGEN 206-101] Setting dangling out port 'equalizer/m_axi_gmem_ARBURST' to 0.
WARNING: [RTGEN 206-101] Port 'equalizer/m_axi_gmem_ARLOCK' has no fanin or fanout and is left dangling.
               Please use C simulation to confirm this function argument can be read from or written to.
WARNING: [RTGEN 206-101] Setting dangling out port 'equalizer/m_axi_gmem_ARLOCK' to 0.
WARNING: [RTGEN 206-101] Port 'equalizer/m_axi_gmem_ARCACHE' has no fanin or fanout and is left dangling.
               Please use C simulation to confirm this function argument can be read from or written to.
WARNING: [RTGEN 206-101] Setting dangling out port 'equalizer/m_axi_gmem_ARCACHE' to 0.
WARNING: [RTGEN 206-101] Port 'equalizer/m_axi_gmem_ARPROT' has no fanin or fanout and is left dangling.
               Please use C simulation to confirm this function argument can be read from or written to.
WARNING: [RTGEN 206-101] Setting dangling out port 'equalizer/m_axi_gmem_ARPROT' to 0.
WARNING: [RTGEN 206-101] Port 'equalizer/m_axi_gmem_ARQOS' has no fanin or fanout and is left dangling.
               Please use C simulation to confirm this function argument can be read from or written to.
WARNING: [RTGEN 206-101] Setting dangling out port 'equalizer/m_axi_gmem_ARQOS' to 0.
WARNING: [RTGEN 206-101] Port 'equalizer/m_axi_gmem_ARREGION' has no fanin or fanout and is left dangling.
               Please use C simulation to confirm this function argument can be read from or written to.
WARNING: [RTGEN 206-101] Setting dangling out port 'equalizer/m_axi_gmem_ARREGION' to 0.
WARNING: [RTGEN 206-101] Port 'equalizer/m_axi_gmem_ARUSER' has no fanin or fanout and is left dangling.
               Please use C simulation to confirm this function argument can be read from or written to.
WARNING: [RTGEN 206-101] Setting dangling out port 'equalizer/m_axi_gmem_ARUSER' to 0.
WARNING: [RTGEN 206-101] Port 'equalizer/m_axi_gmem_RVALID' has no fanin or fanout and is left dangling.
               Please use C simulation to confirm this function argument can be read from or written to.
WARNING: [RTGEN 206-101] Port 'equalizer/m_axi_gmem_RREADY' has no fanin or fanout and is left dangling.
               Please use C simulation to confirm this function argument can be read from or written to.
WARNING: [RTGEN 206-101] Setting dangling out port 'equalizer/m_axi_gmem_RREADY' to 0.
WARNING: [RTGEN 206-101] Port 'equalizer/m_axi_gmem_RDATA' has no fanin or fanout and is left dangling.
               Please use C simulation to confirm this function argument can be read from or written to.
WARNING: [RTGEN 206-101] Port 'equalizer/m_axi_gmem_RLAST' has no fanin or fanout and is left dangling.
               Please use C simulation to confirm this function argument can be read from or written to.
WARNING: [RTGEN 206-101] Port 'equalizer/m_axi_gmem_RID' has no fanin or fanout and is left dangling.
               Please use C simulation to confirm this function argument can be read from or written to.
WARNING: [RTGEN 206-101] Port 'equalizer/m_axi_gmem_RUSER' has no fanin or fanout and is left dangling.
               Please use C simulation to confirm this function argument can be read from or written to.
WARNING: [RTGEN 206-101] Port 'equalizer/m_axi_gmem_RRESP' has no fanin or fanout and is left dangling.
               Please use C simulation to confirm this function argument can be read from or written to.
WARNING: [RTGEN 206-101] Port 'equalizer/m_axi_gmem_BVALID' has no fanin or fanout and is left dangling.
               Please use C simulation to confirm this function argument can be read from or written to.
WARNING: [RTGEN 206-101] Port 'equalizer/m_axi_gmem_BREADY' has no fanin or fanout and is left dangling.
               Please use C simulation to confirm this function argument can be read from or written to.
WARNING: [RTGEN 206-101] Setting dangling out port 'equalizer/m_axi_gmem_BREADY' to 0.
WARNING: [RTGEN 206-101] Port 'equalizer/m_axi_gmem_BRESP' has no fanin or fanout and is left dangling.
               Please use C simulation to confirm this function argument can be read from or written to.
WARNING: [RTGEN 206-101] Port 'equalizer/m_axi_gmem_BID' has no fanin or fanout and is left dangling.
               Please use C simulation to confirm this function argument can be read from or written to.
WARNING: [RTGEN 206-101] Port 'equalizer/m_axi_gmem_BUSER' has no fanin or fanout and is left dangling.
               Please use C simulation to confirm this function argument can be read from or written to.
WARNING: [RTGEN 206-101] Port 'equalizer/output_r_TDATA' has no fanin or fanout and is left dangling.
               Please use C simulation to confirm this function argument can be read from or written to.
WARNING: [RTGEN 206-101] Port 'equalizer/output_r_TVALID' has no fanin or fanout and is left dangling.
               Please use C simulation to confirm this function argument can be read from or written to.
WARNING: [RTGEN 206-101] Port 'equalizer/output_r_TREADY' has no fanin or fanout and is left dangling.
               Please use C simulation to confirm this function argument can be read from or written to.
INFO: [RTGEN 206-100] Finished creating RTL model for 'equalizer'.
INFO: [HLS 200-111] Finished Creating RTL model: CPU user time: 0 seconds. CPU system time: 0 seconds. Elapsed time: 0.973 seconds; current allocated memory: 1.443 GB.
INFO: [HLS 200-111] Finished Generating all RTL models: CPU user time: 0 seconds. CPU system time: 0 seconds. Elapsed time: 0.275 seconds; current allocated memory: 1.443 GB.
INFO: [HLS 200-111] Finished Updating report files: CPU user time: 0 seconds. CPU system time: 1 seconds. Elapsed time: 0.476 seconds; current allocated memory: 1.443 GB.
INFO: [VHDL 208-304] Generating VHDL RTL for equalizer.
INFO: [VLOG 209-307] Generating Verilog RTL for equalizer.
INFO: [HLS 200-790] **** Loop Constraint Status: All loop constraints were satisfied.
INFO: [HLS 200-789] **** Estimated Fmax: 0.00 MHz
INFO: [HLS 200-111] Finished Command csynth_design CPU user time: 1 seconds. CPU system time: 1 seconds. Elapsed time: 9.086 seconds; current allocated memory: 0.000 MB.
INFO: [HLS 200-112] Total CPU user time: 4 seconds. Total CPU system time: 2 seconds. Total elapsed time: 11.752 seconds; peak allocated memory: 1.443 GB.
