

================================================================
== Vitis HLS Report for 'compression'
================================================================
* Date:           Mon Apr  1 16:30:46 2024

* Version:        2022.1 (Build 3526262 on Mon Apr 18 15:48:16 MDT 2022)
* Project:        Guitar_Effects
* Solution:       solution1 (Vivado IP Flow Target)
* Product family: zynq
* Target device:  xc7z020-clg400-1


================================================================
== Performance Estimates
================================================================
+ Timing: 
    * Summary: 
    +--------+----------+----------+------------+
    |  Clock |  Target  | Estimated| Uncertainty|
    +--------+----------+----------+------------+
    |ap_clk  |  10.00 ns|  6.504 ns|     2.70 ns|
    +--------+----------+----------+------------+

+ Latency: 
    * Summary: 
    +---------+---------+-----------+----------+-----+-----+---------+
    |  Latency (cycles) |  Latency (absolute)  |  Interval | Pipeline|
    |   min   |   max   |    min    |    max   | min | max |   Type  |
    +---------+---------+-----------+----------+-----+-----+---------+
    |        1|       48|  10.000 ns|  0.480 us|    1|   48|       no|
    +---------+---------+-----------+----------+-----+-----+---------+

    + Detail: 
        * Instance: 
        N/A

        * Loop: 
        N/A

============================================================
+ Verbose Summary: Synthesis Manager
============================================================
InlineROM: 1
ExposeGlobal: 0
============================================================
+ Verbose Summary: CDFG Model
============================================================
IsTopModel: 0
ResetActiveHigh: 1
IsCombinational: 0
IsDatapathOnly: 0
HasWiredReturn: 1
HasMFsm: 0
HasVarLatency: 1
IsPipeline: 0
IsRtlPipelined: 0
IsInstanceOverlapped: 0
IsDontTouch: 0
HasImplIP: 0
IsGatedGlobalClock: 0


============================================================
+ Verbose Summary: Schedule
============================================================
* Number of FSM states : 96
* Pipeline : 0
* Dataflow Pipeline: 0

* FSM state transitions: 
1 --> 2 49 50 
2 --> 3 
3 --> 4 
4 --> 5 
5 --> 6 
6 --> 7 
7 --> 8 
8 --> 9 
9 --> 10 
10 --> 11 
11 --> 12 
12 --> 13 
13 --> 14 
14 --> 15 
15 --> 16 
16 --> 17 
17 --> 18 
18 --> 19 
19 --> 20 
20 --> 21 
21 --> 22 
22 --> 23 
23 --> 24 
24 --> 25 
25 --> 26 
26 --> 27 
27 --> 28 
28 --> 29 
29 --> 30 
30 --> 31 
31 --> 32 
32 --> 33 
33 --> 34 
34 --> 35 
35 --> 36 
36 --> 37 
37 --> 38 
38 --> 39 
39 --> 40 
40 --> 41 
41 --> 42 
42 --> 43 
43 --> 44 
44 --> 45 
45 --> 46 
46 --> 47 
47 --> 48 
48 --> 49 
49 --> 
50 --> 51 
51 --> 52 
52 --> 53 
53 --> 54 
54 --> 55 
55 --> 56 
56 --> 57 
57 --> 58 
58 --> 59 
59 --> 60 
60 --> 61 
61 --> 62 
62 --> 63 
63 --> 64 
64 --> 65 
65 --> 66 
66 --> 67 
67 --> 68 
68 --> 69 
69 --> 70 
70 --> 71 
71 --> 72 
72 --> 73 
73 --> 74 
74 --> 75 
75 --> 76 
76 --> 77 
77 --> 78 
78 --> 79 
79 --> 80 
80 --> 81 
81 --> 82 
82 --> 83 
83 --> 84 
84 --> 85 
85 --> 86 
86 --> 87 
87 --> 88 
88 --> 89 
89 --> 90 
90 --> 91 
91 --> 92 
92 --> 93 
93 --> 94 
94 --> 95 
95 --> 96 
96 --> 49 

* FSM state operations: 

State 1 <SV = 0> <Delay = 6.50>
ST_1 : Operation 97 [1/1] (0.00ns)   --->   "%current_level_read_1 = read i32 @_ssdm_op_Read.ap_auto.i32, i32 %current_level_read" [guitar_effects.cpp:144]   --->   Operation 97 'read' 'current_level_read_1' <Predicate = true> <Delay = 0.00>
ST_1 : Operation 98 [1/1] (0.00ns)   --->   "%zero_threshold_read = read i32 @_ssdm_op_Read.ap_auto.i32, i32 %zero_threshold" [guitar_effects.cpp:144]   --->   Operation 98 'read' 'zero_threshold_read' <Predicate = true> <Delay = 0.00>
ST_1 : Operation 99 [1/1] (0.00ns)   --->   "%max_threshold_read = read i32 @_ssdm_op_Read.ap_auto.i32, i32 %max_threshold" [guitar_effects.cpp:144]   --->   Operation 99 'read' 'max_threshold_read' <Predicate = true> <Delay = 0.00>
ST_1 : Operation 100 [1/1] (0.00ns)   --->   "%min_threshold_read = read i32 @_ssdm_op_Read.ap_auto.i32, i32 %min_threshold" [guitar_effects.cpp:144]   --->   Operation 100 'read' 'min_threshold_read' <Predicate = true> <Delay = 0.00>
ST_1 : Operation 101 [1/1] (0.00ns)   --->   "%input_read = read i32 @_ssdm_op_Read.ap_auto.i32, i32 %input_r" [guitar_effects.cpp:144]   --->   Operation 101 'read' 'input_read' <Predicate = true> <Delay = 0.00>
ST_1 : Operation 102 [1/1] (0.00ns)   --->   "%values_buffer_addr = getelementptr i32 %values_buffer, i64 0, i64 0" [guitar_effects.cpp:144]   --->   Operation 102 'getelementptr' 'values_buffer_addr' <Predicate = true> <Delay = 0.00>
ST_1 : Operation 103 [1/1] (0.00ns)   --->   "%tmp = bitselect i1 @_ssdm_op_BitSelect.i1.i32.i32, i32 %input_read, i32 31" [guitar_effects.cpp:132]   --->   Operation 103 'bitselect' 'tmp' <Predicate = true> <Delay = 0.00>
ST_1 : Operation 104 [1/1] (2.55ns)   --->   "%sub_ln133 = sub i32 0, i32 %input_read" [guitar_effects.cpp:133]   --->   Operation 104 'sub' 'sub_ln133' <Predicate = true> <Delay = 2.55> <CoreInst = "Adder">   --->   Core 1 'Adder' <Latency = 0> <II = 1> <Delay = 2.55> <FuncUnit> <Opcode : 'add' 'sub'> <InPorts = 2> <OutPorts = 1>
ST_1 : Operation 105 [1/1] (0.69ns)   --->   "%abs_in = select i1 %tmp, i32 %sub_ln133, i32 %input_read" [guitar_effects.cpp:132]   --->   Operation 105 'select' 'abs_in' <Predicate = true> <Delay = 0.69> <CoreInst = "Sel">   --->   Core 73 'Sel' <Latency = 0> <II = 1> <Delay = 0.69> <FuncUnit> <Opcode : 'select'> <InPorts = 3> <OutPorts = 1>
ST_1 : Operation 106 [1/1] (3.25ns)   --->   "%store_ln137 = store i32 %abs_in, i9 %values_buffer_addr" [guitar_effects.cpp:137]   --->   Operation 106 'store' 'store_ln137' <Predicate = true> <Delay = 3.25> <CoreInst = "RAM">   --->   Core 82 'RAM' <Latency = 1> <II = 1> <Delay = 3.25> <Storage> <Opcode : 'load' 'store'> <Ports = 2> <Width = 32> <Depth = 441> <RAM>
ST_1 : Operation 107 [1/1] (2.47ns)   --->   "%icmp_ln151 = icmp_sgt  i32 %current_level_read_1, i32 %max_threshold_read" [guitar_effects.cpp:151]   --->   Operation 107 'icmp' 'icmp_ln151' <Predicate = true> <Delay = 2.47> <CoreInst = "Cmp">   --->   Core 9 'Cmp' <Latency = 0> <II = 1> <Delay = 2.47> <FuncUnit> <Opcode : 'icmp'> <InPorts = 2> <OutPorts = 1>
ST_1 : Operation 108 [1/1] (2.47ns)   --->   "%icmp_ln152 = icmp_sgt  i32 %current_level_read_1, i32 0" [guitar_effects.cpp:152]   --->   Operation 108 'icmp' 'icmp_ln152' <Predicate = true> <Delay = 2.47> <CoreInst = "Cmp">   --->   Core 9 'Cmp' <Latency = 0> <II = 1> <Delay = 2.47> <FuncUnit> <Opcode : 'icmp'> <InPorts = 2> <OutPorts = 1>
ST_1 : Operation 109 [1/1] (0.00ns)   --->   "%br_ln151 = br i1 %icmp_ln151, void %if.else17, void %if.then10" [guitar_effects.cpp:151]   --->   Operation 109 'br' 'br_ln151' <Predicate = true> <Delay = 0.00>
ST_1 : Operation 110 [1/1] (2.47ns)   --->   "%icmp_ln160 = icmp_slt  i32 %current_level_read_1, i32 %min_threshold_read" [guitar_effects.cpp:160]   --->   Operation 110 'icmp' 'icmp_ln160' <Predicate = (!icmp_ln151)> <Delay = 2.47> <CoreInst = "Cmp">   --->   Core 9 'Cmp' <Latency = 0> <II = 1> <Delay = 2.47> <FuncUnit> <Opcode : 'icmp'> <InPorts = 2> <OutPorts = 1>
ST_1 : Operation 111 [1/1] (2.47ns)   --->   "%icmp_ln160_1 = icmp_sgt  i32 %current_level_read_1, i32 %zero_threshold_read" [guitar_effects.cpp:160]   --->   Operation 111 'icmp' 'icmp_ln160_1' <Predicate = (!icmp_ln151)> <Delay = 2.47> <CoreInst = "Cmp">   --->   Core 9 'Cmp' <Latency = 0> <II = 1> <Delay = 2.47> <FuncUnit> <Opcode : 'icmp'> <InPorts = 2> <OutPorts = 1>
ST_1 : Operation 112 [1/1] (0.00ns) (grouped into LUT with out node and_ln160_1)   --->   "%and_ln160 = and i1 %icmp_ln160_1, i1 %icmp_ln152" [guitar_effects.cpp:160]   --->   Operation 112 'and' 'and_ln160' <Predicate = (!icmp_ln151)> <Delay = 0.00> <CoreInst = "LogicGate">   --->   Core 74 'LogicGate' <Latency = 0> <II = 1> <Delay = 0.97> <FuncUnit> <Opcode : 'and' 'or' 'xor'> <InPorts = 2> <OutPorts = 1>
ST_1 : Operation 113 [1/1] (0.97ns) (out node of the LUT)   --->   "%and_ln160_1 = and i1 %and_ln160, i1 %icmp_ln160" [guitar_effects.cpp:160]   --->   Operation 113 'and' 'and_ln160_1' <Predicate = (!icmp_ln151)> <Delay = 0.97> <CoreInst = "LogicGate">   --->   Core 74 'LogicGate' <Latency = 0> <II = 1> <Delay = 0.97> <FuncUnit> <Opcode : 'and' 'or' 'xor'> <InPorts = 2> <OutPorts = 1>
ST_1 : Operation 114 [1/1] (1.70ns)   --->   "%br_ln160 = br i1 %and_ln160_1, void %if.end32, void %if.then22" [guitar_effects.cpp:160]   --->   Operation 114 'br' 'br_ln160' <Predicate = (!icmp_ln151)> <Delay = 1.70>
ST_1 : Operation 115 [36/36] (4.13ns)   --->   "%sdiv_ln162 = sdiv i32 %min_threshold_read, i32 %current_level_read_1" [guitar_effects.cpp:162]   --->   Operation 115 'sdiv' 'sdiv_ln162' <Predicate = (!icmp_ln151 & and_ln160_1)> <Delay = 4.13> <CoreInst = "DivnS_SEQ">   --->   Core 7 'DivnS_SEQ' <Latency = 35> <II = 32> <Delay = 4.13> <FuncUnit> <Opcode : 'sdiv' 'srem' 'udiv' 'urem'> <InPorts = 2> <OutPorts = 1>
ST_1 : Operation 116 [1/1] (1.70ns)   --->   "%br_ln152 = br i1 %icmp_ln152, void %if.end32, void %if.then12" [guitar_effects.cpp:152]   --->   Operation 116 'br' 'br_ln152' <Predicate = (icmp_ln151)> <Delay = 1.70>
ST_1 : Operation 117 [36/36] (4.13ns)   --->   "%sdiv_ln154 = sdiv i32 %max_threshold_read, i32 %current_level_read_1" [guitar_effects.cpp:154]   --->   Operation 117 'sdiv' 'sdiv_ln154' <Predicate = (icmp_ln151 & icmp_ln152)> <Delay = 4.13> <CoreInst = "DivnS_SEQ">   --->   Core 7 'DivnS_SEQ' <Latency = 35> <II = 32> <Delay = 4.13> <FuncUnit> <Opcode : 'sdiv' 'srem' 'udiv' 'urem'> <InPorts = 2> <OutPorts = 1>

State 2 <SV = 1> <Delay = 4.13>
ST_2 : Operation 118 [35/36] (4.13ns)   --->   "%sdiv_ln162 = sdiv i32 %min_threshold_read, i32 %current_level_read_1" [guitar_effects.cpp:162]   --->   Operation 118 'sdiv' 'sdiv_ln162' <Predicate = true> <Delay = 4.13> <CoreInst = "DivnS_SEQ">   --->   Core 7 'DivnS_SEQ' <Latency = 35> <II = 32> <Delay = 4.13> <FuncUnit> <Opcode : 'sdiv' 'srem' 'udiv' 'urem'> <InPorts = 2> <OutPorts = 1>

State 3 <SV = 2> <Delay = 4.13>
ST_3 : Operation 119 [34/36] (4.13ns)   --->   "%sdiv_ln162 = sdiv i32 %min_threshold_read, i32 %current_level_read_1" [guitar_effects.cpp:162]   --->   Operation 119 'sdiv' 'sdiv_ln162' <Predicate = true> <Delay = 4.13> <CoreInst = "DivnS_SEQ">   --->   Core 7 'DivnS_SEQ' <Latency = 35> <II = 32> <Delay = 4.13> <FuncUnit> <Opcode : 'sdiv' 'srem' 'udiv' 'urem'> <InPorts = 2> <OutPorts = 1>

State 4 <SV = 3> <Delay = 4.13>
ST_4 : Operation 120 [33/36] (4.13ns)   --->   "%sdiv_ln162 = sdiv i32 %min_threshold_read, i32 %current_level_read_1" [guitar_effects.cpp:162]   --->   Operation 120 'sdiv' 'sdiv_ln162' <Predicate = true> <Delay = 4.13> <CoreInst = "DivnS_SEQ">   --->   Core 7 'DivnS_SEQ' <Latency = 35> <II = 32> <Delay = 4.13> <FuncUnit> <Opcode : 'sdiv' 'srem' 'udiv' 'urem'> <InPorts = 2> <OutPorts = 1>

State 5 <SV = 4> <Delay = 4.13>
ST_5 : Operation 121 [32/36] (4.13ns)   --->   "%sdiv_ln162 = sdiv i32 %min_threshold_read, i32 %current_level_read_1" [guitar_effects.cpp:162]   --->   Operation 121 'sdiv' 'sdiv_ln162' <Predicate = true> <Delay = 4.13> <CoreInst = "DivnS_SEQ">   --->   Core 7 'DivnS_SEQ' <Latency = 35> <II = 32> <Delay = 4.13> <FuncUnit> <Opcode : 'sdiv' 'srem' 'udiv' 'urem'> <InPorts = 2> <OutPorts = 1>

State 6 <SV = 5> <Delay = 4.13>
ST_6 : Operation 122 [31/36] (4.13ns)   --->   "%sdiv_ln162 = sdiv i32 %min_threshold_read, i32 %current_level_read_1" [guitar_effects.cpp:162]   --->   Operation 122 'sdiv' 'sdiv_ln162' <Predicate = true> <Delay = 4.13> <CoreInst = "DivnS_SEQ">   --->   Core 7 'DivnS_SEQ' <Latency = 35> <II = 32> <Delay = 4.13> <FuncUnit> <Opcode : 'sdiv' 'srem' 'udiv' 'urem'> <InPorts = 2> <OutPorts = 1>

State 7 <SV = 6> <Delay = 4.13>
ST_7 : Operation 123 [30/36] (4.13ns)   --->   "%sdiv_ln162 = sdiv i32 %min_threshold_read, i32 %current_level_read_1" [guitar_effects.cpp:162]   --->   Operation 123 'sdiv' 'sdiv_ln162' <Predicate = true> <Delay = 4.13> <CoreInst = "DivnS_SEQ">   --->   Core 7 'DivnS_SEQ' <Latency = 35> <II = 32> <Delay = 4.13> <FuncUnit> <Opcode : 'sdiv' 'srem' 'udiv' 'urem'> <InPorts = 2> <OutPorts = 1>

State 8 <SV = 7> <Delay = 4.13>
ST_8 : Operation 124 [29/36] (4.13ns)   --->   "%sdiv_ln162 = sdiv i32 %min_threshold_read, i32 %current_level_read_1" [guitar_effects.cpp:162]   --->   Operation 124 'sdiv' 'sdiv_ln162' <Predicate = true> <Delay = 4.13> <CoreInst = "DivnS_SEQ">   --->   Core 7 'DivnS_SEQ' <Latency = 35> <II = 32> <Delay = 4.13> <FuncUnit> <Opcode : 'sdiv' 'srem' 'udiv' 'urem'> <InPorts = 2> <OutPorts = 1>

State 9 <SV = 8> <Delay = 4.13>
ST_9 : Operation 125 [28/36] (4.13ns)   --->   "%sdiv_ln162 = sdiv i32 %min_threshold_read, i32 %current_level_read_1" [guitar_effects.cpp:162]   --->   Operation 125 'sdiv' 'sdiv_ln162' <Predicate = true> <Delay = 4.13> <CoreInst = "DivnS_SEQ">   --->   Core 7 'DivnS_SEQ' <Latency = 35> <II = 32> <Delay = 4.13> <FuncUnit> <Opcode : 'sdiv' 'srem' 'udiv' 'urem'> <InPorts = 2> <OutPorts = 1>

State 10 <SV = 9> <Delay = 4.13>
ST_10 : Operation 126 [27/36] (4.13ns)   --->   "%sdiv_ln162 = sdiv i32 %min_threshold_read, i32 %current_level_read_1" [guitar_effects.cpp:162]   --->   Operation 126 'sdiv' 'sdiv_ln162' <Predicate = true> <Delay = 4.13> <CoreInst = "DivnS_SEQ">   --->   Core 7 'DivnS_SEQ' <Latency = 35> <II = 32> <Delay = 4.13> <FuncUnit> <Opcode : 'sdiv' 'srem' 'udiv' 'urem'> <InPorts = 2> <OutPorts = 1>

State 11 <SV = 10> <Delay = 4.13>
ST_11 : Operation 127 [26/36] (4.13ns)   --->   "%sdiv_ln162 = sdiv i32 %min_threshold_read, i32 %current_level_read_1" [guitar_effects.cpp:162]   --->   Operation 127 'sdiv' 'sdiv_ln162' <Predicate = true> <Delay = 4.13> <CoreInst = "DivnS_SEQ">   --->   Core 7 'DivnS_SEQ' <Latency = 35> <II = 32> <Delay = 4.13> <FuncUnit> <Opcode : 'sdiv' 'srem' 'udiv' 'urem'> <InPorts = 2> <OutPorts = 1>

State 12 <SV = 11> <Delay = 4.13>
ST_12 : Operation 128 [25/36] (4.13ns)   --->   "%sdiv_ln162 = sdiv i32 %min_threshold_read, i32 %current_level_read_1" [guitar_effects.cpp:162]   --->   Operation 128 'sdiv' 'sdiv_ln162' <Predicate = true> <Delay = 4.13> <CoreInst = "DivnS_SEQ">   --->   Core 7 'DivnS_SEQ' <Latency = 35> <II = 32> <Delay = 4.13> <FuncUnit> <Opcode : 'sdiv' 'srem' 'udiv' 'urem'> <InPorts = 2> <OutPorts = 1>

State 13 <SV = 12> <Delay = 4.13>
ST_13 : Operation 129 [24/36] (4.13ns)   --->   "%sdiv_ln162 = sdiv i32 %min_threshold_read, i32 %current_level_read_1" [guitar_effects.cpp:162]   --->   Operation 129 'sdiv' 'sdiv_ln162' <Predicate = true> <Delay = 4.13> <CoreInst = "DivnS_SEQ">   --->   Core 7 'DivnS_SEQ' <Latency = 35> <II = 32> <Delay = 4.13> <FuncUnit> <Opcode : 'sdiv' 'srem' 'udiv' 'urem'> <InPorts = 2> <OutPorts = 1>

State 14 <SV = 13> <Delay = 4.13>
ST_14 : Operation 130 [23/36] (4.13ns)   --->   "%sdiv_ln162 = sdiv i32 %min_threshold_read, i32 %current_level_read_1" [guitar_effects.cpp:162]   --->   Operation 130 'sdiv' 'sdiv_ln162' <Predicate = true> <Delay = 4.13> <CoreInst = "DivnS_SEQ">   --->   Core 7 'DivnS_SEQ' <Latency = 35> <II = 32> <Delay = 4.13> <FuncUnit> <Opcode : 'sdiv' 'srem' 'udiv' 'urem'> <InPorts = 2> <OutPorts = 1>

State 15 <SV = 14> <Delay = 4.13>
ST_15 : Operation 131 [22/36] (4.13ns)   --->   "%sdiv_ln162 = sdiv i32 %min_threshold_read, i32 %current_level_read_1" [guitar_effects.cpp:162]   --->   Operation 131 'sdiv' 'sdiv_ln162' <Predicate = true> <Delay = 4.13> <CoreInst = "DivnS_SEQ">   --->   Core 7 'DivnS_SEQ' <Latency = 35> <II = 32> <Delay = 4.13> <FuncUnit> <Opcode : 'sdiv' 'srem' 'udiv' 'urem'> <InPorts = 2> <OutPorts = 1>

State 16 <SV = 15> <Delay = 4.13>
ST_16 : Operation 132 [21/36] (4.13ns)   --->   "%sdiv_ln162 = sdiv i32 %min_threshold_read, i32 %current_level_read_1" [guitar_effects.cpp:162]   --->   Operation 132 'sdiv' 'sdiv_ln162' <Predicate = true> <Delay = 4.13> <CoreInst = "DivnS_SEQ">   --->   Core 7 'DivnS_SEQ' <Latency = 35> <II = 32> <Delay = 4.13> <FuncUnit> <Opcode : 'sdiv' 'srem' 'udiv' 'urem'> <InPorts = 2> <OutPorts = 1>

State 17 <SV = 16> <Delay = 4.13>
ST_17 : Operation 133 [20/36] (4.13ns)   --->   "%sdiv_ln162 = sdiv i32 %min_threshold_read, i32 %current_level_read_1" [guitar_effects.cpp:162]   --->   Operation 133 'sdiv' 'sdiv_ln162' <Predicate = true> <Delay = 4.13> <CoreInst = "DivnS_SEQ">   --->   Core 7 'DivnS_SEQ' <Latency = 35> <II = 32> <Delay = 4.13> <FuncUnit> <Opcode : 'sdiv' 'srem' 'udiv' 'urem'> <InPorts = 2> <OutPorts = 1>

State 18 <SV = 17> <Delay = 4.13>
ST_18 : Operation 134 [19/36] (4.13ns)   --->   "%sdiv_ln162 = sdiv i32 %min_threshold_read, i32 %current_level_read_1" [guitar_effects.cpp:162]   --->   Operation 134 'sdiv' 'sdiv_ln162' <Predicate = true> <Delay = 4.13> <CoreInst = "DivnS_SEQ">   --->   Core 7 'DivnS_SEQ' <Latency = 35> <II = 32> <Delay = 4.13> <FuncUnit> <Opcode : 'sdiv' 'srem' 'udiv' 'urem'> <InPorts = 2> <OutPorts = 1>

State 19 <SV = 18> <Delay = 4.13>
ST_19 : Operation 135 [18/36] (4.13ns)   --->   "%sdiv_ln162 = sdiv i32 %min_threshold_read, i32 %current_level_read_1" [guitar_effects.cpp:162]   --->   Operation 135 'sdiv' 'sdiv_ln162' <Predicate = true> <Delay = 4.13> <CoreInst = "DivnS_SEQ">   --->   Core 7 'DivnS_SEQ' <Latency = 35> <II = 32> <Delay = 4.13> <FuncUnit> <Opcode : 'sdiv' 'srem' 'udiv' 'urem'> <InPorts = 2> <OutPorts = 1>

State 20 <SV = 19> <Delay = 4.13>
ST_20 : Operation 136 [17/36] (4.13ns)   --->   "%sdiv_ln162 = sdiv i32 %min_threshold_read, i32 %current_level_read_1" [guitar_effects.cpp:162]   --->   Operation 136 'sdiv' 'sdiv_ln162' <Predicate = true> <Delay = 4.13> <CoreInst = "DivnS_SEQ">   --->   Core 7 'DivnS_SEQ' <Latency = 35> <II = 32> <Delay = 4.13> <FuncUnit> <Opcode : 'sdiv' 'srem' 'udiv' 'urem'> <InPorts = 2> <OutPorts = 1>

State 21 <SV = 20> <Delay = 4.13>
ST_21 : Operation 137 [16/36] (4.13ns)   --->   "%sdiv_ln162 = sdiv i32 %min_threshold_read, i32 %current_level_read_1" [guitar_effects.cpp:162]   --->   Operation 137 'sdiv' 'sdiv_ln162' <Predicate = true> <Delay = 4.13> <CoreInst = "DivnS_SEQ">   --->   Core 7 'DivnS_SEQ' <Latency = 35> <II = 32> <Delay = 4.13> <FuncUnit> <Opcode : 'sdiv' 'srem' 'udiv' 'urem'> <InPorts = 2> <OutPorts = 1>

State 22 <SV = 21> <Delay = 4.13>
ST_22 : Operation 138 [15/36] (4.13ns)   --->   "%sdiv_ln162 = sdiv i32 %min_threshold_read, i32 %current_level_read_1" [guitar_effects.cpp:162]   --->   Operation 138 'sdiv' 'sdiv_ln162' <Predicate = true> <Delay = 4.13> <CoreInst = "DivnS_SEQ">   --->   Core 7 'DivnS_SEQ' <Latency = 35> <II = 32> <Delay = 4.13> <FuncUnit> <Opcode : 'sdiv' 'srem' 'udiv' 'urem'> <InPorts = 2> <OutPorts = 1>

State 23 <SV = 22> <Delay = 4.13>
ST_23 : Operation 139 [14/36] (4.13ns)   --->   "%sdiv_ln162 = sdiv i32 %min_threshold_read, i32 %current_level_read_1" [guitar_effects.cpp:162]   --->   Operation 139 'sdiv' 'sdiv_ln162' <Predicate = true> <Delay = 4.13> <CoreInst = "DivnS_SEQ">   --->   Core 7 'DivnS_SEQ' <Latency = 35> <II = 32> <Delay = 4.13> <FuncUnit> <Opcode : 'sdiv' 'srem' 'udiv' 'urem'> <InPorts = 2> <OutPorts = 1>

State 24 <SV = 23> <Delay = 4.13>
ST_24 : Operation 140 [13/36] (4.13ns)   --->   "%sdiv_ln162 = sdiv i32 %min_threshold_read, i32 %current_level_read_1" [guitar_effects.cpp:162]   --->   Operation 140 'sdiv' 'sdiv_ln162' <Predicate = true> <Delay = 4.13> <CoreInst = "DivnS_SEQ">   --->   Core 7 'DivnS_SEQ' <Latency = 35> <II = 32> <Delay = 4.13> <FuncUnit> <Opcode : 'sdiv' 'srem' 'udiv' 'urem'> <InPorts = 2> <OutPorts = 1>

State 25 <SV = 24> <Delay = 4.13>
ST_25 : Operation 141 [12/36] (4.13ns)   --->   "%sdiv_ln162 = sdiv i32 %min_threshold_read, i32 %current_level_read_1" [guitar_effects.cpp:162]   --->   Operation 141 'sdiv' 'sdiv_ln162' <Predicate = true> <Delay = 4.13> <CoreInst = "DivnS_SEQ">   --->   Core 7 'DivnS_SEQ' <Latency = 35> <II = 32> <Delay = 4.13> <FuncUnit> <Opcode : 'sdiv' 'srem' 'udiv' 'urem'> <InPorts = 2> <OutPorts = 1>

State 26 <SV = 25> <Delay = 4.13>
ST_26 : Operation 142 [11/36] (4.13ns)   --->   "%sdiv_ln162 = sdiv i32 %min_threshold_read, i32 %current_level_read_1" [guitar_effects.cpp:162]   --->   Operation 142 'sdiv' 'sdiv_ln162' <Predicate = true> <Delay = 4.13> <CoreInst = "DivnS_SEQ">   --->   Core 7 'DivnS_SEQ' <Latency = 35> <II = 32> <Delay = 4.13> <FuncUnit> <Opcode : 'sdiv' 'srem' 'udiv' 'urem'> <InPorts = 2> <OutPorts = 1>

State 27 <SV = 26> <Delay = 4.13>
ST_27 : Operation 143 [10/36] (4.13ns)   --->   "%sdiv_ln162 = sdiv i32 %min_threshold_read, i32 %current_level_read_1" [guitar_effects.cpp:162]   --->   Operation 143 'sdiv' 'sdiv_ln162' <Predicate = true> <Delay = 4.13> <CoreInst = "DivnS_SEQ">   --->   Core 7 'DivnS_SEQ' <Latency = 35> <II = 32> <Delay = 4.13> <FuncUnit> <Opcode : 'sdiv' 'srem' 'udiv' 'urem'> <InPorts = 2> <OutPorts = 1>

State 28 <SV = 27> <Delay = 4.13>
ST_28 : Operation 144 [9/36] (4.13ns)   --->   "%sdiv_ln162 = sdiv i32 %min_threshold_read, i32 %current_level_read_1" [guitar_effects.cpp:162]   --->   Operation 144 'sdiv' 'sdiv_ln162' <Predicate = true> <Delay = 4.13> <CoreInst = "DivnS_SEQ">   --->   Core 7 'DivnS_SEQ' <Latency = 35> <II = 32> <Delay = 4.13> <FuncUnit> <Opcode : 'sdiv' 'srem' 'udiv' 'urem'> <InPorts = 2> <OutPorts = 1>

State 29 <SV = 28> <Delay = 4.13>
ST_29 : Operation 145 [8/36] (4.13ns)   --->   "%sdiv_ln162 = sdiv i32 %min_threshold_read, i32 %current_level_read_1" [guitar_effects.cpp:162]   --->   Operation 145 'sdiv' 'sdiv_ln162' <Predicate = true> <Delay = 4.13> <CoreInst = "DivnS_SEQ">   --->   Core 7 'DivnS_SEQ' <Latency = 35> <II = 32> <Delay = 4.13> <FuncUnit> <Opcode : 'sdiv' 'srem' 'udiv' 'urem'> <InPorts = 2> <OutPorts = 1>

State 30 <SV = 29> <Delay = 4.13>
ST_30 : Operation 146 [7/36] (4.13ns)   --->   "%sdiv_ln162 = sdiv i32 %min_threshold_read, i32 %current_level_read_1" [guitar_effects.cpp:162]   --->   Operation 146 'sdiv' 'sdiv_ln162' <Predicate = true> <Delay = 4.13> <CoreInst = "DivnS_SEQ">   --->   Core 7 'DivnS_SEQ' <Latency = 35> <II = 32> <Delay = 4.13> <FuncUnit> <Opcode : 'sdiv' 'srem' 'udiv' 'urem'> <InPorts = 2> <OutPorts = 1>

State 31 <SV = 30> <Delay = 4.13>
ST_31 : Operation 147 [6/36] (4.13ns)   --->   "%sdiv_ln162 = sdiv i32 %min_threshold_read, i32 %current_level_read_1" [guitar_effects.cpp:162]   --->   Operation 147 'sdiv' 'sdiv_ln162' <Predicate = true> <Delay = 4.13> <CoreInst = "DivnS_SEQ">   --->   Core 7 'DivnS_SEQ' <Latency = 35> <II = 32> <Delay = 4.13> <FuncUnit> <Opcode : 'sdiv' 'srem' 'udiv' 'urem'> <InPorts = 2> <OutPorts = 1>

State 32 <SV = 31> <Delay = 4.13>
ST_32 : Operation 148 [5/36] (4.13ns)   --->   "%sdiv_ln162 = sdiv i32 %min_threshold_read, i32 %current_level_read_1" [guitar_effects.cpp:162]   --->   Operation 148 'sdiv' 'sdiv_ln162' <Predicate = true> <Delay = 4.13> <CoreInst = "DivnS_SEQ">   --->   Core 7 'DivnS_SEQ' <Latency = 35> <II = 32> <Delay = 4.13> <FuncUnit> <Opcode : 'sdiv' 'srem' 'udiv' 'urem'> <InPorts = 2> <OutPorts = 1>

State 33 <SV = 32> <Delay = 4.13>
ST_33 : Operation 149 [4/36] (4.13ns)   --->   "%sdiv_ln162 = sdiv i32 %min_threshold_read, i32 %current_level_read_1" [guitar_effects.cpp:162]   --->   Operation 149 'sdiv' 'sdiv_ln162' <Predicate = true> <Delay = 4.13> <CoreInst = "DivnS_SEQ">   --->   Core 7 'DivnS_SEQ' <Latency = 35> <II = 32> <Delay = 4.13> <FuncUnit> <Opcode : 'sdiv' 'srem' 'udiv' 'urem'> <InPorts = 2> <OutPorts = 1>

State 34 <SV = 33> <Delay = 4.13>
ST_34 : Operation 150 [3/36] (4.13ns)   --->   "%sdiv_ln162 = sdiv i32 %min_threshold_read, i32 %current_level_read_1" [guitar_effects.cpp:162]   --->   Operation 150 'sdiv' 'sdiv_ln162' <Predicate = true> <Delay = 4.13> <CoreInst = "DivnS_SEQ">   --->   Core 7 'DivnS_SEQ' <Latency = 35> <II = 32> <Delay = 4.13> <FuncUnit> <Opcode : 'sdiv' 'srem' 'udiv' 'urem'> <InPorts = 2> <OutPorts = 1>

State 35 <SV = 34> <Delay = 4.13>
ST_35 : Operation 151 [2/36] (4.13ns)   --->   "%sdiv_ln162 = sdiv i32 %min_threshold_read, i32 %current_level_read_1" [guitar_effects.cpp:162]   --->   Operation 151 'sdiv' 'sdiv_ln162' <Predicate = true> <Delay = 4.13> <CoreInst = "DivnS_SEQ">   --->   Core 7 'DivnS_SEQ' <Latency = 35> <II = 32> <Delay = 4.13> <FuncUnit> <Opcode : 'sdiv' 'srem' 'udiv' 'urem'> <InPorts = 2> <OutPorts = 1>

State 36 <SV = 35> <Delay = 4.13>
ST_36 : Operation 152 [1/36] (4.13ns)   --->   "%sdiv_ln162 = sdiv i32 %min_threshold_read, i32 %current_level_read_1" [guitar_effects.cpp:162]   --->   Operation 152 'sdiv' 'sdiv_ln162' <Predicate = true> <Delay = 4.13> <CoreInst = "DivnS_SEQ">   --->   Core 7 'DivnS_SEQ' <Latency = 35> <II = 32> <Delay = 4.13> <FuncUnit> <Opcode : 'sdiv' 'srem' 'udiv' 'urem'> <InPorts = 2> <OutPorts = 1>

State 37 <SV = 36> <Delay = 6.41>
ST_37 : Operation 153 [6/6] (6.41ns)   --->   "%compression_factor_1 = sitofp i32 %sdiv_ln162" [guitar_effects.cpp:162]   --->   Operation 153 'sitofp' 'compression_factor_1' <Predicate = true> <Delay = 6.41> <CoreInst = "Int2Float">   --->   Core 62 'Int2Float' <Latency = 5> <II = 1> <Delay = 6.41> <FuncUnit> <Opcode : 'sitofp' 'uitofp'> <InPorts = 1> <OutPorts = 1>
ST_37 : Operation 154 [6/6] (6.41ns)   --->   "%conv2 = sitofp i32 %input_read" [guitar_effects.cpp:163]   --->   Operation 154 'sitofp' 'conv2' <Predicate = true> <Delay = 6.41> <CoreInst = "Int2Float">   --->   Core 62 'Int2Float' <Latency = 5> <II = 1> <Delay = 6.41> <FuncUnit> <Opcode : 'sitofp' 'uitofp'> <InPorts = 1> <OutPorts = 1>

State 38 <SV = 37> <Delay = 6.41>
ST_38 : Operation 155 [5/6] (6.41ns)   --->   "%compression_factor_1 = sitofp i32 %sdiv_ln162" [guitar_effects.cpp:162]   --->   Operation 155 'sitofp' 'compression_factor_1' <Predicate = true> <Delay = 6.41> <CoreInst = "Int2Float">   --->   Core 62 'Int2Float' <Latency = 5> <II = 1> <Delay = 6.41> <FuncUnit> <Opcode : 'sitofp' 'uitofp'> <InPorts = 1> <OutPorts = 1>
ST_38 : Operation 156 [5/6] (6.41ns)   --->   "%conv2 = sitofp i32 %input_read" [guitar_effects.cpp:163]   --->   Operation 156 'sitofp' 'conv2' <Predicate = true> <Delay = 6.41> <CoreInst = "Int2Float">   --->   Core 62 'Int2Float' <Latency = 5> <II = 1> <Delay = 6.41> <FuncUnit> <Opcode : 'sitofp' 'uitofp'> <InPorts = 1> <OutPorts = 1>

State 39 <SV = 38> <Delay = 6.41>
ST_39 : Operation 157 [4/6] (6.41ns)   --->   "%compression_factor_1 = sitofp i32 %sdiv_ln162" [guitar_effects.cpp:162]   --->   Operation 157 'sitofp' 'compression_factor_1' <Predicate = true> <Delay = 6.41> <CoreInst = "Int2Float">   --->   Core 62 'Int2Float' <Latency = 5> <II = 1> <Delay = 6.41> <FuncUnit> <Opcode : 'sitofp' 'uitofp'> <InPorts = 1> <OutPorts = 1>
ST_39 : Operation 158 [4/6] (6.41ns)   --->   "%conv2 = sitofp i32 %input_read" [guitar_effects.cpp:163]   --->   Operation 158 'sitofp' 'conv2' <Predicate = true> <Delay = 6.41> <CoreInst = "Int2Float">   --->   Core 62 'Int2Float' <Latency = 5> <II = 1> <Delay = 6.41> <FuncUnit> <Opcode : 'sitofp' 'uitofp'> <InPorts = 1> <OutPorts = 1>

State 40 <SV = 39> <Delay = 6.41>
ST_40 : Operation 159 [3/6] (6.41ns)   --->   "%compression_factor_1 = sitofp i32 %sdiv_ln162" [guitar_effects.cpp:162]   --->   Operation 159 'sitofp' 'compression_factor_1' <Predicate = true> <Delay = 6.41> <CoreInst = "Int2Float">   --->   Core 62 'Int2Float' <Latency = 5> <II = 1> <Delay = 6.41> <FuncUnit> <Opcode : 'sitofp' 'uitofp'> <InPorts = 1> <OutPorts = 1>
ST_40 : Operation 160 [3/6] (6.41ns)   --->   "%conv2 = sitofp i32 %input_read" [guitar_effects.cpp:163]   --->   Operation 160 'sitofp' 'conv2' <Predicate = true> <Delay = 6.41> <CoreInst = "Int2Float">   --->   Core 62 'Int2Float' <Latency = 5> <II = 1> <Delay = 6.41> <FuncUnit> <Opcode : 'sitofp' 'uitofp'> <InPorts = 1> <OutPorts = 1>

State 41 <SV = 40> <Delay = 6.41>
ST_41 : Operation 161 [2/6] (6.41ns)   --->   "%compression_factor_1 = sitofp i32 %sdiv_ln162" [guitar_effects.cpp:162]   --->   Operation 161 'sitofp' 'compression_factor_1' <Predicate = true> <Delay = 6.41> <CoreInst = "Int2Float">   --->   Core 62 'Int2Float' <Latency = 5> <II = 1> <Delay = 6.41> <FuncUnit> <Opcode : 'sitofp' 'uitofp'> <InPorts = 1> <OutPorts = 1>
ST_41 : Operation 162 [2/6] (6.41ns)   --->   "%conv2 = sitofp i32 %input_read" [guitar_effects.cpp:163]   --->   Operation 162 'sitofp' 'conv2' <Predicate = true> <Delay = 6.41> <CoreInst = "Int2Float">   --->   Core 62 'Int2Float' <Latency = 5> <II = 1> <Delay = 6.41> <FuncUnit> <Opcode : 'sitofp' 'uitofp'> <InPorts = 1> <OutPorts = 1>

State 42 <SV = 41> <Delay = 6.41>
ST_42 : Operation 163 [1/6] (6.41ns)   --->   "%compression_factor_1 = sitofp i32 %sdiv_ln162" [guitar_effects.cpp:162]   --->   Operation 163 'sitofp' 'compression_factor_1' <Predicate = true> <Delay = 6.41> <CoreInst = "Int2Float">   --->   Core 62 'Int2Float' <Latency = 5> <II = 1> <Delay = 6.41> <FuncUnit> <Opcode : 'sitofp' 'uitofp'> <InPorts = 1> <OutPorts = 1>
ST_42 : Operation 164 [1/6] (6.41ns)   --->   "%conv2 = sitofp i32 %input_read" [guitar_effects.cpp:163]   --->   Operation 164 'sitofp' 'conv2' <Predicate = true> <Delay = 6.41> <CoreInst = "Int2Float">   --->   Core 62 'Int2Float' <Latency = 5> <II = 1> <Delay = 6.41> <FuncUnit> <Opcode : 'sitofp' 'uitofp'> <InPorts = 1> <OutPorts = 1>

State 43 <SV = 42> <Delay = 5.70>
ST_43 : Operation 165 [4/4] (5.70ns)   --->   "%dc_1 = fmul i32 %conv2, i32 %compression_factor_1" [guitar_effects.cpp:163]   --->   Operation 165 'fmul' 'dc_1' <Predicate = true> <Delay = 5.70> <CoreInst = "FMul_maxdsp">   --->   Core 30 'FMul_maxdsp' <Latency = 3> <II = 1> <Delay = 5.70> <FuncUnit> <Opcode : 'fmul'> <InPorts = 2> <OutPorts = 1>

State 44 <SV = 43> <Delay = 5.70>
ST_44 : Operation 166 [3/4] (5.70ns)   --->   "%dc_1 = fmul i32 %conv2, i32 %compression_factor_1" [guitar_effects.cpp:163]   --->   Operation 166 'fmul' 'dc_1' <Predicate = true> <Delay = 5.70> <CoreInst = "FMul_maxdsp">   --->   Core 30 'FMul_maxdsp' <Latency = 3> <II = 1> <Delay = 5.70> <FuncUnit> <Opcode : 'fmul'> <InPorts = 2> <OutPorts = 1>

State 45 <SV = 44> <Delay = 5.70>
ST_45 : Operation 167 [2/4] (5.70ns)   --->   "%dc_1 = fmul i32 %conv2, i32 %compression_factor_1" [guitar_effects.cpp:163]   --->   Operation 167 'fmul' 'dc_1' <Predicate = true> <Delay = 5.70> <CoreInst = "FMul_maxdsp">   --->   Core 30 'FMul_maxdsp' <Latency = 3> <II = 1> <Delay = 5.70> <FuncUnit> <Opcode : 'fmul'> <InPorts = 2> <OutPorts = 1>

State 46 <SV = 45> <Delay = 5.70>
ST_46 : Operation 168 [1/4] (5.70ns)   --->   "%dc_1 = fmul i32 %conv2, i32 %compression_factor_1" [guitar_effects.cpp:163]   --->   Operation 168 'fmul' 'dc_1' <Predicate = true> <Delay = 5.70> <CoreInst = "FMul_maxdsp">   --->   Core 30 'FMul_maxdsp' <Latency = 3> <II = 1> <Delay = 5.70> <FuncUnit> <Opcode : 'fmul'> <InPorts = 2> <OutPorts = 1>

State 47 <SV = 46> <Delay = 2.88>
ST_47 : Operation 169 [1/1] (0.00ns)   --->   "%data_V_1 = bitcast i32 %dc_1" [r:/ci/prod/2022.1/rdi_builds/continuous/2022_04_18_3526262/src/shared/hls/clib/src/hls\utils/x_hls_utils.h:317]   --->   Operation 169 'bitcast' 'data_V_1' <Predicate = true> <Delay = 0.00>
ST_47 : Operation 170 [1/1] (0.00ns)   --->   "%p_Result_3 = bitselect i1 @_ssdm_op_BitSelect.i1.i32.i32, i32 %data_V_1, i32 31"   --->   Operation 170 'bitselect' 'p_Result_3' <Predicate = true> <Delay = 0.00>
ST_47 : Operation 171 [1/1] (0.00ns)   --->   "%xs_exp_V_1 = partselect i8 @_ssdm_op_PartSelect.i8.i32.i32.i32, i32 %data_V_1, i32 23, i32 30"   --->   Operation 171 'partselect' 'xs_exp_V_1' <Predicate = true> <Delay = 0.00>
ST_47 : Operation 172 [1/1] (0.00ns)   --->   "%p_Result_4 = trunc i32 %data_V_1"   --->   Operation 172 'trunc' 'p_Result_4' <Predicate = true> <Delay = 0.00>
ST_47 : Operation 173 [1/1] (0.00ns)   --->   "%zext_ln346_1 = zext i8 %xs_exp_V_1" [r:/ci/prod/2022.1/rdi_builds/continuous/2022_04_18_3526262/src/shared/hls/clib/src/hls\utils/x_hls_utils.h:346]   --->   Operation 173 'zext' 'zext_ln346_1' <Predicate = true> <Delay = 0.00>
ST_47 : Operation 174 [1/1] (1.91ns)   --->   "%add_ln346_1 = add i9 %zext_ln346_1, i9 385" [r:/ci/prod/2022.1/rdi_builds/continuous/2022_04_18_3526262/src/shared/hls/clib/src/hls\utils/x_hls_utils.h:346]   --->   Operation 174 'add' 'add_ln346_1' <Predicate = true> <Delay = 1.91> <CoreInst = "Adder">   --->   Core 1 'Adder' <Latency = 0> <II = 1> <Delay = 1.91> <FuncUnit> <Opcode : 'add' 'sub'> <InPorts = 2> <OutPorts = 1>
ST_47 : Operation 175 [1/1] (0.00ns)   --->   "%isNeg_1 = bitselect i1 @_ssdm_op_BitSelect.i1.i9.i32, i9 %add_ln346_1, i32 8"   --->   Operation 175 'bitselect' 'isNeg_1' <Predicate = true> <Delay = 0.00>
ST_47 : Operation 176 [1/1] (1.91ns)   --->   "%sub_ln1512_1 = sub i8 127, i8 %xs_exp_V_1"   --->   Operation 176 'sub' 'sub_ln1512_1' <Predicate = true> <Delay = 1.91> <CoreInst = "Adder">   --->   Core 1 'Adder' <Latency = 0> <II = 1> <Delay = 1.91> <FuncUnit> <Opcode : 'add' 'sub'> <InPorts = 2> <OutPorts = 1>
ST_47 : Operation 177 [1/1] (0.00ns)   --->   "%sext_ln1512_1 = sext i8 %sub_ln1512_1"   --->   Operation 177 'sext' 'sext_ln1512_1' <Predicate = true> <Delay = 0.00>
ST_47 : Operation 178 [1/1] (0.96ns)   --->   "%ush_1 = select i1 %isNeg_1, i9 %sext_ln1512_1, i9 %add_ln346_1"   --->   Operation 178 'select' 'ush_1' <Predicate = true> <Delay = 0.96> <CoreInst = "Sel">   --->   Core 73 'Sel' <Latency = 0> <II = 1> <Delay = 0.96> <FuncUnit> <Opcode : 'select'> <InPorts = 3> <OutPorts = 1>

State 48 <SV = 47> <Delay = 4.42>
ST_48 : Operation 179 [1/1] (0.00ns)   --->   "%mantissa_1 = bitconcatenate i25 @_ssdm_op_BitConcatenate.i25.i1.i23.i1, i1 1, i23 %p_Result_4, i1 0" [r:/ci/prod/2022.1/rdi_builds/continuous/2022_04_18_3526262/src/shared/hls/clib/hlsmath/include/FloatingPoint\hls_case_IEEE754.h:15]   --->   Operation 179 'bitconcatenate' 'mantissa_1' <Predicate = true> <Delay = 0.00>
ST_48 : Operation 180 [1/1] (0.00ns)   --->   "%zext_ln15_1 = zext i25 %mantissa_1" [r:/ci/prod/2022.1/rdi_builds/continuous/2022_04_18_3526262/src/shared/hls/clib/hlsmath/include/FloatingPoint\hls_case_IEEE754.h:15]   --->   Operation 180 'zext' 'zext_ln15_1' <Predicate = true> <Delay = 0.00>
ST_48 : Operation 181 [1/1] (0.00ns)   --->   "%sext_ln1488_1 = sext i9 %ush_1"   --->   Operation 181 'sext' 'sext_ln1488_1' <Predicate = true> <Delay = 0.00>
ST_48 : Operation 182 [1/1] (0.00ns)   --->   "%zext_ln1488_1 = zext i32 %sext_ln1488_1"   --->   Operation 182 'zext' 'zext_ln1488_1' <Predicate = true> <Delay = 0.00>
ST_48 : Operation 183 [1/1] (0.00ns) (grouped into LUT with out node val_1)   --->   "%r_V_4 = lshr i79 %zext_ln15_1, i79 %zext_ln1488_1"   --->   Operation 183 'lshr' 'r_V_4' <Predicate = (isNeg_1)> <Delay = 0.00> <CoreInst = "Shifter">   --->   Core 75 'Shifter' <Latency = 0> <II = 1> <Delay = 4.42> <FuncUnit> <Opcode : 'shl' 'lshr' 'ashr'> <InPorts = 2> <OutPorts = 1>
ST_48 : Operation 184 [1/1] (0.00ns) (grouped into LUT with out node val_1)   --->   "%r_V_5 = shl i79 %zext_ln15_1, i79 %zext_ln1488_1"   --->   Operation 184 'shl' 'r_V_5' <Predicate = (!isNeg_1)> <Delay = 0.00> <CoreInst = "Shifter">   --->   Core 75 'Shifter' <Latency = 0> <II = 1> <Delay = 4.42> <FuncUnit> <Opcode : 'shl' 'lshr' 'ashr'> <InPorts = 2> <OutPorts = 1>
ST_48 : Operation 185 [1/1] (0.00ns) (grouped into LUT with out node val_1)   --->   "%tmp_15 = bitselect i1 @_ssdm_op_BitSelect.i1.i79.i32, i79 %r_V_4, i32 24"   --->   Operation 185 'bitselect' 'tmp_15' <Predicate = (isNeg_1)> <Delay = 0.00>
ST_48 : Operation 186 [1/1] (0.00ns) (grouped into LUT with out node val_1)   --->   "%zext_ln818_1 = zext i1 %tmp_15"   --->   Operation 186 'zext' 'zext_ln818_1' <Predicate = (isNeg_1)> <Delay = 0.00>
ST_48 : Operation 187 [1/1] (0.00ns) (grouped into LUT with out node val_1)   --->   "%tmp_5 = partselect i32 @_ssdm_op_PartSelect.i32.i79.i32.i32, i79 %r_V_5, i32 24, i32 55"   --->   Operation 187 'partselect' 'tmp_5' <Predicate = (!isNeg_1)> <Delay = 0.00>
ST_48 : Operation 188 [1/1] (4.42ns) (out node of the LUT)   --->   "%val_1 = select i1 %isNeg_1, i32 %zext_ln818_1, i32 %tmp_5"   --->   Operation 188 'select' 'val_1' <Predicate = true> <Delay = 4.42> <CoreInst = "Sel">   --->   Core 73 'Sel' <Latency = 0> <II = 1> <Delay = 0.69> <FuncUnit> <Opcode : 'select'> <InPorts = 3> <OutPorts = 1>

State 49 <SV = 48> <Delay = 4.95>
ST_49 : Operation 189 [1/1] (2.55ns)   --->   "%result_V_8 = sub i32 0, i32 %val_1"   --->   Operation 189 'sub' 'result_V_8' <Predicate = (!icmp_ln151 & and_ln160_1 & p_Result_3)> <Delay = 2.55> <CoreInst = "Adder">   --->   Core 1 'Adder' <Latency = 0> <II = 1> <Delay = 2.55> <FuncUnit> <Opcode : 'add' 'sub'> <InPorts = 2> <OutPorts = 1>
ST_49 : Operation 190 [1/1] (0.69ns)   --->   "%result_V_9 = select i1 %p_Result_3, i32 %result_V_8, i32 %val_1" [r:/ci/prod/2022.1/rdi_builds/continuous/2022_04_18_3526262/src/shared/hls/clib/hlsmath/include/FloatingPoint\hls_case_IEEE754.h:59]   --->   Operation 190 'select' 'result_V_9' <Predicate = (!icmp_ln151 & and_ln160_1)> <Delay = 0.69> <CoreInst = "Sel">   --->   Core 73 'Sel' <Latency = 0> <II = 1> <Delay = 0.69> <FuncUnit> <Opcode : 'select'> <InPorts = 3> <OutPorts = 1>
ST_49 : Operation 191 [1/1] (1.70ns)   --->   "%br_ln164 = br void %if.end32" [guitar_effects.cpp:164]   --->   Operation 191 'br' 'br_ln164' <Predicate = (!icmp_ln151 & and_ln160_1)> <Delay = 1.70>
ST_49 : Operation 192 [1/1] (2.55ns)   --->   "%result_V_4 = sub i32 0, i32 %val"   --->   Operation 192 'sub' 'result_V_4' <Predicate = (icmp_ln151 & icmp_ln152 & p_Result_s)> <Delay = 2.55> <CoreInst = "Adder">   --->   Core 1 'Adder' <Latency = 0> <II = 1> <Delay = 2.55> <FuncUnit> <Opcode : 'add' 'sub'> <InPorts = 2> <OutPorts = 1>
ST_49 : Operation 193 [1/1] (0.69ns)   --->   "%result_V = select i1 %p_Result_s, i32 %result_V_4, i32 %val" [r:/ci/prod/2022.1/rdi_builds/continuous/2022_04_18_3526262/src/shared/hls/clib/hlsmath/include/FloatingPoint\hls_case_IEEE754.h:59]   --->   Operation 193 'select' 'result_V' <Predicate = (icmp_ln151 & icmp_ln152)> <Delay = 0.69> <CoreInst = "Sel">   --->   Core 73 'Sel' <Latency = 0> <II = 1> <Delay = 0.69> <FuncUnit> <Opcode : 'select'> <InPorts = 3> <OutPorts = 1>
ST_49 : Operation 194 [1/1] (1.70ns)   --->   "%br_ln156 = br void %if.end32" [guitar_effects.cpp:156]   --->   Operation 194 'br' 'br_ln156' <Predicate = (icmp_ln151 & icmp_ln152)> <Delay = 1.70>
ST_49 : Operation 195 [1/1] (0.00ns)   --->   "%output_2 = phi i32 %result_V, void %if.then12, i32 %result_V_9, void %if.then22, i32 %input_read, void %if.then10, i32 %input_read, void %if.else17"   --->   Operation 195 'phi' 'output_2' <Predicate = true> <Delay = 0.00>
ST_49 : Operation 196 [1/1] (0.00ns)   --->   "%mrv = insertvalue i64 <undef>, i32 %output_2" [guitar_effects.cpp:173]   --->   Operation 196 'insertvalue' 'mrv' <Predicate = true> <Delay = 0.00>
ST_49 : Operation 197 [1/1] (0.00ns)   --->   "%mrv_1 = insertvalue i64 %mrv, i32 %current_level_read_1" [guitar_effects.cpp:173]   --->   Operation 197 'insertvalue' 'mrv_1' <Predicate = true> <Delay = 0.00>
ST_49 : Operation 198 [1/1] (0.00ns)   --->   "%ret_ln173 = ret i64 %mrv_1" [guitar_effects.cpp:173]   --->   Operation 198 'ret' 'ret_ln173' <Predicate = true> <Delay = 0.00>

State 50 <SV = 1> <Delay = 4.13>
ST_50 : Operation 199 [35/36] (4.13ns)   --->   "%sdiv_ln154 = sdiv i32 %max_threshold_read, i32 %current_level_read_1" [guitar_effects.cpp:154]   --->   Operation 199 'sdiv' 'sdiv_ln154' <Predicate = true> <Delay = 4.13> <CoreInst = "DivnS_SEQ">   --->   Core 7 'DivnS_SEQ' <Latency = 35> <II = 32> <Delay = 4.13> <FuncUnit> <Opcode : 'sdiv' 'srem' 'udiv' 'urem'> <InPorts = 2> <OutPorts = 1>

State 51 <SV = 2> <Delay = 4.13>
ST_51 : Operation 200 [34/36] (4.13ns)   --->   "%sdiv_ln154 = sdiv i32 %max_threshold_read, i32 %current_level_read_1" [guitar_effects.cpp:154]   --->   Operation 200 'sdiv' 'sdiv_ln154' <Predicate = true> <Delay = 4.13> <CoreInst = "DivnS_SEQ">   --->   Core 7 'DivnS_SEQ' <Latency = 35> <II = 32> <Delay = 4.13> <FuncUnit> <Opcode : 'sdiv' 'srem' 'udiv' 'urem'> <InPorts = 2> <OutPorts = 1>

State 52 <SV = 3> <Delay = 4.13>
ST_52 : Operation 201 [33/36] (4.13ns)   --->   "%sdiv_ln154 = sdiv i32 %max_threshold_read, i32 %current_level_read_1" [guitar_effects.cpp:154]   --->   Operation 201 'sdiv' 'sdiv_ln154' <Predicate = true> <Delay = 4.13> <CoreInst = "DivnS_SEQ">   --->   Core 7 'DivnS_SEQ' <Latency = 35> <II = 32> <Delay = 4.13> <FuncUnit> <Opcode : 'sdiv' 'srem' 'udiv' 'urem'> <InPorts = 2> <OutPorts = 1>

State 53 <SV = 4> <Delay = 4.13>
ST_53 : Operation 202 [32/36] (4.13ns)   --->   "%sdiv_ln154 = sdiv i32 %max_threshold_read, i32 %current_level_read_1" [guitar_effects.cpp:154]   --->   Operation 202 'sdiv' 'sdiv_ln154' <Predicate = true> <Delay = 4.13> <CoreInst = "DivnS_SEQ">   --->   Core 7 'DivnS_SEQ' <Latency = 35> <II = 32> <Delay = 4.13> <FuncUnit> <Opcode : 'sdiv' 'srem' 'udiv' 'urem'> <InPorts = 2> <OutPorts = 1>

State 54 <SV = 5> <Delay = 4.13>
ST_54 : Operation 203 [31/36] (4.13ns)   --->   "%sdiv_ln154 = sdiv i32 %max_threshold_read, i32 %current_level_read_1" [guitar_effects.cpp:154]   --->   Operation 203 'sdiv' 'sdiv_ln154' <Predicate = true> <Delay = 4.13> <CoreInst = "DivnS_SEQ">   --->   Core 7 'DivnS_SEQ' <Latency = 35> <II = 32> <Delay = 4.13> <FuncUnit> <Opcode : 'sdiv' 'srem' 'udiv' 'urem'> <InPorts = 2> <OutPorts = 1>

State 55 <SV = 6> <Delay = 4.13>
ST_55 : Operation 204 [30/36] (4.13ns)   --->   "%sdiv_ln154 = sdiv i32 %max_threshold_read, i32 %current_level_read_1" [guitar_effects.cpp:154]   --->   Operation 204 'sdiv' 'sdiv_ln154' <Predicate = true> <Delay = 4.13> <CoreInst = "DivnS_SEQ">   --->   Core 7 'DivnS_SEQ' <Latency = 35> <II = 32> <Delay = 4.13> <FuncUnit> <Opcode : 'sdiv' 'srem' 'udiv' 'urem'> <InPorts = 2> <OutPorts = 1>

State 56 <SV = 7> <Delay = 4.13>
ST_56 : Operation 205 [29/36] (4.13ns)   --->   "%sdiv_ln154 = sdiv i32 %max_threshold_read, i32 %current_level_read_1" [guitar_effects.cpp:154]   --->   Operation 205 'sdiv' 'sdiv_ln154' <Predicate = true> <Delay = 4.13> <CoreInst = "DivnS_SEQ">   --->   Core 7 'DivnS_SEQ' <Latency = 35> <II = 32> <Delay = 4.13> <FuncUnit> <Opcode : 'sdiv' 'srem' 'udiv' 'urem'> <InPorts = 2> <OutPorts = 1>

State 57 <SV = 8> <Delay = 4.13>
ST_57 : Operation 206 [28/36] (4.13ns)   --->   "%sdiv_ln154 = sdiv i32 %max_threshold_read, i32 %current_level_read_1" [guitar_effects.cpp:154]   --->   Operation 206 'sdiv' 'sdiv_ln154' <Predicate = true> <Delay = 4.13> <CoreInst = "DivnS_SEQ">   --->   Core 7 'DivnS_SEQ' <Latency = 35> <II = 32> <Delay = 4.13> <FuncUnit> <Opcode : 'sdiv' 'srem' 'udiv' 'urem'> <InPorts = 2> <OutPorts = 1>

State 58 <SV = 9> <Delay = 4.13>
ST_58 : Operation 207 [27/36] (4.13ns)   --->   "%sdiv_ln154 = sdiv i32 %max_threshold_read, i32 %current_level_read_1" [guitar_effects.cpp:154]   --->   Operation 207 'sdiv' 'sdiv_ln154' <Predicate = true> <Delay = 4.13> <CoreInst = "DivnS_SEQ">   --->   Core 7 'DivnS_SEQ' <Latency = 35> <II = 32> <Delay = 4.13> <FuncUnit> <Opcode : 'sdiv' 'srem' 'udiv' 'urem'> <InPorts = 2> <OutPorts = 1>

State 59 <SV = 10> <Delay = 4.13>
ST_59 : Operation 208 [26/36] (4.13ns)   --->   "%sdiv_ln154 = sdiv i32 %max_threshold_read, i32 %current_level_read_1" [guitar_effects.cpp:154]   --->   Operation 208 'sdiv' 'sdiv_ln154' <Predicate = true> <Delay = 4.13> <CoreInst = "DivnS_SEQ">   --->   Core 7 'DivnS_SEQ' <Latency = 35> <II = 32> <Delay = 4.13> <FuncUnit> <Opcode : 'sdiv' 'srem' 'udiv' 'urem'> <InPorts = 2> <OutPorts = 1>

State 60 <SV = 11> <Delay = 4.13>
ST_60 : Operation 209 [25/36] (4.13ns)   --->   "%sdiv_ln154 = sdiv i32 %max_threshold_read, i32 %current_level_read_1" [guitar_effects.cpp:154]   --->   Operation 209 'sdiv' 'sdiv_ln154' <Predicate = true> <Delay = 4.13> <CoreInst = "DivnS_SEQ">   --->   Core 7 'DivnS_SEQ' <Latency = 35> <II = 32> <Delay = 4.13> <FuncUnit> <Opcode : 'sdiv' 'srem' 'udiv' 'urem'> <InPorts = 2> <OutPorts = 1>

State 61 <SV = 12> <Delay = 4.13>
ST_61 : Operation 210 [24/36] (4.13ns)   --->   "%sdiv_ln154 = sdiv i32 %max_threshold_read, i32 %current_level_read_1" [guitar_effects.cpp:154]   --->   Operation 210 'sdiv' 'sdiv_ln154' <Predicate = true> <Delay = 4.13> <CoreInst = "DivnS_SEQ">   --->   Core 7 'DivnS_SEQ' <Latency = 35> <II = 32> <Delay = 4.13> <FuncUnit> <Opcode : 'sdiv' 'srem' 'udiv' 'urem'> <InPorts = 2> <OutPorts = 1>

State 62 <SV = 13> <Delay = 4.13>
ST_62 : Operation 211 [23/36] (4.13ns)   --->   "%sdiv_ln154 = sdiv i32 %max_threshold_read, i32 %current_level_read_1" [guitar_effects.cpp:154]   --->   Operation 211 'sdiv' 'sdiv_ln154' <Predicate = true> <Delay = 4.13> <CoreInst = "DivnS_SEQ">   --->   Core 7 'DivnS_SEQ' <Latency = 35> <II = 32> <Delay = 4.13> <FuncUnit> <Opcode : 'sdiv' 'srem' 'udiv' 'urem'> <InPorts = 2> <OutPorts = 1>

State 63 <SV = 14> <Delay = 4.13>
ST_63 : Operation 212 [22/36] (4.13ns)   --->   "%sdiv_ln154 = sdiv i32 %max_threshold_read, i32 %current_level_read_1" [guitar_effects.cpp:154]   --->   Operation 212 'sdiv' 'sdiv_ln154' <Predicate = true> <Delay = 4.13> <CoreInst = "DivnS_SEQ">   --->   Core 7 'DivnS_SEQ' <Latency = 35> <II = 32> <Delay = 4.13> <FuncUnit> <Opcode : 'sdiv' 'srem' 'udiv' 'urem'> <InPorts = 2> <OutPorts = 1>

State 64 <SV = 15> <Delay = 4.13>
ST_64 : Operation 213 [21/36] (4.13ns)   --->   "%sdiv_ln154 = sdiv i32 %max_threshold_read, i32 %current_level_read_1" [guitar_effects.cpp:154]   --->   Operation 213 'sdiv' 'sdiv_ln154' <Predicate = true> <Delay = 4.13> <CoreInst = "DivnS_SEQ">   --->   Core 7 'DivnS_SEQ' <Latency = 35> <II = 32> <Delay = 4.13> <FuncUnit> <Opcode : 'sdiv' 'srem' 'udiv' 'urem'> <InPorts = 2> <OutPorts = 1>

State 65 <SV = 16> <Delay = 4.13>
ST_65 : Operation 214 [20/36] (4.13ns)   --->   "%sdiv_ln154 = sdiv i32 %max_threshold_read, i32 %current_level_read_1" [guitar_effects.cpp:154]   --->   Operation 214 'sdiv' 'sdiv_ln154' <Predicate = true> <Delay = 4.13> <CoreInst = "DivnS_SEQ">   --->   Core 7 'DivnS_SEQ' <Latency = 35> <II = 32> <Delay = 4.13> <FuncUnit> <Opcode : 'sdiv' 'srem' 'udiv' 'urem'> <InPorts = 2> <OutPorts = 1>

State 66 <SV = 17> <Delay = 4.13>
ST_66 : Operation 215 [19/36] (4.13ns)   --->   "%sdiv_ln154 = sdiv i32 %max_threshold_read, i32 %current_level_read_1" [guitar_effects.cpp:154]   --->   Operation 215 'sdiv' 'sdiv_ln154' <Predicate = true> <Delay = 4.13> <CoreInst = "DivnS_SEQ">   --->   Core 7 'DivnS_SEQ' <Latency = 35> <II = 32> <Delay = 4.13> <FuncUnit> <Opcode : 'sdiv' 'srem' 'udiv' 'urem'> <InPorts = 2> <OutPorts = 1>

State 67 <SV = 18> <Delay = 4.13>
ST_67 : Operation 216 [18/36] (4.13ns)   --->   "%sdiv_ln154 = sdiv i32 %max_threshold_read, i32 %current_level_read_1" [guitar_effects.cpp:154]   --->   Operation 216 'sdiv' 'sdiv_ln154' <Predicate = true> <Delay = 4.13> <CoreInst = "DivnS_SEQ">   --->   Core 7 'DivnS_SEQ' <Latency = 35> <II = 32> <Delay = 4.13> <FuncUnit> <Opcode : 'sdiv' 'srem' 'udiv' 'urem'> <InPorts = 2> <OutPorts = 1>

State 68 <SV = 19> <Delay = 4.13>
ST_68 : Operation 217 [17/36] (4.13ns)   --->   "%sdiv_ln154 = sdiv i32 %max_threshold_read, i32 %current_level_read_1" [guitar_effects.cpp:154]   --->   Operation 217 'sdiv' 'sdiv_ln154' <Predicate = true> <Delay = 4.13> <CoreInst = "DivnS_SEQ">   --->   Core 7 'DivnS_SEQ' <Latency = 35> <II = 32> <Delay = 4.13> <FuncUnit> <Opcode : 'sdiv' 'srem' 'udiv' 'urem'> <InPorts = 2> <OutPorts = 1>

State 69 <SV = 20> <Delay = 4.13>
ST_69 : Operation 218 [16/36] (4.13ns)   --->   "%sdiv_ln154 = sdiv i32 %max_threshold_read, i32 %current_level_read_1" [guitar_effects.cpp:154]   --->   Operation 218 'sdiv' 'sdiv_ln154' <Predicate = true> <Delay = 4.13> <CoreInst = "DivnS_SEQ">   --->   Core 7 'DivnS_SEQ' <Latency = 35> <II = 32> <Delay = 4.13> <FuncUnit> <Opcode : 'sdiv' 'srem' 'udiv' 'urem'> <InPorts = 2> <OutPorts = 1>

State 70 <SV = 21> <Delay = 4.13>
ST_70 : Operation 219 [15/36] (4.13ns)   --->   "%sdiv_ln154 = sdiv i32 %max_threshold_read, i32 %current_level_read_1" [guitar_effects.cpp:154]   --->   Operation 219 'sdiv' 'sdiv_ln154' <Predicate = true> <Delay = 4.13> <CoreInst = "DivnS_SEQ">   --->   Core 7 'DivnS_SEQ' <Latency = 35> <II = 32> <Delay = 4.13> <FuncUnit> <Opcode : 'sdiv' 'srem' 'udiv' 'urem'> <InPorts = 2> <OutPorts = 1>

State 71 <SV = 22> <Delay = 4.13>
ST_71 : Operation 220 [14/36] (4.13ns)   --->   "%sdiv_ln154 = sdiv i32 %max_threshold_read, i32 %current_level_read_1" [guitar_effects.cpp:154]   --->   Operation 220 'sdiv' 'sdiv_ln154' <Predicate = true> <Delay = 4.13> <CoreInst = "DivnS_SEQ">   --->   Core 7 'DivnS_SEQ' <Latency = 35> <II = 32> <Delay = 4.13> <FuncUnit> <Opcode : 'sdiv' 'srem' 'udiv' 'urem'> <InPorts = 2> <OutPorts = 1>

State 72 <SV = 23> <Delay = 4.13>
ST_72 : Operation 221 [13/36] (4.13ns)   --->   "%sdiv_ln154 = sdiv i32 %max_threshold_read, i32 %current_level_read_1" [guitar_effects.cpp:154]   --->   Operation 221 'sdiv' 'sdiv_ln154' <Predicate = true> <Delay = 4.13> <CoreInst = "DivnS_SEQ">   --->   Core 7 'DivnS_SEQ' <Latency = 35> <II = 32> <Delay = 4.13> <FuncUnit> <Opcode : 'sdiv' 'srem' 'udiv' 'urem'> <InPorts = 2> <OutPorts = 1>

State 73 <SV = 24> <Delay = 4.13>
ST_73 : Operation 222 [12/36] (4.13ns)   --->   "%sdiv_ln154 = sdiv i32 %max_threshold_read, i32 %current_level_read_1" [guitar_effects.cpp:154]   --->   Operation 222 'sdiv' 'sdiv_ln154' <Predicate = true> <Delay = 4.13> <CoreInst = "DivnS_SEQ">   --->   Core 7 'DivnS_SEQ' <Latency = 35> <II = 32> <Delay = 4.13> <FuncUnit> <Opcode : 'sdiv' 'srem' 'udiv' 'urem'> <InPorts = 2> <OutPorts = 1>

State 74 <SV = 25> <Delay = 4.13>
ST_74 : Operation 223 [11/36] (4.13ns)   --->   "%sdiv_ln154 = sdiv i32 %max_threshold_read, i32 %current_level_read_1" [guitar_effects.cpp:154]   --->   Operation 223 'sdiv' 'sdiv_ln154' <Predicate = true> <Delay = 4.13> <CoreInst = "DivnS_SEQ">   --->   Core 7 'DivnS_SEQ' <Latency = 35> <II = 32> <Delay = 4.13> <FuncUnit> <Opcode : 'sdiv' 'srem' 'udiv' 'urem'> <InPorts = 2> <OutPorts = 1>

State 75 <SV = 26> <Delay = 4.13>
ST_75 : Operation 224 [10/36] (4.13ns)   --->   "%sdiv_ln154 = sdiv i32 %max_threshold_read, i32 %current_level_read_1" [guitar_effects.cpp:154]   --->   Operation 224 'sdiv' 'sdiv_ln154' <Predicate = true> <Delay = 4.13> <CoreInst = "DivnS_SEQ">   --->   Core 7 'DivnS_SEQ' <Latency = 35> <II = 32> <Delay = 4.13> <FuncUnit> <Opcode : 'sdiv' 'srem' 'udiv' 'urem'> <InPorts = 2> <OutPorts = 1>

State 76 <SV = 27> <Delay = 4.13>
ST_76 : Operation 225 [9/36] (4.13ns)   --->   "%sdiv_ln154 = sdiv i32 %max_threshold_read, i32 %current_level_read_1" [guitar_effects.cpp:154]   --->   Operation 225 'sdiv' 'sdiv_ln154' <Predicate = true> <Delay = 4.13> <CoreInst = "DivnS_SEQ">   --->   Core 7 'DivnS_SEQ' <Latency = 35> <II = 32> <Delay = 4.13> <FuncUnit> <Opcode : 'sdiv' 'srem' 'udiv' 'urem'> <InPorts = 2> <OutPorts = 1>

State 77 <SV = 28> <Delay = 4.13>
ST_77 : Operation 226 [8/36] (4.13ns)   --->   "%sdiv_ln154 = sdiv i32 %max_threshold_read, i32 %current_level_read_1" [guitar_effects.cpp:154]   --->   Operation 226 'sdiv' 'sdiv_ln154' <Predicate = true> <Delay = 4.13> <CoreInst = "DivnS_SEQ">   --->   Core 7 'DivnS_SEQ' <Latency = 35> <II = 32> <Delay = 4.13> <FuncUnit> <Opcode : 'sdiv' 'srem' 'udiv' 'urem'> <InPorts = 2> <OutPorts = 1>

State 78 <SV = 29> <Delay = 4.13>
ST_78 : Operation 227 [7/36] (4.13ns)   --->   "%sdiv_ln154 = sdiv i32 %max_threshold_read, i32 %current_level_read_1" [guitar_effects.cpp:154]   --->   Operation 227 'sdiv' 'sdiv_ln154' <Predicate = true> <Delay = 4.13> <CoreInst = "DivnS_SEQ">   --->   Core 7 'DivnS_SEQ' <Latency = 35> <II = 32> <Delay = 4.13> <FuncUnit> <Opcode : 'sdiv' 'srem' 'udiv' 'urem'> <InPorts = 2> <OutPorts = 1>

State 79 <SV = 30> <Delay = 4.13>
ST_79 : Operation 228 [6/36] (4.13ns)   --->   "%sdiv_ln154 = sdiv i32 %max_threshold_read, i32 %current_level_read_1" [guitar_effects.cpp:154]   --->   Operation 228 'sdiv' 'sdiv_ln154' <Predicate = true> <Delay = 4.13> <CoreInst = "DivnS_SEQ">   --->   Core 7 'DivnS_SEQ' <Latency = 35> <II = 32> <Delay = 4.13> <FuncUnit> <Opcode : 'sdiv' 'srem' 'udiv' 'urem'> <InPorts = 2> <OutPorts = 1>

State 80 <SV = 31> <Delay = 4.13>
ST_80 : Operation 229 [5/36] (4.13ns)   --->   "%sdiv_ln154 = sdiv i32 %max_threshold_read, i32 %current_level_read_1" [guitar_effects.cpp:154]   --->   Operation 229 'sdiv' 'sdiv_ln154' <Predicate = true> <Delay = 4.13> <CoreInst = "DivnS_SEQ">   --->   Core 7 'DivnS_SEQ' <Latency = 35> <II = 32> <Delay = 4.13> <FuncUnit> <Opcode : 'sdiv' 'srem' 'udiv' 'urem'> <InPorts = 2> <OutPorts = 1>

State 81 <SV = 32> <Delay = 4.13>
ST_81 : Operation 230 [4/36] (4.13ns)   --->   "%sdiv_ln154 = sdiv i32 %max_threshold_read, i32 %current_level_read_1" [guitar_effects.cpp:154]   --->   Operation 230 'sdiv' 'sdiv_ln154' <Predicate = true> <Delay = 4.13> <CoreInst = "DivnS_SEQ">   --->   Core 7 'DivnS_SEQ' <Latency = 35> <II = 32> <Delay = 4.13> <FuncUnit> <Opcode : 'sdiv' 'srem' 'udiv' 'urem'> <InPorts = 2> <OutPorts = 1>

State 82 <SV = 33> <Delay = 4.13>
ST_82 : Operation 231 [3/36] (4.13ns)   --->   "%sdiv_ln154 = sdiv i32 %max_threshold_read, i32 %current_level_read_1" [guitar_effects.cpp:154]   --->   Operation 231 'sdiv' 'sdiv_ln154' <Predicate = true> <Delay = 4.13> <CoreInst = "DivnS_SEQ">   --->   Core 7 'DivnS_SEQ' <Latency = 35> <II = 32> <Delay = 4.13> <FuncUnit> <Opcode : 'sdiv' 'srem' 'udiv' 'urem'> <InPorts = 2> <OutPorts = 1>

State 83 <SV = 34> <Delay = 4.13>
ST_83 : Operation 232 [2/36] (4.13ns)   --->   "%sdiv_ln154 = sdiv i32 %max_threshold_read, i32 %current_level_read_1" [guitar_effects.cpp:154]   --->   Operation 232 'sdiv' 'sdiv_ln154' <Predicate = true> <Delay = 4.13> <CoreInst = "DivnS_SEQ">   --->   Core 7 'DivnS_SEQ' <Latency = 35> <II = 32> <Delay = 4.13> <FuncUnit> <Opcode : 'sdiv' 'srem' 'udiv' 'urem'> <InPorts = 2> <OutPorts = 1>

State 84 <SV = 35> <Delay = 4.13>
ST_84 : Operation 233 [1/36] (4.13ns)   --->   "%sdiv_ln154 = sdiv i32 %max_threshold_read, i32 %current_level_read_1" [guitar_effects.cpp:154]   --->   Operation 233 'sdiv' 'sdiv_ln154' <Predicate = true> <Delay = 4.13> <CoreInst = "DivnS_SEQ">   --->   Core 7 'DivnS_SEQ' <Latency = 35> <II = 32> <Delay = 4.13> <FuncUnit> <Opcode : 'sdiv' 'srem' 'udiv' 'urem'> <InPorts = 2> <OutPorts = 1>

State 85 <SV = 36> <Delay = 6.41>
ST_85 : Operation 234 [6/6] (6.41ns)   --->   "%compression_factor = sitofp i32 %sdiv_ln154" [guitar_effects.cpp:154]   --->   Operation 234 'sitofp' 'compression_factor' <Predicate = true> <Delay = 6.41> <CoreInst = "Int2Float">   --->   Core 62 'Int2Float' <Latency = 5> <II = 1> <Delay = 6.41> <FuncUnit> <Opcode : 'sitofp' 'uitofp'> <InPorts = 1> <OutPorts = 1>
ST_85 : Operation 235 [6/6] (6.41ns)   --->   "%conv = sitofp i32 %input_read" [guitar_effects.cpp:155]   --->   Operation 235 'sitofp' 'conv' <Predicate = true> <Delay = 6.41> <CoreInst = "Int2Float">   --->   Core 62 'Int2Float' <Latency = 5> <II = 1> <Delay = 6.41> <FuncUnit> <Opcode : 'sitofp' 'uitofp'> <InPorts = 1> <OutPorts = 1>

State 86 <SV = 37> <Delay = 6.41>
ST_86 : Operation 236 [5/6] (6.41ns)   --->   "%compression_factor = sitofp i32 %sdiv_ln154" [guitar_effects.cpp:154]   --->   Operation 236 'sitofp' 'compression_factor' <Predicate = true> <Delay = 6.41> <CoreInst = "Int2Float">   --->   Core 62 'Int2Float' <Latency = 5> <II = 1> <Delay = 6.41> <FuncUnit> <Opcode : 'sitofp' 'uitofp'> <InPorts = 1> <OutPorts = 1>
ST_86 : Operation 237 [5/6] (6.41ns)   --->   "%conv = sitofp i32 %input_read" [guitar_effects.cpp:155]   --->   Operation 237 'sitofp' 'conv' <Predicate = true> <Delay = 6.41> <CoreInst = "Int2Float">   --->   Core 62 'Int2Float' <Latency = 5> <II = 1> <Delay = 6.41> <FuncUnit> <Opcode : 'sitofp' 'uitofp'> <InPorts = 1> <OutPorts = 1>

State 87 <SV = 38> <Delay = 6.41>
ST_87 : Operation 238 [4/6] (6.41ns)   --->   "%compression_factor = sitofp i32 %sdiv_ln154" [guitar_effects.cpp:154]   --->   Operation 238 'sitofp' 'compression_factor' <Predicate = true> <Delay = 6.41> <CoreInst = "Int2Float">   --->   Core 62 'Int2Float' <Latency = 5> <II = 1> <Delay = 6.41> <FuncUnit> <Opcode : 'sitofp' 'uitofp'> <InPorts = 1> <OutPorts = 1>
ST_87 : Operation 239 [4/6] (6.41ns)   --->   "%conv = sitofp i32 %input_read" [guitar_effects.cpp:155]   --->   Operation 239 'sitofp' 'conv' <Predicate = true> <Delay = 6.41> <CoreInst = "Int2Float">   --->   Core 62 'Int2Float' <Latency = 5> <II = 1> <Delay = 6.41> <FuncUnit> <Opcode : 'sitofp' 'uitofp'> <InPorts = 1> <OutPorts = 1>

State 88 <SV = 39> <Delay = 6.41>
ST_88 : Operation 240 [3/6] (6.41ns)   --->   "%compression_factor = sitofp i32 %sdiv_ln154" [guitar_effects.cpp:154]   --->   Operation 240 'sitofp' 'compression_factor' <Predicate = true> <Delay = 6.41> <CoreInst = "Int2Float">   --->   Core 62 'Int2Float' <Latency = 5> <II = 1> <Delay = 6.41> <FuncUnit> <Opcode : 'sitofp' 'uitofp'> <InPorts = 1> <OutPorts = 1>
ST_88 : Operation 241 [3/6] (6.41ns)   --->   "%conv = sitofp i32 %input_read" [guitar_effects.cpp:155]   --->   Operation 241 'sitofp' 'conv' <Predicate = true> <Delay = 6.41> <CoreInst = "Int2Float">   --->   Core 62 'Int2Float' <Latency = 5> <II = 1> <Delay = 6.41> <FuncUnit> <Opcode : 'sitofp' 'uitofp'> <InPorts = 1> <OutPorts = 1>

State 89 <SV = 40> <Delay = 6.41>
ST_89 : Operation 242 [2/6] (6.41ns)   --->   "%compression_factor = sitofp i32 %sdiv_ln154" [guitar_effects.cpp:154]   --->   Operation 242 'sitofp' 'compression_factor' <Predicate = true> <Delay = 6.41> <CoreInst = "Int2Float">   --->   Core 62 'Int2Float' <Latency = 5> <II = 1> <Delay = 6.41> <FuncUnit> <Opcode : 'sitofp' 'uitofp'> <InPorts = 1> <OutPorts = 1>
ST_89 : Operation 243 [2/6] (6.41ns)   --->   "%conv = sitofp i32 %input_read" [guitar_effects.cpp:155]   --->   Operation 243 'sitofp' 'conv' <Predicate = true> <Delay = 6.41> <CoreInst = "Int2Float">   --->   Core 62 'Int2Float' <Latency = 5> <II = 1> <Delay = 6.41> <FuncUnit> <Opcode : 'sitofp' 'uitofp'> <InPorts = 1> <OutPorts = 1>

State 90 <SV = 41> <Delay = 6.41>
ST_90 : Operation 244 [1/6] (6.41ns)   --->   "%compression_factor = sitofp i32 %sdiv_ln154" [guitar_effects.cpp:154]   --->   Operation 244 'sitofp' 'compression_factor' <Predicate = true> <Delay = 6.41> <CoreInst = "Int2Float">   --->   Core 62 'Int2Float' <Latency = 5> <II = 1> <Delay = 6.41> <FuncUnit> <Opcode : 'sitofp' 'uitofp'> <InPorts = 1> <OutPorts = 1>
ST_90 : Operation 245 [1/6] (6.41ns)   --->   "%conv = sitofp i32 %input_read" [guitar_effects.cpp:155]   --->   Operation 245 'sitofp' 'conv' <Predicate = true> <Delay = 6.41> <CoreInst = "Int2Float">   --->   Core 62 'Int2Float' <Latency = 5> <II = 1> <Delay = 6.41> <FuncUnit> <Opcode : 'sitofp' 'uitofp'> <InPorts = 1> <OutPorts = 1>

State 91 <SV = 42> <Delay = 5.70>
ST_91 : Operation 246 [4/4] (5.70ns)   --->   "%dc = fmul i32 %conv, i32 %compression_factor" [guitar_effects.cpp:155]   --->   Operation 246 'fmul' 'dc' <Predicate = true> <Delay = 5.70> <CoreInst = "FMul_maxdsp">   --->   Core 30 'FMul_maxdsp' <Latency = 3> <II = 1> <Delay = 5.70> <FuncUnit> <Opcode : 'fmul'> <InPorts = 2> <OutPorts = 1>

State 92 <SV = 43> <Delay = 5.70>
ST_92 : Operation 247 [3/4] (5.70ns)   --->   "%dc = fmul i32 %conv, i32 %compression_factor" [guitar_effects.cpp:155]   --->   Operation 247 'fmul' 'dc' <Predicate = true> <Delay = 5.70> <CoreInst = "FMul_maxdsp">   --->   Core 30 'FMul_maxdsp' <Latency = 3> <II = 1> <Delay = 5.70> <FuncUnit> <Opcode : 'fmul'> <InPorts = 2> <OutPorts = 1>

State 93 <SV = 44> <Delay = 5.70>
ST_93 : Operation 248 [2/4] (5.70ns)   --->   "%dc = fmul i32 %conv, i32 %compression_factor" [guitar_effects.cpp:155]   --->   Operation 248 'fmul' 'dc' <Predicate = true> <Delay = 5.70> <CoreInst = "FMul_maxdsp">   --->   Core 30 'FMul_maxdsp' <Latency = 3> <II = 1> <Delay = 5.70> <FuncUnit> <Opcode : 'fmul'> <InPorts = 2> <OutPorts = 1>

State 94 <SV = 45> <Delay = 5.70>
ST_94 : Operation 249 [1/4] (5.70ns)   --->   "%dc = fmul i32 %conv, i32 %compression_factor" [guitar_effects.cpp:155]   --->   Operation 249 'fmul' 'dc' <Predicate = true> <Delay = 5.70> <CoreInst = "FMul_maxdsp">   --->   Core 30 'FMul_maxdsp' <Latency = 3> <II = 1> <Delay = 5.70> <FuncUnit> <Opcode : 'fmul'> <InPorts = 2> <OutPorts = 1>

State 95 <SV = 46> <Delay = 2.88>
ST_95 : Operation 250 [1/1] (0.00ns)   --->   "%data_V = bitcast i32 %dc" [r:/ci/prod/2022.1/rdi_builds/continuous/2022_04_18_3526262/src/shared/hls/clib/src/hls\utils/x_hls_utils.h:317]   --->   Operation 250 'bitcast' 'data_V' <Predicate = true> <Delay = 0.00>
ST_95 : Operation 251 [1/1] (0.00ns)   --->   "%p_Result_s = bitselect i1 @_ssdm_op_BitSelect.i1.i32.i32, i32 %data_V, i32 31"   --->   Operation 251 'bitselect' 'p_Result_s' <Predicate = true> <Delay = 0.00>
ST_95 : Operation 252 [1/1] (0.00ns)   --->   "%xs_exp_V = partselect i8 @_ssdm_op_PartSelect.i8.i32.i32.i32, i32 %data_V, i32 23, i32 30"   --->   Operation 252 'partselect' 'xs_exp_V' <Predicate = true> <Delay = 0.00>
ST_95 : Operation 253 [1/1] (0.00ns)   --->   "%p_Result_2 = trunc i32 %data_V"   --->   Operation 253 'trunc' 'p_Result_2' <Predicate = true> <Delay = 0.00>
ST_95 : Operation 254 [1/1] (0.00ns)   --->   "%zext_ln346 = zext i8 %xs_exp_V" [r:/ci/prod/2022.1/rdi_builds/continuous/2022_04_18_3526262/src/shared/hls/clib/src/hls\utils/x_hls_utils.h:346]   --->   Operation 254 'zext' 'zext_ln346' <Predicate = true> <Delay = 0.00>
ST_95 : Operation 255 [1/1] (1.91ns)   --->   "%add_ln346 = add i9 %zext_ln346, i9 385" [r:/ci/prod/2022.1/rdi_builds/continuous/2022_04_18_3526262/src/shared/hls/clib/src/hls\utils/x_hls_utils.h:346]   --->   Operation 255 'add' 'add_ln346' <Predicate = true> <Delay = 1.91> <CoreInst = "Adder">   --->   Core 1 'Adder' <Latency = 0> <II = 1> <Delay = 1.91> <FuncUnit> <Opcode : 'add' 'sub'> <InPorts = 2> <OutPorts = 1>
ST_95 : Operation 256 [1/1] (0.00ns)   --->   "%isNeg = bitselect i1 @_ssdm_op_BitSelect.i1.i9.i32, i9 %add_ln346, i32 8"   --->   Operation 256 'bitselect' 'isNeg' <Predicate = true> <Delay = 0.00>
ST_95 : Operation 257 [1/1] (1.91ns)   --->   "%sub_ln1512 = sub i8 127, i8 %xs_exp_V"   --->   Operation 257 'sub' 'sub_ln1512' <Predicate = true> <Delay = 1.91> <CoreInst = "Adder">   --->   Core 1 'Adder' <Latency = 0> <II = 1> <Delay = 1.91> <FuncUnit> <Opcode : 'add' 'sub'> <InPorts = 2> <OutPorts = 1>
ST_95 : Operation 258 [1/1] (0.00ns)   --->   "%sext_ln1512 = sext i8 %sub_ln1512"   --->   Operation 258 'sext' 'sext_ln1512' <Predicate = true> <Delay = 0.00>
ST_95 : Operation 259 [1/1] (0.96ns)   --->   "%ush = select i1 %isNeg, i9 %sext_ln1512, i9 %add_ln346"   --->   Operation 259 'select' 'ush' <Predicate = true> <Delay = 0.96> <CoreInst = "Sel">   --->   Core 73 'Sel' <Latency = 0> <II = 1> <Delay = 0.96> <FuncUnit> <Opcode : 'select'> <InPorts = 3> <OutPorts = 1>

State 96 <SV = 47> <Delay = 4.42>
ST_96 : Operation 260 [1/1] (0.00ns)   --->   "%mantissa = bitconcatenate i25 @_ssdm_op_BitConcatenate.i25.i1.i23.i1, i1 1, i23 %p_Result_2, i1 0" [r:/ci/prod/2022.1/rdi_builds/continuous/2022_04_18_3526262/src/shared/hls/clib/hlsmath/include/FloatingPoint\hls_case_IEEE754.h:15]   --->   Operation 260 'bitconcatenate' 'mantissa' <Predicate = true> <Delay = 0.00>
ST_96 : Operation 261 [1/1] (0.00ns)   --->   "%zext_ln15 = zext i25 %mantissa" [r:/ci/prod/2022.1/rdi_builds/continuous/2022_04_18_3526262/src/shared/hls/clib/hlsmath/include/FloatingPoint\hls_case_IEEE754.h:15]   --->   Operation 261 'zext' 'zext_ln15' <Predicate = true> <Delay = 0.00>
ST_96 : Operation 262 [1/1] (0.00ns)   --->   "%sext_ln1488 = sext i9 %ush"   --->   Operation 262 'sext' 'sext_ln1488' <Predicate = true> <Delay = 0.00>
ST_96 : Operation 263 [1/1] (0.00ns)   --->   "%zext_ln1488 = zext i32 %sext_ln1488"   --->   Operation 263 'zext' 'zext_ln1488' <Predicate = true> <Delay = 0.00>
ST_96 : Operation 264 [1/1] (0.00ns) (grouped into LUT with out node val)   --->   "%r_V = lshr i79 %zext_ln15, i79 %zext_ln1488"   --->   Operation 264 'lshr' 'r_V' <Predicate = (isNeg)> <Delay = 0.00> <CoreInst = "Shifter">   --->   Core 75 'Shifter' <Latency = 0> <II = 1> <Delay = 4.42> <FuncUnit> <Opcode : 'shl' 'lshr' 'ashr'> <InPorts = 2> <OutPorts = 1>
ST_96 : Operation 265 [1/1] (0.00ns) (grouped into LUT with out node val)   --->   "%r_V_3 = shl i79 %zext_ln15, i79 %zext_ln1488"   --->   Operation 265 'shl' 'r_V_3' <Predicate = (!isNeg)> <Delay = 0.00> <CoreInst = "Shifter">   --->   Core 75 'Shifter' <Latency = 0> <II = 1> <Delay = 4.42> <FuncUnit> <Opcode : 'shl' 'lshr' 'ashr'> <InPorts = 2> <OutPorts = 1>
ST_96 : Operation 266 [1/1] (0.00ns) (grouped into LUT with out node val)   --->   "%tmp_11 = bitselect i1 @_ssdm_op_BitSelect.i1.i79.i32, i79 %r_V, i32 24"   --->   Operation 266 'bitselect' 'tmp_11' <Predicate = (isNeg)> <Delay = 0.00>
ST_96 : Operation 267 [1/1] (0.00ns) (grouped into LUT with out node val)   --->   "%zext_ln818 = zext i1 %tmp_11"   --->   Operation 267 'zext' 'zext_ln818' <Predicate = (isNeg)> <Delay = 0.00>
ST_96 : Operation 268 [1/1] (0.00ns) (grouped into LUT with out node val)   --->   "%tmp_2 = partselect i32 @_ssdm_op_PartSelect.i32.i79.i32.i32, i79 %r_V_3, i32 24, i32 55"   --->   Operation 268 'partselect' 'tmp_2' <Predicate = (!isNeg)> <Delay = 0.00>
ST_96 : Operation 269 [1/1] (4.42ns) (out node of the LUT)   --->   "%val = select i1 %isNeg, i32 %zext_ln818, i32 %tmp_2"   --->   Operation 269 'select' 'val' <Predicate = true> <Delay = 4.42> <CoreInst = "Sel">   --->   Core 73 'Sel' <Latency = 0> <II = 1> <Delay = 0.69> <FuncUnit> <Opcode : 'select'> <InPorts = 3> <OutPorts = 1>


============================================================
+ Verbose Summary: Timing violations
============================================================
Target clock period: 10ns, clock uncertainty: 2.7ns.

 <State 1>: 6.5ns
The critical path consists of the following:
	wire read operation ('input_read', guitar_effects.cpp:144) on port 'input_r' (guitar_effects.cpp:144) [11]  (0 ns)
	'sub' operation ('sub_ln133', guitar_effects.cpp:133) [14]  (2.55 ns)
	'select' operation ('abs_in', guitar_effects.cpp:132) [15]  (0.698 ns)
	'store' operation ('store_ln137', guitar_effects.cpp:137) of variable 'abs_in', guitar_effects.cpp:132 on array 'values_buffer' [16]  (3.25 ns)

 <State 2>: 4.13ns
The critical path consists of the following:
	'sdiv' operation ('sdiv_ln162', guitar_effects.cpp:162) [27]  (4.13 ns)

 <State 3>: 4.13ns
The critical path consists of the following:
	'sdiv' operation ('sdiv_ln162', guitar_effects.cpp:162) [27]  (4.13 ns)

 <State 4>: 4.13ns
The critical path consists of the following:
	'sdiv' operation ('sdiv_ln162', guitar_effects.cpp:162) [27]  (4.13 ns)

 <State 5>: 4.13ns
The critical path consists of the following:
	'sdiv' operation ('sdiv_ln162', guitar_effects.cpp:162) [27]  (4.13 ns)

 <State 6>: 4.13ns
The critical path consists of the following:
	'sdiv' operation ('sdiv_ln162', guitar_effects.cpp:162) [27]  (4.13 ns)

 <State 7>: 4.13ns
The critical path consists of the following:
	'sdiv' operation ('sdiv_ln162', guitar_effects.cpp:162) [27]  (4.13 ns)

 <State 8>: 4.13ns
The critical path consists of the following:
	'sdiv' operation ('sdiv_ln162', guitar_effects.cpp:162) [27]  (4.13 ns)

 <State 9>: 4.13ns
The critical path consists of the following:
	'sdiv' operation ('sdiv_ln162', guitar_effects.cpp:162) [27]  (4.13 ns)

 <State 10>: 4.13ns
The critical path consists of the following:
	'sdiv' operation ('sdiv_ln162', guitar_effects.cpp:162) [27]  (4.13 ns)

 <State 11>: 4.13ns
The critical path consists of the following:
	'sdiv' operation ('sdiv_ln162', guitar_effects.cpp:162) [27]  (4.13 ns)

 <State 12>: 4.13ns
The critical path consists of the following:
	'sdiv' operation ('sdiv_ln162', guitar_effects.cpp:162) [27]  (4.13 ns)

 <State 13>: 4.13ns
The critical path consists of the following:
	'sdiv' operation ('sdiv_ln162', guitar_effects.cpp:162) [27]  (4.13 ns)

 <State 14>: 4.13ns
The critical path consists of the following:
	'sdiv' operation ('sdiv_ln162', guitar_effects.cpp:162) [27]  (4.13 ns)

 <State 15>: 4.13ns
The critical path consists of the following:
	'sdiv' operation ('sdiv_ln162', guitar_effects.cpp:162) [27]  (4.13 ns)

 <State 16>: 4.13ns
The critical path consists of the following:
	'sdiv' operation ('sdiv_ln162', guitar_effects.cpp:162) [27]  (4.13 ns)

 <State 17>: 4.13ns
The critical path consists of the following:
	'sdiv' operation ('sdiv_ln162', guitar_effects.cpp:162) [27]  (4.13 ns)

 <State 18>: 4.13ns
The critical path consists of the following:
	'sdiv' operation ('sdiv_ln162', guitar_effects.cpp:162) [27]  (4.13 ns)

 <State 19>: 4.13ns
The critical path consists of the following:
	'sdiv' operation ('sdiv_ln162', guitar_effects.cpp:162) [27]  (4.13 ns)

 <State 20>: 4.13ns
The critical path consists of the following:
	'sdiv' operation ('sdiv_ln162', guitar_effects.cpp:162) [27]  (4.13 ns)

 <State 21>: 4.13ns
The critical path consists of the following:
	'sdiv' operation ('sdiv_ln162', guitar_effects.cpp:162) [27]  (4.13 ns)

 <State 22>: 4.13ns
The critical path consists of the following:
	'sdiv' operation ('sdiv_ln162', guitar_effects.cpp:162) [27]  (4.13 ns)

 <State 23>: 4.13ns
The critical path consists of the following:
	'sdiv' operation ('sdiv_ln162', guitar_effects.cpp:162) [27]  (4.13 ns)

 <State 24>: 4.13ns
The critical path consists of the following:
	'sdiv' operation ('sdiv_ln162', guitar_effects.cpp:162) [27]  (4.13 ns)

 <State 25>: 4.13ns
The critical path consists of the following:
	'sdiv' operation ('sdiv_ln162', guitar_effects.cpp:162) [27]  (4.13 ns)

 <State 26>: 4.13ns
The critical path consists of the following:
	'sdiv' operation ('sdiv_ln162', guitar_effects.cpp:162) [27]  (4.13 ns)

 <State 27>: 4.13ns
The critical path consists of the following:
	'sdiv' operation ('sdiv_ln162', guitar_effects.cpp:162) [27]  (4.13 ns)

 <State 28>: 4.13ns
The critical path consists of the following:
	'sdiv' operation ('sdiv_ln162', guitar_effects.cpp:162) [27]  (4.13 ns)

 <State 29>: 4.13ns
The critical path consists of the following:
	'sdiv' operation ('sdiv_ln162', guitar_effects.cpp:162) [27]  (4.13 ns)

 <State 30>: 4.13ns
The critical path consists of the following:
	'sdiv' operation ('sdiv_ln162', guitar_effects.cpp:162) [27]  (4.13 ns)

 <State 31>: 4.13ns
The critical path consists of the following:
	'sdiv' operation ('sdiv_ln162', guitar_effects.cpp:162) [27]  (4.13 ns)

 <State 32>: 4.13ns
The critical path consists of the following:
	'sdiv' operation ('sdiv_ln162', guitar_effects.cpp:162) [27]  (4.13 ns)

 <State 33>: 4.13ns
The critical path consists of the following:
	'sdiv' operation ('sdiv_ln162', guitar_effects.cpp:162) [27]  (4.13 ns)

 <State 34>: 4.13ns
The critical path consists of the following:
	'sdiv' operation ('sdiv_ln162', guitar_effects.cpp:162) [27]  (4.13 ns)

 <State 35>: 4.13ns
The critical path consists of the following:
	'sdiv' operation ('sdiv_ln162', guitar_effects.cpp:162) [27]  (4.13 ns)

 <State 36>: 4.13ns
The critical path consists of the following:
	'sdiv' operation ('sdiv_ln162', guitar_effects.cpp:162) [27]  (4.13 ns)

 <State 37>: 6.41ns
The critical path consists of the following:
	'sitofp' operation ('compression_factor', guitar_effects.cpp:162) [28]  (6.41 ns)

 <State 38>: 6.41ns
The critical path consists of the following:
	'sitofp' operation ('compression_factor', guitar_effects.cpp:162) [28]  (6.41 ns)

 <State 39>: 6.41ns
The critical path consists of the following:
	'sitofp' operation ('compression_factor', guitar_effects.cpp:162) [28]  (6.41 ns)

 <State 40>: 6.41ns
The critical path consists of the following:
	'sitofp' operation ('compression_factor', guitar_effects.cpp:162) [28]  (6.41 ns)

 <State 41>: 6.41ns
The critical path consists of the following:
	'sitofp' operation ('compression_factor', guitar_effects.cpp:162) [28]  (6.41 ns)

 <State 42>: 6.41ns
The critical path consists of the following:
	'sitofp' operation ('compression_factor', guitar_effects.cpp:162) [28]  (6.41 ns)

 <State 43>: 5.7ns
The critical path consists of the following:
	'fmul' operation ('x', guitar_effects.cpp:163) [30]  (5.7 ns)

 <State 44>: 5.7ns
The critical path consists of the following:
	'fmul' operation ('x', guitar_effects.cpp:163) [30]  (5.7 ns)

 <State 45>: 5.7ns
The critical path consists of the following:
	'fmul' operation ('x', guitar_effects.cpp:163) [30]  (5.7 ns)

 <State 46>: 5.7ns
The critical path consists of the following:
	'fmul' operation ('x', guitar_effects.cpp:163) [30]  (5.7 ns)

 <State 47>: 2.88ns
The critical path consists of the following:
	'add' operation ('sh', r:/ci/prod/2022.1/rdi_builds/continuous/2022_04_18_3526262/src/shared/hls/clib/src/hls\utils/x_hls_utils.h:346) [38]  (1.92 ns)
	'select' operation ('ush') [42]  (0.968 ns)

 <State 48>: 4.42ns
The critical path consists of the following:
	'shl' operation ('r.V') [46]  (0 ns)
	'select' operation ('val') [50]  (4.42 ns)

 <State 49>: 4.96ns
The critical path consists of the following:
	'sub' operation ('result.V') [51]  (2.55 ns)
	'select' operation ('result.V', r:/ci/prod/2022.1/rdi_builds/continuous/2022_04_18_3526262/src/shared/hls/clib/hlsmath/include/FloatingPoint\hls_case_IEEE754.h:59) [52]  (0.698 ns)
	multiplexor before 'phi' operation ('result.V') with incoming values : ('input_read', guitar_effects.cpp:144) ('result.V', r:/ci/prod/2022.1/rdi_builds/continuous/2022_04_18_3526262/src/shared/hls/clib/hlsmath/include/FloatingPoint\hls_case_IEEE754.h:59) [85]  (1.71 ns)
	'phi' operation ('result.V') with incoming values : ('input_read', guitar_effects.cpp:144) ('result.V', r:/ci/prod/2022.1/rdi_builds/continuous/2022_04_18_3526262/src/shared/hls/clib/hlsmath/include/FloatingPoint\hls_case_IEEE754.h:59) [85]  (0 ns)

 <State 50>: 4.13ns
The critical path consists of the following:
	'sdiv' operation ('sdiv_ln154', guitar_effects.cpp:154) [57]  (4.13 ns)

 <State 51>: 4.13ns
The critical path consists of the following:
	'sdiv' operation ('sdiv_ln154', guitar_effects.cpp:154) [57]  (4.13 ns)

 <State 52>: 4.13ns
The critical path consists of the following:
	'sdiv' operation ('sdiv_ln154', guitar_effects.cpp:154) [57]  (4.13 ns)

 <State 53>: 4.13ns
The critical path consists of the following:
	'sdiv' operation ('sdiv_ln154', guitar_effects.cpp:154) [57]  (4.13 ns)

 <State 54>: 4.13ns
The critical path consists of the following:
	'sdiv' operation ('sdiv_ln154', guitar_effects.cpp:154) [57]  (4.13 ns)

 <State 55>: 4.13ns
The critical path consists of the following:
	'sdiv' operation ('sdiv_ln154', guitar_effects.cpp:154) [57]  (4.13 ns)

 <State 56>: 4.13ns
The critical path consists of the following:
	'sdiv' operation ('sdiv_ln154', guitar_effects.cpp:154) [57]  (4.13 ns)

 <State 57>: 4.13ns
The critical path consists of the following:
	'sdiv' operation ('sdiv_ln154', guitar_effects.cpp:154) [57]  (4.13 ns)

 <State 58>: 4.13ns
The critical path consists of the following:
	'sdiv' operation ('sdiv_ln154', guitar_effects.cpp:154) [57]  (4.13 ns)

 <State 59>: 4.13ns
The critical path consists of the following:
	'sdiv' operation ('sdiv_ln154', guitar_effects.cpp:154) [57]  (4.13 ns)

 <State 60>: 4.13ns
The critical path consists of the following:
	'sdiv' operation ('sdiv_ln154', guitar_effects.cpp:154) [57]  (4.13 ns)

 <State 61>: 4.13ns
The critical path consists of the following:
	'sdiv' operation ('sdiv_ln154', guitar_effects.cpp:154) [57]  (4.13 ns)

 <State 62>: 4.13ns
The critical path consists of the following:
	'sdiv' operation ('sdiv_ln154', guitar_effects.cpp:154) [57]  (4.13 ns)

 <State 63>: 4.13ns
The critical path consists of the following:
	'sdiv' operation ('sdiv_ln154', guitar_effects.cpp:154) [57]  (4.13 ns)

 <State 64>: 4.13ns
The critical path consists of the following:
	'sdiv' operation ('sdiv_ln154', guitar_effects.cpp:154) [57]  (4.13 ns)

 <State 65>: 4.13ns
The critical path consists of the following:
	'sdiv' operation ('sdiv_ln154', guitar_effects.cpp:154) [57]  (4.13 ns)

 <State 66>: 4.13ns
The critical path consists of the following:
	'sdiv' operation ('sdiv_ln154', guitar_effects.cpp:154) [57]  (4.13 ns)

 <State 67>: 4.13ns
The critical path consists of the following:
	'sdiv' operation ('sdiv_ln154', guitar_effects.cpp:154) [57]  (4.13 ns)

 <State 68>: 4.13ns
The critical path consists of the following:
	'sdiv' operation ('sdiv_ln154', guitar_effects.cpp:154) [57]  (4.13 ns)

 <State 69>: 4.13ns
The critical path consists of the following:
	'sdiv' operation ('sdiv_ln154', guitar_effects.cpp:154) [57]  (4.13 ns)

 <State 70>: 4.13ns
The critical path consists of the following:
	'sdiv' operation ('sdiv_ln154', guitar_effects.cpp:154) [57]  (4.13 ns)

 <State 71>: 4.13ns
The critical path consists of the following:
	'sdiv' operation ('sdiv_ln154', guitar_effects.cpp:154) [57]  (4.13 ns)

 <State 72>: 4.13ns
The critical path consists of the following:
	'sdiv' operation ('sdiv_ln154', guitar_effects.cpp:154) [57]  (4.13 ns)

 <State 73>: 4.13ns
The critical path consists of the following:
	'sdiv' operation ('sdiv_ln154', guitar_effects.cpp:154) [57]  (4.13 ns)

 <State 74>: 4.13ns
The critical path consists of the following:
	'sdiv' operation ('sdiv_ln154', guitar_effects.cpp:154) [57]  (4.13 ns)

 <State 75>: 4.13ns
The critical path consists of the following:
	'sdiv' operation ('sdiv_ln154', guitar_effects.cpp:154) [57]  (4.13 ns)

 <State 76>: 4.13ns
The critical path consists of the following:
	'sdiv' operation ('sdiv_ln154', guitar_effects.cpp:154) [57]  (4.13 ns)

 <State 77>: 4.13ns
The critical path consists of the following:
	'sdiv' operation ('sdiv_ln154', guitar_effects.cpp:154) [57]  (4.13 ns)

 <State 78>: 4.13ns
The critical path consists of the following:
	'sdiv' operation ('sdiv_ln154', guitar_effects.cpp:154) [57]  (4.13 ns)

 <State 79>: 4.13ns
The critical path consists of the following:
	'sdiv' operation ('sdiv_ln154', guitar_effects.cpp:154) [57]  (4.13 ns)

 <State 80>: 4.13ns
The critical path consists of the following:
	'sdiv' operation ('sdiv_ln154', guitar_effects.cpp:154) [57]  (4.13 ns)

 <State 81>: 4.13ns
The critical path consists of the following:
	'sdiv' operation ('sdiv_ln154', guitar_effects.cpp:154) [57]  (4.13 ns)

 <State 82>: 4.13ns
The critical path consists of the following:
	'sdiv' operation ('sdiv_ln154', guitar_effects.cpp:154) [57]  (4.13 ns)

 <State 83>: 4.13ns
The critical path consists of the following:
	'sdiv' operation ('sdiv_ln154', guitar_effects.cpp:154) [57]  (4.13 ns)

 <State 84>: 4.13ns
The critical path consists of the following:
	'sdiv' operation ('sdiv_ln154', guitar_effects.cpp:154) [57]  (4.13 ns)

 <State 85>: 6.41ns
The critical path consists of the following:
	'sitofp' operation ('compression_factor', guitar_effects.cpp:154) [58]  (6.41 ns)

 <State 86>: 6.41ns
The critical path consists of the following:
	'sitofp' operation ('compression_factor', guitar_effects.cpp:154) [58]  (6.41 ns)

 <State 87>: 6.41ns
The critical path consists of the following:
	'sitofp' operation ('compression_factor', guitar_effects.cpp:154) [58]  (6.41 ns)

 <State 88>: 6.41ns
The critical path consists of the following:
	'sitofp' operation ('compression_factor', guitar_effects.cpp:154) [58]  (6.41 ns)

 <State 89>: 6.41ns
The critical path consists of the following:
	'sitofp' operation ('compression_factor', guitar_effects.cpp:154) [58]  (6.41 ns)

 <State 90>: 6.41ns
The critical path consists of the following:
	'sitofp' operation ('compression_factor', guitar_effects.cpp:154) [58]  (6.41 ns)

 <State 91>: 5.7ns
The critical path consists of the following:
	'fmul' operation ('x', guitar_effects.cpp:155) [60]  (5.7 ns)

 <State 92>: 5.7ns
The critical path consists of the following:
	'fmul' operation ('x', guitar_effects.cpp:155) [60]  (5.7 ns)

 <State 93>: 5.7ns
The critical path consists of the following:
	'fmul' operation ('x', guitar_effects.cpp:155) [60]  (5.7 ns)

 <State 94>: 5.7ns
The critical path consists of the following:
	'fmul' operation ('x', guitar_effects.cpp:155) [60]  (5.7 ns)

 <State 95>: 2.88ns
The critical path consists of the following:
	'add' operation ('sh', r:/ci/prod/2022.1/rdi_builds/continuous/2022_04_18_3526262/src/shared/hls/clib/src/hls\utils/x_hls_utils.h:346) [68]  (1.92 ns)
	'select' operation ('ush') [72]  (0.968 ns)

 <State 96>: 4.42ns
The critical path consists of the following:
	'shl' operation ('r.V') [76]  (0 ns)
	'select' operation ('val') [80]  (4.42 ns)


============================================================
+ Verbose Summary: Binding
============================================================
N/A
* FSMD analyzer results:
  - Output states:
 - Input state : 
  - Chain level:
	State 1
	State 2
	State 3
	State 4
	State 5
	State 6
	State 7
	State 8
	State 9
	State 10
	State 11
	State 12
	State 13
	State 14
	State 15
	State 16
	State 17
	State 18
	State 19
	State 20
	State 21
	State 22
	State 23
	State 24
	State 25
	State 26
	State 27
	State 28
	State 29
	State 30
	State 31
	State 32
	State 33
	State 34
	State 35
	State 36
	State 37
	State 38
	State 39
	State 40
	State 41
	State 42
	State 43
	State 44
	State 45
	State 46
	State 47
	State 48
	State 49
	State 50
	State 51
	State 52
	State 53
	State 54
	State 55
	State 56
	State 57
	State 58
	State 59
	State 60
	State 61
	State 62
	State 63
	State 64
	State 65
	State 66
	State 67
	State 68
	State 69
	State 70
	State 71
	State 72
	State 73
	State 74
	State 75
	State 76
	State 77
	State 78
	State 79
	State 80
	State 81
	State 82
	State 83
	State 84
	State 85
	State 86
	State 87
	State 88
	State 89
	State 90
	State 91
	State 92
	State 93
	State 94
	State 95
	State 96


============================================================
+ Verbose Summary: Datapath Resource usage 
============================================================
N/A
