

================================================================
== Vitis HLS Report for 'guitar_effects_Pipeline_LPF_Loop'
================================================================
* Date:           Thu Apr 25 14:11:04 2024

* Version:        2022.1 (Build 3526262 on Mon Apr 18 15:48:16 MDT 2022)
* Project:        Guitar_Effects
* Solution:       pipeline5 (Vivado IP Flow Target)
* Product family: zynq
* Target device:  xc7z020-clg400-1


================================================================
== Performance Estimates
================================================================
+ Timing: 
    * Summary: 
    +--------+----------+----------+------------+
    |  Clock |  Target  | Estimated| Uncertainty|
    +--------+----------+----------+------------+
    |ap_clk  |  10.00 ns|  7.256 ns|     2.70 ns|
    +--------+----------+----------+------------+

+ Latency: 
    * Summary: 
    +---------+---------+-----------+-----------+------+------+---------+
    |  Latency (cycles) |   Latency (absolute)  |   Interval  | Pipeline|
    |   min   |   max   |    min    |    max    |  min |  max |   Type  |
    +---------+---------+-----------+-----------+------+------+---------+
    |     6195|     6195|  61.950 us|  61.950 us|  6195|  6195|       no|
    +---------+---------+-----------+-----------+------+------+---------+

    + Detail: 
        * Instance: 
        N/A

        * Loop: 
        +------------+---------+---------+----------+-----------+-----------+------+----------+
        |            |  Latency (cycles) | Iteration|  Initiation Interval  | Trip |          |
        |  Loop Name |   min   |   max   |  Latency |  achieved |   target  | Count| Pipelined|
        +------------+---------+---------+----------+-----------+-----------+------+----------+
        |- LPF_Loop  |     6193|     6193|        34|         14|         14|   441|       yes|
        +------------+---------+---------+----------+-----------+-----------+------+----------+



================================================================
== Utilization Estimates
================================================================
* Summary: 
+-----------------+---------+-----+--------+-------+-----+
|       Name      | BRAM_18K| DSP |   FF   |  LUT  | URAM|
+-----------------+---------+-----+--------+-------+-----+
|DSP              |        -|    -|       -|      -|    -|
|Expression       |        -|    -|       0|    664|    -|
|FIFO             |        -|    -|       -|      -|    -|
|Instance         |        -|    -|     340|    242|    -|
|Memory           |        1|    -|       0|      0|    -|
|Multiplexer      |        -|    -|       -|    151|    -|
|Register         |        -|    -|     297|      -|    -|
+-----------------+---------+-----+--------+-------+-----+
|Total            |        1|    0|     637|   1057|    0|
+-----------------+---------+-----+--------+-------+-----+
|Available        |      280|  220|  106400|  53200|    0|
+-----------------+---------+-----+--------+-------+-----+
|Utilization (%)  |       ~0|    0|      ~0|      1|    0|
+-----------------+---------+-----+--------+-------+-----+

+ Detail: 
    * Instance: 
    +--------------------------+-----------------------+---------+----+-----+-----+-----+
    |         Instance         |         Module        | BRAM_18K| DSP|  FF | LUT | URAM|
    +--------------------------+-----------------------+---------+----+-----+-----+-----+
    |srem_11ns_10ns_9_15_1_U4  |srem_11ns_10ns_9_15_1  |        0|   0|  340|  242|    0|
    +--------------------------+-----------------------+---------+----+-----+-----+-----+
    |Total                     |                       |        0|   0|  340|  242|    0|
    +--------------------------+-----------------------+---------+----+-----+-----+-----+

    * DSP: 
    N/A

    * Memory: 
    +--------------------+---------------------------------------------------------------+---------+---+----+-----+------+-----+------+-------------+
    |       Memory       |                             Module                            | BRAM_18K| FF| LUT| URAM| Words| Bits| Banks| W*Bits*Banks|
    +--------------------+---------------------------------------------------------------+---------+---+----+-----+------+-----+------+-------------+
    |lpf_coefficients_U  |guitar_effects_Pipeline_LPF_Loop_lpf_coefficients_ROM_AUTO_1R  |        1|  0|   0|    0|   441|   32|     1|        14112|
    +--------------------+---------------------------------------------------------------+---------+---+----+-----+------+-----+------+-------------+
    |Total               |                                                               |        1|  0|   0|    0|   441|   32|     1|        14112|
    +--------------------+---------------------------------------------------------------+---------+---+----+-----+------+-----+------+-------------+

    * FIFO: 
    N/A

    * Expression: 
    +----------------------+----------+----+---+-----+------------+------------+
    |     Variable Name    | Operation| DSP| FF| LUT | Bitwidth P0| Bitwidth P1|
    +----------------------+----------+----+---+-----+------------+------------+
    |add_ln173_fu_159_p2   |         +|   0|  0|   14|           9|           1|
    |add_ln346_fu_232_p2   |         +|   0|  0|   14|           9|           8|
    |grp_fu_175_p0         |         +|   0|  0|   12|          11|          11|
    |result_V_3_fu_325_p2  |         -|   0|  0|   39|           1|          32|
    |sub_ln1512_fu_246_p2  |         -|   0|  0|   15|           7|           8|
    |icmp_ln173_fu_153_p2  |      icmp|   0|  0|   11|           9|           8|
    |r_V_fu_284_p2         |      lshr|   0|  0|  242|          79|          79|
    |result_V_fu_330_p3    |    select|   0|  0|   32|           1|          32|
    |ush_fu_256_p3         |    select|   0|  0|    9|           1|           9|
    |val_fu_318_p3         |    select|   0|  0|   32|           1|          32|
    |r_V_2_fu_290_p2       |       shl|   0|  0|  242|          79|          79|
    |ap_enable_pp0         |       xor|   0|  0|    2|           1|           2|
    +----------------------+----------+----+---+-----+------------+------------+
    |Total                 |          |   0|  0|  664|         208|         301|
    +----------------------+----------+----+---+-----+------------+------------+

    * Multiplexer: 
    +----------------------------------+----+-----------+-----+-----------+
    |               Name               | LUT| Input Size| Bits| Total Bits|
    +----------------------------------+----+-----------+-----+-----------+
    |ap_NS_fsm                         |  65|         15|    1|         15|
    |ap_done_int                       |   9|          2|    1|          2|
    |ap_enable_reg_pp0_iter0           |   9|          2|    1|          2|
    |ap_enable_reg_pp0_iter1           |   9|          2|    1|          2|
    |ap_enable_reg_pp0_iter2           |   9|          2|    1|          2|
    |ap_loop_exit_ready_pp0_iter1_reg  |   9|          2|    1|          2|
    |ap_sig_allocacmp_i                |   9|          2|    9|         18|
    |grp_fu_127_p0                     |  14|          3|   32|         96|
    |i_1_fu_76                         |   9|          2|    9|         18|
    |ret_fu_72                         |   9|          2|   32|         64|
    +----------------------------------+----+-----------+-----+-----------+
    |Total                             | 151|         34|   88|        221|
    +----------------------------------+----+-----------+-----+-----------+

    * Register: 
    +----------------------------------+----+----+-----+-----------+
    |               Name               | FF | LUT| Bits| Const Bits|
    +----------------------------------+----+----+-----+-----------+
    |ap_CS_fsm                         |  14|   0|   14|          0|
    |ap_done_reg                       |   1|   0|    1|          0|
    |ap_enable_reg_pp0_iter0_reg       |   1|   0|    1|          0|
    |ap_enable_reg_pp0_iter1           |   1|   0|    1|          0|
    |ap_enable_reg_pp0_iter2           |   1|   0|    1|          0|
    |ap_loop_exit_ready_pp0_iter1_reg  |   1|   0|    1|          0|
    |compression_buffer_load_reg_384   |  32|   0|   32|          0|
    |dc_reg_404                        |  32|   0|   32|          0|
    |i_1_fu_76                         |   9|   0|    9|          0|
    |i_reg_360                         |   9|   0|    9|          0|
    |icmp_ln173_reg_365                |   1|   0|    1|          0|
    |icmp_ln173_reg_365_pp0_iter1_reg  |   1|   0|    1|          0|
    |isNeg_reg_419                     |   1|   0|    1|          0|
    |lpf_coefficients_load_reg_389     |  32|   0|   32|          0|
    |mul_i_reg_399                     |  32|   0|   32|          0|
    |p_Result_8_reg_414                |  23|   0|   23|          0|
    |p_Result_s_reg_409                |   1|   0|    1|          0|
    |reg_130                           |  32|   0|   32|          0|
    |ret_fu_72                         |  32|   0|   32|          0|
    |ush_reg_424                       |   9|   0|    9|          0|
    |val_reg_429                       |  32|   0|   32|          0|
    +----------------------------------+----+----+-----+-----------+
    |Total                             | 297|   0|  297|          0|
    +----------------------------------+----+----+-----+-----------+



================================================================
== Interface
================================================================
* Summary: 
+-----------------------------+-----+-----+------------+----------------------------------+--------------+
|          RTL Ports          | Dir | Bits|  Protocol  |           Source Object          |    C Type    |
+-----------------------------+-----+-----+------------+----------------------------------+--------------+
|ap_clk                       |   in|    1|  ap_ctrl_hs|  guitar_effects_Pipeline_LPF_Loop|  return value|
|ap_rst                       |   in|    1|  ap_ctrl_hs|  guitar_effects_Pipeline_LPF_Loop|  return value|
|ap_start                     |   in|    1|  ap_ctrl_hs|  guitar_effects_Pipeline_LPF_Loop|  return value|
|ap_done                      |  out|    1|  ap_ctrl_hs|  guitar_effects_Pipeline_LPF_Loop|  return value|
|ap_idle                      |  out|    1|  ap_ctrl_hs|  guitar_effects_Pipeline_LPF_Loop|  return value|
|ap_ready                     |  out|    1|  ap_ctrl_hs|  guitar_effects_Pipeline_LPF_Loop|  return value|
|grp_fu_2119_p_din0           |  out|   32|  ap_ctrl_hs|  guitar_effects_Pipeline_LPF_Loop|  return value|
|grp_fu_2119_p_din1           |  out|   32|  ap_ctrl_hs|  guitar_effects_Pipeline_LPF_Loop|  return value|
|grp_fu_2119_p_opcode         |  out|    2|  ap_ctrl_hs|  guitar_effects_Pipeline_LPF_Loop|  return value|
|grp_fu_2119_p_dout0          |   in|   32|  ap_ctrl_hs|  guitar_effects_Pipeline_LPF_Loop|  return value|
|grp_fu_2119_p_ce             |  out|    1|  ap_ctrl_hs|  guitar_effects_Pipeline_LPF_Loop|  return value|
|grp_fu_594_p_din0            |  out|   32|  ap_ctrl_hs|  guitar_effects_Pipeline_LPF_Loop|  return value|
|grp_fu_594_p_din1            |  out|   32|  ap_ctrl_hs|  guitar_effects_Pipeline_LPF_Loop|  return value|
|grp_fu_594_p_dout0           |   in|   32|  ap_ctrl_hs|  guitar_effects_Pipeline_LPF_Loop|  return value|
|grp_fu_594_p_ce              |  out|    1|  ap_ctrl_hs|  guitar_effects_Pipeline_LPF_Loop|  return value|
|grp_fu_602_p_din0            |  out|   32|  ap_ctrl_hs|  guitar_effects_Pipeline_LPF_Loop|  return value|
|grp_fu_602_p_dout0           |   in|   32|  ap_ctrl_hs|  guitar_effects_Pipeline_LPF_Loop|  return value|
|grp_fu_602_p_ce              |  out|    1|  ap_ctrl_hs|  guitar_effects_Pipeline_LPF_Loop|  return value|
|sext_ln67                    |   in|   10|     ap_none|                         sext_ln67|        scalar|
|compression_buffer_address0  |  out|    9|   ap_memory|                compression_buffer|         array|
|compression_buffer_ce0       |  out|    1|   ap_memory|                compression_buffer|         array|
|compression_buffer_q0        |   in|   32|   ap_memory|                compression_buffer|         array|
|p_out                        |  out|   32|      ap_vld|                             p_out|       pointer|
|p_out_ap_vld                 |  out|    1|      ap_vld|                             p_out|       pointer|
+-----------------------------+-----+-----+------------+----------------------------------+--------------+

